The cycle length is4
...F....F..
F.F..F...F.F..F.F...F.
Time: 0.656
There were 10 failures:
1) test6(RandoopTest0)junit.framework.AssertionFailedError: Contract failed: equals-hashcode on var0 and var5
	at RandoopTest0.test6(RandoopTest0.java:113)
	at sun.reflect.NativeMethodAccessorImpl.invoke0(Native Method)
	at sun.reflect.NativeMethodAccessorImpl.invoke(NativeMethodAccessorImpl.java:57)
	at sun.reflect.DelegatingMethodAccessorImpl.invoke(DelegatingMethodAccessorImpl.java:43)
	at RandoopTest.main(RandoopTest.java:8)
	at sun.reflect.NativeMethodAccessorImpl.invoke0(Native Method)
	at sun.reflect.NativeMethodAccessorImpl.invoke(NativeMethodAccessorImpl.java:57)
	at sun.reflect.DelegatingMethodAccessorImpl.invoke(DelegatingMethodAccessorImpl.java:43)
	at omen.util.Initializer.initiateCollection(Initializer.java:52)
	at omen.util.Initializer.initialize(Initializer.java:455)
	at TestDriver.cycle0(TestDriver.java:13)
	at TestDriver.main(TestDriver.java:175)
2) test2(RandoopTest0)junit.framework.AssertionFailedError: Contract failed: equals-hashcode on var0 and var4
	at RandoopTest0.test2(RandoopTest0.java:37)
	at sun.reflect.NativeMethodAccessorImpl.invoke0(Native Method)
	at sun.reflect.NativeMethodAccessorImpl.invoke(NativeMethodAccessorImpl.java:57)
	at sun.reflect.DelegatingMethodAccessorImpl.invoke(DelegatingMethodAccessorImpl.java:43)
	at RandoopTest.main(RandoopTest.java:8)
	at sun.reflect.NativeMethodAccessorImpl.invoke0(Native Method)
	at sun.reflect.NativeMethodAccessorImpl.invoke(NativeMethodAccessorImpl.java:57)
	at sun.reflect.DelegatingMethodAccessorImpl.invoke(DelegatingMethodAccessorImpl.java:43)
	at omen.util.Initializer.initiateCollection(Initializer.java:52)
	at omen.util.Initializer.initialize(Initializer.java:455)
	at TestDriver.cycle0(TestDriver.java:13)
	at TestDriver.main(TestDriver.java:175)
3) test23(RandoopTest0)junit.framework.AssertionFailedError: Contract failed: equals-hashcode on var0 and var4
	at RandoopTest0.test23(RandoopTest0.java:507)
	at sun.reflect.NativeMethodAccessorImpl.invoke0(Native Method)
	at sun.reflect.NativeMethodAccessorImpl.invoke(NativeMethodAccessorImpl.java:57)
	at sun.reflect.DelegatingMethodAccessorImpl.invoke(DelegatingMethodAccessorImpl.java:43)
	at RandoopTest.main(RandoopTest.java:8)
	at sun.reflect.NativeMethodAccessorImpl.invoke0(Native Method)
	at sun.reflect.NativeMethodAccessorImpl.invoke(NativeMethodAccessorImpl.java:57)
	at sun.reflect.DelegatingMethodAccessorImpl.invoke(DelegatingMethodAccessorImpl.java:43)
	at omen.util.Initializer.initiateCollection(Initializer.java:52)
	at omen.util.Initializer.initialize(Initializer.java:455)
	at TestDriver.cycle0(TestDriver.java:13)
	at TestDriver.main(TestDriver.java:175)
4) test22(RandoopTest0)junit.framework.AssertionFailedError: Contract failed: equals-hashcode on var0 and var4
	at RandoopTest0.test22(RandoopTest0.java:478)
	at sun.reflect.NativeMethodAccessorImpl.invoke0(Native Method)
	at sun.reflect.NativeMethodAccessorImpl.invoke(NativeMethodAccessorImpl.java:57)
	at sun.reflect.DelegatingMethodAccessorImpl.invoke(DelegatingMethodAccessorImpl.java:43)
	at RandoopTest.main(RandoopTest.java:8)
	at sun.reflect.NativeMethodAccessorImpl.invoke0(Native Method)
	at sun.reflect.NativeMethodAccessorImpl.invoke(NativeMethodAccessorImpl.java:57)
	at sun.reflect.DelegatingMethodAccessorImpl.invoke(DelegatingMethodAccessorImpl.java:43)
	at omen.util.Initializer.initiateCollection(Initializer.java:52)
	at omen.util.Initializer.initialize(Initializer.java:455)
	at TestDriver.cycle0(TestDriver.java:13)
	at TestDriver.main(TestDriver.java:175)
5) test20(RandoopTest0)junit.framework.AssertionFailedError: null
	at RandoopTest0.test20(RandoopTest0.java:442)
	at sun.reflect.NativeMethodAccessorImpl.invoke0(Native Method)
	at sun.reflect.NativeMethodAccessorImpl.invoke(NativeMethodAccessorImpl.java:57)
	at sun.reflect.DelegatingMethodAccessorImpl.invoke(DelegatingMethodAccessorImpl.java:43)
	at RandoopTest.main(RandoopTest.java:8)
	at sun.reflect.NativeMethodAccessorImpl.invoke0(Native Method)
	at sun.reflect.NativeMethodAccessorImpl.invoke(NativeMethodAccessorImpl.java:57)
	at sun.reflect.DelegatingMethodAccessorImpl.invoke(DelegatingMethodAccessorImpl.java:43)
	at omen.util.Initializer.initiateCollection(Initializer.java:52)
	at omen.util.Initializer.initialize(Initializer.java:455)
	at TestDriver.cycle0(TestDriver.java:13)
	at TestDriver.main(TestDriver.java:175)
6) test17(RandoopTest0)junit.framework.AssertionFailedError: null
	at RandoopTest0.test17(RandoopTest0.java:364)
	at sun.reflect.NativeMethodAccessorImpl.invoke0(Native Method)
	at sun.reflect.NativeMethodAccessorImpl.invoke(NativeMethodAccessorImpl.java:57)
	at sun.reflect.DelegatingMethodAccessorImpl.invoke(DelegatingMethodAccessorImpl.java:43)
	at RandoopTest.main(RandoopTest.java:8)
	at sun.reflect.NativeMethodAccessorImpl.invoke0(Native Method)
	at sun.reflect.NativeMethodAccessorImpl.invoke(NativeMethodAccessorImpl.java:57)
	at sun.reflect.DelegatingMethodAccessorImpl.invoke(DelegatingMethodAccessorImpl.java:43)
	at omen.util.Initializer.initiateCollection(Initializer.java:52)
	at omen.util.Initializer.initialize(Initializer.java:455)
	at TestDriver.cycle0(TestDriver.java:13)
	at TestDriver.main(TestDriver.java:175)
7) test16(RandoopTest0)junit.framework.AssertionFailedError: null
	at RandoopTest0.test16(RandoopTest0.java:340)
	at sun.reflect.NativeMethodAccessorImpl.invoke0(Native Method)
	at sun.reflect.NativeMethodAccessorImpl.invoke(NativeMethodAccessorImpl.java:57)
	at sun.reflect.DelegatingMethodAccessorImpl.invoke(DelegatingMethodAccessorImpl.java:43)
	at RandoopTest.main(RandoopTest.java:8)
	at sun.reflect.NativeMethodAccessorImpl.invoke0(Native Method)
	at sun.reflect.NativeMethodAccessorImpl.invoke(NativeMethodAccessorImpl.java:57)
	at sun.reflect.DelegatingMethodAccessorImpl.invoke(DelegatingMethodAccessorImpl.java:43)
	at omen.util.Initializer.initiateCollection(Initializer.java:52)
	at omen.util.Initializer.initialize(Initializer.java:455)
	at TestDriver.cycle0(TestDriver.java:13)
	at TestDriver.main(TestDriver.java:175)
8) test14(RandoopTest0)junit.framework.AssertionFailedError: null
	at RandoopTest0.test14(RandoopTest0.java:293)
	at sun.reflect.NativeMethodAccessorImpl.invoke0(Native Method)
	at sun.reflect.NativeMethodAccessorImpl.invoke(NativeMethodAccessorImpl.java:57)
	at sun.reflect.DelegatingMethodAccessorImpl.invoke(DelegatingMethodAccessorImpl.java:43)
	at RandoopTest.main(RandoopTest.java:8)
	at sun.reflect.NativeMethodAccessorImpl.invoke0(Native Method)
	at sun.reflect.NativeMethodAccessorImpl.invoke(NativeMethodAccessorImpl.java:57)
	at sun.reflect.DelegatingMethodAccessorImpl.invoke(DelegatingMethodAccessorImpl.java:43)
	at omen.util.Initializer.initiateCollection(Initializer.java:52)
	at omen.util.Initializer.initialize(Initializer.java:455)
	at TestDriver.cycle0(TestDriver.java:13)
	at TestDriver.main(TestDriver.java:175)
9) test13(RandoopTest0)junit.framework.AssertionFailedError: null
	at RandoopTest0.test13(RandoopTest0.java:259)
	at sun.reflect.NativeMethodAccessorImpl.invoke0(Native Method)
	at sun.reflect.NativeMethodAccessorImpl.invoke(NativeMethodAccessorImpl.java:57)
	at sun.reflect.DelegatingMethodAccessorImpl.invoke(DelegatingMethodAccessorImpl.java:43)
	at RandoopTest.main(RandoopTest.java:8)
	at sun.reflect.NativeMethodAccessorImpl.invoke0(Native Method)
	at sun.reflect.NativeMethodAccessorImpl.invoke(NativeMethodAccessorImpl.java:57)
	at sun.reflect.DelegatingMethodAccessorImpl.invoke(DelegatingMethodAccessorImpl.java:43)
	at omen.util.Initializer.initiateCollection(Initializer.java:52)
	at omen.util.Initializer.initialize(Initializer.java:455)
	at TestDriver.cycle0(TestDriver.java:13)
	at TestDriver.main(TestDriver.java:175)
10) test10(RandoopTest0)junit.framework.AssertionFailedError: null
	at RandoopTest0.test10(RandoopTest0.java:197)
	at sun.reflect.NativeMethodAccessorImpl.invoke0(Native Method)
	at sun.reflect.NativeMethodAccessorImpl.invoke(NativeMethodAccessorImpl.java:57)
	at sun.reflect.DelegatingMethodAccessorImpl.invoke(DelegatingMethodAccessorImpl.java:43)
	at RandoopTest.main(RandoopTest.java:8)
	at sun.reflect.NativeMethodAccessorImpl.invoke0(Native Method)
	at sun.reflect.NativeMethodAccessorImpl.invoke(NativeMethodAccessorImpl.java:57)
	at sun.reflect.DelegatingMethodAccessorImpl.invoke(DelegatingMethodAccessorImpl.java:43)
	at omen.util.Initializer.initiateCollection(Initializer.java:52)
	at omen.util.Initializer.initialize(Initializer.java:455)
	at TestDriver.cycle0(TestDriver.java:13)
	at TestDriver.main(TestDriver.java:175)

FAILURES!!!
Tests run: 23,  Failures: 10,  Errors: 0

...F....F..
F.F..F...F.F..F.F...F.
Time: 0.49
There were 10 failures:
1) test6(RandoopTest0)junit.framework.AssertionFailedError: Contract failed: equals-hashcode on var0 and var5
	at RandoopTest0.test6(RandoopTest0.java:113)
	at sun.reflect.NativeMethodAccessorImpl.invoke0(Native Method)
	at sun.reflect.NativeMethodAccessorImpl.invoke(NativeMethodAccessorImpl.java:57)
	at sun.reflect.DelegatingMethodAccessorImpl.invoke(DelegatingMethodAccessorImpl.java:43)
	at RandoopTest.main(RandoopTest.java:8)
	at sun.reflect.NativeMethodAccessorImpl.invoke0(Native Method)
	at sun.reflect.NativeMethodAccessorImpl.invoke(NativeMethodAccessorImpl.java:57)
	at sun.reflect.DelegatingMethodAccessorImpl.invoke(DelegatingMethodAccessorImpl.java:43)
	at omen.util.Initializer.initiateCollection(Initializer.java:52)
	at omen.util.Initializer.initialize(Initializer.java:455)
	at TestDriver.cycle0(TestDriver.java:13)
	at TestDriver.main(TestDriver.java:175)
2) test2(RandoopTest0)junit.framework.AssertionFailedError: Contract failed: equals-hashcode on var0 and var4
	at RandoopTest0.test2(RandoopTest0.java:37)
	at sun.reflect.NativeMethodAccessorImpl.invoke0(Native Method)
	at sun.reflect.NativeMethodAccessorImpl.invoke(NativeMethodAccessorImpl.java:57)
	at sun.reflect.DelegatingMethodAccessorImpl.invoke(DelegatingMethodAccessorImpl.java:43)
	at RandoopTest.main(RandoopTest.java:8)
	at sun.reflect.NativeMethodAccessorImpl.invoke0(Native Method)
	at sun.reflect.NativeMethodAccessorImpl.invoke(NativeMethodAccessorImpl.java:57)
	at sun.reflect.DelegatingMethodAccessorImpl.invoke(DelegatingMethodAccessorImpl.java:43)
	at omen.util.Initializer.initiateCollection(Initializer.java:52)
	at omen.util.Initializer.initialize(Initializer.java:455)
	at TestDriver.cycle0(TestDriver.java:13)
	at TestDriver.main(TestDriver.java:175)
3) test23(RandoopTest0)junit.framework.AssertionFailedError: Contract failed: equals-hashcode on var0 and var4
	at RandoopTest0.test23(RandoopTest0.java:507)
	at sun.reflect.NativeMethodAccessorImpl.invoke0(Native Method)
	at sun.reflect.NativeMethodAccessorImpl.invoke(NativeMethodAccessorImpl.java:57)
	at sun.reflect.DelegatingMethodAccessorImpl.invoke(DelegatingMethodAccessorImpl.java:43)
	at RandoopTest.main(RandoopTest.java:8)
	at sun.reflect.NativeMethodAccessorImpl.invoke0(Native Method)
	at sun.reflect.NativeMethodAccessorImpl.invoke(NativeMethodAccessorImpl.java:57)
	at sun.reflect.DelegatingMethodAccessorImpl.invoke(DelegatingMethodAccessorImpl.java:43)
	at omen.util.Initializer.initiateCollection(Initializer.java:52)
	at omen.util.Initializer.initialize(Initializer.java:455)
	at TestDriver.cycle0(TestDriver.java:13)
	at TestDriver.main(TestDriver.java:175)
4) test22(RandoopTest0)junit.framework.AssertionFailedError: Contract failed: equals-hashcode on var0 and var4
	at RandoopTest0.test22(RandoopTest0.java:478)
	at sun.reflect.NativeMethodAccessorImpl.invoke0(Native Method)
	at sun.reflect.NativeMethodAccessorImpl.invoke(NativeMethodAccessorImpl.java:57)
	at sun.reflect.DelegatingMethodAccessorImpl.invoke(DelegatingMethodAccessorImpl.java:43)
	at RandoopTest.main(RandoopTest.java:8)
	at sun.reflect.NativeMethodAccessorImpl.invoke0(Native Method)
	at sun.reflect.NativeMethodAccessorImpl.invoke(NativeMethodAccessorImpl.java:57)
	at sun.reflect.DelegatingMethodAccessorImpl.invoke(DelegatingMethodAccessorImpl.java:43)
	at omen.util.Initializer.initiateCollection(Initializer.java:52)
	at omen.util.Initializer.initialize(Initializer.java:455)
	at TestDriver.cycle0(TestDriver.java:13)
	at TestDriver.main(TestDriver.java:175)
5) test20(RandoopTest0)junit.framework.AssertionFailedError: null
	at RandoopTest0.test20(RandoopTest0.java:442)
	at sun.reflect.NativeMethodAccessorImpl.invoke0(Native Method)
	at sun.reflect.NativeMethodAccessorImpl.invoke(NativeMethodAccessorImpl.java:57)
	at sun.reflect.DelegatingMethodAccessorImpl.invoke(DelegatingMethodAccessorImpl.java:43)
	at RandoopTest.main(RandoopTest.java:8)
	at sun.reflect.NativeMethodAccessorImpl.invoke0(Native Method)
	at sun.reflect.NativeMethodAccessorImpl.invoke(NativeMethodAccessorImpl.java:57)
	at sun.reflect.DelegatingMethodAccessorImpl.invoke(DelegatingMethodAccessorImpl.java:43)
	at omen.util.Initializer.initiateCollection(Initializer.java:52)
	at omen.util.Initializer.initialize(Initializer.java:455)
	at TestDriver.cycle0(TestDriver.java:13)
	at TestDriver.main(TestDriver.java:175)
6) test17(RandoopTest0)junit.framework.AssertionFailedError: null
	at RandoopTest0.test17(RandoopTest0.java:364)
	at sun.reflect.NativeMethodAccessorImpl.invoke0(Native Method)
	at sun.reflect.NativeMethodAccessorImpl.invoke(NativeMethodAccessorImpl.java:57)
	at sun.reflect.DelegatingMethodAccessorImpl.invoke(DelegatingMethodAccessorImpl.java:43)
	at RandoopTest.main(RandoopTest.java:8)
	at sun.reflect.NativeMethodAccessorImpl.invoke0(Native Method)
	at sun.reflect.NativeMethodAccessorImpl.invoke(NativeMethodAccessorImpl.java:57)
	at sun.reflect.DelegatingMethodAccessorImpl.invoke(DelegatingMethodAccessorImpl.java:43)
	at omen.util.Initializer.initiateCollection(Initializer.java:52)
	at omen.util.Initializer.initialize(Initializer.java:455)
	at TestDriver.cycle0(TestDriver.java:13)
	at TestDriver.main(TestDriver.java:175)
7) test16(RandoopTest0)junit.framework.AssertionFailedError: null
	at RandoopTest0.test16(RandoopTest0.java:340)
	at sun.reflect.NativeMethodAccessorImpl.invoke0(Native Method)
	at sun.reflect.NativeMethodAccessorImpl.invoke(NativeMethodAccessorImpl.java:57)
	at sun.reflect.DelegatingMethodAccessorImpl.invoke(DelegatingMethodAccessorImpl.java:43)
	at RandoopTest.main(RandoopTest.java:8)
	at sun.reflect.NativeMethodAccessorImpl.invoke0(Native Method)
	at sun.reflect.NativeMethodAccessorImpl.invoke(NativeMethodAccessorImpl.java:57)
	at sun.reflect.DelegatingMethodAccessorImpl.invoke(DelegatingMethodAccessorImpl.java:43)
	at omen.util.Initializer.initiateCollection(Initializer.java:52)
	at omen.util.Initializer.initialize(Initializer.java:455)
	at TestDriver.cycle0(TestDriver.java:13)
	at TestDriver.main(TestDriver.java:175)
8) test14(RandoopTest0)junit.framework.AssertionFailedError: null
	at RandoopTest0.test14(RandoopTest0.java:293)
	at sun.reflect.NativeMethodAccessorImpl.invoke0(Native Method)
	at sun.reflect.NativeMethodAccessorImpl.invoke(NativeMethodAccessorImpl.java:57)
	at sun.reflect.DelegatingMethodAccessorImpl.invoke(DelegatingMethodAccessorImpl.java:43)
	at RandoopTest.main(RandoopTest.java:8)
	at sun.reflect.NativeMethodAccessorImpl.invoke0(Native Method)
	at sun.reflect.NativeMethodAccessorImpl.invoke(NativeMethodAccessorImpl.java:57)
	at sun.reflect.DelegatingMethodAccessorImpl.invoke(DelegatingMethodAccessorImpl.java:43)
	at omen.util.Initializer.initiateCollection(Initializer.java:52)
	at omen.util.Initializer.initialize(Initializer.java:455)
	at TestDriver.cycle0(TestDriver.java:13)
	at TestDriver.main(TestDriver.java:175)
9) test13(RandoopTest0)junit.framework.AssertionFailedError: null
	at RandoopTest0.test13(RandoopTest0.java:259)
	at sun.reflect.NativeMethodAccessorImpl.invoke0(Native Method)
	at sun.reflect.NativeMethodAccessorImpl.invoke(NativeMethodAccessorImpl.java:57)
	at sun.reflect.DelegatingMethodAccessorImpl.invoke(DelegatingMethodAccessorImpl.java:43)
	at RandoopTest.main(RandoopTest.java:8)
	at sun.reflect.NativeMethodAccessorImpl.invoke0(Native Method)
	at sun.reflect.NativeMethodAccessorImpl.invoke(NativeMethodAccessorImpl.java:57)
	at sun.reflect.DelegatingMethodAccessorImpl.invoke(DelegatingMethodAccessorImpl.java:43)
	at omen.util.Initializer.initiateCollection(Initializer.java:52)
	at omen.util.Initializer.initialize(Initializer.java:455)
	at TestDriver.cycle0(TestDriver.java:13)
	at TestDriver.main(TestDriver.java:175)
10) test10(RandoopTest0)junit.framework.AssertionFailedError: null
	at RandoopTest0.test10(RandoopTest0.java:197)
	at sun.reflect.NativeMethodAccessorImpl.invoke0(Native Method)
	at sun.reflect.NativeMethodAccessorImpl.invoke(NativeMethodAccessorImpl.java:57)
	at sun.reflect.DelegatingMethodAccessorImpl.invoke(DelegatingMethodAccessorImpl.java:43)
	at RandoopTest.main(RandoopTest.java:8)
	at sun.reflect.NativeMethodAccessorImpl.invoke0(Native Method)
	at sun.reflect.NativeMethodAccessorImpl.invoke(NativeMethodAccessorImpl.java:57)
	at sun.reflect.DelegatingMethodAccessorImpl.invoke(DelegatingMethodAccessorImpl.java:43)
	at omen.util.Initializer.initiateCollection(Initializer.java:52)
	at omen.util.Initializer.initialize(Initializer.java:455)
	at TestDriver.cycle0(TestDriver.java:13)
	at TestDriver.main(TestDriver.java:175)

FAILURES!!!
Tests run: 23,  Failures: 10,  Errors: 0

Printing cycle0
The size of deadlocks 1
The size of deadlocks 1
# of deadlocks detected 1
Cycle true
Node [27, 495]
Lock [1977]Thread[2] 1
Node [235, 495]
Lock [1285]Thread[3] 1
Cycle context [1285, 1977]
1
1
Cycle context [1977, 1285]
1
1
WARNING :: There were 1 active at the time
Trace size is 5054
CThread 2 Lock 1285omen.wolf.javato.activetesting.igoodlock.Event_object@32ddb49a
CThread 2 Lock 1977omen.wolf.javato.activetesting.igoodlock.Event_object@797c048c
CThread 3 Lock 1977omen.wolf.javato.activetesting.igoodlock.Event_object@3d0ec1a3
CThread 3 Lock 1285omen.wolf.javato.activetesting.igoodlock.Event_object@13cad3a6
Building graph
Edge Deadlock : [2, 1285, 2] [3, 1285, 8]
Edge Deadlock : [3, 1977, 7] [2, 1977, 3]
Adding context edges
Edge Context : [3, 1977, 7] [2, 1977, 3]
Adding context edges
Edge Context : [2, 1285, 2] [3, 1285, 8]
Building graph
Feasible schedule 4
***************************************************************************
*************************Not unique with count 1*************************
***************************************************************************
 First Thread[27, 495]

 Second Thread[235, 495]


AVERAGE STACK LENGTH IS 6.0
***************************************************************************
*************************After Benson Remaining unique with count 1*************************
***************************************************************************
 First Thread[27, 495]

 Second Thread[235, 495]


AVERAGE VERTICES 4
***************************************************************************
*************************After Stabler Remaining unique with count 1*************************
***************************************************************************
 First Thread[27, 495]

 Second Thread[235, 495]


IGoodLock returned 1 cycles
