.E...thread -1
........E.....thread -1
.E..............
Time: 0.114
There were 3 errors:
1) test32(RandoopTest0)java.lang.NullPointerException
	at sun.security.x509.X509CertInfo.emit(X509CertInfo.java:802)
	at sun.security.x509.X509CertInfo.getEncodedInfo(X509CertInfo.java:231)
	at RandoopTest0.test32(RandoopTest0.java:444)
	at sun.reflect.NativeMethodAccessorImpl.invoke0(Native Method)
	at sun.reflect.NativeMethodAccessorImpl.invoke(NativeMethodAccessorImpl.java:57)
	at sun.reflect.DelegatingMethodAccessorImpl.invoke(DelegatingMethodAccessorImpl.java:43)
	at RandoopTest.main(RandoopTest.java:8)
2) test21(RandoopTest0)java.lang.NullPointerException
	at sun.security.x509.X509CertInfo.emit(X509CertInfo.java:802)
	at sun.security.x509.X509CertInfo.getEncodedInfo(X509CertInfo.java:231)
	at RandoopTest0.test21(RandoopTest0.java:277)
	at sun.reflect.NativeMethodAccessorImpl.invoke0(Native Method)
	at sun.reflect.NativeMethodAccessorImpl.invoke(NativeMethodAccessorImpl.java:57)
	at sun.reflect.DelegatingMethodAccessorImpl.invoke(DelegatingMethodAccessorImpl.java:43)
	at RandoopTest.main(RandoopTest.java:8)
3) test15(RandoopTest0)java.lang.NullPointerException: X.509 cert is incomplete
	at sun.security.x509.X509CertInfo.toString(X509CertInfo.java:301)
	at RandoopTest0.test15(RandoopTest0.java:193)
	at sun.reflect.NativeMethodAccessorImpl.invoke0(Native Method)
	at sun.reflect.NativeMethodAccessorImpl.invoke(NativeMethodAccessorImpl.java:57)
	at sun.reflect.DelegatingMethodAccessorImpl.invoke(DelegatingMethodAccessorImpl.java:43)
	at RandoopTest.main(RandoopTest.java:8)

FAILURES!!!
Tests run: 32,  Failures: 0,  Errors: 3

Cycle length is4
before
after
Reached this
# of deadlocks detected 0
THE SIZE OF THE TRACE OMEN 24306
Exiting analysis
