......................
Time: 0.193

OK (22 tests)

Cycle length is4
before
after
Reached this
# of deadlocks detected 0
THE SIZE OF THE TRACE OMEN 19229
Exiting analysis
tes requested = 0 bytes read = # max wait time = -1 total time spent waiting = 0"
org.omg.CORBA.COMM_FAILURE:   vmcid: SUN  minor code: 215  completed: No
	at com.sun.corba.se.impl.logging.ORBUtilSystemException.transportReadTimeoutExceeded(ORBUtilSystemException.java:2600)
	at com.sun.corba.se.impl.logging.ORBUtilSystemException.transportReadTimeoutExceeded(ORBUtilSystemException.java:2626)
	at RandoopTest0.test22(RandoopTest0.java:962)
	at sun.reflect.NativeMethodAccessorImpl.invoke0(Native Method)
	at sun.reflect.NativeMethodAccessorImpl.invoke(NativeMethodAccessorImpl.java:57)
	at sun.reflect.DelegatingMethodAccessorImpl.invoke(DelegatingMethodAccessorImpl.java:43)
	at java.lang.reflect.Method.invoke(Method.java:606)
	at junit.framework.TestCase.runTest(TestCase.java:168)
	at junit.framework.TestCase.runBare(TestCase.java:134)
	at junit.framework.TestResult$1.protect(TestResult.java:110)
	at junit.framework.TestResult.runProtected(TestResult.java:128)
	at junit.framework.TestResult.run(TestResult.java:113)
	at junit.framework.TestCase.run(TestCase.java:124)
	at junit.framework.TestSuite.runTest(TestSuite.java:243)
	at junit.framework.TestSuite.run(TestSuite.java:238)
	at junit.framework.TestSuite.runTest(TestSuite.java:243)
	at junit.framework.TestSuite.run(TestSuite.java:238)
	at junit.textui.TestRunner.doRun(TestRunner.java:116)
	at RandoopTest.main(RandoopTest.java:8)

Dec 11, 2017 3:06:09 PM RandoopTest0 test22
WARNING: "IOP01210230: (BAD_OPERATION) Called typecode extract on an uninitialized typecode"
org.omg.CORBA.BAD_OPERATION:   vmcid: SUN  minor code: 230  completed: No
	at com.sun.corba.se.impl.logging.ORBUtilSystemException.extractNotInitialized(ORBUtilSystemException.java:642)
	at com.sun.corba.se.impl.logging.ORBUtilSystemException.extractNotInitialized(ORBUtilSystemException.java:664)
	at RandoopTest0.test22(RandoopTest0.java:963)
	at sun.reflect.NativeMethodAccessorImpl.invoke0(Native Method)
	at sun.reflect.NativeMethodAccessorImpl.invoke(NativeMethodAccessorImpl.java:57)
	at sun.reflect.DelegatingMethodAccessorImpl.invoke(DelegatingMethodAccessorImpl.java:43)
	at java.lang.reflect.Method.invoke(Method.java:606)
	at junit.framework.TestCase.runTest(TestCase.java:168)
	at junit.framework.TestCase.runBare(TestCase.java:134)
	at junit.framework.TestResult$1.protect(TestResult.java:110)
	at junit.framework.TestResult.runProtected(TestResult.java:128)
	at junit.framework.TestResult.run(TestResult.java:113)
	at junit.framework.TestCase.run(TestCase.java:124)
	at junit.framework.TestSuite.runTest(TestSuite.java:243)
	at junit.framework.TestSuite.run(TestSuite.java:238)
	at junit.framework.TestSuite.runTest(TestSuite.java:243)
	at junit.framework.TestSuite.run(TestSuite.java:238)
	at junit.textui.TestRunner.doRun(TestRunner.java:116)
	at RandoopTest.main(RandoopTest.java:8)

Dec 11, 2017 3:06:09 PM RandoopTest0 test22
WARNING: "IOP00810243: (MARSHAL) Recursive TypeCode not supported by InputStream subtype"
org.omg.CORBA.MARSHAL:   vmcid: SUN  minor code: 243  completed: No
	at com.sun.corba.se.impl.logging.ORBUtilSystemException.recursiveTypecodeError(ORBUtilSystemException.java:7857)
	at com.sun.corba.se.impl.logging.ORBUtilSystemException.recursiveTypecodeError(ORBUtilSystemException.java:7879)
	at RandoopTest0.test22(RandoopTest0.java:964)
	at sun.reflect.NativeMethodAccessorImpl.invoke0(Native Method)
	at sun.reflect.NativeMethodAccessorImpl.invoke(NativeMethodAccessorImpl.java:57)
	at sun.reflect.DelegatingMethodAccessorImpl.invoke(DelegatingMethodAccessorImpl.java:43)
	at java.lang.reflect.Method.invoke(Method.java:606)
	at junit.framework.TestCase.runTest(TestCase.java:168)
	at junit.framework.TestCase.runBare(TestCase.java:134)
	at junit.framework.TestResult$1.protect(TestResult.java:110)
	at junit.framework.TestResult.runProtected(TestResult.java:128)
	at junit.framework.TestResult.run(TestResult.java:113)
	at junit.framework.TestCase.run(TestCase.java:124)
	at junit.framework.TestSuite.runTest(TestSuite.java:243)
	at junit.framework.TestSuite.run(TestSuite.java:238)
	at junit.framework.TestSuite.runTest(TestSuite.java:243)
	at junit.framework.TestSuite.run(TestSuite.java:238)
	at junit.textui.TestRunner.doRun(TestRunner.java:116)
	at RandoopTest.main(RandoopTest.java:8)

Dec 11, 2017 3:06:09 PM RandoopTest0 test22
WARNING: "IOP00710201: (INTERNAL) Non-existent ORB ID"
org.omg.CORBA.INTERNAL:   vmcid: SUN  minor code: 201  completed: No
	at com.sun.corba.se.impl.logging.ORBUtilSystemException.nonExistentOrbid(ORBUtilSystemException.java:3675)
	at com.sun.corba.se.impl.logging.ORBUtilSystemException.nonExistentOrbid(ORBUtilSystemException.java:3697)
	at RandoopTest0.test22(RandoopTest0.java:965)
	at sun.reflect.NativeMethodAccessorImpl.invoke0(Native Method)
	at sun.reflect.NativeMethodAccessorImpl.invoke(NativeMethodAccessorImpl.java:57)
	at sun.reflect.DelegatingMethodAccessorImpl.invoke(DelegatingMethodAccessorImpl.java:43)
	at java.lang.reflect.Method.invoke(Method.java:606)
	at junit.framework.TestCase.runTest(TestCase.java:168)
	at junit.framework.TestCase.runBare(TestCase.java:134)
	at junit.framework.TestResult$1.protect(TestResult.java:110)
	at junit.framework.TestResult.runProtected(TestResult.java:128)
	at junit.framework.TestResult.run(TestResult.java:113)
	at junit.framework.TestCase.run(TestCase.java:124)
	at junit.framework.TestSuite.runTest(TestSuite.java:243)
	at junit.framework.TestSuite.run(TestSuite.java:238)
	at junit.framework.TestSuite.runTest(TestSuite.java:243)
	at junit.framework.TestSuite.run(TestSuite.java:238)
	at junit.textui.TestRunner.doRun(TestRunner.java:116)
	at RandoopTest.main(RandoopTest.java:8)

Dec 11, 2017 3:06:09 PM RandoopTest0 test21
WARNING: "IOP00110201: (BAD_PARAM) Null parameter"
org.omg.CORBA.BAD_PARAM:   vmcid: SUN  minor code: 201  completed: No
	at com.sun.corba.se.impl.logging.ORBUtilSystemException.nullParam(ORBUtilSystemException.java:1127)
	at com.sun.corba.se.impl.logging.ORBUtilSystemException.nullParam(ORBUtilSystemException.java:1149)
	at RandoopTest0.test21(RandoopTest0.java:866)
	at sun.reflect.NativeMethodAccessorImpl.invoke0(Native Method)
	at sun.reflect.NativeMethodAccessorImpl.invoke(NativeMethodAccessorImpl.java:57)
	at sun.reflect.DelegatingMethodAccessorImpl.invoke(DelegatingMethodAccessorImpl.java:43)
	at java.lang.reflect.Method.invoke(Method.java:606)
	at junit.framework.TestCase.runTest(TestCase.java:168)
	at junit.framework.TestCase.runBare(TestCase.java:134)
	at junit.framework.TestResult$1.protect(TestResult.java:110)
	at junit.framework.TestResult.runProtected(TestResult.java:128)
	at junit.framework.TestResult.run(TestResult.java:113)
	at junit.framework.TestCase.run(TestCase.java:124)
	at junit.framework.TestSuite.runTest(TestSuite.java:243)
	at junit.framework.TestSuite.run(TestSuite.java:238)
	at junit.framework.TestSuite.runTest(TestSuite.java:243)
	at junit.framework.TestSuite.run(TestSuite.java:238)
	at junit.textui.TestRunner.doRun(TestRunner.java:116)
	at RandoopTest.main(RandoopTest.java:8)

Dec 11, 2017 3:06:09 PM RandoopTest0 test21
WARNING: "IOP00710329: (INTERNAL) ThreadGroup 0 has 10 sub-thread groups: destroy may cause exception"
org.omg.CORBA.INTERNAL:   vmcid: SUN  minor code: 329  completed: No
	at com.sun.corba.se.impl.logging.ORBUtilSystemException.threadGroupHasSubGroupsInClose(ORBUtilSystemException.java:6629)
	at com.sun.corba.se.impl.logging.ORBUtilSystemException.threadGroupHasSubGroupsInClose(ORBUtilSystemException.java:6653)
	at RandoopTest0.test21(RandoopTest0.java:867)
	at sun.reflect.NativeMethodAccessorImpl.invoke0(Native Method)
	at sun.reflect.NativeMethodAccessorImpl.invoke(NativeMethodAccessorImpl.java:57)
	at sun.reflect.DelegatingMethodAccessorImpl.invoke(DelegatingMethodAccessorImpl.java:43)
	at java.lang.reflect.Method.invoke(Method.java:606)
	at junit.framework.TestCase.runTest(TestCase.java:168)
	at junit.framework.TestCase.runBare(TestCase.java:134)
	at junit.framework.TestResult$1.protect(TestResult.java:110)
	at junit.framework.TestResult.runProtected(TestResult.java:128)
	at junit.framework.TestResult.run(TestResult.java:113)
	at junit.framework.TestCase.run(TestCase.java:124)
	at junit.framework.TestSuite.runTest(TestSuite.java:243)
	at junit.framework.TestSuite.run(TestSuite.java:238)
	at junit.framework.TestSuite.runTest(TestSuite.java:243)
	at junit.framework.TestSuite.run(TestSuite.java:238)
	at junit.textui.TestRunner.doRun(TestRunner.java:116)
	at RandoopTest.main(RandoopTest.java:8)

Dec 11, 2017 3:06:09 PM RandoopTest0 test21
WARNING: "IOP00110201: (BAD_PARAM) Null parameter"
org.omg.CORBA.BAD_PARAM:   vmcid: SUN  minor code: 201  completed: No
	at com.sun.corba.se.impl.logging.ORBUtilSystemException.nullParam(ORBUtilSystemException.java:1127)
	at com.sun.corba.se.impl.logging.ORBUtilSystemException.nullParam(ORBUtilSystemException.java:1149)
	at RandoopTest0.test21(RandoopTest0.java:869)
	at sun.reflect.NativeMethodAccessorImpl.invoke0(Native Method)
	at sun.reflect.NativeMethodAccessorImpl.invoke(NativeMethodAccessorImpl.java:57)
	at sun.reflect.DelegatingMethodAccessorImpl.invoke(DelegatingMethodAccessorImpl.java:43)
	at java.lang.reflect.Method.invoke(Method.java:606)
	at junit.framework.TestCase.runTest(TestCase.java:168)
	at junit.framework.TestCase.runBare(TestCase.java:134)
	at junit.framework.TestResult$1.protect(TestResult.java:110)
	at junit.framework.TestResult.runProtected(TestResult.java:128)
	at junit.framework.TestResult.run(TestResult.java:113)
	at junit.framework.TestCase.run(TestCase.java:124)
	at junit.framework.TestSuite.runTest(TestSuite.java:243)
	at junit.framework.TestSuite.run(TestSuite.java:238)
	at junit.framework.TestSuite.runTest(TestSuite.java:243)
	at junit.framework.TestSuite.run(TestSuite.java:238)
	at junit.textui.TestRunner.doRun(TestRunner.java:116)
	at RandoopTest.main(RandoopTest.java:8)

Dec 11, 2017 3:06:09 PM RandoopTest0 test21
WARNING: "IOP00710201: (INTERNAL) Non-existent ORB ID"
org.omg.CORBA.INTERNAL:   vmcid: SUN  minor code: 201  completed: No
	at com.sun.corba.se.impl.logging.ORBUtilSystemException.nonExistentOrbid(ORBUtilSystemException.java:3675)
	at com.sun.corba.se.impl.logging.ORBUtilSystemException.nonExistentOrbid(ORBUtilSystemException.java:3697)
	at RandoopTest0.test21(RandoopTest0.java:870)
	at sun.reflect.NativeMethodAccessorImpl.invoke0(Native Method)
	at sun.reflect.NativeMethodAccessorImpl.invoke(NativeMethodAccessorImpl.java:57)
	at sun.reflect.DelegatingMethodAccessorImpl.invoke(DelegatingMethodAccessorImpl.java:43)
	at java.lang.reflect.Method.invoke(Method.java:606)
	at junit.framework.TestCase.runTest(TestCase.java:168)
	at junit.framework.TestCase.runBare(TestCase.java:134)
	at junit.framework.TestResult$1.protect(TestResult.java:110)
	at junit.framework.TestResult.runProtected(TestResult.java:128)
	at junit.framework.TestResult.run(TestResult.java:113)
	at junit.framework.TestCase.run(TestCase.java:124)
	at junit.framework.TestSuite.runTest(TestSuite.java:243)
	at junit.framework.TestSuite.run(TestSuite.java:238)
	at junit.framework.TestSuite.runTest(TestSuite.java:243)
	at junit.framework.TestSuite.run(TestSuite.java:238)
	at junit.textui.TestRunner.doRun(TestRunner.java:116)
	at RandoopTest.main(RandoopTest.java:8)

Dec 11, 2017 3:06:09 PM RandoopTest0 test21
WARNING: "IOP00110208: (BAD_PARAM) Could not load class 100"
org.omg.CORBA.BAD_PARAM:   vmcid: SUN  minor code: 208  completed: No
	at com.sun.corba.se.impl.logging.ORBUtilSystemException.couldNotLoadClass(ORBUtilSystemException.java:1323)
	at com.sun.corba.se.impl.logging.ORBUtilSystemException.couldNotLoadClass(ORBUtilSystemException.java:1346)
	at RandoopTest0.test21(RandoopTest0.java:871)
	at sun.reflect.NativeMethodAccessorImpl.invoke0(Native Method)
	at sun.reflect.NativeMethodAccessorImpl.invoke(NativeMethodAccessorImpl.java:57)
	at sun.reflect.DelegatingMethodAccessorImpl.invoke(DelegatingMethodAccessorImpl.java:43)
	at java.lang.reflect.Method.invoke(Method.java:606)
	at junit.framework.TestCase.runTest(TestCase.java:168)
	at junit.framework.TestCase.runBare(TestCase.java:134)
	at junit.framework.TestResult$1.protect(TestResult.java:110)
	at junit.framework.TestResult.runProtected(TestResult.java:128)
	at junit.framework.TestResult.run(TestResult.java:113)
	at junit.framework.TestCase.run(TestCase.java:124)
	at junit.framework.TestSuite.runTest(TestSuite.java:243)
	at junit.framework.TestSuite.run(TestSuite.java:238)
	at junit.framework.TestSuite.runTest(TestSuite.java:243)
	at junit.framework.TestSuite.run(TestSuite.java:238)
	at junit.textui.TestRunner.doRun(TestRunner.java:116)
	at RandoopTest.main(RandoopTest.java:8)

Dec 11, 2017 3:06:09 PM RandoopTest0 test21
WARNING: "IOP00410215: (COMM_FAILURE) Read of full message failed : bytes requested = 0 bytes read = # max wait time = -1 total time spent waiting = 0"
org.omg.CORBA.COMM_FAILURE:   vmcid: SUN  minor code: 215  completed: No
	at com.sun.corba.se.impl.logging.ORBUtilSystemException.transportReadTimeoutExceeded(ORBUtilSystemException.java:2600)
	at com.sun.corba.se.impl.logging.ORBUtilSystemException.transportReadTimeoutExceeded(ORBUtilSystemException.java:2626)
	at RandoopTest0.test21(RandoopTest0.java:873)
	at sun.reflect.NativeMethodAccessorImpl.invoke0(Native Method)
	at sun.reflect.NativeMethodAccessorImpl.invoke(NativeMethodAccessorImpl.java:57)
	at sun.reflect.DelegatingMethodAccessorImpl.invoke(DelegatingMethodAccessorImpl.java:43)
	at java.lang.reflect.Method.invoke(Method.java:606)
	at junit.framework.TestCase.runTest(TestCase.java:168)
	at junit.framework.TestCase.runBare(TestCase.java:134)
	at junit.framework.TestResult$1.protect(TestResult.java:110)
	at junit.framework.TestResult.runProtected(TestResult.java:128)
	at junit.framework.TestResult.run(TestResult.java:113)
	at junit.framework.TestCase.run(TestCase.java:124)
	at junit.framework.TestSuite.runTest(TestSuite.java:243)
	at junit.framework.TestSuite.run(TestSuite.java:238)
	at junit.framework.TestSuite.runTest(TestSuite.java:243)
	at junit.framework.TestSuite.run(TestSuite.java:238)
	at junit.textui.TestRunner.doRun(TestRunner.java:116)
	at RandoopTest.main(RandoopTest.java:8)

Dec 11, 2017 3:06:09 PM RandoopTest0 test21
WARNING: "IOP01210230: (BAD_OPERATION) Called typecode extract on an uninitialized typecode"
org.omg.CORBA.BAD_OPERATION:   vmcid: SUN  minor code: 230  completed: No
	at com.sun.corba.se.impl.logging.ORBUtilSystemException.extractNotInitialized(ORBUtilSystemException.java:642)
	at com.sun.corba.se.impl.logging.ORBUtilSystemException.extractNotInitialized(ORBUtilSystemException.java:664)
	at RandoopTest0.test21(RandoopTest0.java:874)
	at sun.reflect.NativeMethodAccessorImpl.invoke0(Native Method)
	at sun.reflect.NativeMethodAccessorImpl.invoke(NativeMethodAccessorImpl.java:57)
	at sun.reflect.DelegatingMethodAccessorImpl.invoke(DelegatingMethodAccessorImpl.java:43)
	at java.lang.reflect.Method.invoke(Method.java:606)
	at junit.framework.TestCase.runTest(TestCase.java:168)
	at junit.framework.TestCase.runBare(TestCase.java:134)
	at junit.framework.TestResult$1.protect(TestResult.java:110)
	at junit.framework.TestResult.runProtected(TestResult.java:128)
	at junit.framework.TestResult.run(TestResult.java:113)
	at junit.framework.TestCase.run(TestCase.java:124)
	at junit.framework.TestSuite.runTest(TestSuite.java:243)
	at junit.framework.TestSuite.run(TestSuite.java:238)
	at junit.framework.TestSuite.runTest(TestSuite.java:243)
	at junit.framework.TestSuite.run(TestSuite.java:238)
	at junit.textui.TestRunner.doRun(TestRunner.java:116)
	at RandoopTest.main(RandoopTest.java:8)

Dec 11, 2017 3:06:09 PM RandoopTest0 test21
WARNING: "IOP00410215: (COMM_FAILURE) Read of full message failed : bytes requested = 0 bytes read = # max wait time = -1 total time spent waiting = 0"
org.omg.CORBA.COMM_FAILURE:   vmcid: SUN  minor code: 215  completed: No
	at com.sun.corba.se.impl.logging.ORBUtilSystemException.transportReadTimeoutExceeded(ORBUtilSystemException.java:2600)
	at com.sun.corba.se.impl.logging.ORBUtilSystemException.transportReadTimeoutExceeded(ORBUtilSystemException.java:2626)
	at RandoopTest0.test21(RandoopTest0.java:876)
	at sun.reflect.NativeMethodAccessorImpl.invoke0(Native Method)
	at sun.reflect.NativeMethodAccessorImpl.invoke(NativeMethodAccessorImpl.java:57)
	at sun.reflect.DelegatingMethodAccessorImpl.invoke(DelegatingMethodAccessorImpl.java:43)
	at java.lang.reflect.Method.invoke(Method.java:606)
	at junit.framework.TestCase.runTest(TestCase.java:168)
	at junit.framework.TestCase.runBare(TestCase.java:134)
	at junit.framework.TestResult$1.protect(TestResult.java:110)
	at junit.framework.TestResult.runProtected(TestResult.java:128)
	at junit.framework.TestResult.run(TestResult.java:113)
	at junit.framework.TestCase.run(TestCase.java:124)
	at junit.framework.TestSuite.runTest(TestSuite.java:243)
	at junit.framework.TestSuite.run(TestSuite.java:238)
	at junit.framework.TestSuite.runTest(TestSuite.java:243)
	at junit.framework.TestSuite.run(TestSuite.java:238)
	at junit.textui.TestRunner.doRun(TestRunner.java:116)
	at RandoopTest.main(RandoopTest.java:8)

Dec 11, 2017 3:06:09 PM RandoopTest0 test21
WARNING: "IOP00710295: (INTERNAL) Java stream initialization failed"
org.omg.CORBA.INTERNAL:   vmcid: SUN  minor code: 295  completed: No
	at com.sun.corba.se.impl.logging.ORBUtilSystemException.javaStreamInitFailed(ORBUtilSystemException.java:6186)
	at com.sun.corba.se.impl.logging.ORBUtilSystemException.javaStreamInitFailed(ORBUtilSystemException.java:6208)
	at RandoopTest0.test21(RandoopTest0.java:877)
	at sun.reflect.NativeMethodAccessorImpl.invoke0(Native Method)
	at sun.reflect.NativeMethodAccessorImpl.invoke(NativeMethodAccessorImpl.java:57)
	at sun.reflect.DelegatingMethodAccessorImpl.invoke(DelegatingMethodAccessorImpl.java:43)
	at java.lang.reflect.Method.invoke(Method.java:606)
	at junit.framework.TestCase.runTest(TestCase.java:168)
	at junit.framework.TestCase.runBare(TestCase.java:134)
	at junit.framework.TestResult$1.protect(TestResult.java:110)
	at junit.framework.TestResult.runProtected(TestResult.java:128)
	at junit.framework.TestResult.run(TestResult.java:113)
	at junit.framework.TestCase.run(TestCase.java:124)
	at junit.framework.TestSuite.runTest(TestSuite.java:243)
	at junit.framework.TestSuite.run(TestSuite.java:238)
	at junit.framework.TestSuite.runTest(TestSuite.java:243)
	at junit.framework.TestSuite.run(TestSuite.java:238)
	at junit.textui.TestRunner.doRun(TestRunner.java:116)
	at RandoopTest.main(RandoopTest.java:8)

Dec 11, 2017 3:06:09 PM RandoopTest0 test21
WARNING: "IOP00410215: (COMM_FAILURE) Read of full message failed : bytes requested = 0 bytes read = # max wait time = -1 total time spent waiting = 0"
org.omg.CORBA.COMM_FAILURE:   vmcid: SUN  minor code: 215  completed: No
	at com.sun.corba.se.impl.logging.ORBUtilSystemException.transportReadTimeoutExceeded(ORBUtilSystemException.java:2600)
	at com.sun.corba.se.impl.logging.ORBUtilSystemException.transportReadTimeoutExceeded(ORBUtilSystemException.java:2626)
	at RandoopTest0.test21(RandoopTest0.java:879)
	at sun.reflect.NativeMethodAccessorImpl.invoke0(Native Method)
	at sun.reflect.NativeMethodAccessorImpl.invoke(NativeMethodAccessorImpl.java:57)
	at sun.reflect.DelegatingMethodAccessorImpl.invoke(DelegatingMethodAccessorImpl.java:43)
	at java.lang.reflect.Method.invoke(Method.java:606)
	at junit.framework.TestCase.runTest(TestCase.java:168)
	at junit.framework.TestCase.runBare(TestCase.java:134)
	at junit.framework.TestResult$1.protect(TestResult.java:110)
	at junit.framework.TestResult.runProtected(TestResult.java:128)
	at junit.framework.TestResult.run(TestResult.java:113)
	at junit.framework.TestCase.run(TestCase.java:124)
	at junit.framework.TestSuite.runTest(TestSuite.java:243)
	at junit.framework.TestSuite.run(TestSuite.java:238)
	at junit.framework.TestSuite.runTest(TestSuite.java:243)
	at junit.framework.TestSuite.run(TestSuite.java:238)
	at junit.textui.TestRunner.doRun(TestRunner.java:116)
	at RandoopTest.main(RandoopTest.java:8)

Dec 11, 2017 3:06:09 PM RandoopTest0 test21
WARNING: "IOP00110221: (BAD_PARAM) cannot have a SocketFactory and a ContactInfoList at the same time"
org.omg.CORBA.BAD_PARAM:   vmcid: SUN  minor code: 221  completed: No
	at com.sun.corba.se.impl.logging.ORBUtilSystemException.socketFactoryAndContactInfoListAtSameTime(ORBUtilSystemException.java:1702)
	at com.sun.corba.se.impl.logging.ORBUtilSystemException.socketFactoryAndContactInfoListAtSameTime(ORBUtilSystemException.java:1724)
	at RandoopTest0.test21(RandoopTest0.java:882)
	at sun.reflect.NativeMethodAccessorImpl.invoke0(Native Method)
	at sun.reflect.NativeMethodAccessorImpl.invoke(NativeMethodAccessorImpl.java:57)
	at sun.reflect.DelegatingMethodAccessorImpl.invoke(DelegatingMethodAccessorImpl.java:43)
	at java.lang.reflect.Method.invoke(Method.java:606)
	at junit.framework.TestCase.runTest(TestCase.java:168)
	at junit.framework.TestCase.runBare(TestCase.java:134)
	at junit.framework.TestResult$1.protect(TestResult.java:110)
	at junit.framework.TestResult.runProtected(TestResult.java:128)
	at junit.framework.TestResult.run(TestResult.java:113)
	at junit.framework.TestCase.run(TestCase.java:124)
	at junit.framework.TestSuite.runTest(TestSuite.java:243)
	at junit.framework.TestSuite.run(TestSuite.java:238)
	at junit.framework.TestSuite.runTest(TestSuite.java:243)
	at junit.framework.TestSuite.run(TestSuite.java:238)
	at junit.textui.TestRunner.doRun(TestRunner.java:116)
	at RandoopTest.main(RandoopTest.java:8)

Dec 11, 2017 3:06:09 PM RandoopTest0 test21
WARNING: "IOP00510201: (INV_OBJREF) Bad corbaloc: URL"
org.omg.CORBA.INV_OBJREF:   vmcid: SUN  minor code: 201  completed: No
	at com.sun.corba.se.impl.logging.ORBUtilSystemException.badCorbalocString(ORBUtilSystemException.java:3443)
	at com.sun.corba.se.impl.logging.ORBUtilSystemException.badCorbalocString(ORBUtilSystemException.java:3465)
	at RandoopTest0.test21(RandoopTest0.java:883)
	at sun.reflect.NativeMethodAccessorImpl.invoke0(Native Method)
	at sun.reflect.NativeMethodAccessorImpl.invoke(NativeMethodAccessorImpl.java:57)
	at sun.reflect.DelegatingMethodAccessorImpl.invoke(DelegatingMethodAccessorImpl.java:43)
	at java.lang.reflect.Method.invoke(Method.java:606)
	at junit.framework.TestCase.runTest(TestCase.java:168)
	at junit.framework.TestCase.runBare(TestCase.java:134)
	at junit.framework.TestResult$1.protect(TestResult.java:110)
	at junit.framework.TestResult.runProtected(TestResult.java:128)
	at junit.framework.TestResult.run(TestResult.java:113)
	at junit.framework.TestCase.run(TestCase.java:124)
	at junit.framework.TestSuite.runTest(TestSuite.java:243)
	at junit.framework.TestSuite.run(TestSuite.java:238)
	at junit.framework.TestSuite.runTest(TestSuite.java:243)
	at junit.framework.TestSuite.run(TestSuite.java:238)
	at junit.textui.TestRunner.doRun(TestRunner.java:116)
	at RandoopTest.main(RandoopTest.java:8)

Dec 11, 2017 3:06:09 PM RandoopTest0 test21
WARNING: "IOP00110215: (BAD_PARAM) Could not set array for field com.sun.corba.se.impl.logging.ORBUtilSystemException@6a1192e9 at index 10 with component type  and size org.omg.CORBA.NO_IMPLEMENT:   vmcid: SUN  minor code: 202  completed: No to value org.omg.CORBA.INV_OBJREF:   vmcid: SUN  minor code: 201  completed: No"
org.omg.CORBA.BAD_PARAM:   vmcid: SUN  minor code: 215  completed: No
	at com.sun.corba.se.impl.logging.ORBUtilSystemException.couldNotSetArray(ORBUtilSystemException.java:1527)
	at com.sun.corba.se.impl.logging.ORBUtilSystemException.couldNotSetArray(ORBUtilSystemException.java:1554)
	at RandoopTest0.test21(RandoopTest0.java:884)
	at sun.reflect.NativeMethodAccessorImpl.invoke0(Native Method)
	at sun.reflect.NativeMethodAccessorImpl.invoke(NativeMethodAccessorImpl.java:57)
	at sun.reflect.DelegatingMethodAccessorImpl.invoke(DelegatingMethodAccessorImpl.java:43)
	at java.lang.reflect.Method.invoke(Method.java:606)
	at junit.framework.TestCase.runTest(TestCase.java:168)
	at junit.framework.TestCase.runBare(TestCase.java:134)
	at junit.framework.TestResult$1.protect(TestResult.java:110)
	at junit.framework.TestResult.runProtected(TestResult.java:128)
	at junit.framework.TestResult.run(TestResult.java:113)
	at junit.framework.TestCase.run(TestCase.java:124)
	at junit.framework.TestSuite.runTest(TestSuite.java:243)
	at junit.framework.TestSuite.run(TestSuite.java:238)
	at junit.framework.TestSuite.runTest(TestSuite.java:243)
	at junit.framework.TestSuite.run(TestSuite.java:238)
	at junit.textui.TestRunner.doRun(TestRunner.java:116)
	at RandoopTest.main(RandoopTest.java:8)

Dec 11, 2017 3:06:09 PM RandoopTest0 test21
WARNING: "IOP00810206: (MARSHAL) grow() called on IIOPInputStream"
org.omg.CORBA.MARSHAL:   vmcid: SUN  minor code: 206  completed: No
	at com.sun.corba.se.impl.logging.ORBUtilSystemException.iiopinputstreamGrow(ORBUtilSystemException.java:6862)
	at com.sun.corba.se.impl.logging.ORBUtilSystemException.iiopinputstreamGrow(ORBUtilSystemException.java:6884)
	at RandoopTest0.test21(RandoopTest0.java:886)
	at sun.reflect.NativeMethodAccessorImpl.invoke0(Native Method)
	at sun.reflect.NativeMethodAccessorImpl.invoke(NativeMethodAccessorImpl.java:57)
	at sun.reflect.DelegatingMethodAccessorImpl.invoke(DelegatingMethodAccessorImpl.java:43)
	at java.lang.reflect.Method.invoke(Method.java:606)
	at junit.framework.TestCase.runTest(TestCase.java:168)
	at junit.framework.TestCase.runBare(TestCase.java:134)
	at junit.framework.TestResult$1.protect(TestResult.java:110)
	at junit.framework.TestResult.runProtected(TestResult.java:128)
	at junit.framework.TestResult.run(TestResult.java:113)
	at junit.framework.TestCase.run(TestCase.java:124)
	at junit.framework.TestSuite.runTest(TestSuite.java:243)
	at junit.framework.TestSuite.run(TestSuite.java:238)
	at junit.framework.TestSuite.runTest(TestSuite.java:243)
	at junit.framework.TestSuite.run(TestSuite.java:238)
	at junit.textui.TestRunner.doRun(TestRunner.java:116)
	at RandoopTest.main(RandoopTest.java:8)

Dec 11, 2017 3:06:09 PM RandoopTest0 test20
WARNING: "IOP00410215: (COMM_FAILURE) Read of full message failed : bytes requested = 0 bytes read = # max wait time = -1 total time spent waiting = 0"
org.omg.CORBA.COMM_FAILURE:   vmcid: SUN  minor code: 215  completed: No
	at com.sun.corba.se.impl.logging.ORBUtilSystemException.transportReadTimeoutExceeded(ORBUtilSystemException.java:2600)
	at com.sun.corba.se.impl.logging.ORBUtilSystemException.transportReadTimeoutExceeded(ORBUtilSystemException.java:2626)
	at RandoopTest0.test20(RandoopTest0.java:662)
	at sun.reflect.NativeMethodAccessorImpl.invoke0(Native Method)
	at sun.reflect.NativeMethodAccessorImpl.invoke(NativeMethodAccessorImpl.java:57)
	at sun.reflect.DelegatingMethodAccessorImpl.invoke(DelegatingMethodAccessorImpl.java:43)
	at java.lang.reflect.Method.invoke(Method.java:606)
	at junit.framework.TestCase.runTest(TestCase.java:168)
	at junit.framework.TestCase.runBare(TestCase.java:134)
	at junit.framework.TestResult$1.protect(TestResult.java:110)
	at junit.framework.TestResult.runProtected(TestResult.java:128)
	at junit.framework.TestResult.run(TestResult.java:113)
	at junit.framework.TestCase.run(TestCase.java:124)
	at junit.framework.TestSuite.runTest(TestSuite.java:243)
	at junit.framework.TestSuite.run(TestSuite.java:238)
	at junit.framework.TestSuite.runTest(TestSuite.java:243)
	at junit.framework.TestSuite.run(TestSuite.java:238)
	at junit.textui.TestRunner.doRun(TestRunner.java:116)
	at RandoopTest.main(RandoopTest.java:8)

Dec 11, 2017 3:06:09 PM RandoopTest0 test20
WARNING: "IOP01210244: (BAD_OPERATION) Call to StubAdapter.request did not pass a stub"
org.omg.CORBA.BAD_OPERATION:   vmcid: SUN  minor code: 244  completed: No
	at com.sun.corba.se.impl.logging.ORBUtilSystemException.requestRequiresStub(ORBUtilSystemException.java:1039)
	at com.sun.corba.se.impl.logging.ORBUtilSystemException.requestRequiresStub(ORBUtilSystemException.java:1061)
	at RandoopTest0.test20(RandoopTest0.java:663)
	at sun.reflect.NativeMethodAccessorImpl.invoke0(Native Method)
	at sun.reflect.NativeMethodAccessorImpl.invoke(NativeMethodAccessorImpl.java:57)
	at sun.reflect.DelegatingMethodAccessorImpl.invoke(DelegatingMethodAccessorImpl.java:43)
	at java.lang.reflect.Method.invoke(Method.java:606)
	at junit.framework.TestCase.runTest(TestCase.java:168)
	at junit.framework.TestCase.runBare(TestCase.java:134)
	at junit.framework.TestResult$1.protect(TestResult.java:110)
	at junit.framework.TestResult.runProtected(TestResult.java:128)
	at junit.framework.TestResult.run(TestResult.java:113)
	at junit.framework.TestCase.run(TestCase.java:124)
	at junit.framework.TestSuite.runTest(TestSuite.java:243)
	at junit.framework.TestSuite.run(TestSuite.java:238)
	at junit.framework.TestSuite.runTest(TestSuite.java:243)
	at junit.framework.TestSuite.run(TestSuite.java:238)
	at junit.textui.TestRunner.doRun(TestRunner.java:116)
	at RandoopTest.main(RandoopTest.java:8)

Dec 11, 2017 3:06:09 PM RandoopTest0 test20
WARNING: "IOP00110221: (BAD_PARAM) cannot have a SocketFactory and a ContactInfoList at the same time"
org.omg.CORBA.BAD_PARAM:   vmcid: SUN  minor code: 221  completed: No
	at com.sun.corba.se.impl.logging.ORBUtilSystemException.socketFactoryAndContactInfoListAtSameTime(ORBUtilSystemException.java:1702)
	at com.sun.corba.se.impl.logging.ORBUtilSystemException.socketFactoryAndContactInfoListAtSameTime(ORBUtilSystemException.java:1724)
	at RandoopTest0.test20(RandoopTest0.java:665)
	at sun.reflect.NativeMethodAccessorImpl.invoke0(Native Method)
	at sun.reflect.NativeMethodAccessorImpl.invoke(NativeMethodAccessorImpl.java:57)
	at sun.reflect.DelegatingMethodAccessorImpl.invoke(DelegatingMethodAccessorImpl.java:43)
	at java.lang.reflect.Method.invoke(Method.java:606)
	at junit.framework.TestCase.runTest(TestCase.java:168)
	at junit.framework.TestCase.runBare(TestCase.java:134)
	at junit.framework.TestResult$1.protect(TestResult.java:110)
	at junit.framework.TestResult.runProtected(TestResult.java:128)
	at junit.framework.TestResult.run(TestResult.java:113)
	at junit.framework.TestCase.run(TestCase.java:124)
	at junit.framework.TestSuite.runTest(TestSuite.java:243)
	at junit.framework.TestSuite.run(TestSuite.java:238)
	at junit.framework.TestSuite.runTest(TestSuite.java:243)
	at junit.framework.TestSuite.run(TestSuite.java:238)
	at junit.textui.TestRunner.doRun(TestRunner.java:116)
	at RandoopTest.main(RandoopTest.java:8)

Dec 11, 2017 3:06:09 PM RandoopTest0 test20
WARNING: "IOP00410215: (COMM_FAILURE) Read of full message failed : bytes requested = 0 bytes read = # max wait time = -1 total time spent waiting = 0"
org.omg.CORBA.COMM_FAILURE:   vmcid: SUN  minor code: 215  completed: No
	at com.sun.corba.se.impl.logging.ORBUtilSystemException.transportReadTimeoutExceeded(ORBUtilSystemException.java:2600)
	at com.sun.corba.se.impl.logging.ORBUtilSystemException.transportReadTimeoutExceeded(ORBUtilSystemException.java:2626)
	at RandoopTest0.test20(RandoopTest0.java:667)
	at sun.reflect.NativeMethodAccessorImpl.invoke0(Native Method)
	at sun.reflect.NativeMethodAccessorImpl.invoke(NativeMethodAccessorImpl.java:57)
	at sun.reflect.DelegatingMethodAccessorImpl.invoke(DelegatingMethodAccessorImpl.java:43)
	at java.lang.reflect.Method.invoke(Method.java:606)
	at junit.framework.TestCase.runTest(TestCase.java:168)
	at junit.framework.TestCase.runBare(TestCase.java:134)
	at junit.framework.TestResult$1.protect(TestResult.java:110)
	at junit.framework.TestResult.runProtected(TestResult.java:128)
	at junit.framework.TestResult.run(TestResult.java:113)
	at junit.framework.TestCase.run(TestCase.java:124)
	at junit.framework.TestSuite.runTest(TestSuite.java:243)
	at junit.framework.TestSuite.run(TestSuite.java:238)
	at junit.framework.TestSuite.runTest(TestSuite.java:243)
	at junit.framework.TestSuite.run(TestSuite.java:238)
	at junit.textui.TestRunner.doRun(TestRunner.java:116)
	at RandoopTest.main(RandoopTest.java:8)

Dec 11, 2017 3:06:09 PM RandoopTest0 test20
WARNING: "IOP01210244: (BAD_OPERATION) Call to StubAdapter.request did not pass a stub"
org.omg.CORBA.BAD_OPERATION:   vmcid: SUN  minor code: 244  completed: No
	at com.sun.corba.se.impl.logging.ORBUtilSystemException.requestRequiresStub(ORBUtilSystemException.java:1039)
	at com.sun.corba.se.impl.logging.ORBUtilSystemException.requestRequiresStub(ORBUtilSystemException.java:1061)
	at RandoopTest0.test20(RandoopTest0.java:668)
	at sun.reflect.NativeMethodAccessorImpl.invoke0(Native Method)
	at sun.reflect.NativeMethodAccessorImpl.invoke(NativeMethodAccessorImpl.java:57)
	at sun.reflect.DelegatingMethodAccessorImpl.invoke(DelegatingMethodAccessorImpl.java:43)
	at java.lang.reflect.Method.invoke(Method.java:606)
	at junit.framework.TestCase.runTest(TestCase.java:168)
	at junit.framework.TestCase.runBare(TestCase.java:134)
	at junit.framework.TestResult$1.protect(TestResult.java:110)
	at junit.framework.TestResult.runProtected(TestResult.java:128)
	at junit.framework.TestResult.run(TestResult.java:113)
	at junit.framework.TestCase.run(TestCase.java:124)
	at junit.framework.TestSuite.runTest(TestSuite.java:243)
	at junit.framework.TestSuite.run(TestSuite.java:238)
	at junit.framework.TestSuite.runTest(TestSuite.java:243)
	at junit.framework.TestSuite.run(TestSuite.java:238)
	at junit.textui.TestRunner.doRun(TestRunner.java:116)
	at RandoopTest.main(RandoopTest.java:8)

Dec 11, 2017 3:06:09 PM RandoopTest0 test20
WARNING: "IOP00110201: (BAD_PARAM) Null parameter"
org.omg.CORBA.BAD_PARAM:   vmcid: SUN  minor code: 201  completed: No
	at com.sun.corba.se.impl.logging.ORBUtilSystemException.nullParam(ORBUtilSystemException.java:1127)
	at com.sun.corba.se.impl.logging.ORBUtilSystemException.nullParam(ORBUtilSystemException.java:1149)
	at RandoopTest0.test20(RandoopTest0.java:670)
	at sun.reflect.NativeMethodAccessorImpl.invoke0(Native Method)
	at sun.reflect.NativeMethodAccessorImpl.invoke(NativeMethodAccessorImpl.java:57)
	at sun.reflect.DelegatingMethodAccessorImpl.invoke(DelegatingMethodAccessorImpl.java:43)
	at java.lang.reflect.Method.invoke(Method.java:606)
	at junit.framework.TestCase.runTest(TestCase.java:168)
	at junit.framework.TestCase.runBare(TestCase.java:134)
	at junit.framework.TestResult$1.protect(TestResult.java:110)
	at junit.framework.TestResult.runProtected(TestResult.java:128)
	at junit.framework.TestResult.run(TestResult.java:113)
	at junit.framework.TestCase.run(TestCase.java:124)
	at junit.framework.TestSuite.runTest(TestSuite.java:243)
	at junit.framework.TestSuite.run(TestSuite.java:238)
	at junit.framework.TestSuite.runTest(TestSuite.java:243)
	at junit.framework.TestSuite.run(TestSuite.java:238)
	at junit.textui.TestRunner.doRun(TestRunner.java:116)
	at RandoopTest.main(RandoopTest.java:8)

Dec 11, 2017 3:06:09 PM RandoopTest0 test20
WARNING: "IOP00410215: (COMM_FAILURE) Read of full message failed : bytes requested = 0 bytes read = # max wait time = -1 total time spent waiting = 0"
org.omg.CORBA.COMM_FAILURE:   vmcid: SUN  minor code: 215  completed: No
	at com.sun.corba.se.impl.logging.ORBUtilSystemException.transportReadTimeoutExceeded(ORBUtilSystemException.java:2600)
	at com.sun.corba.se.impl.logging.ORBUtilSystemException.transportReadTimeoutExceeded(ORBUtilSystemException.java:2626)
	at RandoopTest0.test20(RandoopTest0.java:672)
	at sun.reflect.NativeMethodAccessorImpl.invoke0(Native Method)
	at sun.reflect.NativeMethodAccessorImpl.invoke(NativeMethodAccessorImpl.java:57)
	at sun.reflect.DelegatingMethodAccessorImpl.invoke(DelegatingMethodAccessorImpl.java:43)
	at java.lang.reflect.Method.invoke(Method.java:606)
	at junit.framework.TestCase.runTest(TestCase.java:168)
	at junit.framework.TestCase.runBare(TestCase.java:134)
	at junit.framework.TestResult$1.protect(TestResult.java:110)
	at junit.framework.TestResult.runProtected(TestResult.java:128)
	at junit.framework.TestResult.run(TestResult.java:113)
	at junit.framework.TestCase.run(TestCase.java:124)
	at junit.framework.TestSuite.runTest(TestSuite.java:243)
	at junit.framework.TestSuite.run(TestSuite.java:238)
	at junit.framework.TestSuite.runTest(TestSuite.java:243)
	at junit.framework.TestSuite.run(TestSuite.java:238)
	at junit.textui.TestRunner.doRun(TestRunner.java:116)
	at RandoopTest.main(RandoopTest.java:8)

Dec 11, 2017 3:06:09 PM RandoopTest0 test20
WARNING: "IOP00710295: (INTERNAL) Java stream initialization failed"
org.omg.CORBA.INTERNAL:   vmcid: SUN  minor code: 295  completed: No
	at com.sun.corba.se.impl.logging.ORBUtilSystemException.javaStreamInitFailed(ORBUtilSystemException.java:6186)
	at com.sun.corba.se.impl.logging.ORBUtilSystemException.javaStreamInitFailed(ORBUtilSystemException.java:6208)
	at RandoopTest0.test20(RandoopTest0.java:673)
	at sun.reflect.NativeMethodAccessorImpl.invoke0(Native Method)
	at sun.reflect.NativeMethodAccessorImpl.invoke(NativeMethodAccessorImpl.java:57)
	at sun.reflect.DelegatingMethodAccessorImpl.invoke(DelegatingMethodAccessorImpl.java:43)
	at java.lang.reflect.Method.invoke(Method.java:606)
	at junit.framework.TestCase.runTest(TestCase.java:168)
	at junit.framework.TestCase.runBare(TestCase.java:134)
	at junit.framework.TestResult$1.protect(TestResult.java:110)
	at junit.framework.TestResult.runProtected(TestResult.java:128)
	at junit.framework.TestResult.run(TestResult.java:113)
	at junit.framework.TestCase.run(TestCase.java:124)
	at junit.framework.TestSuite.runTest(TestSuite.java:243)
	at junit.framework.TestSuite.run(TestSuite.java:238)
	at junit.framework.TestSuite.runTest(TestSuite.java:243)
	at junit.framework.TestSuite.run(TestSuite.java:238)
	at junit.textui.TestRunner.doRun(TestRunner.java:116)
	at RandoopTest.main(RandoopTest.java:8)

Dec 11, 2017 3:06:09 PM RandoopTest0 test20
WARNING: "IOP00710223: (INTERNAL) Illegal GIOP message type"
org.omg.CORBA.INTERNAL:   vmcid: SUN  minor code: 223  completed: No
	at com.sun.corba.se.impl.logging.ORBUtilSystemException.illegalGiopMsgType(ORBUtilSystemException.java:4235)
	at com.sun.corba.se.impl.logging.ORBUtilSystemException.illegalGiopMsgType(ORBUtilSystemException.java:4253)
	at RandoopTest0.test20(RandoopTest0.java:674)
	at sun.reflect.NativeMethodAccessorImpl.invoke0(Native Method)
	at sun.reflect.NativeMethodAccessorImpl.invoke(NativeMethodAccessorImpl.java:57)
	at sun.reflect.DelegatingMethodAccessorImpl.invoke(DelegatingMethodAccessorImpl.java:43)
	at java.lang.reflect.Method.invoke(Method.java:606)
	at junit.framework.TestCase.runTest(TestCase.java:168)
	at junit.framework.TestCase.runBare(TestCase.java:134)
	at junit.framework.TestResult$1.protect(TestResult.java:110)
	at junit.framework.TestResult.runProtected(TestResult.java:128)
	at junit.framework.TestResult.run(TestResult.java:113)
	at junit.framework.TestCase.run(TestCase.java:124)
	at junit.framework.TestSuite.runTest(TestSuite.java:243)
	at junit.framework.TestSuite.run(TestSuite.java:238)
	at junit.framework.TestSuite.runTest(TestSuite.java:243)
	at junit.framework.TestSuite.run(TestSuite.java:238)
	at junit.textui.TestRunner.doRun(TestRunner.java:116)
	at RandoopTest.main(RandoopTest.java:8)
Caused by: org.omg.CORBA.INTERNAL:   vmcid: SUN  minor code: 295  completed: No
	at com.sun.corba.se.impl.logging.ORBUtilSystemException.javaStreamInitFailed(ORBUtilSystemException.java:6186)
	at com.sun.corba.se.impl.logging.ORBUtilSystemException.javaStreamInitFailed(ORBUtilSystemException.java:6208)
	at RandoopTest0.test20(RandoopTest0.java:673)
	... 16 more

Dec 11, 2017 3:06:09 PM RandoopTest0 test20
WARNING: "IOP00710261: (INTERNAL) Number of invocations is already zero, but another invocation has completed"
org.omg.CORBA.INTERNAL:   vmcid: SUN  minor code: 261  completed: No
	at com.sun.corba.se.impl.logging.ORBUtilSystemException.numInvocationsAlreadyZero(ORBUtilSystemException.java:5248)
	at com.sun.corba.se.impl.logging.ORBUtilSystemException.numInvocationsAlreadyZero(ORBUtilSystemException.java:5266)
	at RandoopTest0.test20(RandoopTest0.java:675)
	at sun.reflect.NativeMethodAccessorImpl.invoke0(Native Method)
	at sun.reflect.NativeMethodAccessorImpl.invoke(NativeMethodAccessorImpl.java:57)
	at sun.reflect.DelegatingMethodAccessorImpl.invoke(DelegatingMethodAccessorImpl.java:43)
	at java.lang.reflect.Method.invoke(Method.java:606)
	at junit.framework.TestCase.runTest(TestCase.java:168)
	at junit.framework.TestCase.runBare(TestCase.java:134)
	at junit.framework.TestResult$1.protect(TestResult.java:110)
	at junit.framework.TestResult.runProtected(TestResult.java:128)
	at junit.framework.TestResult.run(TestResult.java:113)
	at junit.framework.TestCase.run(TestCase.java:124)
	at junit.framework.TestSuite.runTest(TestSuite.java:243)
	at junit.framework.TestSuite.run(TestSuite.java:238)
	at junit.framework.TestSuite.runTest(TestSuite.java:243)
	at junit.framework.TestSuite.run(TestSuite.java:238)
	at junit.textui.TestRunner.doRun(TestRunner.java:116)
	at RandoopTest.main(RandoopTest.java:8)
Caused by: org.omg.CORBA.INTERNAL:   vmcid: SUN  minor code: 223  completed: No
	at com.sun.corba.se.impl.logging.ORBUtilSystemException.illegalGiopMsgType(ORBUtilSystemException.java:4235)
	at com.sun.corba.se.impl.logging.ORBUtilSystemException.illegalGiopMsgType(ORBUtilSystemException.java:4253)
	at RandoopTest0.test20(RandoopTest0.java:674)
	... 16 more
Caused by: org.omg.CORBA.INTERNAL:   vmcid: SUN  minor code: 295  completed: No
	at com.sun.corba.se.impl.logging.ORBUtilSystemException.javaStreamInitFailed(ORBUtilSystemException.java:6186)
	at com.sun.corba.se.impl.logging.ORBUtilSystemException.javaStreamInitFailed(ORBUtilSystemException.java:6208)
	at RandoopTest0.test20(RandoopTest0.java:673)
	... 16 more

Dec 11, 2017 3:06:09 PM RandoopTest0 test20
WARNING: "IOP00110201: (BAD_PARAM) Null parameter"
org.omg.CORBA.BAD_PARAM:   vmcid: SUN  minor code: 201  completed: No
	at com.sun.corba.se.impl.logging.ORBUtilSystemException.nullParam(ORBUtilSystemException.java:1127)
	at com.sun.corba.se.impl.logging.ORBUtilSystemException.nullParam(ORBUtilSystemException.java:1149)
	at RandoopTest0.test20(RandoopTest0.java:677)
	at sun.reflect.NativeMethodAccessorImpl.invoke0(Native Method)
	at sun.reflect.NativeMethodAccessorImpl.invoke(NativeMethodAccessorImpl.java:57)
	at sun.reflect.DelegatingMethodAccessorImpl.invoke(DelegatingMethodAccessorImpl.java:43)
	at java.lang.reflect.Method.invoke(Method.java:606)
	at junit.framework.TestCase.runTest(TestCase.java:168)
	at junit.framework.TestCase.runBare(TestCase.java:134)
	at junit.framework.TestResult$1.protect(TestResult.java:110)
	at junit.framework.TestResult.runProtected(TestResult.java:128)
	at junit.framework.TestResult.run(TestResult.java:113)
	at junit.framework.TestCase.run(TestCase.java:124)
	at junit.framework.TestSuite.runTest(TestSuite.java:243)
	at junit.framework.TestSuite.run(TestSuite.java:238)
	at junit.framework.TestSuite.runTest(TestSuite.java:243)
	at junit.framework.TestSuite.run(TestSuite.java:238)
	at junit.textui.TestRunner.doRun(TestRunner.java:116)
	at RandoopTest.main(RandoopTest.java:8)

Dec 11, 2017 3:06:09 PM RandoopTest0 test20
WARNING: "IOP00710329: (INTERNAL) ThreadGroup 0 has 10 sub-thread groups: destroy may cause exception"
org.omg.CORBA.INTERNAL:   vmcid: SUN  minor code: 329  completed: No
	at com.sun.corba.se.impl.logging.ORBUtilSystemException.threadGroupHasSubGroupsInClose(ORBUtilSystemException.java:6629)
	at com.sun.corba.se.impl.logging.ORBUtilSystemException.threadGroupHasSubGroupsInClose(ORBUtilSystemException.java:6653)
	at RandoopTest0.test20(RandoopTest0.java:678)
	at sun.reflect.NativeMethodAccessorImpl.invoke0(Native Method)
	at sun.reflect.NativeMethodAccessorImpl.invoke(NativeMethodAccessorImpl.java:57)
	at sun.reflect.DelegatingMethodAccessorImpl.invoke(DelegatingMethodAccessorImpl.java:43)
	at java.lang.reflect.Method.invoke(Method.java:606)
	at junit.framework.TestCase.runTest(TestCase.java:168)
	at junit.framework.TestCase.runBare(TestCase.java:134)
	at junit.framework.TestResult$1.protect(TestResult.java:110)
	at junit.framework.TestResult.runProtected(TestResult.java:128)
	at junit.framework.TestResult.run(TestResult.java:113)
	at junit.framework.TestCase.run(TestCase.java:124)
	at junit.framework.TestSuite.runTest(TestSuite.java:243)
	at junit.framework.TestSuite.run(TestSuite.java:238)
	at junit.framework.TestSuite.runTest(TestSuite.java:243)
	at junit.framework.TestSuite.run(TestSuite.java:238)
	at junit.textui.TestRunner.doRun(TestRunner.java:116)
	at RandoopTest.main(RandoopTest.java:8)

Dec 11, 2017 3:06:09 PM RandoopTest0 test20
WARNING: "IOP02410201: (DATA_CONVERSION) A character did not map to the transmission code set"
org.omg.CORBA.DATA_CONVERSION:   vmcid: SUN  minor code: 201  completed: No
	at com.sun.corba.se.impl.logging.ORBUtilSystemException.badStringifiedIorLen(ORBUtilSystemException.java:2693)
	at com.sun.corba.se.impl.logging.ORBUtilSystemException.badStringifiedIorLen(ORBUtilSystemException.java:2711)
	at RandoopTest0.test20(RandoopTest0.java:679)
	at sun.reflect.NativeMethodAccessorImpl.invoke0(Native Method)
	at sun.reflect.NativeMethodAccessorImpl.invoke(NativeMethodAccessorImpl.java:57)
	at sun.reflect.DelegatingMethodAccessorImpl.invoke(DelegatingMethodAccessorImpl.java:43)
	at java.lang.reflect.Method.invoke(Method.java:606)
	at junit.framework.TestCase.runTest(TestCase.java:168)
	at junit.framework.TestCase.runBare(TestCase.java:134)
	at junit.framework.TestResult$1.protect(TestResult.java:110)
	at junit.framework.TestResult.runProtected(TestResult.java:128)
	at junit.framework.TestResult.run(TestResult.java:113)
	at junit.framework.TestCase.run(TestCase.java:124)
	at junit.framework.TestSuite.runTest(TestSuite.java:243)
	at junit.framework.TestSuite.run(TestSuite.java:238)
	at junit.framework.TestSuite.runTest(TestSuite.java:243)
	at junit.framework.TestSuite.run(TestSuite.java:238)
	at junit.textui.TestRunner.doRun(TestRunner.java:116)
	at RandoopTest.main(RandoopTest.java:8)
Caused by: org.omg.CORBA.INTERNAL:   vmcid: SUN  minor code: 329  completed: No
	at com.sun.corba.se.impl.logging.ORBUtilSystemException.threadGroupHasSubGroupsInClose(ORBUtilSystemException.java:6629)
	at com.sun.corba.se.impl.logging.ORBUtilSystemException.threadGroupHasSubGroupsInClose(ORBUtilSystemException.java:6653)
	at RandoopTest0.test20(RandoopTest0.java:678)
	... 16 more

Dec 11, 2017 3:06:09 PM RandoopTest0 test20
WARNING: "IOP01210227: (BAD_OPERATION) Error in running ORB configurator"
org.omg.CORBA.BAD_OPERATION:   vmcid: SUN  minor code: 227  completed: No
	at com.sun.corba.se.impl.logging.ORBUtilSystemException.orbConfiguratorError(ORBUtilSystemException.java:558)
	at com.sun.corba.se.impl.logging.ORBUtilSystemException.orbConfiguratorError(ORBUtilSystemException.java:576)
	at RandoopTest0.test20(RandoopTest0.java:680)
	at sun.reflect.NativeMethodAccessorImpl.invoke0(Native Method)
	at sun.reflect.NativeMethodAccessorImpl.invoke(NativeMethodAccessorImpl.java:57)
	at sun.reflect.DelegatingMethodAccessorImpl.invoke(DelegatingMethodAccessorImpl.java:43)
	at java.lang.reflect.Method.invoke(Method.java:606)
	at junit.framework.TestCase.runTest(TestCase.java:168)
	at junit.framework.TestCase.runBare(TestCase.java:134)
	at junit.framework.TestResult$1.protect(TestResult.java:110)
	at junit.framework.TestResult.runProtected(TestResult.java:128)
	at junit.framework.TestResult.run(TestResult.java:113)
	at junit.framework.TestCase.run(TestCase.java:124)
	at junit.framework.TestSuite.runTest(TestSuite.java:243)
	at junit.framework.TestSuite.run(TestSuite.java:238)
	at junit.framework.TestSuite.runTest(TestSuite.java:243)
	at junit.framework.TestSuite.run(TestSuite.java:238)
	at junit.textui.TestRunner.doRun(TestRunner.java:116)
	at RandoopTest.main(RandoopTest.java:8)
Caused by: org.omg.CORBA.INTERNAL:   vmcid: SUN  minor code: 329  completed: No
	at com.sun.corba.se.impl.logging.ORBUtilSystemException.threadGroupHasSubGroupsInClose(ORBUtilSystemException.java:6629)
	at com.sun.corba.se.impl.logging.ORBUtilSystemException.threadGroupHasSubGroupsInClose(ORBUtilSystemException.java:6653)
	at RandoopTest0.test20(RandoopTest0.java:678)
	... 16 more

Dec 11, 2017 3:06:09 PM RandoopTest0 test20
WARNING: "IOP00410215: (COMM_FAILURE) Read of full message failed : bytes requested = 0 bytes read = # max wait time = -1 total time spent waiting = 0"
org.omg.CORBA.COMM_FAILURE:   vmcid: SUN  minor code: 215  completed: No
	at com.sun.corba.se.impl.logging.ORBUtilSystemException.transportReadTimeoutExceeded(ORBUtilSystemException.java:2600)
	at com.sun.corba.se.impl.logging.ORBUtilSystemException.transportReadTimeoutExceeded(ORBUtilSystemException.java:2626)
	at RandoopTest0.test20(RandoopTest0.java:682)
	at sun.reflect.NativeMethodAccessorImpl.invoke0(Native Method)
	at sun.reflect.NativeMethodAccessorImpl.invoke(NativeMethodAccessorImpl.java:57)
	at sun.reflect.DelegatingMethodAccessorImpl.invoke(DelegatingMethodAccessorImpl.java:43)
	at java.lang.reflect.Method.invoke(Method.java:606)
	at junit.framework.TestCase.runTest(TestCase.java:168)
	at junit.framework.TestCase.runBare(TestCase.java:134)
	at junit.framework.TestResult$1.protect(TestResult.java:110)
	at junit.framework.TestResult.runProtected(TestResult.java:128)
	at junit.framework.TestResult.run(TestResult.java:113)
	at junit.framework.TestCase.run(TestCase.java:124)
	at junit.framework.TestSuite.runTest(TestSuite.java:243)
	at junit.framework.TestSuite.run(TestSuite.java:238)
	at junit.framework.TestSuite.runTest(TestSuite.java:243)
	at junit.framework.TestSuite.run(TestSuite.java:238)
	at junit.textui.TestRunner.doRun(TestRunner.java:116)
	at RandoopTest.main(RandoopTest.java:8)

Dec 11, 2017 3:06:09 PM RandoopTest0 test20
WARNING: "IOP00710295: (INTERNAL) Java stream initialization failed"
org.omg.CORBA.INTERNAL:   vmcid: SUN  minor code: 295  completed: No
	at com.sun.corba.se.impl.logging.ORBUtilSystemException.javaStreamInitFailed(ORBUtilSystemException.java:6186)
	at com.sun.corba.se.impl.logging.ORBUtilSystemException.javaStreamInitFailed(ORBUtilSystemException.java:6208)
	at RandoopTest0.test20(RandoopTest0.java:683)
	at sun.reflect.NativeMethodAccessorImpl.invoke0(Native Method)
	at sun.reflect.NativeMethodAccessorImpl.invoke(NativeMethodAccessorImpl.java:57)
	at sun.reflect.DelegatingMethodAccessorImpl.invoke(DelegatingMethodAccessorImpl.java:43)
	at java.lang.reflect.Method.invoke(Method.java:606)
	at junit.framework.TestCase.runTest(TestCase.java:168)
	at junit.framework.TestCase.runBare(TestCase.java:134)
	at junit.framework.TestResult$1.protect(TestResult.java:110)
	at junit.framework.TestResult.runProtected(TestResult.java:128)
	at junit.framework.TestResult.run(TestResult.java:113)
	at junit.framework.TestCase.run(TestCase.java:124)
	at junit.framework.TestSuite.runTest(TestSuite.java:243)
	at junit.framework.TestSuite.run(TestSuite.java:238)
	at junit.framework.TestSuite.runTest(TestSuite.java:243)
	at junit.framework.TestSuite.run(TestSuite.java:238)
	at junit.textui.TestRunner.doRun(TestRunner.java:116)
	at RandoopTest.main(RandoopTest.java:8)

Dec 11, 2017 3:06:09 PM RandoopTest0 test20
WARNING: "IOP00410215: (COMM_FAILURE) Read of full message failed : bytes requested = 0 bytes read = # max wait time = -1 total time spent waiting = 0"
org.omg.CORBA.COMM_FAILURE:   vmcid: SUN  minor code: 215  completed: No
	at com.sun.corba.se.impl.logging.ORBUtilSystemException.transportReadTimeoutExceeded(ORBUtilSystemException.java:2600)
	at com.sun.corba.se.impl.logging.ORBUtilSystemException.transportReadTimeoutExceeded(ORBUtilSystemException.java:2626)
	at RandoopTest0.test20(RandoopTest0.java:685)
	at sun.reflect.NativeMethodAccessorImpl.invoke0(Native Method)
	at sun.reflect.NativeMethodAccessorImpl.invoke(NativeMethodAccessorImpl.java:57)
	at sun.reflect.DelegatingMethodAccessorImpl.invoke(DelegatingMethodAccessorImpl.java:43)
	at java.lang.reflect.Method.invoke(Method.java:606)
	at junit.framework.TestCase.runTest(TestCase.java:168)
	at junit.framework.TestCase.runBare(TestCase.java:134)
	at junit.framework.TestResult$1.protect(TestResult.java:110)
	at junit.framework.TestResult.runProtected(TestResult.java:128)
	at junit.framework.TestResult.run(TestResult.java:113)
	at junit.framework.TestCase.run(TestCase.java:124)
	at junit.framework.TestSuite.runTest(TestSuite.java:243)
	at junit.framework.TestSuite.run(TestSuite.java:238)
	at junit.framework.TestSuite.runTest(TestSuite.java:243)
	at junit.framework.TestSuite.run(TestSuite.java:238)
	at junit.textui.TestRunner.doRun(TestRunner.java:116)
	at RandoopTest.main(RandoopTest.java:8)

Dec 11, 2017 3:06:09 PM RandoopTest0 test20
WARNING: "IOP00110221: (BAD_PARAM) cannot have a SocketFactory and a ContactInfoList at the same time"
org.omg.CORBA.BAD_PARAM:   vmcid: SUN  minor code: 221  completed: No
	at com.sun.corba.se.impl.logging.ORBUtilSystemException.socketFactoryAndContactInfoListAtSameTime(ORBUtilSystemException.java:1702)
	at com.sun.corba.se.impl.logging.ORBUtilSystemException.socketFactoryAndContactInfoListAtSameTime(ORBUtilSystemException.java:1724)
	at RandoopTest0.test20(RandoopTest0.java:688)
	at sun.reflect.NativeMethodAccessorImpl.invoke0(Native Method)
	at sun.reflect.NativeMethodAccessorImpl.invoke(NativeMethodAccessorImpl.java:57)
	at sun.reflect.DelegatingMethodAccessorImpl.invoke(DelegatingMethodAccessorImpl.java:43)
	at java.lang.reflect.Method.invoke(Method.java:606)
	at junit.framework.TestCase.runTest(TestCase.java:168)
	at junit.framework.TestCase.runBare(TestCase.java:134)
	at junit.framework.TestResult$1.protect(TestResult.java:110)
	at junit.framework.TestResult.runProtected(TestResult.java:128)
	at junit.framework.TestResult.run(TestResult.java:113)
	at junit.framework.TestCase.run(TestCase.java:124)
	at junit.framework.TestSuite.runTest(TestSuite.java:243)
	at junit.framework.TestSuite.run(TestSuite.java:238)
	at junit.framework.TestSuite.runTest(TestSuite.java:243)
	at junit.framework.TestSuite.run(TestSuite.java:238)
	at junit.textui.TestRunner.doRun(TestRunner.java:116)
	at RandoopTest.main(RandoopTest.java:8)

Dec 11, 2017 3:06:09 PM RandoopTest0 test20
WARNING: "IOP00510201: (INV_OBJREF) Bad corbaloc: URL"
org.omg.CORBA.INV_OBJREF:   vmcid: SUN  minor code: 201  completed: No
	at com.sun.corba.se.impl.logging.ORBUtilSystemException.badCorbalocString(ORBUtilSystemException.java:3443)
	at com.sun.corba.se.impl.logging.ORBUtilSystemException.badCorbalocString(ORBUtilSystemException.java:3465)
	at RandoopTest0.test20(RandoopTest0.java:689)
	at sun.reflect.NativeMethodAccessorImpl.invoke0(Native Method)
	at sun.reflect.NativeMethodAccessorImpl.invoke(NativeMethodAccessorImpl.java:57)
	at sun.reflect.DelegatingMethodAccessorImpl.invoke(DelegatingMethodAccessorImpl.java:43)
	at java.lang.reflect.Method.invoke(Method.java:606)
	at junit.framework.TestCase.runTest(TestCase.java:168)
	at junit.framework.TestCase.runBare(TestCase.java:134)
	at junit.framework.TestResult$1.protect(TestResult.java:110)
	at junit.framework.TestResult.runProtected(TestResult.java:128)
	at junit.framework.TestResult.run(TestResult.java:113)
	at junit.framework.TestCase.run(TestCase.java:124)
	at junit.framework.TestSuite.runTest(TestSuite.java:243)
	at junit.framework.TestSuite.run(TestSuite.java:238)
	at junit.framework.TestSuite.runTest(TestSuite.java:243)
	at junit.framework.TestSuite.run(TestSuite.java:238)
	at junit.textui.TestRunner.doRun(TestRunner.java:116)
	at RandoopTest.main(RandoopTest.java:8)

Dec 11, 2017 3:06:09 PM RandoopTest0 test20
WARNING: "IOP00710227: (INTERNAL) byte to character converter failure"
org.omg.CORBA.INTERNAL:   vmcid: SUN  minor code: 227  completed: No
	at com.sun.corba.se.impl.logging.ORBUtilSystemException.btcConverterFailure(ORBUtilSystemException.java:4347)
	at com.sun.corba.se.impl.logging.ORBUtilSystemException.btcConverterFailure(ORBUtilSystemException.java:4365)
	at RandoopTest0.test20(RandoopTest0.java:690)
	at sun.reflect.NativeMethodAccessorImpl.invoke0(Native Method)
	at sun.reflect.NativeMethodAccessorImpl.invoke(NativeMethodAccessorImpl.java:57)
	at sun.reflect.DelegatingMethodAccessorImpl.invoke(DelegatingMethodAccessorImpl.java:43)
	at java.lang.reflect.Method.invoke(Method.java:606)
	at junit.framework.TestCase.runTest(TestCase.java:168)
	at junit.framework.TestCase.runBare(TestCase.java:134)
	at junit.framework.TestResult$1.protect(TestResult.java:110)
	at junit.framework.TestResult.runProtected(TestResult.java:128)
	at junit.framework.TestResult.run(TestResult.java:113)
	at junit.framework.TestCase.run(TestCase.java:124)
	at junit.framework.TestSuite.runTest(TestSuite.java:243)
	at junit.framework.TestSuite.run(TestSuite.java:238)
	at junit.framework.TestSuite.runTest(TestSuite.java:243)
	at junit.framework.TestSuite.run(TestSuite.java:238)
	at junit.textui.TestRunner.doRun(TestRunner.java:116)
	at RandoopTest.main(RandoopTest.java:8)
Caused by: org.omg.CORBA.INV_OBJREF:   vmcid: SUN  minor code: 201  completed: No
	at com.sun.corba.se.impl.logging.ORBUtilSystemException.badCorbalocString(ORBUtilSystemException.java:3443)
	at com.sun.corba.se.impl.logging.ORBUtilSystemException.badCorbalocString(ORBUtilSystemException.java:3465)
	at RandoopTest0.test20(RandoopTest0.java:689)
	... 16 more

Dec 11, 2017 3:06:09 PM RandoopTest0 test20
WARNING: "IOP00110221: (BAD_PARAM) cannot have a SocketFactory and a ContactInfoList at the same time"
org.omg.CORBA.BAD_PARAM:   vmcid: SUN  minor code: 221  completed: No
	at com.sun.corba.se.impl.logging.ORBUtilSystemException.socketFactoryAndContactInfoListAtSameTime(ORBUtilSystemException.java:1702)
	at com.sun.corba.se.impl.logging.ORBUtilSystemException.socketFactoryAndContactInfoListAtSameTime(ORBUtilSystemException.java:1724)
	at RandoopTest0.test20(RandoopTest0.java:692)
	at sun.reflect.NativeMethodAccessorImpl.invoke0(Native Method)
	at sun.reflect.NativeMethodAccessorImpl.invoke(NativeMethodAccessorImpl.java:57)
	at sun.reflect.DelegatingMethodAccessorImpl.invoke(DelegatingMethodAccessorImpl.java:43)
	at java.lang.reflect.Method.invoke(Method.java:606)
	at junit.framework.TestCase.runTest(TestCase.java:168)
	at junit.framework.TestCase.runBare(TestCase.java:134)
	at junit.framework.TestResult$1.protect(TestResult.java:110)
	at junit.framework.TestResult.runProtected(TestResult.java:128)
	at junit.framework.TestResult.run(TestResult.java:113)
	at junit.framework.TestCase.run(TestCase.java:124)
	at junit.framework.TestSuite.runTest(TestSuite.java:243)
	at junit.framework.TestSuite.run(TestSuite.java:238)
	at junit.framework.TestSuite.runTest(TestSuite.java:243)
	at junit.framework.TestSuite.run(TestSuite.java:238)
	at junit.textui.TestRunner.doRun(TestRunner.java:116)
	at RandoopTest.main(RandoopTest.java:8)

Dec 11, 2017 3:06:09 PM RandoopTest0 test20
WARNING: "IOP00410215: (COMM_FAILURE) Read of full message failed : bytes requested = 0 bytes read = # max wait time = -1 total time spent waiting = 0"
org.omg.CORBA.COMM_FAILURE:   vmcid: SUN  minor code: 215  completed: No
	at com.sun.corba.se.impl.logging.ORBUtilSystemException.transportReadTimeoutExceeded(ORBUtilSystemException.java:2600)
	at com.sun.corba.se.impl.logging.ORBUtilSystemException.transportReadTimeoutExceeded(ORBUtilSystemException.java:2626)
	at RandoopTest0.test20(RandoopTest0.java:694)
	at sun.reflect.NativeMethodAccessorImpl.invoke0(Native Method)
	at sun.reflect.NativeMethodAccessorImpl.invoke(NativeMethodAccessorImpl.java:57)
	at sun.reflect.DelegatingMethodAccessorImpl.invoke(DelegatingMethodAccessorImpl.java:43)
	at java.lang.reflect.Method.invoke(Method.java:606)
	at junit.framework.TestCase.runTest(TestCase.java:168)
	at junit.framework.TestCase.runBare(TestCase.java:134)
	at junit.framework.TestResult$1.protect(TestResult.java:110)
	at junit.framework.TestResult.runProtected(TestResult.java:128)
	at junit.framework.TestResult.run(TestResult.java:113)
	at junit.framework.TestCase.run(TestCase.java:124)
	at junit.framework.TestSuite.runTest(TestSuite.java:243)
	at junit.framework.TestSuite.run(TestSuite.java:238)
	at junit.framework.TestSuite.runTest(TestSuite.java:243)
	at junit.framework.TestSuite.run(TestSuite.java:238)
	at junit.textui.TestRunner.doRun(TestRunner.java:116)
	at RandoopTest.main(RandoopTest.java:8)

Dec 11, 2017 3:06:09 PM RandoopTest0 test20
WARNING: "IOP01210244: (BAD_OPERATION) Call to StubAdapter.request did not pass a stub"
org.omg.CORBA.BAD_OPERATION:   vmcid: SUN  minor code: 244  completed: No
	at com.sun.corba.se.impl.logging.ORBUtilSystemException.requestRequiresStub(ORBUtilSystemException.java:1039)
	at com.sun.corba.se.impl.logging.ORBUtilSystemException.requestRequiresStub(ORBUtilSystemException.java:1061)
	at RandoopTest0.test20(RandoopTest0.java:695)
	at sun.reflect.NativeMethodAccessorImpl.invoke0(Native Method)
	at sun.reflect.NativeMethodAccessorImpl.invoke(NativeMethodAccessorImpl.java:57)
	at sun.reflect.DelegatingMethodAccessorImpl.invoke(DelegatingMethodAccessorImpl.java:43)
	at java.lang.reflect.Method.invoke(Method.java:606)
	at junit.framework.TestCase.runTest(TestCase.java:168)
	at junit.framework.TestCase.runBare(TestCase.java:134)
	at junit.framework.TestResult$1.protect(TestResult.java:110)
	at junit.framework.TestResult.runProtected(TestResult.java:128)
	at junit.framework.TestResult.run(TestResult.java:113)
	at junit.framework.TestCase.run(TestCase.java:124)
	at junit.framework.TestSuite.runTest(TestSuite.java:243)
	at junit.framework.TestSuite.run(TestSuite.java:238)
	at junit.framework.TestSuite.runTest(TestSuite.java:243)
	at junit.framework.TestSuite.run(TestSuite.java:238)
	at junit.textui.TestRunner.doRun(TestRunner.java:116)
	at RandoopTest.main(RandoopTest.java:8)

Dec 11, 2017 3:06:09 PM RandoopTest0 test20
WARNING: "IOP00110201: (BAD_PARAM) Null parameter"
org.omg.CORBA.BAD_PARAM:   vmcid: SUN  minor code: 201  completed: No
	at com.sun.corba.se.impl.logging.ORBUtilSystemException.nullParam(ORBUtilSystemException.java:1127)
	at com.sun.corba.se.impl.logging.ORBUtilSystemException.nullParam(ORBUtilSystemException.java:1149)
	at RandoopTest0.test20(RandoopTest0.java:697)
	at sun.reflect.NativeMethodAccessorImpl.invoke0(Native Method)
	at sun.reflect.NativeMethodAccessorImpl.invoke(NativeMethodAccessorImpl.java:57)
	at sun.reflect.DelegatingMethodAccessorImpl.invoke(DelegatingMethodAccessorImpl.java:43)
	at java.lang.reflect.Method.invoke(Method.java:606)
	at junit.framework.TestCase.runTest(TestCase.java:168)
	at junit.framework.TestCase.runBare(TestCase.java:134)
	at junit.framework.TestResult$1.protect(TestResult.java:110)
	at junit.framework.TestResult.runProtected(TestResult.java:128)
	at junit.framework.TestResult.run(TestResult.java:113)
	at junit.framework.TestCase.run(TestCase.java:124)
	at junit.framework.TestSuite.runTest(TestSuite.java:243)
	at junit.framework.TestSuite.run(TestSuite.java:238)
	at junit.framework.TestSuite.runTest(TestSuite.java:243)
	at junit.framework.TestSuite.run(TestSuite.java:238)
	at junit.textui.TestRunner.doRun(TestRunner.java:116)
	at RandoopTest.main(RandoopTest.java:8)

Dec 11, 2017 3:06:09 PM RandoopTest0 test20
WARNING: "IOP00410215: (COMM_FAILURE) Read of full message failed : bytes requested = 0 bytes read = # max wait time = -1 total time spent waiting = 0"
org.omg.CORBA.COMM_FAILURE:   vmcid: SUN  minor code: 215  completed: No
	at com.sun.corba.se.impl.logging.ORBUtilSystemException.transportReadTimeoutExceeded(ORBUtilSystemException.java:2600)
	at com.sun.corba.se.impl.logging.ORBUtilSystemException.transportReadTimeoutExceeded(ORBUtilSystemException.java:2626)
	at RandoopTest0.test20(RandoopTest0.java:699)
	at sun.reflect.NativeMethodAccessorImpl.invoke0(Native Method)
	at sun.reflect.NativeMethodAccessorImpl.invoke(NativeMethodAccessorImpl.java:57)
	at sun.reflect.DelegatingMethodAccessorImpl.invoke(DelegatingMethodAccessorImpl.java:43)
	at java.lang.reflect.Method.invoke(Method.java:606)
	at junit.framework.TestCase.runTest(TestCase.java:168)
	at junit.framework.TestCase.runBare(TestCase.java:134)
	at junit.framework.TestResult$1.protect(TestResult.java:110)
	at junit.framework.TestResult.runProtected(TestResult.java:128)
	at junit.framework.TestResult.run(TestResult.java:113)
	at junit.framework.TestCase.run(TestCase.java:124)
	at junit.framework.TestSuite.runTest(TestSuite.java:243)
	at junit.framework.TestSuite.run(TestSuite.java:238)
	at junit.framework.TestSuite.runTest(TestSuite.java:243)
	at junit.framework.TestSuite.run(TestSuite.java:238)
	at junit.textui.TestRunner.doRun(TestRunner.java:116)
	at RandoopTest.main(RandoopTest.java:8)

Dec 11, 2017 3:06:09 PM RandoopTest0 test20
WARNING: "IOP00710295: (INTERNAL) Java stream initialization failed"
org.omg.CORBA.INTERNAL:   vmcid: SUN  minor code: 295  completed: No
	at com.sun.corba.se.impl.logging.ORBUtilSystemException.javaStreamInitFailed(ORBUtilSystemException.java:6186)
	at com.sun.corba.se.impl.logging.ORBUtilSystemException.javaStreamInitFailed(ORBUtilSystemException.java:6208)
	at RandoopTest0.test20(RandoopTest0.java:700)
	at sun.reflect.NativeMethodAccessorImpl.invoke0(Native Method)
	at sun.reflect.NativeMethodAccessorImpl.invoke(NativeMethodAccessorImpl.java:57)
	at sun.reflect.DelegatingMethodAccessorImpl.invoke(DelegatingMethodAccessorImpl.java:43)
	at java.lang.reflect.Method.invoke(Method.java:606)
	at junit.framework.TestCase.runTest(TestCase.java:168)
	at junit.framework.TestCase.runBare(TestCase.java:134)
	at junit.framework.TestResult$1.protect(TestResult.java:110)
	at junit.framework.TestResult.runProtected(TestResult.java:128)
	at junit.framework.TestResult.run(TestResult.java:113)
	at junit.framework.TestCase.run(TestCase.java:124)
	at junit.framework.TestSuite.runTest(TestSuite.java:243)
	at junit.framework.TestSuite.run(TestSuite.java:238)
	at junit.framework.TestSuite.runTest(TestSuite.java:243)
	at junit.framework.TestSuite.run(TestSuite.java:238)
	at junit.textui.TestRunner.doRun(TestRunner.java:116)
	at RandoopTest.main(RandoopTest.java:8)

Dec 11, 2017 3:06:09 PM RandoopTest0 test20
WARNING: "IOP00710223: (INTERNAL) Illegal GIOP message type"
org.omg.CORBA.INTERNAL:   vmcid: SUN  minor code: 223  completed: No
	at com.sun.corba.se.impl.logging.ORBUtilSystemException.illegalGiopMsgType(ORBUtilSystemException.java:4235)
	at com.sun.corba.se.impl.logging.ORBUtilSystemException.illegalGiopMsgType(ORBUtilSystemException.java:4253)
	at RandoopTest0.test20(RandoopTest0.java:701)
	at sun.reflect.NativeMethodAccessorImpl.invoke0(Native Method)
	at sun.reflect.NativeMethodAccessorImpl.invoke(NativeMethodAccessorImpl.java:57)
	at sun.reflect.DelegatingMethodAccessorImpl.invoke(DelegatingMethodAccessorImpl.java:43)
	at java.lang.reflect.Method.invoke(Method.java:606)
	at junit.framework.TestCase.runTest(TestCase.java:168)
	at junit.framework.TestCase.runBare(TestCase.java:134)
	at junit.framework.TestResult$1.protect(TestResult.java:110)
	at junit.framework.TestResult.runProtected(TestResult.java:128)
	at junit.framework.TestResult.run(TestResult.java:113)
	at junit.framework.TestCase.run(TestCase.java:124)
	at junit.framework.TestSuite.runTest(TestSuite.java:243)
	at junit.framework.TestSuite.run(TestSuite.java:238)
	at junit.framework.TestSuite.runTest(TestSuite.java:243)
	at junit.framework.TestSuite.run(TestSuite.java:238)
	at junit.textui.TestRunner.doRun(TestRunner.java:116)
	at RandoopTest.main(RandoopTest.java:8)
Caused by: org.omg.CORBA.INTERNAL:   vmcid: SUN  minor code: 295  completed: No
	at com.sun.corba.se.impl.logging.ORBUtilSystemException.javaStreamInitFailed(ORBUtilSystemException.java:6186)
	at com.sun.corba.se.impl.logging.ORBUtilSystemException.javaStreamInitFailed(ORBUtilSystemException.java:6208)
	at RandoopTest0.test20(RandoopTest0.java:700)
	... 16 more

Dec 11, 2017 3:06:09 PM RandoopTest0 test20
WARNING: "IOP00710261: (INTERNAL) Number of invocations is already zero, but another invocation has completed"
org.omg.CORBA.INTERNAL:   vmcid: SUN  minor code: 261  completed: No
	at com.sun.corba.se.impl.logging.ORBUtilSystemException.numInvocationsAlreadyZero(ORBUtilSystemException.java:5248)
	at com.sun.corba.se.impl.logging.ORBUtilSystemException.numInvocationsAlreadyZero(ORBUtilSystemException.java:5266)
	at RandoopTest0.test20(RandoopTest0.java:702)
	at sun.reflect.NativeMethodAccessorImpl.invoke0(Native Method)
	at sun.reflect.NativeMethodAccessorImpl.invoke(NativeMethodAccessorImpl.java:57)
	at sun.reflect.DelegatingMethodAccessorImpl.invoke(DelegatingMethodAccessorImpl.java:43)
	at java.lang.reflect.Method.invoke(Method.java:606)
	at junit.framework.TestCase.runTest(TestCase.java:168)
	at junit.framework.TestCase.runBare(TestCase.java:134)
	at junit.framework.TestResult$1.protect(TestResult.java:110)
	at junit.framework.TestResult.runProtected(TestResult.java:128)
	at junit.framework.TestResult.run(TestResult.java:113)
	at junit.framework.TestCase.run(TestCase.java:124)
	at junit.framework.TestSuite.runTest(TestSuite.java:243)
	at junit.framework.TestSuite.run(TestSuite.java:238)
	at junit.framework.TestSuite.runTest(TestSuite.java:243)
	at junit.framework.TestSuite.run(TestSuite.java:238)
	at junit.textui.TestRunner.doRun(TestRunner.java:116)
	at RandoopTest.main(RandoopTest.java:8)
Caused by: org.omg.CORBA.INTERNAL:   vmcid: SUN  minor code: 223  completed: No
	at com.sun.corba.se.impl.logging.ORBUtilSystemException.illegalGiopMsgType(ORBUtilSystemException.java:4235)
	at com.sun.corba.se.impl.logging.ORBUtilSystemException.illegalGiopMsgType(ORBUtilSystemException.java:4253)
	at RandoopTest0.test20(RandoopTest0.java:701)
	... 16 more
Caused by: org.omg.CORBA.INTERNAL:   vmcid: SUN  minor code: 295  completed: No
	at com.sun.corba.se.impl.logging.ORBUtilSystemException.javaStreamInitFailed(ORBUtilSystemException.java:6186)
	at com.sun.corba.se.impl.logging.ORBUtilSystemException.javaStreamInitFailed(ORBUtilSystemException.java:6208)
	at RandoopTest0.test20(RandoopTest0.java:700)
	... 16 more

Dec 11, 2017 3:06:09 PM RandoopTest0 test20
WARNING: "IOP00110201: (BAD_PARAM) Null parameter"
org.omg.CORBA.BAD_PARAM:   vmcid: SUN  minor code: 201  completed: No
	at com.sun.corba.se.impl.logging.ORBUtilSystemException.nullParam(ORBUtilSystemException.java:1127)
	at com.sun.corba.se.impl.logging.ORBUtilSystemException.nullParam(ORBUtilSystemException.java:1149)
	at RandoopTest0.test20(RandoopTest0.java:704)
	at sun.reflect.NativeMethodAccessorImpl.invoke0(Native Method)
	at sun.reflect.NativeMethodAccessorImpl.invoke(NativeMethodAccessorImpl.java:57)
	at sun.reflect.DelegatingMethodAccessorImpl.invoke(DelegatingMethodAccessorImpl.java:43)
	at java.lang.reflect.Method.invoke(Method.java:606)
	at junit.framework.TestCase.runTest(TestCase.java:168)
	at junit.framework.TestCase.runBare(TestCase.java:134)
	at junit.framework.TestResult$1.protect(TestResult.java:110)
	at junit.framework.TestResult.runProtected(TestResult.java:128)
	at junit.framework.TestResult.run(TestResult.java:113)
	at junit.framework.TestCase.run(TestCase.java:124)
	at junit.framework.TestSuite.runTest(TestSuite.java:243)
	at junit.framework.TestSuite.run(TestSuite.java:238)
	at junit.framework.TestSuite.runTest(TestSuite.java:243)
	at junit.framework.TestSuite.run(TestSuite.java:238)
	at junit.textui.TestRunner.doRun(TestRunner.java:116)
	at RandoopTest.main(RandoopTest.java:8)

Dec 11, 2017 3:06:09 PM RandoopTest0 test20
WARNING: "IOP00710329: (INTERNAL) ThreadGroup 0 has 10 sub-thread groups: destroy may cause exception"
org.omg.CORBA.INTERNAL:   vmcid: SUN  minor code: 329  completed: No
	at com.sun.corba.se.impl.logging.ORBUtilSystemException.threadGroupHasSubGroupsInClose(ORBUtilSystemException.java:6629)
	at com.sun.corba.se.impl.logging.ORBUtilSystemException.threadGroupHasSubGroupsInClose(ORBUtilSystemException.java:6653)
	at RandoopTest0.test20(RandoopTest0.java:705)
	at sun.reflect.NativeMethodAccessorImpl.invoke0(Native Method)
	at sun.reflect.NativeMethodAccessorImpl.invoke(NativeMethodAccessorImpl.java:57)
	at sun.reflect.DelegatingMethodAccessorImpl.invoke(DelegatingMethodAccessorImpl.java:43)
	at java.lang.reflect.Method.invoke(Method.java:606)
	at junit.framework.TestCase.runTest(TestCase.java:168)
	at junit.framework.TestCase.runBare(TestCase.java:134)
	at junit.framework.TestResult$1.protect(TestResult.java:110)
	at junit.framework.TestResult.runProtected(TestResult.java:128)
	at junit.framework.TestResult.run(TestResult.java:113)
	at junit.framework.TestCase.run(TestCase.java:124)
	at junit.framework.TestSuite.runTest(TestSuite.java:243)
	at junit.framework.TestSuite.run(TestSuite.java:238)
	at junit.framework.TestSuite.runTest(TestSuite.java:243)
	at junit.framework.TestSuite.run(TestSuite.java:238)
	at junit.textui.TestRunner.doRun(TestRunner.java:116)
	at RandoopTest.main(RandoopTest.java:8)

Dec 11, 2017 3:06:09 PM RandoopTest0 test20
WARNING: "IOP02410201: (DATA_CONVERSION) A character did not map to the transmission code set"
org.omg.CORBA.DATA_CONVERSION:   vmcid: SUN  minor code: 201  completed: No
	at com.sun.corba.se.impl.logging.ORBUtilSystemException.badStringifiedIorLen(ORBUtilSystemException.java:2693)
	at com.sun.corba.se.impl.logging.ORBUtilSystemException.badStringifiedIorLen(ORBUtilSystemException.java:2711)
	at RandoopTest0.test20(RandoopTest0.java:706)
	at sun.reflect.NativeMethodAccessorImpl.invoke0(Native Method)
	at sun.reflect.NativeMethodAccessorImpl.invoke(NativeMethodAccessorImpl.java:57)
	at sun.reflect.DelegatingMethodAccessorImpl.invoke(DelegatingMethodAccessorImpl.java:43)
	at java.lang.reflect.Method.invoke(Method.java:606)
	at junit.framework.TestCase.runTest(TestCase.java:168)
	at junit.framework.TestCase.runBare(TestCase.java:134)
	at junit.framework.TestResult$1.protect(TestResult.java:110)
	at junit.framework.TestResult.runProtected(TestResult.java:128)
	at junit.framework.TestResult.run(TestResult.java:113)
	at junit.framework.TestCase.run(TestCase.java:124)
	at junit.framework.TestSuite.runTest(TestSuite.java:243)
	at junit.framework.TestSuite.run(TestSuite.java:238)
	at junit.framework.TestSuite.runTest(TestSuite.java:243)
	at junit.framework.TestSuite.run(TestSuite.java:238)
	at junit.textui.TestRunner.doRun(TestRunner.java:116)
	at RandoopTest.main(RandoopTest.java:8)
Caused by: org.omg.CORBA.INTERNAL:   vmcid: SUN  minor code: 329  completed: No
	at com.sun.corba.se.impl.logging.ORBUtilSystemException.threadGroupHasSubGroupsInClose(ORBUtilSystemException.java:6629)
	at com.sun.corba.se.impl.logging.ORBUtilSystemException.threadGroupHasSubGroupsInClose(ORBUtilSystemException.java:6653)
	at RandoopTest0.test20(RandoopTest0.java:705)
	... 16 more

Dec 11, 2017 3:06:09 PM RandoopTest0 test20
WARNING: "IOP01210227: (BAD_OPERATION) Error in running ORB configurator"
org.omg.CORBA.BAD_OPERATION:   vmcid: SUN  minor code: 227  completed: No
	at com.sun.corba.se.impl.logging.ORBUtilSystemException.orbConfiguratorError(ORBUtilSystemException.java:558)
	at com.sun.corba.se.impl.logging.ORBUtilSystemException.orbConfiguratorError(ORBUtilSystemException.java:576)
	at RandoopTest0.test20(RandoopTest0.java:707)
	at sun.reflect.NativeMethodAccessorImpl.invoke0(Native Method)
	at sun.reflect.NativeMethodAccessorImpl.invoke(NativeMethodAccessorImpl.java:57)
	at sun.reflect.DelegatingMethodAccessorImpl.invoke(DelegatingMethodAccessorImpl.java:43)
	at java.lang.reflect.Method.invoke(Method.java:606)
	at junit.framework.TestCase.runTest(TestCase.java:168)
	at junit.framework.TestCase.runBare(TestCase.java:134)
	at junit.framework.TestResult$1.protect(TestResult.java:110)
	at junit.framework.TestResult.runProtected(TestResult.java:128)
	at junit.framework.TestResult.run(TestResult.java:113)
	at junit.framework.TestCase.run(TestCase.java:124)
	at junit.framework.TestSuite.runTest(TestSuite.java:243)
	at junit.framework.TestSuite.run(TestSuite.java:238)
	at junit.framework.TestSuite.runTest(TestSuite.java:243)
	at junit.framework.TestSuite.run(TestSuite.java:238)
	at junit.textui.TestRunner.doRun(TestRunner.java:116)
	at RandoopTest.main(RandoopTest.java:8)
Caused by: org.omg.CORBA.INTERNAL:   vmcid: SUN  minor code: 329  completed: No
	at com.sun.corba.se.impl.logging.ORBUtilSystemException.threadGroupHasSubGroupsInClose(ORBUtilSystemException.java:6629)
	at com.sun.corba.se.impl.logging.ORBUtilSystemException.threadGroupHasSubGroupsInClose(ORBUtilSystemException.java:6653)
	at RandoopTest0.test20(RandoopTest0.java:705)
	... 16 more

Dec 11, 2017 3:06:09 PM RandoopTest0 test20
WARNING: "IOP00710312: (INTERNAL) Worker thread  caught unexpected throwable org.omg.CORBA.INTERNAL:   vmcid: SUN  minor code: 329  completed: No."
org.omg.CORBA.INTERNAL:   vmcid: SUN  minor code: 312  completed: No
	at com.sun.corba.se.impl.logging.ORBUtilSystemException.workerThreadCaughtUnexpectedThrowable(ORBUtilSystemException.java:6422)
	at com.sun.corba.se.impl.logging.ORBUtilSystemException.workerThreadCaughtUnexpectedThrowable(ORBUtilSystemException.java:6442)
	at RandoopTest0.test20(RandoopTest0.java:708)
	at sun.reflect.NativeMethodAccessorImpl.invoke0(Native Method)
	at sun.reflect.NativeMethodAccessorImpl.invoke(NativeMethodAccessorImpl.java:57)
	at sun.reflect.DelegatingMethodAccessorImpl.invoke(DelegatingMethodAccessorImpl.java:43)
	at java.lang.reflect.Method.invoke(Method.java:606)
	at junit.framework.TestCase.runTest(TestCase.java:168)
	at junit.framework.TestCase.runBare(TestCase.java:134)
	at junit.framework.TestResult$1.protect(TestResult.java:110)
	at junit.framework.TestResult.runProtected(TestResult.java:128)
	at junit.framework.TestResult.run(TestResult.java:113)
	at junit.framework.TestCase.run(TestCase.java:124)
	at junit.framework.TestSuite.runTest(TestSuite.java:243)
	at junit.framework.TestSuite.run(TestSuite.java:238)
	at junit.framework.TestSuite.runTest(TestSuite.java:243)
	at junit.framework.TestSuite.run(TestSuite.java:238)
	at junit.textui.TestRunner.doRun(TestRunner.java:116)
	at RandoopTest.main(RandoopTest.java:8)
Caused by: org.omg.CORBA.INTERNAL:   vmcid: SUN  minor code: 227  completed: No
	at com.sun.corba.se.impl.logging.ORBUtilSystemException.btcConverterFailure(ORBUtilSystemException.java:4347)
	at com.sun.corba.se.impl.logging.ORBUtilSystemException.btcConverterFailure(ORBUtilSystemException.java:4365)
	at RandoopTest0.test20(RandoopTest0.java:690)
	... 16 more
Caused by: org.omg.CORBA.INV_OBJREF:   vmcid: SUN  minor code: 201  completed: No
	at com.sun.corba.se.impl.logging.ORBUtilSystemException.badCorbalocString(ORBUtilSystemException.java:3443)
	at com.sun.corba.se.impl.logging.ORBUtilSystemException.badCorbalocString(ORBUtilSystemException.java:3465)
	at RandoopTest0.test20(RandoopTest0.java:689)
	... 16 more

Dec 11, 2017 3:06:09 PM RandoopTest0 test20
WARNING: "IOP00710243: (INTERNAL) Assertion failed: statement not reachable (6)"
org.omg.CORBA.INTERNAL:   vmcid: SUN  minor code: 243  completed: No
	at com.sun.corba.se.impl.logging.ORBUtilSystemException.statementNotReachable6(ORBUtilSystemException.java:4797)
	at com.sun.corba.se.impl.logging.ORBUtilSystemException.statementNotReachable6(ORBUtilSystemException.java:4815)
	at RandoopTest0.test20(RandoopTest0.java:709)
	at sun.reflect.NativeMethodAccessorImpl.invoke0(Native Method)
	at sun.reflect.NativeMethodAccessorImpl.invoke(NativeMethodAccessorImpl.java:57)
	at sun.reflect.DelegatingMethodAccessorImpl.invoke(DelegatingMethodAccessorImpl.java:43)
	at java.lang.reflect.Method.invoke(Method.java:606)
	at junit.framework.TestCase.runTest(TestCase.java:168)
	at junit.framework.TestCase.runBare(TestCase.java:134)
	at junit.framework.TestResult$1.protect(TestResult.java:110)
	at junit.framework.TestResult.runProtected(TestResult.java:128)
	at junit.framework.TestResult.run(TestResult.java:113)
	at junit.framework.TestCase.run(TestCase.java:124)
	at junit.framework.TestSuite.runTest(TestSuite.java:243)
	at junit.framework.TestSuite.run(TestSuite.java:238)
	at junit.framework.TestSuite.runTest(TestSuite.java:243)
	at junit.framework.TestSuite.run(TestSuite.java:238)
	at junit.textui.TestRunner.doRun(TestRunner.java:116)
	at RandoopTest.main(RandoopTest.java:8)
Caused by: org.omg.CORBA.INTERNAL:   vmcid: SUN  minor code: 227  completed: No
	at com.sun.corba.se.impl.logging.ORBUtilSystemException.btcConverterFailure(ORBUtilSystemException.java:4347)
	at com.sun.corba.se.impl.logging.ORBUtilSystemException.btcConverterFailure(ORBUtilSystemException.java:4365)
	at RandoopTest0.test20(RandoopTest0.java:690)
	... 16 more
Caused by: org.omg.CORBA.INV_OBJREF:   vmcid: SUN  minor code: 201  completed: No
	at com.sun.corba.se.impl.logging.ORBUtilSystemException.badCorbalocString(ORBUtilSystemException.java:3443)
	at com.sun.corba.se.impl.logging.ORBUtilSystemException.badCorbalocString(ORBUtilSystemException.java:3465)
	at RandoopTest0.test20(RandoopTest0.java:689)
	... 16 more

Dec 11, 2017 3:06:09 PM RandoopTest0 test19
WARNING: "IOP00110201: (BAD_PARAM) Null parameter"
org.omg.CORBA.BAD_PARAM:   vmcid: SUN  minor code: 201  completed: No
	at com.sun.corba.se.impl.logging.ORBUtilSystemException.nullParam(ORBUtilSystemException.java:1127)
	at com.sun.corba.se.impl.logging.ORBUtilSystemException.nullParam(ORBUtilSystemException.java:1149)
	at RandoopTest0.test19(RandoopTest0.java:622)
	at sun.reflect.NativeMethodAccessorImpl.invoke0(Native Method)
	at sun.reflect.NativeMethodAccessorImpl.invoke(NativeMethodAccessorImpl.java:57)
	at sun.reflect.DelegatingMethodAccessorImpl.invoke(DelegatingMethodAccessorImpl.java:43)
	at java.lang.reflect.Method.invoke(Method.java:606)
	at junit.framework.TestCase.runTest(TestCase.java:168)
	at junit.framework.TestCase.runBare(TestCase.java:134)
	at junit.framework.TestResult$1.protect(TestResult.java:110)
	at junit.framework.TestResult.runProtected(TestResult.java:128)
	at junit.framework.TestResult.run(TestResult.java:113)
	at junit.framework.TestCase.run(TestCase.java:124)
	at junit.framework.TestSuite.runTest(TestSuite.java:243)
	at junit.framework.TestSuite.run(TestSuite.java:238)
	at junit.framework.TestSuite.runTest(TestSuite.java:243)
	at junit.framework.TestSuite.run(TestSuite.java:238)
	at junit.textui.TestRunner.doRun(TestRunner.java:116)
	at RandoopTest.main(RandoopTest.java:8)

Dec 11, 2017 3:06:09 PM RandoopTest0 test19
WARNING: "IOP00710201: (INTERNAL) Non-existent ORB ID"
org.omg.CORBA.INTERNAL:   vmcid: SUN  minor code: 201  completed: No
	at com.sun.corba.se.impl.logging.ORBUtilSystemException.nonExistentOrbid(ORBUtilSystemException.java:3675)
	at com.sun.corba.se.impl.logging.ORBUtilSystemException.nonExistentOrbid(ORBUtilSystemException.java:3697)
	at RandoopTest0.test19(RandoopTest0.java:623)
	at sun.reflect.NativeMethodAccessorImpl.invoke0(Native Method)
	at sun.reflect.NativeMethodAccessorImpl.invoke(NativeMethodAccessorImpl.java:57)
	at sun.reflect.DelegatingMethodAccessorImpl.invoke(DelegatingMethodAccessorImpl.java:43)
	at java.lang.reflect.Method.invoke(Method.java:606)
	at junit.framework.TestCase.runTest(TestCase.java:168)
	at junit.framework.TestCase.runBare(TestCase.java:134)
	at junit.framework.TestResult$1.protect(TestResult.java:110)
	at junit.framework.TestResult.runProtected(TestResult.java:128)
	at junit.framework.TestResult.run(TestResult.java:113)
	at junit.framework.TestCase.run(TestCase.java:124)
	at junit.framework.TestSuite.runTest(TestSuite.java:243)
	at junit.framework.TestSuite.run(TestSuite.java:238)
	at junit.framework.TestSuite.runTest(TestSuite.java:243)
	at junit.framework.TestSuite.run(TestSuite.java:238)
	at junit.textui.TestRunner.doRun(TestRunner.java:116)
	at RandoopTest.main(RandoopTest.java:8)

Dec 11, 2017 3:06:09 PM RandoopTest0 test19
WARNING: "IOP00110201: (BAD_PARAM) Null parameter"
org.omg.CORBA.BAD_PARAM:   vmcid: SUN  minor code: 201  completed: No
	at com.sun.corba.se.impl.logging.ORBUtilSystemException.nullParam(ORBUtilSystemException.java:1127)
	at com.sun.corba.se.impl.logging.ORBUtilSystemException.nullParam(ORBUtilSystemException.java:1149)
	at RandoopTest0.test19(RandoopTest0.java:625)
	at sun.reflect.NativeMethodAccessorImpl.invoke0(Native Method)
	at sun.reflect.NativeMethodAccessorImpl.invoke(NativeMethodAccessorImpl.java:57)
	at sun.reflect.DelegatingMethodAccessorImpl.invoke(DelegatingMethodAccessorImpl.java:43)
	at java.lang.reflect.Method.invoke(Method.java:606)
	at junit.framework.TestCase.runTest(TestCase.java:168)
	at junit.framework.TestCase.runBare(TestCase.java:134)
	at junit.framework.TestResult$1.protect(TestResult.java:110)
	at junit.framework.TestResult.runProtected(TestResult.java:128)
	at junit.framework.TestResult.run(TestResult.java:113)
	at junit.framework.TestCase.run(TestCase.java:124)
	at junit.framework.TestSuite.runTest(TestSuite.java:243)
	at junit.framework.TestSuite.run(TestSuite.java:238)
	at junit.framework.TestSuite.runTest(TestSuite.java:243)
	at junit.framework.TestSuite.run(TestSuite.java:238)
	at junit.textui.TestRunner.doRun(TestRunner.java:116)
	at RandoopTest.main(RandoopTest.java:8)

Dec 11, 2017 3:06:09 PM RandoopTest0 test19
WARNING: "IOP00710329: (INTERNAL) ThreadGroup 0 has 10 sub-thread groups: destroy may cause exception"
org.omg.CORBA.INTERNAL:   vmcid: SUN  minor code: 329  completed: No
	at com.sun.corba.se.impl.logging.ORBUtilSystemException.threadGroupHasSubGroupsInClose(ORBUtilSystemException.java:6629)
	at com.sun.corba.se.impl.logging.ORBUtilSystemException.threadGroupHasSubGroupsInClose(ORBUtilSystemException.java:6653)
	at RandoopTest0.test19(RandoopTest0.java:626)
	at sun.reflect.NativeMethodAccessorImpl.invoke0(Native Method)
	at sun.reflect.NativeMethodAccessorImpl.invoke(NativeMethodAccessorImpl.java:57)
	at sun.reflect.DelegatingMethodAccessorImpl.invoke(DelegatingMethodAccessorImpl.java:43)
	at java.lang.reflect.Method.invoke(Method.java:606)
	at junit.framework.TestCase.runTest(TestCase.java:168)
	at junit.framework.TestCase.runBare(TestCase.java:134)
	at junit.framework.TestResult$1.protect(TestResult.java:110)
	at junit.framework.TestResult.runProtected(TestResult.java:128)
	at junit.framework.TestResult.run(TestResult.java:113)
	at junit.framework.TestCase.run(TestCase.java:124)
	at junit.framework.TestSuite.runTest(TestSuite.java:243)
	at junit.framework.TestSuite.run(TestSuite.java:238)
	at junit.framework.TestSuite.runTest(TestSuite.java:243)
	at junit.framework.TestSuite.run(TestSuite.java:238)
	at junit.textui.TestRunner.doRun(TestRunner.java:116)
	at RandoopTest.main(RandoopTest.java:8)

Dec 11, 2017 3:06:09 PM RandoopTest0 test19
WARNING: "IOP00810257: (MARSHAL) Could not find class"
org.omg.CORBA.MARSHAL:   vmcid: SUN  minor code: 257  completed: No
	at com.sun.corba.se.impl.logging.ORBUtilSystemException.couldNotFindClass(ORBUtilSystemException.java:8260)
	at com.sun.corba.se.impl.logging.ORBUtilSystemException.couldNotFindClass(ORBUtilSystemException.java:8282)
	at RandoopTest0.test19(RandoopTest0.java:628)
	at sun.reflect.NativeMethodAccessorImpl.invoke0(Native Method)
	at sun.reflect.NativeMethodAccessorImpl.invoke(NativeMethodAccessorImpl.java:57)
	at sun.reflect.DelegatingMethodAccessorImpl.invoke(DelegatingMethodAccessorImpl.java:43)
	at java.lang.reflect.Method.invoke(Method.java:606)
	at junit.framework.TestCase.runTest(TestCase.java:168)
	at junit.framework.TestCase.runBare(TestCase.java:134)
	at junit.framework.TestResult$1.protect(TestResult.java:110)
	at junit.framework.TestResult.runProtected(TestResult.java:128)
	at junit.framework.TestResult.run(TestResult.java:113)
	at junit.framework.TestCase.run(TestCase.java:124)
	at junit.framework.TestSuite.runTest(TestSuite.java:243)
	at junit.framework.TestSuite.run(TestSuite.java:238)
	at junit.framework.TestSuite.runTest(TestSuite.java:243)
	at junit.framework.TestSuite.run(TestSuite.java:238)
	at junit.textui.TestRunner.doRun(TestRunner.java:116)
	at RandoopTest.main(RandoopTest.java:8)

Dec 11, 2017 3:06:09 PM RandoopTest0 test18
WARNING: "IOP00110201: (BAD_PARAM) Null parameter"
org.omg.CORBA.BAD_PARAM:   vmcid: SUN  minor code: 201  completed: No
	at com.sun.corba.se.impl.logging.ORBUtilSystemException.nullParam(ORBUtilSystemException.java:1127)
	at com.sun.corba.se.impl.logging.ORBUtilSystemException.nullParam(ORBUtilSystemException.java:1149)
	at RandoopTest0.test18(RandoopTest0.java:570)
	at sun.reflect.NativeMethodAccessorImpl.invoke0(Native Method)
	at sun.reflect.NativeMethodAccessorImpl.invoke(NativeMethodAccessorImpl.java:57)
	at sun.reflect.DelegatingMethodAccessorImpl.invoke(DelegatingMethodAccessorImpl.java:43)
	at java.lang.reflect.Method.invoke(Method.java:606)
	at junit.framework.TestCase.runTest(TestCase.java:168)
	at junit.framework.TestCase.runBare(TestCase.java:134)
	at junit.framework.TestResult$1.protect(TestResult.java:110)
	at junit.framework.TestResult.runProtected(TestResult.java:128)
	at junit.framework.TestResult.run(TestResult.java:113)
	at junit.framework.TestCase.run(TestCase.java:124)
	at junit.framework.TestSuite.runTest(TestSuite.java:243)
	at junit.framework.TestSuite.run(TestSuite.java:238)
	at junit.framework.TestSuite.runTest(TestSuite.java:243)
	at junit.framework.TestSuite.run(TestSuite.java:238)
	at junit.textui.TestRunner.doRun(TestRunner.java:116)
	at RandoopTest.main(RandoopTest.java:8)

Dec 11, 2017 3:06:09 PM RandoopTest0 test18
WARNING: "IOP00710201: (INTERNAL) Non-existent ORB ID"
org.omg.CORBA.INTERNAL:   vmcid: SUN  minor code: 201  completed: No
	at com.sun.corba.se.impl.logging.ORBUtilSystemException.nonExistentOrbid(ORBUtilSystemException.java:3675)
	at com.sun.corba.se.impl.logging.ORBUtilSystemException.nonExistentOrbid(ORBUtilSystemException.java:3697)
	at RandoopTest0.test18(RandoopTest0.java:571)
	at sun.reflect.NativeMethodAccessorImpl.invoke0(Native Method)
	at sun.reflect.NativeMethodAccessorImpl.invoke(NativeMethodAccessorImpl.java:57)
	at sun.reflect.DelegatingMethodAccessorImpl.invoke(DelegatingMethodAccessorImpl.java:43)
	at java.lang.reflect.Method.invoke(Method.java:606)
	at junit.framework.TestCase.runTest(TestCase.java:168)
	at junit.framework.TestCase.runBare(TestCase.java:134)
	at junit.framework.TestResult$1.protect(TestResult.java:110)
	at junit.framework.TestResult.runProtected(TestResult.java:128)
	at junit.framework.TestResult.run(TestResult.java:113)
	at junit.framework.TestCase.run(TestCase.java:124)
	at junit.framework.TestSuite.runTest(TestSuite.java:243)
	at junit.framework.TestSuite.run(TestSuite.java:238)
	at junit.framework.TestSuite.runTest(TestSuite.java:243)
	at junit.framework.TestSuite.run(TestSuite.java:238)
	at junit.textui.TestRunner.doRun(TestRunner.java:116)
	at RandoopTest.main(RandoopTest.java:8)

Dec 11, 2017 3:06:09 PM RandoopTest0 test18
WARNING: "IOP00110201: (BAD_PARAM) Null parameter"
org.omg.CORBA.BAD_PARAM:   vmcid: SUN  minor code: 201  completed: No
	at com.sun.corba.se.impl.logging.ORBUtilSystemException.nullParam(ORBUtilSystemException.java:1127)
	at com.sun.corba.se.impl.logging.ORBUtilSystemException.nullParam(ORBUtilSystemException.java:1149)
	at RandoopTest0.test18(RandoopTest0.java:573)
	at sun.reflect.NativeMethodAccessorImpl.invoke0(Native Method)
	at sun.reflect.NativeMethodAccessorImpl.invoke(NativeMethodAccessorImpl.java:57)
	at sun.reflect.DelegatingMethodAccessorImpl.invoke(DelegatingMethodAccessorImpl.java:43)
	at java.lang.reflect.Method.invoke(Method.java:606)
	at junit.framework.TestCase.runTest(TestCase.java:168)
	at junit.framework.TestCase.runBare(TestCase.java:134)
	at junit.framework.TestResult$1.protect(TestResult.java:110)
	at junit.framework.TestResult.runProtected(TestResult.java:128)
	at junit.framework.TestResult.run(TestResult.java:113)
	at junit.framework.TestCase.run(TestCase.java:124)
	at junit.framework.TestSuite.runTest(TestSuite.java:243)
	at junit.framework.TestSuite.run(TestSuite.java:238)
	at junit.framework.TestSuite.runTest(TestSuite.java:243)
	at junit.framework.TestSuite.run(TestSuite.java:238)
	at junit.textui.TestRunner.doRun(TestRunner.java:116)
	at RandoopTest.main(RandoopTest.java:8)

Dec 11, 2017 3:06:09 PM RandoopTest0 test18
WARNING: "IOP00710329: (INTERNAL) ThreadGroup 0 has 10 sub-thread groups: destroy may cause exception"
org.omg.CORBA.INTERNAL:   vmcid: SUN  minor code: 329  completed: No
	at com.sun.corba.se.impl.logging.ORBUtilSystemException.threadGroupHasSubGroupsInClose(ORBUtilSystemException.java:6629)
	at com.sun.corba.se.impl.logging.ORBUtilSystemException.threadGroupHasSubGroupsInClose(ORBUtilSystemException.java:6653)
	at RandoopTest0.test18(RandoopTest0.java:574)
	at sun.reflect.NativeMethodAccessorImpl.invoke0(Native Method)
	at sun.reflect.NativeMethodAccessorImpl.invoke(NativeMethodAccessorImpl.java:57)
	at sun.reflect.DelegatingMethodAccessorImpl.invoke(DelegatingMethodAccessorImpl.java:43)
	at java.lang.reflect.Method.invoke(Method.java:606)
	at junit.framework.TestCase.runTest(TestCase.java:168)
	at junit.framework.TestCase.runBare(TestCase.java:134)
	at junit.framework.TestResult$1.protect(TestResult.java:110)
	at junit.framework.TestResult.runProtected(TestResult.java:128)
	at junit.framework.TestResult.run(TestResult.java:113)
	at junit.framework.TestCase.run(TestCase.java:124)
	at junit.framework.TestSuite.runTest(TestSuite.java:243)
	at junit.framework.TestSuite.run(TestSuite.java:238)
	at junit.framework.TestSuite.runTest(TestSuite.java:243)
	at junit.framework.TestSuite.run(TestSuite.java:238)
	at junit.textui.TestRunner.doRun(TestRunner.java:116)
	at RandoopTest.main(RandoopTest.java:8)

Dec 11, 2017 3:06:09 PM RandoopTest0 test18
WARNING: "IOP00110221: (BAD_PARAM) cannot have a SocketFactory and a ContactInfoList at the same time"
org.omg.CORBA.BAD_PARAM:   vmcid: SUN  minor code: 221  completed: No
	at com.sun.corba.se.impl.logging.ORBUtilSystemException.socketFactoryAndContactInfoListAtSameTime(ORBUtilSystemException.java:1702)
	at com.sun.corba.se.impl.logging.ORBUtilSystemException.socketFactoryAndContactInfoListAtSameTime(ORBUtilSystemException.java:1724)
	at RandoopTest0.test18(RandoopTest0.java:577)
	at sun.reflect.NativeMethodAccessorImpl.invoke0(Native Method)
	at sun.reflect.NativeMethodAccessorImpl.invoke(NativeMethodAccessorImpl.java:57)
	at sun.reflect.DelegatingMethodAccessorImpl.invoke(DelegatingMethodAccessorImpl.java:43)
	at java.lang.reflect.Method.invoke(Method.java:606)
	at junit.framework.TestCase.runTest(TestCase.java:168)
	at junit.framework.TestCase.runBare(TestCase.java:134)
	at junit.framework.TestResult$1.protect(TestResult.java:110)
	at junit.framework.TestResult.runProtected(TestResult.java:128)
	at junit.framework.TestResult.run(TestResult.java:113)
	at junit.framework.TestCase.run(TestCase.java:124)
	at junit.framework.TestSuite.runTest(TestSuite.java:243)
	at junit.framework.TestSuite.run(TestSuite.java:238)
	at junit.framework.TestSuite.runTest(TestSuite.java:243)
	at junit.framework.TestSuite.run(TestSuite.java:238)
	at junit.textui.TestRunner.doRun(TestRunner.java:116)
	at RandoopTest.main(RandoopTest.java:8)

Dec 11, 2017 3:06:09 PM RandoopTest0 test18
WARNING: "IOP00510201: (INV_OBJREF) Bad corbaloc: URL"
org.omg.CORBA.INV_OBJREF:   vmcid: SUN  minor code: 201  completed: No
	at com.sun.corba.se.impl.logging.ORBUtilSystemException.badCorbalocString(ORBUtilSystemException.java:3443)
	at com.sun.corba.se.impl.logging.ORBUtilSystemException.badCorbalocString(ORBUtilSystemException.java:3465)
	at RandoopTest0.test18(RandoopTest0.java:578)
	at sun.reflect.NativeMethodAccessorImpl.invoke0(Native Method)
	at sun.reflect.NativeMethodAccessorImpl.invoke(NativeMethodAccessorImpl.java:57)
	at sun.reflect.DelegatingMethodAccessorImpl.invoke(DelegatingMethodAccessorImpl.java:43)
	at java.lang.reflect.Method.invoke(Method.java:606)
	at junit.framework.TestCase.runTest(TestCase.java:168)
	at junit.framework.TestCase.runBare(TestCase.java:134)
	at junit.framework.TestResult$1.protect(TestResult.java:110)
	at junit.framework.TestResult.runProtected(TestResult.java:128)
	at junit.framework.TestResult.run(TestResult.java:113)
	at junit.framework.TestCase.run(TestCase.java:124)
	at junit.framework.TestSuite.runTest(TestSuite.java:243)
	at junit.framework.TestSuite.run(TestSuite.java:238)
	at junit.framework.TestSuite.runTest(TestSuite.java:243)
	at junit.framework.TestSuite.run(TestSuite.java:238)
	at junit.textui.TestRunner.doRun(TestRunner.java:116)
	at RandoopTest.main(RandoopTest.java:8)

Dec 11, 2017 3:06:09 PM RandoopTest0 test18
WARNING: "IOP00810203: (MARSHAL) Error in reading marshalled object"
org.omg.CORBA.MARSHAL:   vmcid: SUN  minor code: 203  completed: No
	at com.sun.corba.se.impl.logging.ORBUtilSystemException.readObjectException(ORBUtilSystemException.java:6778)
	at com.sun.corba.se.impl.logging.ORBUtilSystemException.readObjectException(ORBUtilSystemException.java:6796)
	at RandoopTest0.test18(RandoopTest0.java:579)
	at sun.reflect.NativeMethodAccessorImpl.invoke0(Native Method)
	at sun.reflect.NativeMethodAccessorImpl.invoke(NativeMethodAccessorImpl.java:57)
	at sun.reflect.DelegatingMethodAccessorImpl.invoke(DelegatingMethodAccessorImpl.java:43)
	at java.lang.reflect.Method.invoke(Method.java:606)
	at junit.framework.TestCase.runTest(TestCase.java:168)
	at junit.framework.TestCase.runBare(TestCase.java:134)
	at junit.framework.TestResult$1.protect(TestResult.java:110)
	at junit.framework.TestResult.runProtected(TestResult.java:128)
	at junit.framework.TestResult.run(TestResult.java:113)
	at junit.framework.TestCase.run(TestCase.java:124)
	at junit.framework.TestSuite.runTest(TestSuite.java:243)
	at junit.framework.TestSuite.run(TestSuite.java:238)
	at junit.framework.TestSuite.runTest(TestSuite.java:243)
	at junit.framework.TestSuite.run(TestSuite.java:238)
	at junit.textui.TestRunner.doRun(TestRunner.java:116)
	at RandoopTest.main(RandoopTest.java:8)
Caused by: org.omg.CORBA.INV_OBJREF:   vmcid: SUN  minor code: 201  completed: No
	at com.sun.corba.se.impl.logging.ORBUtilSystemException.badCorbalocString(ORBUtilSystemException.java:3443)
	at com.sun.corba.se.impl.logging.ORBUtilSystemException.badCorbalocString(ORBUtilSystemException.java:3465)
	at RandoopTest0.test18(RandoopTest0.java:578)
	... 16 more

Dec 11, 2017 3:06:09 PM RandoopTest0 test17
WARNING: "IOP00810217: (MARSHAL) Attempt to marshal wide character or string data in GIOP 1.0"
org.omg.CORBA.MARSHAL:   vmcid: SUN  minor code: 217  completed: No
	at com.sun.corba.se.impl.logging.ORBUtilSystemException.wcharDataInGiop10(ORBUtilSystemException.java:7176)
	at com.sun.corba.se.impl.logging.ORBUtilSystemException.wcharDataInGiop10(ORBUtilSystemException.java:7198)
	at RandoopTest0.test17(RandoopTest0.java:554)
	at sun.reflect.NativeMethodAccessorImpl.invoke0(Native Method)
	at sun.reflect.NativeMethodAccessorImpl.invoke(NativeMethodAccessorImpl.java:57)
	at sun.reflect.DelegatingMethodAccessorImpl.invoke(DelegatingMethodAccessorImpl.java:43)
	at java.lang.reflect.Method.invoke(Method.java:606)
	at junit.framework.TestCase.runTest(TestCase.java:168)
	at junit.framework.TestCase.runBare(TestCase.java:134)
	at junit.framework.TestResult$1.protect(TestResult.java:110)
	at junit.framework.TestResult.runProtected(TestResult.java:128)
	at junit.framework.TestResult.run(TestResult.java:113)
	at junit.framework.TestCase.run(TestCase.java:124)
	at junit.framework.TestSuite.runTest(TestSuite.java:243)
	at junit.framework.TestSuite.run(TestSuite.java:238)
	at junit.framework.TestSuite.runTest(TestSuite.java:243)
	at junit.framework.TestSuite.run(TestSuite.java:238)
	at junit.textui.TestRunner.doRun(TestRunner.java:116)
	at RandoopTest.main(RandoopTest.java:8)

Dec 11, 2017 3:06:09 PM RandoopTest0 test16
WARNING: "IOP00110201: (BAD_PARAM) Null parameter"
org.omg.CORBA.BAD_PARAM:   vmcid: SUN  minor code: 201  completed: No
	at com.sun.corba.se.impl.logging.ORBUtilSystemException.nullParam(ORBUtilSystemException.java:1127)
	at com.sun.corba.se.impl.logging.ORBUtilSystemException.nullParam(ORBUtilSystemException.java:1149)
	at RandoopTest0.test16(RandoopTest0.java:514)
	at sun.reflect.NativeMethodAccessorImpl.invoke0(Native Method)
	at sun.reflect.NativeMethodAccessorImpl.invoke(NativeMethodAccessorImpl.java:57)
	at sun.reflect.DelegatingMethodAccessorImpl.invoke(DelegatingMethodAccessorImpl.java:43)
	at java.lang.reflect.Method.invoke(Method.java:606)
	at junit.framework.TestCase.runTest(TestCase.java:168)
	at junit.framework.TestCase.runBare(TestCase.java:134)
	at junit.framework.TestResult$1.protect(TestResult.java:110)
	at junit.framework.TestResult.runProtected(TestResult.java:128)
	at junit.framework.TestResult.run(TestResult.java:113)
	at junit.framework.TestCase.run(TestCase.java:124)
	at junit.framework.TestSuite.runTest(TestSuite.java:243)
	at junit.framework.TestSuite.run(TestSuite.java:238)
	at junit.framework.TestSuite.runTest(TestSuite.java:243)
	at junit.framework.TestSuite.run(TestSuite.java:238)
	at junit.textui.TestRunner.doRun(TestRunner.java:116)
	at RandoopTest.main(RandoopTest.java:8)

Dec 11, 2017 3:06:09 PM RandoopTest0 test16
WARNING: "IOP00710201: (INTERNAL) Non-existent ORB ID"
org.omg.CORBA.INTERNAL:   vmcid: SUN  minor code: 201  completed: No
	at com.sun.corba.se.impl.logging.ORBUtilSystemException.nonExistentOrbid(ORBUtilSystemException.java:3675)
	at com.sun.corba.se.impl.logging.ORBUtilSystemException.nonExistentOrbid(ORBUtilSystemException.java:3697)
	at RandoopTest0.test16(RandoopTest0.java:515)
	at sun.reflect.NativeMethodAccessorImpl.invoke0(Native Method)
	at sun.reflect.NativeMethodAccessorImpl.invoke(NativeMethodAccessorImpl.java:57)
	at sun.reflect.DelegatingMethodAccessorImpl.invoke(DelegatingMethodAccessorImpl.java:43)
	at java.lang.reflect.Method.invoke(Method.java:606)
	at junit.framework.TestCase.runTest(TestCase.java:168)
	at junit.framework.TestCase.runBare(TestCase.java:134)
	at junit.framework.TestResult$1.protect(TestResult.java:110)
	at junit.framework.TestResult.runProtected(TestResult.java:128)
	at junit.framework.TestResult.run(TestResult.java:113)
	at junit.framework.TestCase.run(TestCase.java:124)
	at junit.framework.TestSuite.runTest(TestSuite.java:243)
	at junit.framework.TestSuite.run(TestSuite.java:238)
	at junit.framework.TestSuite.runTest(TestSuite.java:243)
	at junit.framework.TestSuite.run(TestSuite.java:238)
	at junit.textui.TestRunner.doRun(TestRunner.java:116)
	at RandoopTest.main(RandoopTest.java:8)

Dec 11, 2017 3:06:09 PM RandoopTest0 test16
WARNING: "IOP00110201: (BAD_PARAM) Null parameter"
org.omg.CORBA.BAD_PARAM:   vmcid: SUN  minor code: 201  completed: No
	at com.sun.corba.se.impl.logging.ORBUtilSystemException.nullParam(ORBUtilSystemException.java:1127)
	at com.sun.corba.se.impl.logging.ORBUtilSystemException.nullParam(ORBUtilSystemException.java:1149)
	at RandoopTest0.test16(RandoopTest0.java:517)
	at sun.reflect.NativeMethodAccessorImpl.invoke0(Native Method)
	at sun.reflect.NativeMethodAccessorImpl.invoke(NativeMethodAccessorImpl.java:57)
	at sun.reflect.DelegatingMethodAccessorImpl.invoke(DelegatingMethodAccessorImpl.java:43)
	at java.lang.reflect.Method.invoke(Method.java:606)
	at junit.framework.TestCase.runTest(TestCase.java:168)
	at junit.framework.TestCase.runBare(TestCase.java:134)
	at junit.framework.TestResult$1.protect(TestResult.java:110)
	at junit.framework.TestResult.runProtected(TestResult.java:128)
	at junit.framework.TestResult.run(TestResult.java:113)
	at junit.framework.TestCase.run(TestCase.java:124)
	at junit.framework.TestSuite.runTest(TestSuite.java:243)
	at junit.framework.TestSuite.run(TestSuite.java:238)
	at junit.framework.TestSuite.runTest(TestSuite.java:243)
	at junit.framework.TestSuite.run(TestSuite.java:238)
	at junit.textui.TestRunner.doRun(TestRunner.java:116)
	at RandoopTest.main(RandoopTest.java:8)

Dec 11, 2017 3:06:09 PM RandoopTest0 test16
WARNING: "IOP00710329: (INTERNAL) ThreadGroup 0 has 10 sub-thread groups: destroy may cause exception"
org.omg.CORBA.INTERNAL:   vmcid: SUN  minor code: 329  completed: No
	at com.sun.corba.se.impl.logging.ORBUtilSystemException.threadGroupHasSubGroupsInClose(ORBUtilSystemException.java:6629)
	at com.sun.corba.se.impl.logging.ORBUtilSystemException.threadGroupHasSubGroupsInClose(ORBUtilSystemException.java:6653)
	at RandoopTest0.test16(RandoopTest0.java:518)
	at sun.reflect.NativeMethodAccessorImpl.invoke0(Native Method)
	at sun.reflect.NativeMethodAccessorImpl.invoke(NativeMethodAccessorImpl.java:57)
	at sun.reflect.DelegatingMethodAccessorImpl.invoke(DelegatingMethodAccessorImpl.java:43)
	at java.lang.reflect.Method.invoke(Method.java:606)
	at junit.framework.TestCase.runTest(TestCase.java:168)
	at junit.framework.TestCase.runBare(TestCase.java:134)
	at junit.framework.TestResult$1.protect(TestResult.java:110)
	at junit.framework.TestResult.runProtected(TestResult.java:128)
	at junit.framework.TestResult.run(TestResult.java:113)
	at junit.framework.TestCase.run(TestCase.java:124)
	at junit.framework.TestSuite.runTest(TestSuite.java:243)
	at junit.framework.TestSuite.run(TestSuite.java:238)
	at junit.framework.TestSuite.runTest(TestSuite.java:243)
	at junit.framework.TestSuite.run(TestSuite.java:238)
	at junit.textui.TestRunner.doRun(TestRunner.java:116)
	at RandoopTest.main(RandoopTest.java:8)

Dec 11, 2017 3:06:09 PM RandoopTest0 test16
WARNING: "IOP00710326: (INTERNAL) Error in closing ThreadPool"
org.omg.CORBA.INTERNAL:   vmcid: SUN  minor code: 326  completed: No
	at com.sun.corba.se.impl.logging.ORBUtilSystemException.threadPoolCloseError(ORBUtilSystemException.java:6542)
	at com.sun.corba.se.impl.logging.ORBUtilSystemException.threadPoolCloseError(ORBUtilSystemException.java:6564)
	at RandoopTest0.test16(RandoopTest0.java:520)
	at sun.reflect.NativeMethodAccessorImpl.invoke0(Native Method)
	at sun.reflect.NativeMethodAccessorImpl.invoke(NativeMethodAccessorImpl.java:57)
	at sun.reflect.DelegatingMethodAccessorImpl.invoke(DelegatingMethodAccessorImpl.java:43)
	at java.lang.reflect.Method.invoke(Method.java:606)
	at junit.framework.TestCase.runTest(TestCase.java:168)
	at junit.framework.TestCase.runBare(TestCase.java:134)
	at junit.framework.TestResult$1.protect(TestResult.java:110)
	at junit.framework.TestResult.runProtected(TestResult.java:128)
	at junit.framework.TestResult.run(TestResult.java:113)
	at junit.framework.TestCase.run(TestCase.java:124)
	at junit.framework.TestSuite.runTest(TestSuite.java:243)
	at junit.framework.TestSuite.run(TestSuite.java:238)
	at junit.framework.TestSuite.runTest(TestSuite.java:243)
	at junit.framework.TestSuite.run(TestSuite.java:238)
	at junit.textui.TestRunner.doRun(TestRunner.java:116)
	at RandoopTest.main(RandoopTest.java:8)

Dec 11, 2017 3:06:09 PM RandoopTest0 test15
WARNING: "IOP00110221: (BAD_PARAM) cannot have a SocketFactory and a ContactInfoList at the same time"
org.omg.CORBA.BAD_PARAM:   vmcid: SUN  minor code: 221  completed: No
	at com.sun.corba.se.impl.logging.ORBUtilSystemException.socketFactoryAndContactInfoListAtSameTime(ORBUtilSystemException.java:1702)
	at com.sun.corba.se.impl.logging.ORBUtilSystemException.socketFactoryAndContactInfoListAtSameTime(ORBUtilSystemException.java:1724)
	at RandoopTest0.test15(RandoopTest0.java:418)
	at sun.reflect.NativeMethodAccessorImpl.invoke0(Native Method)
	at sun.reflect.NativeMethodAccessorImpl.invoke(NativeMethodAccessorImpl.java:57)
	at sun.reflect.DelegatingMethodAccessorImpl.invoke(DelegatingMethodAccessorImpl.java:43)
	at java.lang.reflect.Method.invoke(Method.java:606)
	at junit.framework.TestCase.runTest(TestCase.java:168)
	at junit.framework.TestCase.runBare(TestCase.java:134)
	at junit.framework.TestResult$1.protect(TestResult.java:110)
	at junit.framework.TestResult.runProtected(TestResult.java:128)
	at junit.framework.TestResult.run(TestResult.java:113)
	at junit.framework.TestCase.run(TestCase.java:124)
	at junit.framework.TestSuite.runTest(TestSuite.java:243)
	at junit.framework.TestSuite.run(TestSuite.java:238)
	at junit.framework.TestSuite.runTest(TestSuite.java:243)
	at junit.framework.TestSuite.run(TestSuite.java:238)
	at junit.textui.TestRunner.doRun(TestRunner.java:116)
	at RandoopTest.main(RandoopTest.java:8)

Dec 11, 2017 3:06:09 PM RandoopTest0 test15
WARNING: "IOP00510201: (INV_OBJREF) Bad corbaloc: URL"
org.omg.CORBA.INV_OBJREF:   vmcid: SUN  minor code: 201  completed: No
	at com.sun.corba.se.impl.logging.ORBUtilSystemException.badCorbalocString(ORBUtilSystemException.java:3443)
	at com.sun.corba.se.impl.logging.ORBUtilSystemException.badCorbalocString(ORBUtilSystemException.java:3465)
	at RandoopTest0.test15(RandoopTest0.java:419)
	at sun.reflect.NativeMethodAccessorImpl.invoke0(Native Method)
	at sun.reflect.NativeMethodAccessorImpl.invoke(NativeMethodAccessorImpl.java:57)
	at sun.reflect.DelegatingMethodAccessorImpl.invoke(DelegatingMethodAccessorImpl.java:43)
	at java.lang.reflect.Method.invoke(Method.java:606)
	at junit.framework.TestCase.runTest(TestCase.java:168)
	at junit.framework.TestCase.runBare(TestCase.java:134)
	at junit.framework.TestResult$1.protect(TestResult.java:110)
	at junit.framework.TestResult.runProtected(TestResult.java:128)
	at junit.framework.TestResult.run(TestResult.java:113)
	at junit.framework.TestCase.run(TestCase.java:124)
	at junit.framework.TestSuite.runTest(TestSuite.java:243)
	at junit.framework.TestSuite.run(TestSuite.java:238)
	at junit.framework.TestSuite.runTest(TestSuite.java:243)
	at junit.framework.TestSuite.run(TestSuite.java:238)
	at junit.textui.TestRunner.doRun(TestRunner.java:116)
	at RandoopTest.main(RandoopTest.java:8)

Dec 11, 2017 3:06:09 PM RandoopTest0 test15
WARNING: "IOP00110205: (BAD_PARAM) Object reference came from foreign ORB"
org.omg.CORBA.BAD_PARAM:   vmcid: SUN  minor code: 205  completed: No
	at com.sun.corba.se.impl.logging.ORBUtilSystemException.objrefFromForeignOrb(ORBUtilSystemException.java:1239)
	at com.sun.corba.se.impl.logging.ORBUtilSystemException.objrefFromForeignOrb(ORBUtilSystemException.java:1261)
	at RandoopTest0.test15(RandoopTest0.java:420)
	at sun.reflect.NativeMethodAccessorImpl.invoke0(Native Method)
	at sun.reflect.NativeMethodAccessorImpl.invoke(NativeMethodAccessorImpl.java:57)
	at sun.reflect.DelegatingMethodAccessorImpl.invoke(DelegatingMethodAccessorImpl.java:43)
	at java.lang.reflect.Method.invoke(Method.java:606)
	at junit.framework.TestCase.runTest(TestCase.java:168)
	at junit.framework.TestCase.runBare(TestCase.java:134)
	at junit.framework.TestResult$1.protect(TestResult.java:110)
	at junit.framework.TestResult.runProtected(TestResult.java:128)
	at junit.framework.TestResult.run(TestResult.java:113)
	at junit.framework.TestCase.run(TestCase.java:124)
	at junit.framework.TestSuite.runTest(TestSuite.java:243)
	at junit.framework.TestSuite.run(TestSuite.java:238)
	at junit.framework.TestSuite.runTest(TestSuite.java:243)
	at junit.framework.TestSuite.run(TestSuite.java:238)
	at junit.textui.TestRunner.doRun(TestRunner.java:116)
	at RandoopTest.main(RandoopTest.java:8)

Dec 11, 2017 3:06:09 PM RandoopTest0 test15
WARNING: "IOP00410215: (COMM_FAILURE) Read of full message failed : bytes requested = 0 bytes read = # max wait time = -1 total time spent waiting = 0"
org.omg.CORBA.COMM_FAILURE:   vmcid: SUN  minor code: 215  completed: No
	at com.sun.corba.se.impl.logging.ORBUtilSystemException.transportReadTimeoutExceeded(ORBUtilSystemException.java:2600)
	at com.sun.corba.se.impl.logging.ORBUtilSystemException.transportReadTimeoutExceeded(ORBUtilSystemException.java:2626)
	at RandoopTest0.test15(RandoopTest0.java:422)
	at sun.reflect.NativeMethodAccessorImpl.invoke0(Native Method)
	at sun.reflect.NativeMethodAccessorImpl.invoke(NativeMethodAccessorImpl.java:57)
	at sun.reflect.DelegatingMethodAccessorImpl.invoke(DelegatingMethodAccessorImpl.java:43)
	at java.lang.reflect.Method.invoke(Method.java:606)
	at junit.framework.TestCase.runTest(TestCase.java:168)
	at junit.framework.TestCase.runBare(TestCase.java:134)
	at junit.framework.TestResult$1.protect(TestResult.java:110)
	at junit.framework.TestResult.runProtected(TestResult.java:128)
	at junit.framework.TestResult.run(TestResult.java:113)
	at junit.framework.TestCase.run(TestCase.java:124)
	at junit.framework.TestSuite.runTest(TestSuite.java:243)
	at junit.framework.TestSuite.run(TestSuite.java:238)
	at junit.framework.TestSuite.runTest(TestSuite.java:243)
	at junit.framework.TestSuite.run(TestSuite.java:238)
	at junit.textui.TestRunner.doRun(TestRunner.java:116)
	at RandoopTest.main(RandoopTest.java:8)

Dec 11, 2017 3:06:09 PM RandoopTest0 test15
WARNING: "IOP00710295: (INTERNAL) Java stream initialization failed"
org.omg.CORBA.INTERNAL:   vmcid: SUN  minor code: 295  completed: No
	at com.sun.corba.se.impl.logging.ORBUtilSystemException.javaStreamInitFailed(ORBUtilSystemException.java:6186)
	at com.sun.corba.se.impl.logging.ORBUtilSystemException.javaStreamInitFailed(ORBUtilSystemException.java:6208)
	at RandoopTest0.test15(RandoopTest0.java:423)
	at sun.reflect.NativeMethodAccessorImpl.invoke0(Native Method)
	at sun.reflect.NativeMethodAccessorImpl.invoke(NativeMethodAccessorImpl.java:57)
	at sun.reflect.DelegatingMethodAccessorImpl.invoke(DelegatingMethodAccessorImpl.java:43)
	at java.lang.reflect.Method.invoke(Method.java:606)
	at junit.framework.TestCase.runTest(TestCase.java:168)
	at junit.framework.TestCase.runBare(TestCase.java:134)
	at junit.framework.TestResult$1.protect(TestResult.java:110)
	at junit.framework.TestResult.runProtected(TestResult.java:128)
	at junit.framework.TestResult.run(TestResult.java:113)
	at junit.framework.TestCase.run(TestCase.java:124)
	at junit.framework.TestSuite.runTest(TestSuite.java:243)
	at junit.framework.TestSuite.run(TestSuite.java:238)
	at junit.framework.TestSuite.runTest(TestSuite.java:243)
	at junit.framework.TestSuite.run(TestSuite.java:238)
	at junit.textui.TestRunner.doRun(TestRunner.java:116)
	at RandoopTest.main(RandoopTest.java:8)

Dec 11, 2017 3:06:09 PM RandoopTest0 test15
WARNING: "IOP00410215: (COMM_FAILURE) Read of full message failed : bytes requested = 0 bytes read = # max wait time = -1 total time spent waiting = 0"
org.omg.CORBA.COMM_FAILURE:   vmcid: SUN  minor code: 215  completed: No
	at com.sun.corba.se.impl.logging.ORBUtilSystemException.transportReadTimeoutExceeded(ORBUtilSystemException.java:2600)
	at com.sun.corba.se.impl.logging.ORBUtilSystemException.transportReadTimeoutExceeded(ORBUtilSystemException.java:2626)
	at RandoopTest0.test15(RandoopTest0.java:425)
	at sun.reflect.NativeMethodAccessorImpl.invoke0(Native Method)
	at sun.reflect.NativeMethodAccessorImpl.invoke(NativeMethodAccessorImpl.java:57)
	at sun.reflect.DelegatingMethodAccessorImpl.invoke(DelegatingMethodAccessorImpl.java:43)
	at java.lang.reflect.Method.invoke(Method.java:606)
	at junit.framework.TestCase.runTest(TestCase.java:168)
	at junit.framework.TestCase.runBare(TestCase.java:134)
	at junit.framework.TestResult$1.protect(TestResult.java:110)
	at junit.framework.TestResult.runProtected(TestResult.java:128)
	at junit.framework.TestResult.run(TestResult.java:113)
	at junit.framework.TestCase.run(TestCase.java:124)
	at junit.framework.TestSuite.runTest(TestSuite.java:243)
	at junit.framework.TestSuite.run(TestSuite.java:238)
	at junit.framework.TestSuite.runTest(TestSuite.java:243)
	at junit.framework.TestSuite.run(TestSuite.java:238)
	at junit.textui.TestRunner.doRun(TestRunner.java:116)
	at RandoopTest.main(RandoopTest.java:8)

Dec 11, 2017 3:06:09 PM RandoopTest0 test15
WARNING: "IOP00110221: (BAD_PARAM) cannot have a SocketFactory and a ContactInfoList at the same time"
org.omg.CORBA.BAD_PARAM:   vmcid: SUN  minor code: 221  completed: No
	at com.sun.corba.se.impl.logging.ORBUtilSystemException.socketFactoryAndContactInfoListAtSameTime(ORBUtilSystemException.java:1702)
	at com.sun.corba.se.impl.logging.ORBUtilSystemException.socketFactoryAndContactInfoListAtSameTime(ORBUtilSystemException.java:1724)
	at RandoopTest0.test15(RandoopTest0.java:428)
	at sun.reflect.NativeMethodAccessorImpl.invoke0(Native Method)
	at sun.reflect.NativeMethodAccessorImpl.invoke(NativeMethodAccessorImpl.java:57)
	at sun.reflect.DelegatingMethodAccessorImpl.invoke(DelegatingMethodAccessorImpl.java:43)
	at java.lang.reflect.Method.invoke(Method.java:606)
	at junit.framework.TestCase.runTest(TestCase.java:168)
	at junit.framework.TestCase.runBare(TestCase.java:134)
	at junit.framework.TestResult$1.protect(TestResult.java:110)
	at junit.framework.TestResult.runProtected(TestResult.java:128)
	at junit.framework.TestResult.run(TestResult.java:113)
	at junit.framework.TestCase.run(TestCase.java:124)
	at junit.framework.TestSuite.runTest(TestSuite.java:243)
	at junit.framework.TestSuite.run(TestSuite.java:238)
	at junit.framework.TestSuite.runTest(TestSuite.java:243)
	at junit.framework.TestSuite.run(TestSuite.java:238)
	at junit.textui.TestRunner.doRun(TestRunner.java:116)
	at RandoopTest.main(RandoopTest.java:8)

Dec 11, 2017 3:06:09 PM RandoopTest0 test15
WARNING: "IOP00510201: (INV_OBJREF) Bad corbaloc: URL"
org.omg.CORBA.INV_OBJREF:   vmcid: SUN  minor code: 201  completed: No
	at com.sun.corba.se.impl.logging.ORBUtilSystemException.badCorbalocString(ORBUtilSystemException.java:3443)
	at com.sun.corba.se.impl.logging.ORBUtilSystemException.badCorbalocString(ORBUtilSystemException.java:3465)
	at RandoopTest0.test15(RandoopTest0.java:429)
	at sun.reflect.NativeMethodAccessorImpl.invoke0(Native Method)
	at sun.reflect.NativeMethodAccessorImpl.invoke(NativeMethodAccessorImpl.java:57)
	at sun.reflect.DelegatingMethodAccessorImpl.invoke(DelegatingMethodAccessorImpl.java:43)
	at java.lang.reflect.Method.invoke(Method.java:606)
	at junit.framework.TestCase.runTest(TestCase.java:168)
	at junit.framework.TestCase.runBare(TestCase.java:134)
	at junit.framework.TestResult$1.protect(TestResult.java:110)
	at junit.framework.TestResult.runProtected(TestResult.java:128)
	at junit.framework.TestResult.run(TestResult.java:113)
	at junit.framework.TestCase.run(TestCase.java:124)
	at junit.framework.TestSuite.runTest(TestSuite.java:243)
	at junit.framework.TestSuite.run(TestSuite.java:238)
	at junit.framework.TestSuite.runTest(TestSuite.java:243)
	at junit.framework.TestSuite.run(TestSuite.java:238)
	at junit.textui.TestRunner.doRun(TestRunner.java:116)
	at RandoopTest.main(RandoopTest.java:8)

Dec 11, 2017 3:06:09 PM RandoopTest0 test15
WARNING: "IOP00710227: (INTERNAL) byte to character converter failure"
org.omg.CORBA.INTERNAL:   vmcid: SUN  minor code: 227  completed: No
	at com.sun.corba.se.impl.logging.ORBUtilSystemException.btcConverterFailure(ORBUtilSystemException.java:4347)
	at com.sun.corba.se.impl.logging.ORBUtilSystemException.btcConverterFailure(ORBUtilSystemException.java:4365)
	at RandoopTest0.test15(RandoopTest0.java:430)
	at sun.reflect.NativeMethodAccessorImpl.invoke0(Native Method)
	at sun.reflect.NativeMethodAccessorImpl.invoke(NativeMethodAccessorImpl.java:57)
	at sun.reflect.DelegatingMethodAccessorImpl.invoke(DelegatingMethodAccessorImpl.java:43)
	at java.lang.reflect.Method.invoke(Method.java:606)
	at junit.framework.TestCase.runTest(TestCase.java:168)
	at junit.framework.TestCase.runBare(TestCase.java:134)
	at junit.framework.TestResult$1.protect(TestResult.java:110)
	at junit.framework.TestResult.runProtected(TestResult.java:128)
	at junit.framework.TestResult.run(TestResult.java:113)
	at junit.framework.TestCase.run(TestCase.java:124)
	at junit.framework.TestSuite.runTest(TestSuite.java:243)
	at junit.framework.TestSuite.run(TestSuite.java:238)
	at junit.framework.TestSuite.runTest(TestSuite.java:243)
	at junit.framework.TestSuite.run(TestSuite.java:238)
	at junit.textui.TestRunner.doRun(TestRunner.java:116)
	at RandoopTest.main(RandoopTest.java:8)
Caused by: org.omg.CORBA.INV_OBJREF:   vmcid: SUN  minor code: 201  completed: No
	at com.sun.corba.se.impl.logging.ORBUtilSystemException.badCorbalocString(ORBUtilSystemException.java:3443)
	at com.sun.corba.se.impl.logging.ORBUtilSystemException.badCorbalocString(ORBUtilSystemException.java:3465)
	at RandoopTest0.test15(RandoopTest0.java:429)
	... 16 more

Dec 11, 2017 3:06:09 PM RandoopTest0 test15
WARNING: "IOP00410215: (COMM_FAILURE) Read of full message failed : bytes requested = 0 bytes read = # max wait time = -1 total time spent waiting = 0"
org.omg.CORBA.COMM_FAILURE:   vmcid: SUN  minor code: 215  completed: No
	at com.sun.corba.se.impl.logging.ORBUtilSystemException.transportReadTimeoutExceeded(ORBUtilSystemException.java:2600)
	at com.sun.corba.se.impl.logging.ORBUtilSystemException.transportReadTimeoutExceeded(ORBUtilSystemException.java:2626)
	at RandoopTest0.test15(RandoopTest0.java:433)
	at sun.reflect.NativeMethodAccessorImpl.invoke0(Native Method)
	at sun.reflect.NativeMethodAccessorImpl.invoke(NativeMethodAccessorImpl.java:57)
	at sun.reflect.DelegatingMethodAccessorImpl.invoke(DelegatingMethodAccessorImpl.java:43)
	at java.lang.reflect.Method.invoke(Method.java:606)
	at junit.framework.TestCase.runTest(TestCase.java:168)
	at junit.framework.TestCase.runBare(TestCase.java:134)
	at junit.framework.TestResult$1.protect(TestResult.java:110)
	at junit.framework.TestResult.runProtected(TestResult.java:128)
	at junit.framework.TestResult.run(TestResult.java:113)
	at junit.framework.TestCase.run(TestCase.java:124)
	at junit.framework.TestSuite.runTest(TestSuite.java:243)
	at junit.framework.TestSuite.run(TestSuite.java:238)
	at junit.framework.TestSuite.runTest(TestSuite.java:243)
	at junit.framework.TestSuite.run(TestSuite.java:238)
	at junit.textui.TestRunner.doRun(TestRunner.java:116)
	at RandoopTest.main(RandoopTest.java:8)

Dec 11, 2017 3:06:09 PM RandoopTest0 test15
WARNING: "IOP00710295: (INTERNAL) Java stream initialization failed"
org.omg.CORBA.INTERNAL:   vmcid: SUN  minor code: 295  completed: No
	at com.sun.corba.se.impl.logging.ORBUtilSystemException.javaStreamInitFailed(ORBUtilSystemException.java:6186)
	at com.sun.corba.se.impl.logging.ORBUtilSystemException.javaStreamInitFailed(ORBUtilSystemException.java:6208)
	at RandoopTest0.test15(RandoopTest0.java:434)
	at sun.reflect.NativeMethodAccessorImpl.invoke0(Native Method)
	at sun.reflect.NativeMethodAccessorImpl.invoke(NativeMethodAccessorImpl.java:57)
	at sun.reflect.DelegatingMethodAccessorImpl.invoke(DelegatingMethodAccessorImpl.java:43)
	at java.lang.reflect.Method.invoke(Method.java:606)
	at junit.framework.TestCase.runTest(TestCase.java:168)
	at junit.framework.TestCase.runBare(TestCase.java:134)
	at junit.framework.TestResult$1.protect(TestResult.java:110)
	at junit.framework.TestResult.runProtected(TestResult.java:128)
	at junit.framework.TestResult.run(TestResult.java:113)
	at junit.framework.TestCase.run(TestCase.java:124)
	at junit.framework.TestSuite.runTest(TestSuite.java:243)
	at junit.framework.TestSuite.run(TestSuite.java:238)
	at junit.framework.TestSuite.runTest(TestSuite.java:243)
	at junit.framework.TestSuite.run(TestSuite.java:238)
	at junit.textui.TestRunner.doRun(TestRunner.java:116)
	at RandoopTest.main(RandoopTest.java:8)

Dec 11, 2017 3:06:09 PM RandoopTest0 test15
WARNING: "IOP00410215: (COMM_FAILURE) Read of full message failed : bytes requested = 0 bytes read = # max wait time = -1 total time spent waiting = 0"
org.omg.CORBA.COMM_FAILURE:   vmcid: SUN  minor code: 215  completed: No
	at com.sun.corba.se.impl.logging.ORBUtilSystemException.transportReadTimeoutExceeded(ORBUtilSystemException.java:2600)
	at com.sun.corba.se.impl.logging.ORBUtilSystemException.transportReadTimeoutExceeded(ORBUtilSystemException.java:2626)
	at RandoopTest0.test15(RandoopTest0.java:436)
	at sun.reflect.NativeMethodAccessorImpl.invoke0(Native Method)
	at sun.reflect.NativeMethodAccessorImpl.invoke(NativeMethodAccessorImpl.java:57)
	at sun.reflect.DelegatingMethodAccessorImpl.invoke(DelegatingMethodAccessorImpl.java:43)
	at java.lang.reflect.Method.invoke(Method.java:606)
	at junit.framework.TestCase.runTest(TestCase.java:168)
	at junit.framework.TestCase.runBare(TestCase.java:134)
	at junit.framework.TestResult$1.protect(TestResult.java:110)
	at junit.framework.TestResult.runProtected(TestResult.java:128)
	at junit.framework.TestResult.run(TestResult.java:113)
	at junit.framework.TestCase.run(TestCase.java:124)
	at junit.framework.TestSuite.runTest(TestSuite.java:243)
	at junit.framework.TestSuite.run(TestSuite.java:238)
	at junit.framework.TestSuite.runTest(TestSuite.java:243)
	at junit.framework.TestSuite.run(TestSuite.java:238)
	at junit.textui.TestRunner.doRun(TestRunner.java:116)
	at RandoopTest.main(RandoopTest.java:8)

Dec 11, 2017 3:06:09 PM RandoopTest0 test15
WARNING: "IOP00710231: (INTERNAL) Invalid GIOP target addressing preference"
org.omg.CORBA.INTERNAL:   vmcid: SUN  minor code: 231  completed: No
	at com.sun.corba.se.impl.logging.ORBUtilSystemException.orbTargetAddrPreferenceInExtractObjectkeyInvalid(ORBUtilSystemException.java:4459)
	at com.sun.corba.se.impl.logging.ORBUtilSystemException.orbTargetAddrPreferenceInExtractObjectkeyInvalid(ORBUtilSystemException.java:4477)
	at RandoopTest0.test15(RandoopTest0.java:438)
	at sun.reflect.NativeMethodAccessorImpl.invoke0(Native Method)
	at sun.reflect.NativeMethodAccessorImpl.invoke(NativeMethodAccessorImpl.java:57)
	at sun.reflect.DelegatingMethodAccessorImpl.invoke(DelegatingMethodAccessorImpl.java:43)
	at java.lang.reflect.Method.invoke(Method.java:606)
	at junit.framework.TestCase.runTest(TestCase.java:168)
	at junit.framework.TestCase.runBare(TestCase.java:134)
	at junit.framework.TestResult$1.protect(TestResult.java:110)
	at junit.framework.TestResult.runProtected(TestResult.java:128)
	at junit.framework.TestResult.run(TestResult.java:113)
	at junit.framework.TestCase.run(TestCase.java:124)
	at junit.framework.TestSuite.runTest(TestSuite.java:243)
	at junit.framework.TestSuite.run(TestSuite.java:238)
	at junit.framework.TestSuite.runTest(TestSuite.java:243)
	at junit.framework.TestSuite.run(TestSuite.java:238)
	at junit.textui.TestRunner.doRun(TestRunner.java:116)
	at RandoopTest.main(RandoopTest.java:8)
Caused by: org.omg.CORBA.COMM_FAILURE:   vmcid: SUN  minor code: 215  completed: No
	at com.sun.corba.se.impl.logging.ORBUtilSystemException.transportReadTimeoutExceeded(ORBUtilSystemException.java:2600)
	at com.sun.corba.se.impl.logging.ORBUtilSystemException.transportReadTimeoutExceeded(ORBUtilSystemException.java:2626)
	at RandoopTest0.test15(RandoopTest0.java:436)
	... 16 more

Dec 11, 2017 3:06:09 PM RandoopTest0 test14
WARNING: "IOP00110201: (BAD_PARAM) Null parameter"
org.omg.CORBA.BAD_PARAM:   vmcid: SUN  minor code: 201  completed: No
	at com.sun.corba.se.impl.logging.ORBUtilSystemException.nullParam(ORBUtilSystemException.java:1127)
	at com.sun.corba.se.impl.logging.ORBUtilSystemException.nullParam(ORBUtilSystemException.java:1149)
	at RandoopTest0.test14(RandoopTest0.java:338)
	at sun.reflect.NativeMethodAccessorImpl.invoke0(Native Method)
	at sun.reflect.NativeMethodAccessorImpl.invoke(NativeMethodAccessorImpl.java:57)
	at sun.reflect.DelegatingMethodAccessorImpl.invoke(DelegatingMethodAccessorImpl.java:43)
	at java.lang.reflect.Method.invoke(Method.java:606)
	at junit.framework.TestCase.runTest(TestCase.java:168)
	at junit.framework.TestCase.runBare(TestCase.java:134)
	at junit.framework.TestResult$1.protect(TestResult.java:110)
	at junit.framework.TestResult.runProtected(TestResult.java:128)
	at junit.framework.TestResult.run(TestResult.java:113)
	at junit.framework.TestCase.run(TestCase.java:124)
	at junit.framework.TestSuite.runTest(TestSuite.java:243)
	at junit.framework.TestSuite.run(TestSuite.java:238)
	at junit.framework.TestSuite.runTest(TestSuite.java:243)
	at junit.framework.TestSuite.run(TestSuite.java:238)
	at junit.textui.TestRunner.doRun(TestRunner.java:116)
	at RandoopTest.main(RandoopTest.java:8)

Dec 11, 2017 3:06:09 PM RandoopTest0 test14
WARNING: "IOP00710201: (INTERNAL) Non-existent ORB ID"
org.omg.CORBA.INTERNAL:   vmcid: SUN  minor code: 201  completed: No
	at com.sun.corba.se.impl.logging.ORBUtilSystemException.nonExistentOrbid(ORBUtilSystemException.java:3675)
	at com.sun.corba.se.impl.logging.ORBUtilSystemException.nonExistentOrbid(ORBUtilSystemException.java:3697)
	at RandoopTest0.test14(RandoopTest0.java:339)
	at sun.reflect.NativeMethodAccessorImpl.invoke0(Native Method)
	at sun.reflect.NativeMethodAccessorImpl.invoke(NativeMethodAccessorImpl.java:57)
	at sun.reflect.DelegatingMethodAccessorImpl.invoke(DelegatingMethodAccessorImpl.java:43)
	at java.lang.reflect.Method.invoke(Method.java:606)
	at junit.framework.TestCase.runTest(TestCase.java:168)
	at junit.framework.TestCase.runBare(TestCase.java:134)
	at junit.framework.TestResult$1.protect(TestResult.java:110)
	at junit.framework.TestResult.runProtected(TestResult.java:128)
	at junit.framework.TestResult.run(TestResult.java:113)
	at junit.framework.TestCase.run(TestCase.java:124)
	at junit.framework.TestSuite.runTest(TestSuite.java:243)
	at junit.framework.TestSuite.run(TestSuite.java:238)
	at junit.framework.TestSuite.runTest(TestSuite.java:243)
	at junit.framework.TestSuite.run(TestSuite.java:238)
	at junit.textui.TestRunner.doRun(TestRunner.java:116)
	at RandoopTest.main(RandoopTest.java:8)

Dec 11, 2017 3:06:09 PM RandoopTest0 test14
WARNING: "IOP00110208: (BAD_PARAM) Could not load class 100"
org.omg.CORBA.BAD_PARAM:   vmcid: SUN  minor code: 208  completed: No
	at com.sun.corba.se.impl.logging.ORBUtilSystemException.couldNotLoadClass(ORBUtilSystemException.java:1323)
	at com.sun.corba.se.impl.logging.ORBUtilSystemException.couldNotLoadClass(ORBUtilSystemException.java:1346)
	at RandoopTest0.test14(RandoopTest0.java:340)
	at sun.reflect.NativeMethodAccessorImpl.invoke0(Native Method)
	at sun.reflect.NativeMethodAccessorImpl.invoke(NativeMethodAccessorImpl.java:57)
	at sun.reflect.DelegatingMethodAccessorImpl.invoke(DelegatingMethodAccessorImpl.java:43)
	at java.lang.reflect.Method.invoke(Method.java:606)
	at junit.framework.TestCase.runTest(TestCase.java:168)
	at junit.framework.TestCase.runBare(TestCase.java:134)
	at junit.framework.TestResult$1.protect(TestResult.java:110)
	at junit.framework.TestResult.runProtected(TestResult.java:128)
	at junit.framework.TestResult.run(TestResult.java:113)
	at junit.framework.TestCase.run(TestCase.java:124)
	at junit.framework.TestSuite.runTest(TestSuite.java:243)
	at junit.framework.TestSuite.run(TestSuite.java:238)
	at junit.framework.TestSuite.runTest(TestSuite.java:243)
	at junit.framework.TestSuite.run(TestSuite.java:238)
	at junit.textui.TestRunner.doRun(TestRunner.java:116)
	at RandoopTest.main(RandoopTest.java:8)

Dec 11, 2017 3:06:09 PM RandoopTest0 test14
WARNING: "IOP00410215: (COMM_FAILURE) Read of full message failed : bytes requested = 0 bytes read = # max wait time = -1 total time spent waiting = 0"
org.omg.CORBA.COMM_FAILURE:   vmcid: SUN  minor code: 215  completed: No
	at com.sun.corba.se.impl.logging.ORBUtilSystemException.transportReadTimeoutExceeded(ORBUtilSystemException.java:2600)
	at com.sun.corba.se.impl.logging.ORBUtilSystemException.transportReadTimeoutExceeded(ORBUtilSystemException.java:2626)
	at RandoopTest0.test14(RandoopTest0.java:342)
	at sun.reflect.NativeMethodAccessorImpl.invoke0(Native Method)
	at sun.reflect.NativeMethodAccessorImpl.invoke(NativeMethodAccessorImpl.java:57)
	at sun.reflect.DelegatingMethodAccessorImpl.invoke(DelegatingMethodAccessorImpl.java:43)
	at java.lang.reflect.Method.invoke(Method.java:606)
	at junit.framework.TestCase.runTest(TestCase.java:168)
	at junit.framework.TestCase.runBare(TestCase.java:134)
	at junit.framework.TestResult$1.protect(TestResult.java:110)
	at junit.framework.TestResult.runProtected(TestResult.java:128)
	at junit.framework.TestResult.run(TestResult.java:113)
	at junit.framework.TestCase.run(TestCase.java:124)
	at junit.framework.TestSuite.runTest(TestSuite.java:243)
	at junit.framework.TestSuite.run(TestSuite.java:238)
	at junit.framework.TestSuite.runTest(TestSuite.java:243)
	at junit.framework.TestSuite.run(TestSuite.java:238)
	at junit.textui.TestRunner.doRun(TestRunner.java:116)
	at RandoopTest.main(RandoopTest.java:8)

Dec 11, 2017 3:06:09 PM RandoopTest0 test14
WARNING: "IOP01210230: (BAD_OPERATION) Called typecode extract on an uninitialized typecode"
org.omg.CORBA.BAD_OPERATION:   vmcid: SUN  minor code: 230  completed: No
	at com.sun.corba.se.impl.logging.ORBUtilSystemException.extractNotInitialized(ORBUtilSystemException.java:642)
	at com.sun.corba.se.impl.logging.ORBUtilSystemException.extractNotInitialized(ORBUtilSystemException.java:664)
	at RandoopTest0.test14(RandoopTest0.java:343)
	at sun.reflect.NativeMethodAccessorImpl.invoke0(Native Method)
	at sun.reflect.NativeMethodAccessorImpl.invoke(NativeMethodAccessorImpl.java:57)
	at sun.reflect.DelegatingMethodAccessorImpl.invoke(DelegatingMethodAccessorImpl.java:43)
	at java.lang.reflect.Method.invoke(Method.java:606)
	at junit.framework.TestCase.runTest(TestCase.java:168)
	at junit.framework.TestCase.runBare(TestCase.java:134)
	at junit.framework.TestResult$1.protect(TestResult.java:110)
	at junit.framework.TestResult.runProtected(TestResult.java:128)
	at junit.framework.TestResult.run(TestResult.java:113)
	at junit.framework.TestCase.run(TestCase.java:124)
	at junit.framework.TestSuite.runTest(TestSuite.java:243)
	at junit.framework.TestSuite.run(TestSuite.java:238)
	at junit.framework.TestSuite.runTest(TestSuite.java:243)
	at junit.framework.TestSuite.run(TestSuite.java:238)
	at junit.textui.TestRunner.doRun(TestRunner.java:116)
	at RandoopTest.main(RandoopTest.java:8)

Dec 11, 2017 3:06:09 PM RandoopTest0 test14
WARNING: "IOP00410215: (COMM_FAILURE) Read of full message failed : bytes requested = 0 bytes read = # max wait time = -1 total time spent waiting = 0"
org.omg.CORBA.COMM_FAILURE:   vmcid: SUN  minor code: 215  completed: No
	at com.sun.corba.se.impl.logging.ORBUtilSystemException.transportReadTimeoutExceeded(ORBUtilSystemException.java:2600)
	at com.sun.corba.se.impl.logging.ORBUtilSystemException.transportReadTimeoutExceeded(ORBUtilSystemException.java:2626)
	at RandoopTest0.test14(RandoopTest0.java:345)
	at sun.reflect.NativeMethodAccessorImpl.invoke0(Native Method)
	at sun.reflect.NativeMethodAccessorImpl.invoke(NativeMethodAccessorImpl.java:57)
	at sun.reflect.DelegatingMethodAccessorImpl.invoke(DelegatingMethodAccessorImpl.java:43)
	at java.lang.reflect.Method.invoke(Method.java:606)
	at junit.framework.TestCase.runTest(TestCase.java:168)
	at junit.framework.TestCase.runBare(TestCase.java:134)
	at junit.framework.TestResult$1.protect(TestResult.java:110)
	at junit.framework.TestResult.runProtected(TestResult.java:128)
	at junit.framework.TestResult.run(TestResult.java:113)
	at junit.framework.TestCase.run(TestCase.java:124)
	at junit.framework.TestSuite.runTest(TestSuite.java:243)
	at junit.framework.TestSuite.run(TestSuite.java:238)
	at junit.framework.TestSuite.runTest(TestSuite.java:243)
	at junit.framework.TestSuite.run(TestSuite.java:238)
	at junit.textui.TestRunner.doRun(TestRunner.java:116)
	at RandoopTest.main(RandoopTest.java:8)

Dec 11, 2017 3:06:09 PM RandoopTest0 test14
WARNING: "IOP00710295: (INTERNAL) Java stream initialization failed"
org.omg.CORBA.INTERNAL:   vmcid: SUN  minor code: 295  completed: No
	at com.sun.corba.se.impl.logging.ORBUtilSystemException.javaStreamInitFailed(ORBUtilSystemException.java:6186)
	at com.sun.corba.se.impl.logging.ORBUtilSystemException.javaStreamInitFailed(ORBUtilSystemException.java:6208)
	at RandoopTest0.test14(RandoopTest0.java:346)
	at sun.reflect.NativeMethodAccessorImpl.invoke0(Native Method)
	at sun.reflect.NativeMethodAccessorImpl.invoke(NativeMethodAccessorImpl.java:57)
	at sun.reflect.DelegatingMethodAccessorImpl.invoke(DelegatingMethodAccessorImpl.java:43)
	at java.lang.reflect.Method.invoke(Method.java:606)
	at junit.framework.TestCase.runTest(TestCase.java:168)
	at junit.framework.TestCase.runBare(TestCase.java:134)
	at junit.framework.TestResult$1.protect(TestResult.java:110)
	at junit.framework.TestResult.runProtected(TestResult.java:128)
	at junit.framework.TestResult.run(TestResult.java:113)
	at junit.framework.TestCase.run(TestCase.java:124)
	at junit.framework.TestSuite.runTest(TestSuite.java:243)
	at junit.framework.TestSuite.run(TestSuite.java:238)
	at junit.framework.TestSuite.runTest(TestSuite.java:243)
	at junit.framework.TestSuite.run(TestSuite.java:238)
	at junit.textui.TestRunner.doRun(TestRunner.java:116)
	at RandoopTest.main(RandoopTest.java:8)

Dec 11, 2017 3:06:09 PM RandoopTest0 test14
WARNING: "IOP00410215: (COMM_FAILURE) Read of full message failed : bytes requested = 0 bytes read = # max wait time = -1 total time spent waiting = 0"
org.omg.CORBA.COMM_FAILURE:   vmcid: SUN  minor code: 215  completed: No
	at com.sun.corba.se.impl.logging.ORBUtilSystemException.transportReadTimeoutExceeded(ORBUtilSystemException.java:2600)
	at com.sun.corba.se.impl.logging.ORBUtilSystemException.transportReadTimeoutExceeded(ORBUtilSystemException.java:2626)
	at RandoopTest0.test14(RandoopTest0.java:348)
	at sun.reflect.NativeMethodAccessorImpl.invoke0(Native Method)
	at sun.reflect.NativeMethodAccessorImpl.invoke(NativeMethodAccessorImpl.java:57)
	at sun.reflect.DelegatingMethodAccessorImpl.invoke(DelegatingMethodAccessorImpl.java:43)
	at java.lang.reflect.Method.invoke(Method.java:606)
	at junit.framework.TestCase.runTest(TestCase.java:168)
	at junit.framework.TestCase.runBare(TestCase.java:134)
	at junit.framework.TestResult$1.protect(TestResult.java:110)
	at junit.framework.TestResult.runProtected(TestResult.java:128)
	at junit.framework.TestResult.run(TestResult.java:113)
	at junit.framework.TestCase.run(TestCase.java:124)
	at junit.framework.TestSuite.runTest(TestSuite.java:243)
	at junit.framework.TestSuite.run(TestSuite.java:238)
	at junit.framework.TestSuite.runTest(TestSuite.java:243)
	at junit.framework.TestSuite.run(TestSuite.java:238)
	at junit.textui.TestRunner.doRun(TestRunner.java:116)
	at RandoopTest.main(RandoopTest.java:8)

Dec 11, 2017 3:06:09 PM RandoopTest0 test14
WARNING: "IOP00110221: (BAD_PARAM) cannot have a SocketFactory and a ContactInfoList at the same time"
org.omg.CORBA.BAD_PARAM:   vmcid: SUN  minor code: 221  completed: No
	at com.sun.corba.se.impl.logging.ORBUtilSystemException.socketFactoryAndContactInfoListAtSameTime(ORBUtilSystemException.java:1702)
	at com.sun.corba.se.impl.logging.ORBUtilSystemException.socketFactoryAndContactInfoListAtSameTime(ORBUtilSystemException.java:1724)
	at RandoopTest0.test14(RandoopTest0.java:351)
	at sun.reflect.NativeMethodAccessorImpl.invoke0(Native Method)
	at sun.reflect.NativeMethodAccessorImpl.invoke(NativeMethodAccessorImpl.java:57)
	at sun.reflect.DelegatingMethodAccessorImpl.invoke(DelegatingMethodAccessorImpl.java:43)
	at java.lang.reflect.Method.invoke(Method.java:606)
	at junit.framework.TestCase.runTest(TestCase.java:168)
	at junit.framework.TestCase.runBare(TestCase.java:134)
	at junit.framework.TestResult$1.protect(TestResult.java:110)
	at junit.framework.TestResult.runProtected(TestResult.java:128)
	at junit.framework.TestResult.run(TestResult.java:113)
	at junit.framework.TestCase.run(TestCase.java:124)
	at junit.framework.TestSuite.runTest(TestSuite.java:243)
	at junit.framework.TestSuite.run(TestSuite.java:238)
	at junit.framework.TestSuite.runTest(TestSuite.java:243)
	at junit.framework.TestSuite.run(TestSuite.java:238)
	at junit.textui.TestRunner.doRun(TestRunner.java:116)
	at RandoopTest.main(RandoopTest.java:8)

Dec 11, 2017 3:06:09 PM RandoopTest0 test14
WARNING: "IOP00510201: (INV_OBJREF) Bad corbaloc: URL"
org.omg.CORBA.INV_OBJREF:   vmcid: SUN  minor code: 201  completed: No
	at com.sun.corba.se.impl.logging.ORBUtilSystemException.badCorbalocString(ORBUtilSystemException.java:3443)
	at com.sun.corba.se.impl.logging.ORBUtilSystemException.badCorbalocString(ORBUtilSystemException.java:3465)
	at RandoopTest0.test14(RandoopTest0.java:352)
	at sun.reflect.NativeMethodAccessorImpl.invoke0(Native Method)
	at sun.reflect.NativeMethodAccessorImpl.invoke(NativeMethodAccessorImpl.java:57)
	at sun.reflect.DelegatingMethodAccessorImpl.invoke(DelegatingMethodAccessorImpl.java:43)
	at java.lang.reflect.Method.invoke(Method.java:606)
	at junit.framework.TestCase.runTest(TestCase.java:168)
	at junit.framework.TestCase.runBare(TestCase.java:134)
	at junit.framework.TestResult$1.protect(TestResult.java:110)
	at junit.framework.TestResult.runProtected(TestResult.java:128)
	at junit.framework.TestResult.run(TestResult.java:113)
	at junit.framework.TestCase.run(TestCase.java:124)
	at junit.framework.TestSuite.runTest(TestSuite.java:243)
	at junit.framework.TestSuite.run(TestSuite.java:238)
	at junit.framework.TestSuite.runTest(TestSuite.java:243)
	at junit.framework.TestSuite.run(TestSuite.java:238)
	at junit.textui.TestRunner.doRun(TestRunner.java:116)
	at RandoopTest.main(RandoopTest.java:8)

Dec 11, 2017 3:06:09 PM RandoopTest0 test14
WARNING: "IOP00110215: (BAD_PARAM) Could not set array for field com.sun.corba.se.impl.logging.ORBUtilSystemException@6a1192e9 at index 10 with component type  and size org.omg.CORBA.NO_IMPLEMENT:   vmcid: SUN  minor code: 202  completed: No to value org.omg.CORBA.INV_OBJREF:   vmcid: SUN  minor code: 201  completed: No"
org.omg.CORBA.BAD_PARAM:   vmcid: SUN  minor code: 215  completed: No
	at com.sun.corba.se.impl.logging.ORBUtilSystemException.couldNotSetArray(ORBUtilSystemException.java:1527)
	at com.sun.corba.se.impl.logging.ORBUtilSystemException.couldNotSetArray(ORBUtilSystemException.java:1554)
	at RandoopTest0.test14(RandoopTest0.java:353)
	at sun.reflect.NativeMethodAccessorImpl.invoke0(Native Method)
	at sun.reflect.NativeMethodAccessorImpl.invoke(NativeMethodAccessorImpl.java:57)
	at sun.reflect.DelegatingMethodAccessorImpl.invoke(DelegatingMethodAccessorImpl.java:43)
	at java.lang.reflect.Method.invoke(Method.java:606)
	at junit.framework.TestCase.runTest(TestCase.java:168)
	at junit.framework.TestCase.runBare(TestCase.java:134)
	at junit.framework.TestResult$1.protect(TestResult.java:110)
	at junit.framework.TestResult.runProtected(TestResult.java:128)
	at junit.framework.TestResult.run(TestResult.java:113)
	at junit.framework.TestCase.run(TestCase.java:124)
	at junit.framework.TestSuite.runTest(TestSuite.java:243)
	at junit.framework.TestSuite.run(TestSuite.java:238)
	at junit.framework.TestSuite.runTest(TestSuite.java:243)
	at junit.framework.TestSuite.run(TestSuite.java:238)
	at junit.textui.TestRunner.doRun(TestRunner.java:116)
	at RandoopTest.main(RandoopTest.java:8)

Dec 11, 2017 3:06:09 PM RandoopTest0 test14
WARNING: "IOP01210211: (BAD_OPERATION) insert_Object call failed on an Any"
org.omg.CORBA.BAD_OPERATION:   vmcid: SUN  minor code: 211  completed: No
	at com.sun.corba.se.impl.logging.ORBUtilSystemException.insertObjectFailed(ORBUtilSystemException.java:333)
	at com.sun.corba.se.impl.logging.ORBUtilSystemException.insertObjectFailed(ORBUtilSystemException.java:355)
	at RandoopTest0.test14(RandoopTest0.java:354)
	at sun.reflect.NativeMethodAccessorImpl.invoke0(Native Method)
	at sun.reflect.NativeMethodAccessorImpl.invoke(NativeMethodAccessorImpl.java:57)
	at sun.reflect.DelegatingMethodAccessorImpl.invoke(DelegatingMethodAccessorImpl.java:43)
	at java.lang.reflect.Method.invoke(Method.java:606)
	at junit.framework.TestCase.runTest(TestCase.java:168)
	at junit.framework.TestCase.runBare(TestCase.java:134)
	at junit.framework.TestResult$1.protect(TestResult.java:110)
	at junit.framework.TestResult.runProtected(TestResult.java:128)
	at junit.framework.TestResult.run(TestResult.java:113)
	at junit.framework.TestCase.run(TestCase.java:124)
	at junit.framework.TestSuite.runTest(TestSuite.java:243)
	at junit.framework.TestSuite.run(TestSuite.java:238)
	at junit.framework.TestSuite.runTest(TestSuite.java:243)
	at junit.framework.TestSuite.run(TestSuite.java:238)
	at junit.textui.TestRunner.doRun(TestRunner.java:116)
	at RandoopTest.main(RandoopTest.java:8)

Dec 11, 2017 3:06:09 PM RandoopTest0 test13
WARNING: "IOP00110221: (BAD_PARAM) cannot have a SocketFactory and a ContactInfoList at the same time"
org.omg.CORBA.BAD_PARAM:   vmcid: SUN  minor code: 221  completed: No
	at com.sun.corba.se.impl.logging.ORBUtilSystemException.socketFactoryAndContactInfoListAtSameTime(ORBUtilSystemException.java:1702)
	at com.sun.corba.se.impl.logging.ORBUtilSystemException.socketFactoryAndContactInfoListAtSameTime(ORBUtilSystemException.java:1724)
	at RandoopTest0.test13(RandoopTest0.java:310)
	at sun.reflect.NativeMethodAccessorImpl.invoke0(Native Method)
	at sun.reflect.NativeMethodAccessorImpl.invoke(NativeMethodAccessorImpl.java:57)
	at sun.reflect.DelegatingMethodAccessorImpl.invoke(DelegatingMethodAccessorImpl.java:43)
	at java.lang.reflect.Method.invoke(Method.java:606)
	at junit.framework.TestCase.runTest(TestCase.java:168)
	at junit.framework.TestCase.runBare(TestCase.java:134)
	at junit.framework.TestResult$1.protect(TestResult.java:110)
	at junit.framework.TestResult.runProtected(TestResult.java:128)
	at junit.framework.TestResult.run(TestResult.java:113)
	at junit.framework.TestCase.run(TestCase.java:124)
	at junit.framework.TestSuite.runTest(TestSuite.java:243)
	at junit.framework.TestSuite.run(TestSuite.java:238)
	at junit.framework.TestSuite.runTest(TestSuite.java:243)
	at junit.framework.TestSuite.run(TestSuite.java:238)
	at junit.textui.TestRunner.doRun(TestRunner.java:116)
	at RandoopTest.main(RandoopTest.java:8)

Dec 11, 2017 3:06:09 PM RandoopTest0 test13
WARNING: "IOP00510201: (INV_OBJREF) Bad corbaloc: URL"
org.omg.CORBA.INV_OBJREF:   vmcid: SUN  minor code: 201  completed: No
	at com.sun.corba.se.impl.logging.ORBUtilSystemException.badCorbalocString(ORBUtilSystemException.java:3443)
	at com.sun.corba.se.impl.logging.ORBUtilSystemException.badCorbalocString(ORBUtilSystemException.java:3465)
	at RandoopTest0.test13(RandoopTest0.java:311)
	at sun.reflect.NativeMethodAccessorImpl.invoke0(Native Method)
	at sun.reflect.NativeMethodAccessorImpl.invoke(NativeMethodAccessorImpl.java:57)
	at sun.reflect.DelegatingMethodAccessorImpl.invoke(DelegatingMethodAccessorImpl.java:43)
	at java.lang.reflect.Method.invoke(Method.java:606)
	at junit.framework.TestCase.runTest(TestCase.java:168)
	at junit.framework.TestCase.runBare(TestCase.java:134)
	at junit.framework.TestResult$1.protect(TestResult.java:110)
	at junit.framework.TestResult.runProtected(TestResult.java:128)
	at junit.framework.TestResult.run(TestResult.java:113)
	at junit.framework.TestCase.run(TestCase.java:124)
	at junit.framework.TestSuite.runTest(TestSuite.java:243)
	at junit.framework.TestSuite.run(TestSuite.java:238)
	at junit.framework.TestSuite.runTest(TestSuite.java:243)
	at junit.framework.TestSuite.run(TestSuite.java:238)
	at junit.textui.TestRunner.doRun(TestRunner.java:116)
	at RandoopTest.main(RandoopTest.java:8)

Dec 11, 2017 3:06:09 PM RandoopTest0 test13
WARNING: "IOP00710221: (INTERNAL) Error in GIOP version"
org.omg.CORBA.INTERNAL:   vmcid: SUN  minor code: 221  completed: No
	at com.sun.corba.se.impl.logging.ORBUtilSystemException.giopVersionError(ORBUtilSystemException.java:4179)
	at com.sun.corba.se.impl.logging.ORBUtilSystemException.giopVersionError(ORBUtilSystemException.java:4201)
	at RandoopTest0.test13(RandoopTest0.java:313)
	at sun.reflect.NativeMethodAccessorImpl.invoke0(Native Method)
	at sun.reflect.NativeMethodAccessorImpl.invoke(NativeMethodAccessorImpl.java:57)
	at sun.reflect.DelegatingMethodAccessorImpl.invoke(DelegatingMethodAccessorImpl.java:43)
	at java.lang.reflect.Method.invoke(Method.java:606)
	at junit.framework.TestCase.runTest(TestCase.java:168)
	at junit.framework.TestCase.runBare(TestCase.java:134)
	at junit.framework.TestResult$1.protect(TestResult.java:110)
	at junit.framework.TestResult.runProtected(TestResult.java:128)
	at junit.framework.TestResult.run(TestResult.java:113)
	at junit.framework.TestCase.run(TestCase.java:124)
	at junit.framework.TestSuite.runTest(TestSuite.java:243)
	at junit.framework.TestSuite.run(TestSuite.java:238)
	at junit.framework.TestSuite.runTest(TestSuite.java:243)
	at junit.framework.TestSuite.run(TestSuite.java:238)
	at junit.textui.TestRunner.doRun(TestRunner.java:116)
	at RandoopTest.main(RandoopTest.java:8)

Dec 11, 2017 3:06:09 PM RandoopTest0 test11
WARNING: "IOP00410215: (COMM_FAILURE) Read of full message failed : bytes requested = 0 bytes read = # max wait time = -1 total time spent waiting = 0"
org.omg.CORBA.COMM_FAILURE:   vmcid: SUN  minor code: 215  completed: No
	at com.sun.corba.se.impl.logging.ORBUtilSystemException.transportReadTimeoutExceeded(ORBUtilSystemException.java:2600)
	at com.sun.corba.se.impl.logging.ORBUtilSystemException.transportReadTimeoutExceeded(ORBUtilSystemException.java:2626)
	at RandoopTest0.test11(RandoopTest0.java:270)
	at sun.reflect.NativeMethodAccessorImpl.invoke0(Native Method)
	at sun.reflect.NativeMethodAccessorImpl.invoke(NativeMethodAccessorImpl.java:57)
	at sun.reflect.DelegatingMethodAccessorImpl.invoke(DelegatingMethodAccessorImpl.java:43)
	at java.lang.reflect.Method.invoke(Method.java:606)
	at junit.framework.TestCase.runTest(TestCase.java:168)
	at junit.framework.TestCase.runBare(TestCase.java:134)
	at junit.framework.TestResult$1.protect(TestResult.java:110)
	at junit.framework.TestResult.runProtected(TestResult.java:128)
	at junit.framework.TestResult.run(TestResult.java:113)
	at junit.framework.TestCase.run(TestCase.java:124)
	at junit.framework.TestSuite.runTest(TestSuite.java:243)
	at junit.framework.TestSuite.run(TestSuite.java:238)
	at junit.framework.TestSuite.runTest(TestSuite.java:243)
	at junit.framework.TestSuite.run(TestSuite.java:238)
	at junit.textui.TestRunner.doRun(TestRunner.java:116)
	at RandoopTest.main(RandoopTest.java:8)

Dec 11, 2017 3:06:09 PM RandoopTest0 test11
WARNING: "IOP00710295: (INTERNAL) Java stream initialization failed"
org.omg.CORBA.INTERNAL:   vmcid: SUN  minor code: 295  completed: No
	at com.sun.corba.se.impl.logging.ORBUtilSystemException.javaStreamInitFailed(ORBUtilSystemException.java:6186)
	at com.sun.corba.se.impl.logging.ORBUtilSystemException.javaStreamInitFailed(ORBUtilSystemException.java:6208)
	at RandoopTest0.test11(RandoopTest0.java:271)
	at sun.reflect.NativeMethodAccessorImpl.invoke0(Native Method)
	at sun.reflect.NativeMethodAccessorImpl.invoke(NativeMethodAccessorImpl.java:57)
	at sun.reflect.DelegatingMethodAccessorImpl.invoke(DelegatingMethodAccessorImpl.java:43)
	at java.lang.reflect.Method.invoke(Method.java:606)
	at junit.framework.TestCase.runTest(TestCase.java:168)
	at junit.framework.TestCase.runBare(TestCase.java:134)
	at junit.framework.TestResult$1.protect(TestResult.java:110)
	at junit.framework.TestResult.runProtected(TestResult.java:128)
	at junit.framework.TestResult.run(TestResult.java:113)
	at junit.framework.TestCase.run(TestCase.java:124)
	at junit.framework.TestSuite.runTest(TestSuite.java:243)
	at junit.framework.TestSuite.run(TestSuite.java:238)
	at junit.framework.TestSuite.runTest(TestSuite.java:243)
	at junit.framework.TestSuite.run(TestSuite.java:238)
	at junit.textui.TestRunner.doRun(TestRunner.java:116)
	at RandoopTest.main(RandoopTest.java:8)

Dec 11, 2017 3:06:09 PM RandoopTest0 test11
WARNING: "IOP00810217: (MARSHAL) Attempt to marshal wide character or string data in GIOP 1.0"
org.omg.CORBA.MARSHAL:   vmcid: SUN  minor code: 217  completed: No
	at com.sun.corba.se.impl.logging.ORBUtilSystemException.wcharDataInGiop10(ORBUtilSystemException.java:7176)
	at com.sun.corba.se.impl.logging.ORBUtilSystemException.wcharDataInGiop10(ORBUtilSystemException.java:7198)
	at RandoopTest0.test11(RandoopTest0.java:272)
	at sun.reflect.NativeMethodAccessorImpl.invoke0(Native Method)
	at sun.reflect.NativeMethodAccessorImpl.invoke(NativeMethodAccessorImpl.java:57)
	at sun.reflect.DelegatingMethodAccessorImpl.invoke(DelegatingMethodAccessorImpl.java:43)
	at java.lang.reflect.Method.invoke(Method.java:606)
	at junit.framework.TestCase.runTest(TestCase.java:168)
	at junit.framework.TestCase.runBare(TestCase.java:134)
	at junit.framework.TestResult$1.protect(TestResult.java:110)
	at junit.framework.TestResult.runProtected(TestResult.java:128)
	at junit.framework.TestResult.run(TestResult.java:113)
	at junit.framework.TestCase.run(TestCase.java:124)
	at junit.framework.TestSuite.runTest(TestSuite.java:243)
	at junit.framework.TestSuite.run(TestSuite.java:238)
	at junit.framework.TestSuite.runTest(TestSuite.java:243)
	at junit.framework.TestSuite.run(TestSuite.java:238)
	at junit.textui.TestRunner.doRun(TestRunner.java:116)
	at RandoopTest.main(RandoopTest.java:8)

Dec 11, 2017 3:06:09 PM RandoopTest0 test9
WARNING: "IOP00110221: (BAD_PARAM) cannot have a SocketFactory and a ContactInfoList at the same time"
org.omg.CORBA.BAD_PARAM:   vmcid: SUN  minor code: 221  completed: No
	at com.sun.corba.se.impl.logging.ORBUtilSystemException.socketFactoryAndContactInfoListAtSameTime(ORBUtilSystemException.java:1702)
	at com.sun.corba.se.impl.logging.ORBUtilSystemException.socketFactoryAndContactInfoListAtSameTime(ORBUtilSystemException.java:1724)
	at RandoopTest0.test9(RandoopTest0.java:234)
	at sun.reflect.NativeMethodAccessorImpl.invoke0(Native Method)
	at sun.reflect.NativeMethodAccessorImpl.invoke(NativeMethodAccessorImpl.java:57)
	at sun.reflect.DelegatingMethodAccessorImpl.invoke(DelegatingMethodAccessorImpl.java:43)
	at java.lang.reflect.Method.invoke(Method.java:606)
	at junit.framework.TestCase.runTest(TestCase.java:168)
	at junit.framework.TestCase.runBare(TestCase.java:134)
	at junit.framework.TestResult$1.protect(TestResult.java:110)
	at junit.framework.TestResult.runProtected(TestResult.java:128)
	at junit.framework.TestResult.run(TestResult.java:113)
	at junit.framework.TestCase.run(TestCase.java:124)
	at junit.framework.TestSuite.runTest(TestSuite.java:243)
	at junit.framework.TestSuite.run(TestSuite.java:238)
	at junit.framework.TestSuite.runTest(TestSuite.java:243)
	at junit.framework.TestSuite.run(TestSuite.java:238)
	at junit.textui.TestRunner.doRun(TestRunner.java:116)
	at RandoopTest.main(RandoopTest.java:8)

Dec 11, 2017 3:06:09 PM RandoopTest0 test9
WARNING: "IOP00810214: (MARSHAL) Bad repository ID indirection at index -1"
org.omg.CORBA.MARSHAL:   vmcid: SUN  minor code: 214  completed: No
	at com.sun.corba.se.impl.logging.ORBUtilSystemException.badRepIdIndirection(ORBUtilSystemException.java:7089)
	at com.sun.corba.se.impl.logging.ORBUtilSystemException.badRepIdIndirection(ORBUtilSystemException.java:7112)
	at RandoopTest0.test9(RandoopTest0.java:235)
	at sun.reflect.NativeMethodAccessorImpl.invoke0(Native Method)
	at sun.reflect.NativeMethodAccessorImpl.invoke(NativeMethodAccessorImpl.java:57)
	at sun.reflect.DelegatingMethodAccessorImpl.invoke(DelegatingMethodAccessorImpl.java:43)
	at java.lang.reflect.Method.invoke(Method.java:606)
	at junit.framework.TestCase.runTest(TestCase.java:168)
	at junit.framework.TestCase.runBare(TestCase.java:134)
	at junit.framework.TestResult$1.protect(TestResult.java:110)
	at junit.framework.TestResult.runProtected(TestResult.java:128)
	at junit.framework.TestResult.run(TestResult.java:113)
	at junit.framework.TestCase.run(TestCase.java:124)
	at junit.framework.TestSuite.runTest(TestSuite.java:243)
	at junit.framework.TestSuite.run(TestSuite.java:238)
	at junit.framework.TestSuite.runTest(TestSuite.java:243)
	at junit.framework.TestSuite.run(TestSuite.java:238)
	at junit.textui.TestRunner.doRun(TestRunner.java:116)
	at RandoopTest.main(RandoopTest.java:8)

Dec 11, 2017 3:06:09 PM RandoopTest0 test9
WARNING: "IOP01710201: (TRANSIENT) Request cancelled by exception"
org.omg.CORBA.TRANSIENT:   vmcid: SUN  minor code: 201  completed: No
	at com.sun.corba.se.impl.logging.ORBUtilSystemException.requestCanceled(ORBUtilSystemException.java:8809)
	at com.sun.corba.se.impl.logging.ORBUtilSystemException.requestCanceled(ORBUtilSystemException.java:8831)
	at RandoopTest0.test9(RandoopTest0.java:236)
	at sun.reflect.NativeMethodAccessorImpl.invoke0(Native Method)
	at sun.reflect.NativeMethodAccessorImpl.invoke(NativeMethodAccessorImpl.java:57)
	at sun.reflect.DelegatingMethodAccessorImpl.invoke(DelegatingMethodAccessorImpl.java:43)
	at java.lang.reflect.Method.invoke(Method.java:606)
	at junit.framework.TestCase.runTest(TestCase.java:168)
	at junit.framework.TestCase.runBare(TestCase.java:134)
	at junit.framework.TestResult$1.protect(TestResult.java:110)
	at junit.framework.TestResult.runProtected(TestResult.java:128)
	at junit.framework.TestResult.run(TestResult.java:113)
	at junit.framework.TestCase.run(TestCase.java:124)
	at junit.framework.TestSuite.runTest(TestSuite.java:243)
	at junit.framework.TestSuite.run(TestSuite.java:238)
	at junit.framework.TestSuite.runTest(TestSuite.java:243)
	at junit.framework.TestSuite.run(TestSuite.java:238)
	at junit.textui.TestRunner.doRun(TestRunner.java:116)
	at RandoopTest.main(RandoopTest.java:8)

Dec 11, 2017 3:06:09 PM RandoopTest0 test8
WARNING: "IOP00410215: (COMM_FAILURE) Read of full message failed : bytes requested = 0 bytes read = # max wait time = -1 total time spent waiting = 0"
org.omg.CORBA.COMM_FAILURE:   vmcid: SUN  minor code: 215  completed: No
	at com.sun.corba.se.impl.logging.ORBUtilSystemException.transportReadTimeoutExceeded(ORBUtilSystemException.java:2600)
	at com.sun.corba.se.impl.logging.ORBUtilSystemException.transportReadTimeoutExceeded(ORBUtilSystemException.java:2626)
	at RandoopTest0.test8(RandoopTest0.java:158)
	at sun.reflect.NativeMethodAccessorImpl.invoke0(Native Method)
	at sun.reflect.NativeMethodAccessorImpl.invoke(NativeMethodAccessorImpl.java:57)
	at sun.reflect.DelegatingMethodAccessorImpl.invoke(DelegatingMethodAccessorImpl.java:43)
	at java.lang.reflect.Method.invoke(Method.java:606)
	at junit.framework.TestCase.runTest(TestCase.java:168)
	at junit.framework.TestCase.runBare(TestCase.java:134)
	at junit.framework.TestResult$1.protect(TestResult.java:110)
	at junit.framework.TestResult.runProtected(TestResult.java:128)
	at junit.framework.TestResult.run(TestResult.java:113)
	at junit.framework.TestCase.run(TestCase.java:124)
	at junit.framework.TestSuite.runTest(TestSuite.java:243)
	at junit.framework.TestSuite.run(TestSuite.java:238)
	at junit.framework.TestSuite.runTest(TestSuite.java:243)
	at junit.framework.TestSuite.run(TestSuite.java:238)
	at junit.textui.TestRunner.doRun(TestRunner.java:116)
	at RandoopTest.main(RandoopTest.java:8)

Dec 11, 2017 3:06:09 PM RandoopTest0 test8
WARNING: "IOP00710295: (INTERNAL) Java stream initialization failed"
org.omg.CORBA.INTERNAL:   vmcid: SUN  minor code: 295  completed: No
	at com.sun.corba.se.impl.logging.ORBUtilSystemException.javaStreamInitFailed(ORBUtilSystemException.java:6186)
	at com.sun.corba.se.impl.logging.ORBUtilSystemException.javaStreamInitFailed(ORBUtilSystemException.java:6208)
	at RandoopTest0.test8(RandoopTest0.java:159)
	at sun.reflect.NativeMethodAccessorImpl.invoke0(Native Method)
	at sun.reflect.NativeMethodAccessorImpl.invoke(NativeMethodAccessorImpl.java:57)
	at sun.reflect.DelegatingMethodAccessorImpl.invoke(DelegatingMethodAccessorImpl.java:43)
	at java.lang.reflect.Method.invoke(Method.java:606)
	at junit.framework.TestCase.runTest(TestCase.java:168)
	at junit.framework.TestCase.runBare(TestCase.java:134)
	at junit.framework.TestResult$1.protect(TestResult.java:110)
	at junit.framework.TestResult.runProtected(TestResult.java:128)
	at junit.framework.TestResult.run(TestResult.java:113)
	at junit.framework.TestCase.run(TestCase.java:124)
	at junit.framework.TestSuite.runTest(TestSuite.java:243)
	at junit.framework.TestSuite.run(TestSuite.java:238)
	at junit.framework.TestSuite.runTest(TestSuite.java:243)
	at junit.framework.TestSuite.run(TestSuite.java:238)
	at junit.textui.TestRunner.doRun(TestRunner.java:116)
	at RandoopTest.main(RandoopTest.java:8)

Dec 11, 2017 3:06:09 PM RandoopTest0 test8
WARNING: "IOP00410215: (COMM_FAILURE) Read of full message failed : bytes requested = 0 bytes read = # max wait time = -1 total time spent waiting = 0"
org.omg.CORBA.COMM_FAILURE:   vmcid: SUN  minor code: 215  completed: No
	at com.sun.corba.se.impl.logging.ORBUtilSystemException.transportReadTimeoutExceeded(ORBUtilSystemException.java:2600)
	at com.sun.corba.se.impl.logging.ORBUtilSystemException.transportReadTimeoutExceeded(ORBUtilSystemException.java:2626)
	at RandoopTest0.test8(RandoopTest0.java:161)
	at sun.reflect.NativeMethodAccessorImpl.invoke0(Native Method)
	at sun.reflect.NativeMethodAccessorImpl.invoke(NativeMethodAccessorImpl.java:57)
	at sun.reflect.DelegatingMethodAccessorImpl.invoke(DelegatingMethodAccessorImpl.java:43)
	at java.lang.reflect.Method.invoke(Method.java:606)
	at junit.framework.TestCase.runTest(TestCase.java:168)
	at junit.framework.TestCase.runBare(TestCase.java:134)
	at junit.framework.TestResult$1.protect(TestResult.java:110)
	at junit.framework.TestResult.runProtected(TestResult.java:128)
	at junit.framework.TestResult.run(TestResult.java:113)
	at junit.framework.TestCase.run(TestCase.java:124)
	at junit.framework.TestSuite.runTest(TestSuite.java:243)
	at junit.framework.TestSuite.run(TestSuite.java:238)
	at junit.framework.TestSuite.runTest(TestSuite.java:243)
	at junit.framework.TestSuite.run(TestSuite.java:238)
	at junit.textui.TestRunner.doRun(TestRunner.java:116)
	at RandoopTest.main(RandoopTest.java:8)

Dec 11, 2017 3:06:09 PM RandoopTest0 test8
WARNING: "IOP00110221: (BAD_PARAM) cannot have a SocketFactory and a ContactInfoList at the same time"
org.omg.CORBA.BAD_PARAM:   vmcid: SUN  minor code: 221  completed: No
	at com.sun.corba.se.impl.logging.ORBUtilSystemException.socketFactoryAndContactInfoListAtSameTime(ORBUtilSystemException.java:1702)
	at com.sun.corba.se.impl.logging.ORBUtilSystemException.socketFactoryAndContactInfoListAtSameTime(ORBUtilSystemException.java:1724)
	at RandoopTest0.test8(RandoopTest0.java:164)
	at sun.reflect.NativeMethodAccessorImpl.invoke0(Native Method)
	at sun.reflect.NativeMethodAccessorImpl.invoke(NativeMethodAccessorImpl.java:57)
	at sun.reflect.DelegatingMethodAccessorImpl.invoke(DelegatingMethodAccessorImpl.java:43)
	at java.lang.reflect.Method.invoke(Method.java:606)
	at junit.framework.TestCase.runTest(TestCase.java:168)
	at junit.framework.TestCase.runBare(TestCase.java:134)
	at junit.framework.TestResult$1.protect(TestResult.java:110)
	at junit.framework.TestResult.runProtected(TestResult.java:128)
	at junit.framework.TestResult.run(TestResult.java:113)
	at junit.framework.TestCase.run(TestCase.java:124)
	at junit.framework.TestSuite.runTest(TestSuite.java:243)
	at junit.framework.TestSuite.run(TestSuite.java:238)
	at junit.framework.TestSuite.runTest(TestSuite.java:243)
	at junit.framework.TestSuite.run(TestSuite.java:238)
	at junit.textui.TestRunner.doRun(TestRunner.java:116)
	at RandoopTest.main(RandoopTest.java:8)

Dec 11, 2017 3:06:09 PM RandoopTest0 test8
WARNING: "IOP00810214: (MARSHAL) Bad repository ID indirection at index -1"
org.omg.CORBA.MARSHAL:   vmcid: SUN  minor code: 214  completed: No
	at com.sun.corba.se.impl.logging.ORBUtilSystemException.badRepIdIndirection(ORBUtilSystemException.java:7089)
	at com.sun.corba.se.impl.logging.ORBUtilSystemException.badRepIdIndirection(ORBUtilSystemException.java:7112)
	at RandoopTest0.test8(RandoopTest0.java:165)
	at sun.reflect.NativeMethodAccessorImpl.invoke0(Native Method)
	at sun.reflect.NativeMethodAccessorImpl.invoke(NativeMethodAccessorImpl.java:57)
	at sun.reflect.DelegatingMethodAccessorImpl.invoke(DelegatingMethodAccessorImpl.java:43)
	at java.lang.reflect.Method.invoke(Method.java:606)
	at junit.framework.TestCase.runTest(TestCase.java:168)
	at junit.framework.TestCase.runBare(TestCase.java:134)
	at junit.framework.TestResult$1.protect(TestResult.java:110)
	at junit.framework.TestResult.runProtected(TestResult.java:128)
	at junit.framework.TestResult.run(TestResult.java:113)
	at junit.framework.TestCase.run(TestCase.java:124)
	at junit.framework.TestSuite.runTest(TestSuite.java:243)
	at junit.framework.TestSuite.run(TestSuite.java:238)
	at junit.framework.TestSuite.runTest(TestSuite.java:243)
	at junit.framework.TestSuite.run(TestSuite.java:238)
	at junit.textui.TestRunner.doRun(TestRunner.java:116)
	at RandoopTest.main(RandoopTest.java:8)

Dec 11, 2017 3:06:09 PM RandoopTest0 test8
WARNING: "IOP00110201: (BAD_PARAM) Null parameter"
org.omg.CORBA.BAD_PARAM:   vmcid: SUN  minor code: 201  completed: No
	at com.sun.corba.se.impl.logging.ORBUtilSystemException.nullParam(ORBUtilSystemException.java:1127)
	at com.sun.corba.se.impl.logging.ORBUtilSystemException.nullParam(ORBUtilSystemException.java:1149)
	at RandoopTest0.test8(RandoopTest0.java:167)
	at sun.reflect.NativeMethodAccessorImpl.invoke0(Native Method)
	at sun.reflect.NativeMethodAccessorImpl.invoke(NativeMethodAccessorImpl.java:57)
	at sun.reflect.DelegatingMethodAccessorImpl.invoke(DelegatingMethodAccessorImpl.java:43)
	at java.lang.reflect.Method.invoke(Method.java:606)
	at junit.framework.TestCase.runTest(TestCase.java:168)
	at junit.framework.TestCase.runBare(TestCase.java:134)
	at junit.framework.TestResult$1.protect(TestResult.java:110)
	at junit.framework.TestResult.runProtected(TestResult.java:128)
	at junit.framework.TestResult.run(TestResult.java:113)
	at junit.framework.TestCase.run(TestCase.java:124)
	at junit.framework.TestSuite.runTest(TestSuite.java:243)
	at junit.framework.TestSuite.run(TestSuite.java:238)
	at junit.framework.TestSuite.runTest(TestSuite.java:243)
	at junit.framework.TestSuite.run(TestSuite.java:238)
	at junit.textui.TestRunner.doRun(TestRunner.java:116)
	at RandoopTest.main(RandoopTest.java:8)

Dec 11, 2017 3:06:09 PM RandoopTest0 test8
WARNING: "IOP00410215: (COMM_FAILURE) Read of full message failed : bytes requested = 0 bytes read = # max wait time = -1 total time spent waiting = 0"
org.omg.CORBA.COMM_FAILURE:   vmcid: SUN  minor code: 215  completed: No
	at com.sun.corba.se.impl.logging.ORBUtilSystemException.transportReadTimeoutExceeded(ORBUtilSystemException.java:2600)
	at com.sun.corba.se.impl.logging.ORBUtilSystemException.transportReadTimeoutExceeded(ORBUtilSystemException.java:2626)
	at RandoopTest0.test8(RandoopTest0.java:169)
	at sun.reflect.NativeMethodAccessorImpl.invoke0(Native Method)
	at sun.reflect.NativeMethodAccessorImpl.invoke(NativeMethodAccessorImpl.java:57)
	at sun.reflect.DelegatingMethodAccessorImpl.invoke(DelegatingMethodAccessorImpl.java:43)
	at java.lang.reflect.Method.invoke(Method.java:606)
	at junit.framework.TestCase.runTest(TestCase.java:168)
	at junit.framework.TestCase.runBare(TestCase.java:134)
	at junit.framework.TestResult$1.protect(TestResult.java:110)
	at junit.framework.TestResult.runProtected(TestResult.java:128)
	at junit.framework.TestResult.run(TestResult.java:113)
	at junit.framework.TestCase.run(TestCase.java:124)
	at junit.framework.TestSuite.runTest(TestSuite.java:243)
	at junit.framework.TestSuite.run(TestSuite.java:238)
	at junit.framework.TestSuite.runTest(TestSuite.java:243)
	at junit.framework.TestSuite.run(TestSuite.java:238)
	at junit.textui.TestRunner.doRun(TestRunner.java:116)
	at RandoopTest.main(RandoopTest.java:8)

Dec 11, 2017 3:06:09 PM RandoopTest0 test8
WARNING: "IOP00710295: (INTERNAL) Java stream initialization failed"
org.omg.CORBA.INTERNAL:   vmcid: SUN  minor code: 295  completed: No
	at com.sun.corba.se.impl.logging.ORBUtilSystemException.javaStreamInitFailed(ORBUtilSystemException.java:6186)
	at com.sun.corba.se.impl.logging.ORBUtilSystemException.javaStreamInitFailed(ORBUtilSystemException.java:6208)
	at RandoopTest0.test8(RandoopTest0.java:170)
	at sun.reflect.NativeMethodAccessorImpl.invoke0(Native Method)
	at sun.reflect.NativeMethodAccessorImpl.invoke(NativeMethodAccessorImpl.java:57)
	at sun.reflect.DelegatingMethodAccessorImpl.invoke(DelegatingMethodAccessorImpl.java:43)
	at java.lang.reflect.Method.invoke(Method.java:606)
	at junit.framework.TestCase.runTest(TestCase.java:168)
	at junit.framework.TestCase.runBare(TestCase.java:134)
	at junit.framework.TestResult$1.protect(TestResult.java:110)
	at junit.framework.TestResult.runProtected(TestResult.java:128)
	at junit.framework.TestResult.run(TestResult.java:113)
	at junit.framework.TestCase.run(TestCase.java:124)
	at junit.framework.TestSuite.runTest(TestSuite.java:243)
	at junit.framework.TestSuite.run(TestSuite.java:238)
	at junit.framework.TestSuite.runTest(TestSuite.java:243)
	at junit.framework.TestSuite.run(TestSuite.java:238)
	at junit.textui.TestRunner.doRun(TestRunner.java:116)
	at RandoopTest.main(RandoopTest.java:8)

Dec 11, 2017 3:06:09 PM RandoopTest0 test8
WARNING: "IOP00710223: (INTERNAL) Illegal GIOP message type"
org.omg.CORBA.INTERNAL:   vmcid: SUN  minor code: 223  completed: No
	at com.sun.corba.se.impl.logging.ORBUtilSystemException.illegalGiopMsgType(ORBUtilSystemException.java:4235)
	at com.sun.corba.se.impl.logging.ORBUtilSystemException.illegalGiopMsgType(ORBUtilSystemException.java:4253)
	at RandoopTest0.test8(RandoopTest0.java:171)
	at sun.reflect.NativeMethodAccessorImpl.invoke0(Native Method)
	at sun.reflect.NativeMethodAccessorImpl.invoke(NativeMethodAccessorImpl.java:57)
	at sun.reflect.DelegatingMethodAccessorImpl.invoke(DelegatingMethodAccessorImpl.java:43)
	at java.lang.reflect.Method.invoke(Method.java:606)
	at junit.framework.TestCase.runTest(TestCase.java:168)
	at junit.framework.TestCase.runBare(TestCase.java:134)
	at junit.framework.TestResult$1.protect(TestResult.java:110)
	at junit.framework.TestResult.runProtected(TestResult.java:128)
	at junit.framework.TestResult.run(TestResult.java:113)
	at junit.framework.TestCase.run(TestCase.java:124)
	at junit.framework.TestSuite.runTest(TestSuite.java:243)
	at junit.framework.TestSuite.run(TestSuite.java:238)
	at junit.framework.TestSuite.runTest(TestSuite.java:243)
	at junit.framework.TestSuite.run(TestSuite.java:238)
	at junit.textui.TestRunner.doRun(TestRunner.java:116)
	at RandoopTest.main(RandoopTest.java:8)
Caused by: org.omg.CORBA.INTERNAL:   vmcid: SUN  minor code: 295  completed: No
	at com.sun.corba.se.impl.logging.ORBUtilSystemException.javaStreamInitFailed(ORBUtilSystemException.java:6186)
	at com.sun.corba.se.impl.logging.ORBUtilSystemException.javaStreamInitFailed(ORBUtilSystemException.java:6208)
	at RandoopTest0.test8(RandoopTest0.java:170)
	... 16 more

Dec 11, 2017 3:06:09 PM RandoopTest0 test8
WARNING: "IOP00110213: (BAD_PARAM) Initialization error for persistent server"
org.omg.CORBA.BAD_PARAM:   vmcid: SUN  minor code: 213  completed: No
	at com.sun.corba.se.impl.logging.ORBUtilSystemException.persistentServerInitError(ORBUtilSystemException.java:1468)
	at com.sun.corba.se.impl.logging.ORBUtilSystemException.persistentServerInitError(ORBUtilSystemException.java:1486)
	at RandoopTest0.test8(RandoopTest0.java:172)
	at sun.reflect.NativeMethodAccessorImpl.invoke0(Native Method)
	at sun.reflect.NativeMethodAccessorImpl.invoke(NativeMethodAccessorImpl.java:57)
	at sun.reflect.DelegatingMethodAccessorImpl.invoke(DelegatingMethodAccessorImpl.java:43)
	at java.lang.reflect.Method.invoke(Method.java:606)
	at junit.framework.TestCase.runTest(TestCase.java:168)
	at junit.framework.TestCase.runBare(TestCase.java:134)
	at junit.framework.TestResult$1.protect(TestResult.java:110)
	at junit.framework.TestResult.runProtected(TestResult.java:128)
	at junit.framework.TestResult.run(TestResult.java:113)
	at junit.framework.TestCase.run(TestCase.java:124)
	at junit.framework.TestSuite.runTest(TestSuite.java:243)
	at junit.framework.TestSuite.run(TestSuite.java:238)
	at junit.framework.TestSuite.runTest(TestSuite.java:243)
	at junit.framework.TestSuite.run(TestSuite.java:238)
	at junit.textui.TestRunner.doRun(TestRunner.java:116)
	at RandoopTest.main(RandoopTest.java:8)
Caused by: org.omg.CORBA.INTERNAL:   vmcid: SUN  minor code: 223  completed: No
	at com.sun.corba.se.impl.logging.ORBUtilSystemException.illegalGiopMsgType(ORBUtilSystemException.java:4235)
	at com.sun.corba.se.impl.logging.ORBUtilSystemException.illegalGiopMsgType(ORBUtilSystemException.java:4253)
	at RandoopTest0.test8(RandoopTest0.java:171)
	... 16 more
Caused by: org.omg.CORBA.INTERNAL:   vmcid: SUN  minor code: 295  completed: No
	at com.sun.corba.se.impl.logging.ORBUtilSystemException.javaStreamInitFailed(ORBUtilSystemException.java:6186)
	at com.sun.corba.se.impl.logging.ORBUtilSystemException.javaStreamInitFailed(ORBUtilSystemException.java:6208)
	at RandoopTest0.test8(RandoopTest0.java:170)
	... 16 more

Dec 11, 2017 3:06:09 PM RandoopTest0 test8
WARNING: "IOP00810235: (MARSHAL) Request message reserved bytes has invalid length"
org.omg.CORBA.MARSHAL:   vmcid: SUN  minor code: 235  completed: No
	at com.sun.corba.se.impl.logging.ORBUtilSystemException.badReservedLength(ORBUtilSystemException.java:7659)
	at com.sun.corba.se.impl.logging.ORBUtilSystemException.badReservedLength(ORBUtilSystemException.java:7677)
	at RandoopTest0.test8(RandoopTest0.java:173)
	at sun.reflect.NativeMethodAccessorImpl.invoke0(Native Method)
	at sun.reflect.NativeMethodAccessorImpl.invoke(NativeMethodAccessorImpl.java:57)
	at sun.reflect.DelegatingMethodAccessorImpl.invoke(DelegatingMethodAccessorImpl.java:43)
	at java.lang.reflect.Method.invoke(Method.java:606)
	at junit.framework.TestCase.runTest(TestCase.java:168)
	at junit.framework.TestCase.runBare(TestCase.java:134)
	at junit.framework.TestResult$1.protect(TestResult.java:110)
	at junit.framework.TestResult.runProtected(TestResult.java:128)
	at junit.framework.TestResult.run(TestResult.java:113)
	at junit.framework.TestCase.run(TestCase.java:124)
	at junit.framework.TestSuite.runTest(TestSuite.java:243)
	at junit.framework.TestSuite.run(TestSuite.java:238)
	at junit.framework.TestSuite.runTest(TestSuite.java:243)
	at junit.framework.TestSuite.run(TestSuite.java:238)
	at junit.textui.TestRunner.doRun(TestRunner.java:116)
	at RandoopTest.main(RandoopTest.java:8)
Caused by: org.omg.CORBA.BAD_PARAM:   vmcid: SUN  minor code: 213  completed: No
	at com.sun.corba.se.impl.logging.ORBUtilSystemException.persistentServerInitError(ORBUtilSystemException.java:1468)
	at com.sun.corba.se.impl.logging.ORBUtilSystemException.persistentServerInitError(ORBUtilSystemException.java:1486)
	at RandoopTest0.test8(RandoopTest0.java:172)
	... 16 more
Caused by: org.omg.CORBA.INTERNAL:   vmcid: SUN  minor code: 223  completed: No
	at com.sun.corba.se.impl.logging.ORBUtilSystemException.illegalGiopMsgType(ORBUtilSystemException.java:4235)
	at com.sun.corba.se.impl.logging.ORBUtilSystemException.illegalGiopMsgType(ORBUtilSystemException.java:4253)
	at RandoopTest0.test8(RandoopTest0.java:171)
	... 16 more
Caused by: org.omg.CORBA.INTERNAL:   vmcid: SUN  minor code: 295  completed: No
	at com.sun.corba.se.impl.logging.ORBUtilSystemException.javaStreamInitFailed(ORBUtilSystemException.java:6186)
	at com.sun.corba.se.impl.logging.ORBUtilSystemException.javaStreamInitFailed(ORBUtilSystemException.java:6208)
	at RandoopTest0.test8(RandoopTest0.java:170)
	... 16 more

Dec 11, 2017 3:06:09 PM RandoopTest0 test5
WARNING: "IOP00110201: (BAD_PARAM) Null parameter"
org.omg.CORBA.BAD_PARAM:   vmcid: SUN  minor code: 201  completed: No
	at com.sun.corba.se.impl.logging.ORBUtilSystemException.nullParam(ORBUtilSystemException.java:1127)
	at com.sun.corba.se.impl.logging.ORBUtilSystemException.nullParam(ORBUtilSystemException.java:1149)
	at RandoopTest0.test5(RandoopTest0.java:106)
	at sun.reflect.NativeMethodAccessorImpl.invoke0(Native Method)
	at sun.reflect.NativeMethodAccessorImpl.invoke(NativeMethodAccessorImpl.java:57)
	at sun.reflect.DelegatingMethodAccessorImpl.invoke(DelegatingMethodAccessorImpl.java:43)
	at java.lang.reflect.Method.invoke(Method.java:606)
	at junit.framework.TestCase.runTest(TestCase.java:168)
	at junit.framework.TestCase.runBare(TestCase.java:134)
	at junit.framework.TestResult$1.protect(TestResult.java:110)
	at junit.framework.TestResult.runProtected(TestResult.java:128)
	at junit.framework.TestResult.run(TestResult.java:113)
	at junit.framework.TestCase.run(TestCase.java:124)
	at junit.framework.TestSuite.runTest(TestSuite.java:243)
	at junit.framework.TestSuite.run(TestSuite.java:238)
	at junit.framework.TestSuite.runTest(TestSuite.java:243)
	at junit.framework.TestSuite.run(TestSuite.java:238)
	at junit.textui.TestRunner.doRun(TestRunner.java:116)
	at RandoopTest.main(RandoopTest.java:8)

Dec 11, 2017 3:06:09 PM RandoopTest0 test5
WARNING: "IOP00710329: (INTERNAL) ThreadGroup 0 has 10 sub-thread groups: destroy may cause exception"
org.omg.CORBA.INTERNAL:   vmcid: SUN  minor code: 329  completed: No
	at com.sun.corba.se.impl.logging.ORBUtilSystemException.threadGroupHasSubGroupsInClose(ORBUtilSystemException.java:6629)
	at com.sun.corba.se.impl.logging.ORBUtilSystemException.threadGroupHasSubGroupsInClose(ORBUtilSystemException.java:6653)
	at RandoopTest0.test5(RandoopTest0.java:107)
	at sun.reflect.NativeMethodAccessorImpl.invoke0(Native Method)
	at sun.reflect.NativeMethodAccessorImpl.invoke(NativeMethodAccessorImpl.java:57)
	at sun.reflect.DelegatingMethodAccessorImpl.invoke(DelegatingMethodAccessorImpl.java:43)
	at java.lang.reflect.Method.invoke(Method.java:606)
	at junit.framework.TestCase.runTest(TestCase.java:168)
	at junit.framework.TestCase.runBare(TestCase.java:134)
	at junit.framework.TestResult$1.protect(TestResult.java:110)
	at junit.framework.TestResult.runProtected(TestResult.java:128)
	at junit.framework.TestResult.run(TestResult.java:113)
	at junit.framework.TestCase.run(TestCase.java:124)
	at junit.framework.TestSuite.runTest(TestSuite.java:243)
	at junit.framework.TestSuite.run(TestSuite.java:238)
	at junit.framework.TestSuite.runTest(TestSuite.java:243)
	at junit.framework.TestSuite.run(TestSuite.java:238)
	at junit.textui.TestRunner.doRun(TestRunner.java:116)
	at RandoopTest.main(RandoopTest.java:8)

Dec 11, 2017 3:06:09 PM RandoopTest0 test5
WARNING: "IOP00710254: (INTERNAL) The BadKind exception should never occur here"
org.omg.CORBA.INTERNAL:   vmcid: SUN  minor code: 254  completed: No
	at com.sun.corba.se.impl.logging.ORBUtilSystemException.badkindCannotOccur(ORBUtilSystemException.java:5108)
	at com.sun.corba.se.impl.logging.ORBUtilSystemException.badkindCannotOccur(ORBUtilSystemException.java:5130)
	at RandoopTest0.test5(RandoopTest0.java:108)
	at sun.reflect.NativeMethodAccessorImpl.invoke0(Native Method)
	at sun.reflect.NativeMethodAccessorImpl.invoke(NativeMethodAccessorImpl.java:57)
	at sun.reflect.DelegatingMethodAccessorImpl.invoke(DelegatingMethodAccessorImpl.java:43)
	at java.lang.reflect.Method.invoke(Method.java:606)
	at junit.framework.TestCase.runTest(TestCase.java:168)
	at junit.framework.TestCase.runBare(TestCase.java:134)
	at junit.framework.TestResult$1.protect(TestResult.java:110)
	at junit.framework.TestResult.runProtected(TestResult.java:128)
	at junit.framework.TestResult.run(TestResult.java:113)
	at junit.framework.TestCase.run(TestCase.java:124)
	at junit.framework.TestSuite.runTest(TestSuite.java:243)
	at junit.framework.TestSuite.run(TestSuite.java:238)
	at junit.framework.TestSuite.runTest(TestSuite.java:243)
	at junit.framework.TestSuite.run(TestSuite.java:238)
	at junit.textui.TestRunner.doRun(TestRunner.java:116)
	at RandoopTest.main(RandoopTest.java:8)

Dec 11, 2017 3:06:09 PM RandoopTest0 test4
WARNING: "IOP00110201: (BAD_PARAM) Null parameter"
org.omg.CORBA.BAD_PARAM:   vmcid: SUN  minor code: 201  completed: No
	at com.sun.corba.se.impl.logging.ORBUtilSystemException.nullParam(ORBUtilSystemException.java:1127)
	at com.sun.corba.se.impl.logging.ORBUtilSystemException.nullParam(ORBUtilSystemException.java:1149)
	at RandoopTest0.test4(RandoopTest0.java:82)
	at sun.reflect.NativeMethodAccessorImpl.invoke0(Native Method)
	at sun.reflect.NativeMethodAccessorImpl.invoke(NativeMethodAccessorImpl.java:57)
	at sun.reflect.DelegatingMethodAccessorImpl.invoke(DelegatingMethodAccessorImpl.java:43)
	at java.lang.reflect.Method.invoke(Method.java:606)
	at junit.framework.TestCase.runTest(TestCase.java:168)
	at junit.framework.TestCase.runBare(TestCase.java:134)
	at junit.framework.TestResult$1.protect(TestResult.java:110)
	at junit.framework.TestResult.runProtected(TestResult.java:128)
	at junit.framework.TestResult.run(TestResult.java:113)
	at junit.framework.TestCase.run(TestCase.java:124)
	at junit.framework.TestSuite.runTest(TestSuite.java:243)
	at junit.framework.TestSuite.run(TestSuite.java:238)
	at junit.framework.TestSuite.runTest(TestSuite.java:243)
	at junit.framework.TestSuite.run(TestSuite.java:238)
	at junit.textui.TestRunner.doRun(TestRunner.java:116)
	at RandoopTest.main(RandoopTest.java:8)

Dec 11, 2017 3:06:09 PM RandoopTest0 test4
WARNING: "IOP00710330: (INTERNAL) ThreadGroup -1 could not be destroyed"
org.omg.CORBA.INTERNAL:   vmcid: SUN  minor code: 330  completed: No
	at com.sun.corba.se.impl.logging.ORBUtilSystemException.threadGroupDestroyFailed(ORBUtilSystemException.java:6659)
	at com.sun.corba.se.impl.logging.ORBUtilSystemException.threadGroupDestroyFailed(ORBUtilSystemException.java:6682)
	at RandoopTest0.test4(RandoopTest0.java:83)
	at sun.reflect.NativeMethodAccessorImpl.invoke0(Native Method)
	at sun.reflect.NativeMethodAccessorImpl.invoke(NativeMethodAccessorImpl.java:57)
	at sun.reflect.DelegatingMethodAccessorImpl.invoke(DelegatingMethodAccessorImpl.java:43)
	at java.lang.reflect.Method.invoke(Method.java:606)
	at junit.framework.TestCase.runTest(TestCase.java:168)
	at junit.framework.TestCase.runBare(TestCase.java:134)
	at junit.framework.TestResult$1.protect(TestResult.java:110)
	at junit.framework.TestResult.runProtected(TestResult.java:128)
	at junit.framework.TestResult.run(TestResult.java:113)
	at junit.framework.TestCase.run(TestCase.java:124)
	at junit.framework.TestSuite.runTest(TestSuite.java:243)
	at junit.framework.TestSuite.run(TestSuite.java:238)
	at junit.framework.TestSuite.runTest(TestSuite.java:243)
	at junit.framework.TestSuite.run(TestSuite.java:238)
	at junit.textui.TestRunner.doRun(TestRunner.java:116)
	at RandoopTest.main(RandoopTest.java:8)

Dec 11, 2017 3:06:09 PM RandoopTest0 test4
WARNING: "IOP01210210: (BAD_OPERATION) Tried to insert an object of an incompatible type into an Any for an object reference"
org.omg.CORBA.BAD_OPERATION:   vmcid: SUN  minor code: 210  completed: No
	at com.sun.corba.se.impl.logging.ORBUtilSystemException.insertObjectIncompatible(ORBUtilSystemException.java:305)
	at com.sun.corba.se.impl.logging.ORBUtilSystemException.insertObjectIncompatible(ORBUtilSystemException.java:327)
	at RandoopTest0.test4(RandoopTest0.java:84)
	at sun.reflect.NativeMethodAccessorImpl.invoke0(Native Method)
	at sun.reflect.NativeMethodAccessorImpl.invoke(NativeMethodAccessorImpl.java:57)
	at sun.reflect.DelegatingMethodAccessorImpl.invoke(DelegatingMethodAccessorImpl.java:43)
	at java.lang.reflect.Method.invoke(Method.java:606)
	at junit.framework.TestCase.runTest(TestCase.java:168)
	at junit.framework.TestCase.runBare(TestCase.java:134)
	at junit.framework.TestResult$1.protect(TestResult.java:110)
	at junit.framework.TestResult.runProtected(TestResult.java:128)
	at junit.framework.TestResult.run(TestResult.java:113)
	at junit.framework.TestCase.run(TestCase.java:124)
	at junit.framework.TestSuite.runTest(TestSuite.java:243)
	at junit.framework.TestSuite.run(TestSuite.java:238)
	at junit.framework.TestSuite.runTest(TestSuite.java:243)
	at junit.framework.TestSuite.run(TestSuite.java:238)
	at junit.textui.TestRunner.doRun(TestRunner.java:116)
	at RandoopTest.main(RandoopTest.java:8)

Dec 11, 2017 3:06:09 PM RandoopTest0 test2
WARNING: "IOP00410215: (COMM_FAILURE) Read of full message failed : bytes requested = 0 bytes read = # max wait time = -1 total time spent waiting = 0"
org.omg.CORBA.COMM_FAILURE:   vmcid: SUN  minor code: 215  completed: No
	at com.sun.corba.se.impl.logging.ORBUtilSystemException.transportReadTimeoutExceeded(ORBUtilSystemException.java:2600)
	at com.sun.corba.se.impl.logging.ORBUtilSystemException.transportReadTimeoutExceeded(ORBUtilSystemException.java:2626)
	at RandoopTest0.test2(RandoopTest0.java:43)
	at sun.reflect.NativeMethodAccessorImpl.invoke0(Native Method)
	at sun.reflect.NativeMethodAccessorImpl.invoke(NativeMethodAccessorImpl.java:57)
	at sun.reflect.DelegatingMethodAccessorImpl.invoke(DelegatingMethodAccessorImpl.java:43)
	at java.lang.reflect.Method.invoke(Method.java:606)
	at junit.framework.TestCase.runTest(TestCase.java:168)
	at junit.framework.TestCase.runBare(TestCase.java:134)
	at junit.framework.TestResult$1.protect(TestResult.java:110)
	at junit.framework.TestResult.runProtected(TestResult.java:128)
	at junit.framework.TestResult.run(TestResult.java:113)
	at junit.framework.TestCase.run(TestCase.java:124)
	at junit.framework.TestSuite.runTest(TestSuite.java:243)
	at junit.framework.TestSuite.run(TestSuite.java:238)
	at junit.framework.TestSuite.runTest(TestSuite.java:243)
	at junit.framework.TestSuite.run(TestSuite.java:238)
	at junit.textui.TestRunner.doRun(TestRunner.java:116)
	at RandoopTest.main(RandoopTest.java:8)

Dec 11, 2017 3:06:09 PM RandoopTest0 test2
WARNING: "IOP00710295: (INTERNAL) Java stream initialization failed"
org.omg.CORBA.INTERNAL:   vmcid: SUN  minor code: 295  completed: No
	at com.sun.corba.se.impl.logging.ORBUtilSystemException.javaStreamInitFailed(ORBUtilSystemException.java:6186)
	at com.sun.corba.se.impl.logging.ORBUtilSystemException.javaStreamInitFailed(ORBUtilSystemException.java:6208)
	at RandoopTest0.test2(RandoopTest0.java:44)
	at sun.reflect.NativeMethodAccessorImpl.invoke0(Native Method)
	at sun.reflect.NativeMethodAccessorImpl.invoke(NativeMethodAccessorImpl.java:57)
	at sun.reflect.DelegatingMethodAccessorImpl.invoke(DelegatingMethodAccessorImpl.java:43)
	at java.lang.reflect.Method.invoke(Method.java:606)
	at junit.framework.TestCase.runTest(TestCase.java:168)
	at junit.framework.TestCase.runBare(TestCase.java:134)
	at junit.framework.TestResult$1.protect(TestResult.java:110)
	at junit.framework.TestResult.runProtected(TestResult.java:128)
	at junit.framework.TestResult.run(TestResult.java:113)
	at junit.framework.TestCase.run(TestCase.java:124)
	at junit.framework.TestSuite.runTest(TestSuite.java:243)
	at junit.framework.TestSuite.run(TestSuite.java:238)
	at junit.framework.TestSuite.runTest(TestSuite.java:243)
	at junit.framework.TestSuite.run(TestSuite.java:238)
	at junit.textui.TestRunner.doRun(TestRunner.java:116)
	at RandoopTest.main(RandoopTest.java:8)

Dec 11, 2017 3:06:09 PM RandoopTest0 test2
WARNING: "IOP02510203: (OBJECT_NOT_EXIST) No skeleton found in the server that matches the target object key"
org.omg.CORBA.OBJECT_NOT_EXIST:   vmcid: SUN  minor code: 203  completed: No
	at com.sun.corba.se.impl.logging.ORBUtilSystemException.badSkeleton(ORBUtilSystemException.java:8665)
	at com.sun.corba.se.impl.logging.ORBUtilSystemException.badSkeleton(ORBUtilSystemException.java:8683)
	at RandoopTest0.test2(RandoopTest0.java:45)
	at sun.reflect.NativeMethodAccessorImpl.invoke0(Native Method)
	at sun.reflect.NativeMethodAccessorImpl.invoke(NativeMethodAccessorImpl.java:57)
	at sun.reflect.DelegatingMethodAccessorImpl.invoke(DelegatingMethodAccessorImpl.java:43)
	at java.lang.reflect.Method.invoke(Method.java:606)
	at junit.framework.TestCase.runTest(TestCase.java:168)
	at junit.framework.TestCase.runBare(TestCase.java:134)
	at junit.framework.TestResult$1.protect(TestResult.java:110)
	at junit.framework.TestResult.runProtected(TestResult.java:128)
	at junit.framework.TestResult.run(TestResult.java:113)
	at junit.framework.TestCase.run(TestCase.java:124)
	at junit.framework.TestSuite.runTest(TestSuite.java:243)
	at junit.framework.TestSuite.run(TestSuite.java:238)
	at junit.framework.TestSuite.runTest(TestSuite.java:243)
	at junit.framework.TestSuite.run(TestSuite.java:238)
	at junit.textui.TestRunner.doRun(TestRunner.java:116)
	at RandoopTest.main(RandoopTest.java:8)
Caused by: org.omg.CORBA.INTERNAL:   vmcid: SUN  minor code: 295  completed: No
	at com.sun.corba.se.impl.logging.ORBUtilSystemException.javaStreamInitFailed(ORBUtilSystemException.java:6186)
	at com.sun.corba.se.impl.logging.ORBUtilSystemException.javaStreamInitFailed(ORBUtilSystemException.java:6208)
	at RandoopTest0.test2(RandoopTest0.java:44)
	... 16 more

Dec 11, 2017 3:06:09 PM RandoopTest0 test1
WARNING: "IOP00110201: (BAD_PARAM) Null parameter"
org.omg.CORBA.BAD_PARAM:   vmcid: SUN  minor code: 201  completed: No
	at com.sun.corba.se.impl.logging.ORBUtilSystemException.nullParam(ORBUtilSystemException.java:1127)
	at com.sun.corba.se.impl.logging.ORBUtilSystemException.nullParam(ORBUtilSystemException.java:1149)
	at RandoopTest0.test1(RandoopTest0.java:15)
	at sun.reflect.NativeMethodAccessorImpl.invoke0(Native Method)
	at sun.reflect.NativeMethodAccessorImpl.invoke(NativeMethodAccessorImpl.java:57)
	at sun.reflect.DelegatingMethodAccessorImpl.invoke(DelegatingMethodAccessorImpl.java:43)
	at java.lang.reflect.Method.invoke(Method.java:606)
	at junit.framework.TestCase.runTest(TestCase.java:168)
	at junit.framework.TestCase.runBare(TestCase.java:134)
	at junit.framework.TestResult$1.protect(TestResult.java:110)
	at junit.framework.TestResult.runProtected(TestResult.java:128)
	at junit.framework.TestResult.run(TestResult.java:113)
	at junit.framework.TestCase.run(TestCase.java:124)
	at junit.framework.TestSuite.runTest(TestSuite.java:243)
	at junit.framework.TestSuite.run(TestSuite.java:238)
	at junit.framework.TestSuite.runTest(TestSuite.java:243)
	at junit.framework.TestSuite.run(TestSuite.java:238)
	at junit.textui.TestRunner.doRun(TestRunner.java:116)
	at RandoopTest.main(RandoopTest.java:8)

Dec 11, 2017 3:06:09 PM RandoopTest0 test1
WARNING: "IOP00710201: (INTERNAL) Non-existent ORB ID"
org.omg.CORBA.INTERNAL:   vmcid: SUN  minor code: 201  completed: No
	at com.sun.corba.se.impl.logging.ORBUtilSystemException.nonExistentOrbid(ORBUtilSystemException.java:3675)
	at com.sun.corba.se.impl.logging.ORBUtilSystemException.nonExistentOrbid(ORBUtilSystemException.java:3697)
	at RandoopTest0.test1(RandoopTest0.java:16)
	at sun.reflect.NativeMethodAccessorImpl.invoke0(Native Method)
	at sun.reflect.NativeMethodAccessorImpl.invoke(NativeMethodAccessorImpl.java:57)
	at sun.reflect.DelegatingMethodAccessorImpl.invoke(DelegatingMethodAccessorImpl.java:43)
	at java.lang.reflect.Method.invoke(Method.java:606)
	at junit.framework.TestCase.runTest(TestCase.java:168)
	at junit.framework.TestCase.runBare(TestCase.java:134)
	at junit.framework.TestResult$1.protect(TestResult.java:110)
	at junit.framework.TestResult.runProtected(TestResult.java:128)
	at junit.framework.TestResult.run(TestResult.java:113)
	at junit.framework.TestCase.run(TestCase.java:124)
	at junit.framework.TestSuite.runTest(TestSuite.java:243)
	at junit.framework.TestSuite.run(TestSuite.java:238)
	at junit.framework.TestSuite.runTest(TestSuite.java:243)
	at junit.framework.TestSuite.run(TestSuite.java:238)
	at junit.textui.TestRunner.doRun(TestRunner.java:116)
	at RandoopTest.main(RandoopTest.java:8)

Dec 11, 2017 3:06:09 PM RandoopTest0 test1
WARNING: "IOP00810231: (MARSHAL) Bad typecode found for custom valuetype"
org.omg.CORBA.MARSHAL:   vmcid: SUN  minor code: 231  completed: No
	at com.sun.corba.se.impl.logging.ORBUtilSystemException.badTypecodeForCustomValue(ORBUtilSystemException.java:7547)
	at com.sun.corba.se.impl.logging.ORBUtilSystemException.badTypecodeForCustomValue(ORBUtilSystemException.java:7565)
	at RandoopTest0.test1(RandoopTest0.java:17)
	at sun.reflect.NativeMethodAccessorImpl.invoke0(Native Method)
	at sun.reflect.NativeMethodAccessorImpl.invoke(NativeMethodAccessorImpl.java:57)
	at sun.reflect.DelegatingMethodAccessorImpl.invoke(DelegatingMethodAccessorImpl.java:43)
	at java.lang.reflect.Method.invoke(Method.java:606)
	at junit.framework.TestCase.runTest(TestCase.java:168)
	at junit.framework.TestCase.runBare(TestCase.java:134)
	at junit.framework.TestResult$1.protect(TestResult.java:110)
	at junit.framework.TestResult.runProtected(TestResult.java:128)
	at junit.framework.TestResult.run(TestResult.java:113)
	at junit.framework.TestCase.run(TestCase.java:124)
	at junit.framework.TestSuite.runTest(TestSuite.java:243)
	at junit.framework.TestSuite.run(TestSuite.java:238)
	at junit.framework.TestSuite.runTest(TestSuite.java:243)
	at junit.framework.TestSuite.run(TestSuite.java:238)
	at junit.textui.TestRunner.doRun(TestRunner.java:116)
	at RandoopTest.main(RandoopTest.java:8)
Caused by: org.omg.CORBA.INTERNAL:   vmcid: SUN  minor code: 201  completed: No
	at com.sun.corba.se.impl.logging.ORBUtilSystemException.nonExistentOrbid(ORBUtilSystemException.java:3675)
	at com.sun.corba.se.impl.logging.ORBUtilSystemException.nonExistentOrbid(ORBUtilSystemException.java:3697)
	at RandoopTest0.test1(RandoopTest0.java:16)
	... 16 more

