........................
Time: 0.187

OK (24 tests)

Cycle length is4
before
after
Reached this
# of deadlocks detected 0
THE SIZE OF THE TRACE OMEN 18160
Exiting analysis
on"
org.omg.CORBA.UNKNOWN:   vmcid: SUN  minor code: 205  completed: No
	at com.sun.corba.se.impl.logging.ORBUtilSystemException.unknownSysex(ORBUtilSystemException.java:8953)
	at com.sun.corba.se.impl.logging.ORBUtilSystemException.unknownSysex(ORBUtilSystemException.java:8975)
	at RandoopTest0.test24(RandoopTest0.java:845)
	at sun.reflect.NativeMethodAccessorImpl.invoke0(Native Method)
	at sun.reflect.NativeMethodAccessorImpl.invoke(NativeMethodAccessorImpl.java:57)
	at sun.reflect.DelegatingMethodAccessorImpl.invoke(DelegatingMethodAccessorImpl.java:43)
	at java.lang.reflect.Method.invoke(Method.java:606)
	at junit.framework.TestCase.runTest(TestCase.java:168)
	at junit.framework.TestCase.runBare(TestCase.java:134)
	at junit.framework.TestResult$1.protect(TestResult.java:110)
	at junit.framework.TestResult.runProtected(TestResult.java:128)
	at junit.framework.TestResult.run(TestResult.java:113)
	at junit.framework.TestCase.run(TestCase.java:124)
	at junit.framework.TestSuite.runTest(TestSuite.java:243)
	at junit.framework.TestSuite.run(TestSuite.java:238)
	at junit.framework.TestSuite.runTest(TestSuite.java:243)
	at junit.framework.TestSuite.run(TestSuite.java:238)
	at junit.textui.TestRunner.doRun(TestRunner.java:116)
	at RandoopTest.main(RandoopTest.java:8)

Dec 11, 2017 3:05:33 PM RandoopTest0 test24
WARNING: "IOP00710242: (INTERNAL) Assertion failed: statement not reachable (5)"
org.omg.CORBA.INTERNAL:   vmcid: SUN  minor code: 242  completed: No
	at com.sun.corba.se.impl.logging.ORBUtilSystemException.statementNotReachable5(ORBUtilSystemException.java:4769)
	at com.sun.corba.se.impl.logging.ORBUtilSystemException.statementNotReachable5(ORBUtilSystemException.java:4791)
	at RandoopTest0.test24(RandoopTest0.java:846)
	at sun.reflect.NativeMethodAccessorImpl.invoke0(Native Method)
	at sun.reflect.NativeMethodAccessorImpl.invoke(NativeMethodAccessorImpl.java:57)
	at sun.reflect.DelegatingMethodAccessorImpl.invoke(DelegatingMethodAccessorImpl.java:43)
	at java.lang.reflect.Method.invoke(Method.java:606)
	at junit.framework.TestCase.runTest(TestCase.java:168)
	at junit.framework.TestCase.runBare(TestCase.java:134)
	at junit.framework.TestResult$1.protect(TestResult.java:110)
	at junit.framework.TestResult.runProtected(TestResult.java:128)
	at junit.framework.TestResult.run(TestResult.java:113)
	at junit.framework.TestCase.run(TestCase.java:124)
	at junit.framework.TestSuite.runTest(TestSuite.java:243)
	at junit.framework.TestSuite.run(TestSuite.java:238)
	at junit.framework.TestSuite.runTest(TestSuite.java:243)
	at junit.framework.TestSuite.run(TestSuite.java:238)
	at junit.textui.TestRunner.doRun(TestRunner.java:116)
	at RandoopTest.main(RandoopTest.java:8)

Dec 11, 2017 3:05:33 PM RandoopTest0 test24
WARNING: "IOP01210231: (BAD_OPERATION) extract_Object failed on an uninitialized Any"
org.omg.CORBA.BAD_OPERATION:   vmcid: SUN  minor code: 231  completed: No
	at com.sun.corba.se.impl.logging.ORBUtilSystemException.extractObjectFailed(ORBUtilSystemException.java:670)
	at com.sun.corba.se.impl.logging.ORBUtilSystemException.extractObjectFailed(ORBUtilSystemException.java:692)
	at RandoopTest0.test24(RandoopTest0.java:847)
	at sun.reflect.NativeMethodAccessorImpl.invoke0(Native Method)
	at sun.reflect.NativeMethodAccessorImpl.invoke(NativeMethodAccessorImpl.java:57)
	at sun.reflect.DelegatingMethodAccessorImpl.invoke(DelegatingMethodAccessorImpl.java:43)
	at java.lang.reflect.Method.invoke(Method.java:606)
	at junit.framework.TestCase.runTest(TestCase.java:168)
	at junit.framework.TestCase.runBare(TestCase.java:134)
	at junit.framework.TestResult$1.protect(TestResult.java:110)
	at junit.framework.TestResult.runProtected(TestResult.java:128)
	at junit.framework.TestResult.run(TestResult.java:113)
	at junit.framework.TestCase.run(TestCase.java:124)
	at junit.framework.TestSuite.runTest(TestSuite.java:243)
	at junit.framework.TestSuite.run(TestSuite.java:238)
	at junit.framework.TestSuite.runTest(TestSuite.java:243)
	at junit.framework.TestSuite.run(TestSuite.java:238)
	at junit.textui.TestRunner.doRun(TestRunner.java:116)
	at RandoopTest.main(RandoopTest.java:8)

Dec 11, 2017 3:05:33 PM RandoopTest0 test23
WARNING: "IOP00010205: (UNKNOWN) Error while unmarshalling SystemException"
org.omg.CORBA.UNKNOWN:   vmcid: SUN  minor code: 205  completed: No
	at com.sun.corba.se.impl.logging.ORBUtilSystemException.unknownSysex(ORBUtilSystemException.java:8953)
	at com.sun.corba.se.impl.logging.ORBUtilSystemException.unknownSysex(ORBUtilSystemException.java:8975)
	at RandoopTest0.test23(RandoopTest0.java:773)
	at sun.reflect.NativeMethodAccessorImpl.invoke0(Native Method)
	at sun.reflect.NativeMethodAccessorImpl.invoke(NativeMethodAccessorImpl.java:57)
	at sun.reflect.DelegatingMethodAccessorImpl.invoke(DelegatingMethodAccessorImpl.java:43)
	at java.lang.reflect.Method.invoke(Method.java:606)
	at junit.framework.TestCase.runTest(TestCase.java:168)
	at junit.framework.TestCase.runBare(TestCase.java:134)
	at junit.framework.TestResult$1.protect(TestResult.java:110)
	at junit.framework.TestResult.runProtected(TestResult.java:128)
	at junit.framework.TestResult.run(TestResult.java:113)
	at junit.framework.TestCase.run(TestCase.java:124)
	at junit.framework.TestSuite.runTest(TestSuite.java:243)
	at junit.framework.TestSuite.run(TestSuite.java:238)
	at junit.framework.TestSuite.runTest(TestSuite.java:243)
	at junit.framework.TestSuite.run(TestSuite.java:238)
	at junit.textui.TestRunner.doRun(TestRunner.java:116)
	at RandoopTest.main(RandoopTest.java:8)

Dec 11, 2017 3:05:33 PM RandoopTest0 test23
WARNING: "IOP00710242: (INTERNAL) Assertion failed: statement not reachable (5)"
org.omg.CORBA.INTERNAL:   vmcid: SUN  minor code: 242  completed: No
	at com.sun.corba.se.impl.logging.ORBUtilSystemException.statementNotReachable5(ORBUtilSystemException.java:4769)
	at com.sun.corba.se.impl.logging.ORBUtilSystemException.statementNotReachable5(ORBUtilSystemException.java:4791)
	at RandoopTest0.test23(RandoopTest0.java:774)
	at sun.reflect.NativeMethodAccessorImpl.invoke0(Native Method)
	at sun.reflect.NativeMethodAccessorImpl.invoke(NativeMethodAccessorImpl.java:57)
	at sun.reflect.DelegatingMethodAccessorImpl.invoke(DelegatingMethodAccessorImpl.java:43)
	at java.lang.reflect.Method.invoke(Method.java:606)
	at junit.framework.TestCase.runTest(TestCase.java:168)
	at junit.framework.TestCase.runBare(TestCase.java:134)
	at junit.framework.TestResult$1.protect(TestResult.java:110)
	at junit.framework.TestResult.runProtected(TestResult.java:128)
	at junit.framework.TestResult.run(TestResult.java:113)
	at junit.framework.TestCase.run(TestCase.java:124)
	at junit.framework.TestSuite.runTest(TestSuite.java:243)
	at junit.framework.TestSuite.run(TestSuite.java:238)
	at junit.framework.TestSuite.runTest(TestSuite.java:243)
	at junit.framework.TestSuite.run(TestSuite.java:238)
	at junit.textui.TestRunner.doRun(TestRunner.java:116)
	at RandoopTest.main(RandoopTest.java:8)

Dec 11, 2017 3:05:33 PM RandoopTest0 test23
WARNING: "IOP00010205: (UNKNOWN) Error while unmarshalling SystemException"
org.omg.CORBA.UNKNOWN:   vmcid: SUN  minor code: 205  completed: No
	at com.sun.corba.se.impl.logging.ORBUtilSystemException.unknownSysex(ORBUtilSystemException.java:8953)
	at com.sun.corba.se.impl.logging.ORBUtilSystemException.unknownSysex(ORBUtilSystemException.java:8975)
	at RandoopTest0.test23(RandoopTest0.java:775)
	at sun.reflect.NativeMethodAccessorImpl.invoke0(Native Method)
	at sun.reflect.NativeMethodAccessorImpl.invoke(NativeMethodAccessorImpl.java:57)
	at sun.reflect.DelegatingMethodAccessorImpl.invoke(DelegatingMethodAccessorImpl.java:43)
	at java.lang.reflect.Method.invoke(Method.java:606)
	at junit.framework.TestCase.runTest(TestCase.java:168)
	at junit.framework.TestCase.runBare(TestCase.java:134)
	at junit.framework.TestResult$1.protect(TestResult.java:110)
	at junit.framework.TestResult.runProtected(TestResult.java:128)
	at junit.framework.TestResult.run(TestResult.java:113)
	at junit.framework.TestCase.run(TestCase.java:124)
	at junit.framework.TestSuite.runTest(TestSuite.java:243)
	at junit.framework.TestSuite.run(TestSuite.java:238)
	at junit.framework.TestSuite.runTest(TestSuite.java:243)
	at junit.framework.TestSuite.run(TestSuite.java:238)
	at junit.textui.TestRunner.doRun(TestRunner.java:116)
	at RandoopTest.main(RandoopTest.java:8)

Dec 11, 2017 3:05:33 PM RandoopTest0 test23
WARNING: "IOP00710253: (INTERNAL) Bad CompletionStatus false in reply"
org.omg.CORBA.INTERNAL:   vmcid: SUN  minor code: 253  completed: No
	at com.sun.corba.se.impl.logging.ORBUtilSystemException.badCompletionStatusInReply(ORBUtilSystemException.java:5079)
	at com.sun.corba.se.impl.logging.ORBUtilSystemException.badCompletionStatusInReply(ORBUtilSystemException.java:5102)
	at RandoopTest0.test23(RandoopTest0.java:776)
	at sun.reflect.NativeMethodAccessorImpl.invoke0(Native Method)
	at sun.reflect.NativeMethodAccessorImpl.invoke(NativeMethodAccessorImpl.java:57)
	at sun.reflect.DelegatingMethodAccessorImpl.invoke(DelegatingMethodAccessorImpl.java:43)
	at java.lang.reflect.Method.invoke(Method.java:606)
	at junit.framework.TestCase.runTest(TestCase.java:168)
	at junit.framework.TestCase.runBare(TestCase.java:134)
	at junit.framework.TestResult$1.protect(TestResult.java:110)
	at junit.framework.TestResult.runProtected(TestResult.java:128)
	at junit.framework.TestResult.run(TestResult.java:113)
	at junit.framework.TestCase.run(TestCase.java:124)
	at junit.framework.TestSuite.runTest(TestSuite.java:243)
	at junit.framework.TestSuite.run(TestSuite.java:238)
	at junit.framework.TestSuite.runTest(TestSuite.java:243)
	at junit.framework.TestSuite.run(TestSuite.java:238)
	at junit.textui.TestRunner.doRun(TestRunner.java:116)
	at RandoopTest.main(RandoopTest.java:8)

Dec 11, 2017 3:05:33 PM RandoopTest0 test23
WARNING: "IOP00710201: (INTERNAL) Non-existent ORB ID"
org.omg.CORBA.INTERNAL:   vmcid: SUN  minor code: 201  completed: No
	at com.sun.corba.se.impl.logging.ORBUtilSystemException.nonExistentOrbid(ORBUtilSystemException.java:3675)
	at com.sun.corba.se.impl.logging.ORBUtilSystemException.nonExistentOrbid(ORBUtilSystemException.java:3697)
	at RandoopTest0.test23(RandoopTest0.java:779)
	at sun.reflect.NativeMethodAccessorImpl.invoke0(Native Method)
	at sun.reflect.NativeMethodAccessorImpl.invoke(NativeMethodAccessorImpl.java:57)
	at sun.reflect.DelegatingMethodAccessorImpl.invoke(DelegatingMethodAccessorImpl.java:43)
	at java.lang.reflect.Method.invoke(Method.java:606)
	at junit.framework.TestCase.runTest(TestCase.java:168)
	at junit.framework.TestCase.runBare(TestCase.java:134)
	at junit.framework.TestResult$1.protect(TestResult.java:110)
	at junit.framework.TestResult.runProtected(TestResult.java:128)
	at junit.framework.TestResult.run(TestResult.java:113)
	at junit.framework.TestCase.run(TestCase.java:124)
	at junit.framework.TestSuite.runTest(TestSuite.java:243)
	at junit.framework.TestSuite.run(TestSuite.java:238)
	at junit.framework.TestSuite.runTest(TestSuite.java:243)
	at junit.framework.TestSuite.run(TestSuite.java:238)
	at junit.textui.TestRunner.doRun(TestRunner.java:116)
	at RandoopTest.main(RandoopTest.java:8)

Dec 11, 2017 3:05:33 PM RandoopTest0 test23
WARNING: "IOP00810233: (MARSHAL) A bad digit was found while marshalling an IDL fixed type"
org.omg.CORBA.MARSHAL:   vmcid: SUN  minor code: 233  completed: No
	at com.sun.corba.se.impl.logging.ORBUtilSystemException.badDigitInFixed(ORBUtilSystemException.java:7603)
	at com.sun.corba.se.impl.logging.ORBUtilSystemException.badDigitInFixed(ORBUtilSystemException.java:7621)
	at RandoopTest0.test23(RandoopTest0.java:780)
	at sun.reflect.NativeMethodAccessorImpl.invoke0(Native Method)
	at sun.reflect.NativeMethodAccessorImpl.invoke(NativeMethodAccessorImpl.java:57)
	at sun.reflect.DelegatingMethodAccessorImpl.invoke(DelegatingMethodAccessorImpl.java:43)
	at java.lang.reflect.Method.invoke(Method.java:606)
	at junit.framework.TestCase.runTest(TestCase.java:168)
	at junit.framework.TestCase.runBare(TestCase.java:134)
	at junit.framework.TestResult$1.protect(TestResult.java:110)
	at junit.framework.TestResult.runProtected(TestResult.java:128)
	at junit.framework.TestResult.run(TestResult.java:113)
	at junit.framework.TestCase.run(TestCase.java:124)
	at junit.framework.TestSuite.runTest(TestSuite.java:243)
	at junit.framework.TestSuite.run(TestSuite.java:238)
	at junit.framework.TestSuite.runTest(TestSuite.java:243)
	at junit.framework.TestSuite.run(TestSuite.java:238)
	at junit.textui.TestRunner.doRun(TestRunner.java:116)
	at RandoopTest.main(RandoopTest.java:8)
Caused by: org.omg.CORBA.INTERNAL:   vmcid: SUN  minor code: 201  completed: No
	at com.sun.corba.se.impl.logging.ORBUtilSystemException.nonExistentOrbid(ORBUtilSystemException.java:3675)
	at com.sun.corba.se.impl.logging.ORBUtilSystemException.nonExistentOrbid(ORBUtilSystemException.java:3697)
	at RandoopTest0.test23(RandoopTest0.java:779)
	... 16 more

Dec 11, 2017 3:05:33 PM RandoopTest0 test23
WARNING: "IOP00110209: (BAD_PARAM) Malformed URL -1"
org.omg.CORBA.BAD_PARAM:   vmcid: SUN  minor code: 209  completed: No
	at com.sun.corba.se.impl.logging.ORBUtilSystemException.badUrl(ORBUtilSystemException.java:1352)
	at com.sun.corba.se.impl.logging.ORBUtilSystemException.badUrl(ORBUtilSystemException.java:1375)
	at RandoopTest0.test23(RandoopTest0.java:781)
	at sun.reflect.NativeMethodAccessorImpl.invoke0(Native Method)
	at sun.reflect.NativeMethodAccessorImpl.invoke(NativeMethodAccessorImpl.java:57)
	at sun.reflect.DelegatingMethodAccessorImpl.invoke(DelegatingMethodAccessorImpl.java:43)
	at java.lang.reflect.Method.invoke(Method.java:606)
	at junit.framework.TestCase.runTest(TestCase.java:168)
	at junit.framework.TestCase.runBare(TestCase.java:134)
	at junit.framework.TestResult$1.protect(TestResult.java:110)
	at junit.framework.TestResult.runProtected(TestResult.java:128)
	at junit.framework.TestResult.run(TestResult.java:113)
	at junit.framework.TestCase.run(TestCase.java:124)
	at junit.framework.TestSuite.runTest(TestSuite.java:243)
	at junit.framework.TestSuite.run(TestSuite.java:238)
	at junit.framework.TestSuite.runTest(TestSuite.java:243)
	at junit.framework.TestSuite.run(TestSuite.java:238)
	at junit.textui.TestRunner.doRun(TestRunner.java:116)
	at RandoopTest.main(RandoopTest.java:8)

Dec 11, 2017 3:05:33 PM RandoopTest0 test23
WARNING: "IOP00710201: (INTERNAL) Non-existent ORB ID"
org.omg.CORBA.INTERNAL:   vmcid: SUN  minor code: 201  completed: No
	at com.sun.corba.se.impl.logging.ORBUtilSystemException.nonExistentOrbid(ORBUtilSystemException.java:3675)
	at com.sun.corba.se.impl.logging.ORBUtilSystemException.nonExistentOrbid(ORBUtilSystemException.java:3697)
	at RandoopTest0.test23(RandoopTest0.java:784)
	at sun.reflect.NativeMethodAccessorImpl.invoke0(Native Method)
	at sun.reflect.NativeMethodAccessorImpl.invoke(NativeMethodAccessorImpl.java:57)
	at sun.reflect.DelegatingMethodAccessorImpl.invoke(DelegatingMethodAccessorImpl.java:43)
	at java.lang.reflect.Method.invoke(Method.java:606)
	at junit.framework.TestCase.runTest(TestCase.java:168)
	at junit.framework.TestCase.runBare(TestCase.java:134)
	at junit.framework.TestResult$1.protect(TestResult.java:110)
	at junit.framework.TestResult.runProtected(TestResult.java:128)
	at junit.framework.TestResult.run(TestResult.java:113)
	at junit.framework.TestCase.run(TestCase.java:124)
	at junit.framework.TestSuite.runTest(TestSuite.java:243)
	at junit.framework.TestSuite.run(TestSuite.java:238)
	at junit.framework.TestSuite.runTest(TestSuite.java:243)
	at junit.framework.TestSuite.run(TestSuite.java:238)
	at junit.textui.TestRunner.doRun(TestRunner.java:116)
	at RandoopTest.main(RandoopTest.java:8)

Dec 11, 2017 3:05:33 PM RandoopTest0 test23
WARNING: "IOP00810233: (MARSHAL) A bad digit was found while marshalling an IDL fixed type"
org.omg.CORBA.MARSHAL:   vmcid: SUN  minor code: 233  completed: No
	at com.sun.corba.se.impl.logging.ORBUtilSystemException.badDigitInFixed(ORBUtilSystemException.java:7603)
	at com.sun.corba.se.impl.logging.ORBUtilSystemException.badDigitInFixed(ORBUtilSystemException.java:7621)
	at RandoopTest0.test23(RandoopTest0.java:785)
	at sun.reflect.NativeMethodAccessorImpl.invoke0(Native Method)
	at sun.reflect.NativeMethodAccessorImpl.invoke(NativeMethodAccessorImpl.java:57)
	at sun.reflect.DelegatingMethodAccessorImpl.invoke(DelegatingMethodAccessorImpl.java:43)
	at java.lang.reflect.Method.invoke(Method.java:606)
	at junit.framework.TestCase.runTest(TestCase.java:168)
	at junit.framework.TestCase.runBare(TestCase.java:134)
	at junit.framework.TestResult$1.protect(TestResult.java:110)
	at junit.framework.TestResult.runProtected(TestResult.java:128)
	at junit.framework.TestResult.run(TestResult.java:113)
	at junit.framework.TestCase.run(TestCase.java:124)
	at junit.framework.TestSuite.runTest(TestSuite.java:243)
	at junit.framework.TestSuite.run(TestSuite.java:238)
	at junit.framework.TestSuite.runTest(TestSuite.java:243)
	at junit.framework.TestSuite.run(TestSuite.java:238)
	at junit.textui.TestRunner.doRun(TestRunner.java:116)
	at RandoopTest.main(RandoopTest.java:8)
Caused by: org.omg.CORBA.INTERNAL:   vmcid: SUN  minor code: 201  completed: No
	at com.sun.corba.se.impl.logging.ORBUtilSystemException.nonExistentOrbid(ORBUtilSystemException.java:3675)
	at com.sun.corba.se.impl.logging.ORBUtilSystemException.nonExistentOrbid(ORBUtilSystemException.java:3697)
	at RandoopTest0.test23(RandoopTest0.java:784)
	... 16 more

Dec 11, 2017 3:05:33 PM RandoopTest0 test23
WARNING: "IOP02410214: (DATA_CONVERSION) com.sun.corba.se.impl.logging.ORBUtilSystemException@1f488344 is not a valid custom socket factory"
org.omg.CORBA.DATA_CONVERSION:   vmcid: SUN  minor code: 214  completed: No
	at com.sun.corba.se.impl.logging.ORBUtilSystemException.badCustomSocketFactory(ORBUtilSystemException.java:3032)
	at com.sun.corba.se.impl.logging.ORBUtilSystemException.badCustomSocketFactory(ORBUtilSystemException.java:3055)
	at RandoopTest0.test23(RandoopTest0.java:786)
	at sun.reflect.NativeMethodAccessorImpl.invoke0(Native Method)
	at sun.reflect.NativeMethodAccessorImpl.invoke(NativeMethodAccessorImpl.java:57)
	at sun.reflect.DelegatingMethodAccessorImpl.invoke(DelegatingMethodAccessorImpl.java:43)
	at java.lang.reflect.Method.invoke(Method.java:606)
	at junit.framework.TestCase.runTest(TestCase.java:168)
	at junit.framework.TestCase.runBare(TestCase.java:134)
	at junit.framework.TestResult$1.protect(TestResult.java:110)
	at junit.framework.TestResult.runProtected(TestResult.java:128)
	at junit.framework.TestResult.run(TestResult.java:113)
	at junit.framework.TestCase.run(TestCase.java:124)
	at junit.framework.TestSuite.runTest(TestSuite.java:243)
	at junit.framework.TestSuite.run(TestSuite.java:238)
	at junit.framework.TestSuite.runTest(TestSuite.java:243)
	at junit.framework.TestSuite.run(TestSuite.java:238)
	at junit.textui.TestRunner.doRun(TestRunner.java:116)
	at RandoopTest.main(RandoopTest.java:8)

Dec 11, 2017 3:05:33 PM RandoopTest0 test23
WARNING: "IOP02410221: (DATA_CONVERSION) Acceptor class org.omg.CORBA.DATA_CONVERSION:   vmcid: SUN  minor code: 214  completed: No is not a subtype of Acceptor"
org.omg.CORBA.DATA_CONVERSION:   vmcid: SUN  minor code: 221  completed: No
	at com.sun.corba.se.impl.logging.ORBUtilSystemException.acceptorInstantiationTypeFailure(ORBUtilSystemException.java:3236)
	at com.sun.corba.se.impl.logging.ORBUtilSystemException.acceptorInstantiationTypeFailure(ORBUtilSystemException.java:3259)
	at RandoopTest0.test23(RandoopTest0.java:787)
	at sun.reflect.NativeMethodAccessorImpl.invoke0(Native Method)
	at sun.reflect.NativeMethodAccessorImpl.invoke(NativeMethodAccessorImpl.java:57)
	at sun.reflect.DelegatingMethodAccessorImpl.invoke(DelegatingMethodAccessorImpl.java:43)
	at java.lang.reflect.Method.invoke(Method.java:606)
	at junit.framework.TestCase.runTest(TestCase.java:168)
	at junit.framework.TestCase.runBare(TestCase.java:134)
	at junit.framework.TestResult$1.protect(TestResult.java:110)
	at junit.framework.TestResult.runProtected(TestResult.java:128)
	at junit.framework.TestResult.run(TestResult.java:113)
	at junit.framework.TestCase.run(TestCase.java:124)
	at junit.framework.TestSuite.runTest(TestSuite.java:243)
	at junit.framework.TestSuite.run(TestSuite.java:238)
	at junit.framework.TestSuite.runTest(TestSuite.java:243)
	at junit.framework.TestSuite.run(TestSuite.java:238)
	at junit.textui.TestRunner.doRun(TestRunner.java:116)
	at RandoopTest.main(RandoopTest.java:8)

Dec 11, 2017 3:05:33 PM RandoopTest0 test22
WARNING: "IOP00010205: (UNKNOWN) Error while unmarshalling SystemException"
org.omg.CORBA.UNKNOWN:   vmcid: SUN  minor code: 205  completed: No
	at com.sun.corba.se.impl.logging.ORBUtilSystemException.unknownSysex(ORBUtilSystemException.java:8953)
	at com.sun.corba.se.impl.logging.ORBUtilSystemException.unknownSysex(ORBUtilSystemException.java:8975)
	at RandoopTest0.test22(RandoopTest0.java:669)
	at sun.reflect.NativeMethodAccessorImpl.invoke0(Native Method)
	at sun.reflect.NativeMethodAccessorImpl.invoke(NativeMethodAccessorImpl.java:57)
	at sun.reflect.DelegatingMethodAccessorImpl.invoke(DelegatingMethodAccessorImpl.java:43)
	at java.lang.reflect.Method.invoke(Method.java:606)
	at junit.framework.TestCase.runTest(TestCase.java:168)
	at junit.framework.TestCase.runBare(TestCase.java:134)
	at junit.framework.TestResult$1.protect(TestResult.java:110)
	at junit.framework.TestResult.runProtected(TestResult.java:128)
	at junit.framework.TestResult.run(TestResult.java:113)
	at junit.framework.TestCase.run(TestCase.java:124)
	at junit.framework.TestSuite.runTest(TestSuite.java:243)
	at junit.framework.TestSuite.run(TestSuite.java:238)
	at junit.framework.TestSuite.runTest(TestSuite.java:243)
	at junit.framework.TestSuite.run(TestSuite.java:238)
	at junit.textui.TestRunner.doRun(TestRunner.java:116)
	at RandoopTest.main(RandoopTest.java:8)

Dec 11, 2017 3:05:33 PM RandoopTest0 test22
WARNING: "IOP00010205: (UNKNOWN) Error while unmarshalling SystemException"
org.omg.CORBA.UNKNOWN:   vmcid: SUN  minor code: 205  completed: No
	at com.sun.corba.se.impl.logging.ORBUtilSystemException.unknownSysex(ORBUtilSystemException.java:8953)
	at com.sun.corba.se.impl.logging.ORBUtilSystemException.unknownSysex(ORBUtilSystemException.java:8975)
	at RandoopTest0.test22(RandoopTest0.java:671)
	at sun.reflect.NativeMethodAccessorImpl.invoke0(Native Method)
	at sun.reflect.NativeMethodAccessorImpl.invoke(NativeMethodAccessorImpl.java:57)
	at sun.reflect.DelegatingMethodAccessorImpl.invoke(DelegatingMethodAccessorImpl.java:43)
	at java.lang.reflect.Method.invoke(Method.java:606)
	at junit.framework.TestCase.runTest(TestCase.java:168)
	at junit.framework.TestCase.runBare(TestCase.java:134)
	at junit.framework.TestResult$1.protect(TestResult.java:110)
	at junit.framework.TestResult.runProtected(TestResult.java:128)
	at junit.framework.TestResult.run(TestResult.java:113)
	at junit.framework.TestCase.run(TestCase.java:124)
	at junit.framework.TestSuite.runTest(TestSuite.java:243)
	at junit.framework.TestSuite.run(TestSuite.java:238)
	at junit.framework.TestSuite.runTest(TestSuite.java:243)
	at junit.framework.TestSuite.run(TestSuite.java:238)
	at junit.textui.TestRunner.doRun(TestRunner.java:116)
	at RandoopTest.main(RandoopTest.java:8)

Dec 11, 2017 3:05:33 PM RandoopTest0 test22
WARNING: "IOP00710242: (INTERNAL) Assertion failed: statement not reachable (5)"
org.omg.CORBA.INTERNAL:   vmcid: SUN  minor code: 242  completed: No
	at com.sun.corba.se.impl.logging.ORBUtilSystemException.statementNotReachable5(ORBUtilSystemException.java:4769)
	at com.sun.corba.se.impl.logging.ORBUtilSystemException.statementNotReachable5(ORBUtilSystemException.java:4791)
	at RandoopTest0.test22(RandoopTest0.java:672)
	at sun.reflect.NativeMethodAccessorImpl.invoke0(Native Method)
	at sun.reflect.NativeMethodAccessorImpl.invoke(NativeMethodAccessorImpl.java:57)
	at sun.reflect.DelegatingMethodAccessorImpl.invoke(DelegatingMethodAccessorImpl.java:43)
	at java.lang.reflect.Method.invoke(Method.java:606)
	at junit.framework.TestCase.runTest(TestCase.java:168)
	at junit.framework.TestCase.runBare(TestCase.java:134)
	at junit.framework.TestResult$1.protect(TestResult.java:110)
	at junit.framework.TestResult.runProtected(TestResult.java:128)
	at junit.framework.TestResult.run(TestResult.java:113)
	at junit.framework.TestCase.run(TestCase.java:124)
	at junit.framework.TestSuite.runTest(TestSuite.java:243)
	at junit.framework.TestSuite.run(TestSuite.java:238)
	at junit.framework.TestSuite.runTest(TestSuite.java:243)
	at junit.framework.TestSuite.run(TestSuite.java:238)
	at junit.textui.TestRunner.doRun(TestRunner.java:116)
	at RandoopTest.main(RandoopTest.java:8)

Dec 11, 2017 3:05:33 PM RandoopTest0 test22
WARNING: "IOP00010205: (UNKNOWN) Error while unmarshalling SystemException"
org.omg.CORBA.UNKNOWN:   vmcid: SUN  minor code: 205  completed: No
	at com.sun.corba.se.impl.logging.ORBUtilSystemException.unknownSysex(ORBUtilSystemException.java:8953)
	at com.sun.corba.se.impl.logging.ORBUtilSystemException.unknownSysex(ORBUtilSystemException.java:8975)
	at RandoopTest0.test22(RandoopTest0.java:673)
	at sun.reflect.NativeMethodAccessorImpl.invoke0(Native Method)
	at sun.reflect.NativeMethodAccessorImpl.invoke(NativeMethodAccessorImpl.java:57)
	at sun.reflect.DelegatingMethodAccessorImpl.invoke(DelegatingMethodAccessorImpl.java:43)
	at java.lang.reflect.Method.invoke(Method.java:606)
	at junit.framework.TestCase.runTest(TestCase.java:168)
	at junit.framework.TestCase.runBare(TestCase.java:134)
	at junit.framework.TestResult$1.protect(TestResult.java:110)
	at junit.framework.TestResult.runProtected(TestResult.java:128)
	at junit.framework.TestResult.run(TestResult.java:113)
	at junit.framework.TestCase.run(TestCase.java:124)
	at junit.framework.TestSuite.runTest(TestSuite.java:243)
	at junit.framework.TestSuite.run(TestSuite.java:238)
	at junit.framework.TestSuite.runTest(TestSuite.java:243)
	at junit.framework.TestSuite.run(TestSuite.java:238)
	at junit.textui.TestRunner.doRun(TestRunner.java:116)
	at RandoopTest.main(RandoopTest.java:8)

Dec 11, 2017 3:05:33 PM RandoopTest0 test22
WARNING: "IOP00710201: (INTERNAL) Non-existent ORB ID"
org.omg.CORBA.INTERNAL:   vmcid: SUN  minor code: 201  completed: No
	at com.sun.corba.se.impl.logging.ORBUtilSystemException.nonExistentOrbid(ORBUtilSystemException.java:3675)
	at com.sun.corba.se.impl.logging.ORBUtilSystemException.nonExistentOrbid(ORBUtilSystemException.java:3697)
	at RandoopTest0.test22(RandoopTest0.java:675)
	at sun.reflect.NativeMethodAccessorImpl.invoke0(Native Method)
	at sun.reflect.NativeMethodAccessorImpl.invoke(NativeMethodAccessorImpl.java:57)
	at sun.reflect.DelegatingMethodAccessorImpl.invoke(DelegatingMethodAccessorImpl.java:43)
	at java.lang.reflect.Method.invoke(Method.java:606)
	at junit.framework.TestCase.runTest(TestCase.java:168)
	at junit.framework.TestCase.runBare(TestCase.java:134)
	at junit.framework.TestResult$1.protect(TestResult.java:110)
	at junit.framework.TestResult.runProtected(TestResult.java:128)
	at junit.framework.TestResult.run(TestResult.java:113)
	at junit.framework.TestCase.run(TestCase.java:124)
	at junit.framework.TestSuite.runTest(TestSuite.java:243)
	at junit.framework.TestSuite.run(TestSuite.java:238)
	at junit.framework.TestSuite.runTest(TestSuite.java:243)
	at junit.framework.TestSuite.run(TestSuite.java:238)
	at junit.textui.TestRunner.doRun(TestRunner.java:116)
	at RandoopTest.main(RandoopTest.java:8)

Dec 11, 2017 3:05:33 PM RandoopTest0 test22
WARNING: "IOP00710201: (INTERNAL) Non-existent ORB ID"
org.omg.CORBA.INTERNAL:   vmcid: SUN  minor code: 201  completed: No
	at com.sun.corba.se.impl.logging.ORBUtilSystemException.nonExistentOrbid(ORBUtilSystemException.java:3675)
	at com.sun.corba.se.impl.logging.ORBUtilSystemException.nonExistentOrbid(ORBUtilSystemException.java:3697)
	at RandoopTest0.test22(RandoopTest0.java:678)
	at sun.reflect.NativeMethodAccessorImpl.invoke0(Native Method)
	at sun.reflect.NativeMethodAccessorImpl.invoke(NativeMethodAccessorImpl.java:57)
	at sun.reflect.DelegatingMethodAccessorImpl.invoke(DelegatingMethodAccessorImpl.java:43)
	at java.lang.reflect.Method.invoke(Method.java:606)
	at junit.framework.TestCase.runTest(TestCase.java:168)
	at junit.framework.TestCase.runBare(TestCase.java:134)
	at junit.framework.TestResult$1.protect(TestResult.java:110)
	at junit.framework.TestResult.runProtected(TestResult.java:128)
	at junit.framework.TestResult.run(TestResult.java:113)
	at junit.framework.TestCase.run(TestCase.java:124)
	at junit.framework.TestSuite.runTest(TestSuite.java:243)
	at junit.framework.TestSuite.run(TestSuite.java:238)
	at junit.framework.TestSuite.runTest(TestSuite.java:243)
	at junit.framework.TestSuite.run(TestSuite.java:238)
	at junit.textui.TestRunner.doRun(TestRunner.java:116)
	at RandoopTest.main(RandoopTest.java:8)

Dec 11, 2017 3:05:33 PM RandoopTest0 test22
WARNING: "IOP00810233: (MARSHAL) A bad digit was found while marshalling an IDL fixed type"
org.omg.CORBA.MARSHAL:   vmcid: SUN  minor code: 233  completed: No
	at com.sun.corba.se.impl.logging.ORBUtilSystemException.badDigitInFixed(ORBUtilSystemException.java:7603)
	at com.sun.corba.se.impl.logging.ORBUtilSystemException.badDigitInFixed(ORBUtilSystemException.java:7621)
	at RandoopTest0.test22(RandoopTest0.java:679)
	at sun.reflect.NativeMethodAccessorImpl.invoke0(Native Method)
	at sun.reflect.NativeMethodAccessorImpl.invoke(NativeMethodAccessorImpl.java:57)
	at sun.reflect.DelegatingMethodAccessorImpl.invoke(DelegatingMethodAccessorImpl.java:43)
	at java.lang.reflect.Method.invoke(Method.java:606)
	at junit.framework.TestCase.runTest(TestCase.java:168)
	at junit.framework.TestCase.runBare(TestCase.java:134)
	at junit.framework.TestResult$1.protect(TestResult.java:110)
	at junit.framework.TestResult.runProtected(TestResult.java:128)
	at junit.framework.TestResult.run(TestResult.java:113)
	at junit.framework.TestCase.run(TestCase.java:124)
	at junit.framework.TestSuite.runTest(TestSuite.java:243)
	at junit.framework.TestSuite.run(TestSuite.java:238)
	at junit.framework.TestSuite.runTest(TestSuite.java:243)
	at junit.framework.TestSuite.run(TestSuite.java:238)
	at junit.textui.TestRunner.doRun(TestRunner.java:116)
	at RandoopTest.main(RandoopTest.java:8)
Caused by: org.omg.CORBA.INTERNAL:   vmcid: SUN  minor code: 201  completed: No
	at com.sun.corba.se.impl.logging.ORBUtilSystemException.nonExistentOrbid(ORBUtilSystemException.java:3675)
	at com.sun.corba.se.impl.logging.ORBUtilSystemException.nonExistentOrbid(ORBUtilSystemException.java:3697)
	at RandoopTest0.test22(RandoopTest0.java:678)
	... 16 more

Dec 11, 2017 3:05:33 PM RandoopTest0 test22
WARNING: "IOP00710292: (INTERNAL) Unexpected exception occurred where no exception should occur"
org.omg.CORBA.INTERNAL:   vmcid: SUN  minor code: 292  completed: No
	at com.sun.corba.se.impl.logging.ORBUtilSystemException.unexpectedException(ORBUtilSystemException.java:6100)
	at com.sun.corba.se.impl.logging.ORBUtilSystemException.unexpectedException(ORBUtilSystemException.java:6118)
	at RandoopTest0.test22(RandoopTest0.java:681)
	at sun.reflect.NativeMethodAccessorImpl.invoke0(Native Method)
	at sun.reflect.NativeMethodAccessorImpl.invoke(NativeMethodAccessorImpl.java:57)
	at sun.reflect.DelegatingMethodAccessorImpl.invoke(DelegatingMethodAccessorImpl.java:43)
	at java.lang.reflect.Method.invoke(Method.java:606)
	at junit.framework.TestCase.runTest(TestCase.java:168)
	at junit.framework.TestCase.runBare(TestCase.java:134)
	at junit.framework.TestResult$1.protect(TestResult.java:110)
	at junit.framework.TestResult.runProtected(TestResult.java:128)
	at junit.framework.TestResult.run(TestResult.java:113)
	at junit.framework.TestCase.run(TestCase.java:124)
	at junit.framework.TestSuite.runTest(TestSuite.java:243)
	at junit.framework.TestSuite.run(TestSuite.java:238)
	at junit.framework.TestSuite.runTest(TestSuite.java:243)
	at junit.framework.TestSuite.run(TestSuite.java:238)
	at junit.textui.TestRunner.doRun(TestRunner.java:116)
	at RandoopTest.main(RandoopTest.java:8)
Caused by: org.omg.CORBA.NO_IMPLEMENT:   vmcid: SUN  minor code: 203  completed: No
	at com.sun.corba.se.impl.logging.ORBUtilSystemException.getinterfaceNotImplemented(ORBUtilSystemException.java:8433)
	at com.sun.corba.se.impl.logging.ORBUtilSystemException.getinterfaceNotImplemented(ORBUtilSystemException.java:8455)
	at RandoopTest0.test22(RandoopTest0.java:680)
	... 16 more

Dec 11, 2017 3:05:33 PM RandoopTest0 test22
WARNING: "IOP00710287: (INTERNAL) Could not find or invoke read method on exception Helper class com.sun.corba.se.impl.logging.ORBUtilSystemException@1f488344"
org.omg.CORBA.INTERNAL:   vmcid: SUN  minor code: 287  completed: No
	at com.sun.corba.se.impl.logging.ORBUtilSystemException.badHelperReadMethod(ORBUtilSystemException.java:5956)
	at com.sun.corba.se.impl.logging.ORBUtilSystemException.badHelperReadMethod(ORBUtilSystemException.java:5975)
	at RandoopTest0.test22(RandoopTest0.java:682)
	at sun.reflect.NativeMethodAccessorImpl.invoke0(Native Method)
	at sun.reflect.NativeMethodAccessorImpl.invoke(NativeMethodAccessorImpl.java:57)
	at sun.reflect.DelegatingMethodAccessorImpl.invoke(DelegatingMethodAccessorImpl.java:43)
	at java.lang.reflect.Method.invoke(Method.java:606)
	at junit.framework.TestCase.runTest(TestCase.java:168)
	at junit.framework.TestCase.runBare(TestCase.java:134)
	at junit.framework.TestResult$1.protect(TestResult.java:110)
	at junit.framework.TestResult.runProtected(TestResult.java:128)
	at junit.framework.TestResult.run(TestResult.java:113)
	at junit.framework.TestCase.run(TestCase.java:124)
	at junit.framework.TestSuite.runTest(TestSuite.java:243)
	at junit.framework.TestSuite.run(TestSuite.java:238)
	at junit.framework.TestSuite.runTest(TestSuite.java:243)
	at junit.framework.TestSuite.run(TestSuite.java:238)
	at junit.textui.TestRunner.doRun(TestRunner.java:116)
	at RandoopTest.main(RandoopTest.java:8)
Caused by: org.omg.CORBA.UNKNOWN:   vmcid: SUN  minor code: 205  completed: No
	at com.sun.corba.se.impl.logging.ORBUtilSystemException.unknownSysex(ORBUtilSystemException.java:8953)
	at com.sun.corba.se.impl.logging.ORBUtilSystemException.unknownSysex(ORBUtilSystemException.java:8975)
	at RandoopTest0.test22(RandoopTest0.java:673)
	... 16 more

Dec 11, 2017 3:05:33 PM RandoopTest0 test22
WARNING: "IOP00710201: (INTERNAL) Non-existent ORB ID"
org.omg.CORBA.INTERNAL:   vmcid: SUN  minor code: 201  completed: No
	at com.sun.corba.se.impl.logging.ORBUtilSystemException.nonExistentOrbid(ORBUtilSystemException.java:3675)
	at com.sun.corba.se.impl.logging.ORBUtilSystemException.nonExistentOrbid(ORBUtilSystemException.java:3697)
	at RandoopTest0.test22(RandoopTest0.java:684)
	at sun.reflect.NativeMethodAccessorImpl.invoke0(Native Method)
	at sun.reflect.NativeMethodAccessorImpl.invoke(NativeMethodAccessorImpl.java:57)
	at sun.reflect.DelegatingMethodAccessorImpl.invoke(DelegatingMethodAccessorImpl.java:43)
	at java.lang.reflect.Method.invoke(Method.java:606)
	at junit.framework.TestCase.runTest(TestCase.java:168)
	at junit.framework.TestCase.runBare(TestCase.java:134)
	at junit.framework.TestResult$1.protect(TestResult.java:110)
	at junit.framework.TestResult.runProtected(TestResult.java:128)
	at junit.framework.TestResult.run(TestResult.java:113)
	at junit.framework.TestCase.run(TestCase.java:124)
	at junit.framework.TestSuite.runTest(TestSuite.java:243)
	at junit.framework.TestSuite.run(TestSuite.java:238)
	at junit.framework.TestSuite.runTest(TestSuite.java:243)
	at junit.framework.TestSuite.run(TestSuite.java:238)
	at junit.textui.TestRunner.doRun(TestRunner.java:116)
	at RandoopTest.main(RandoopTest.java:8)

Dec 11, 2017 3:05:33 PM RandoopTest0 test22
WARNING: "IOP00710201: (INTERNAL) Non-existent ORB ID"
org.omg.CORBA.INTERNAL:   vmcid: SUN  minor code: 201  completed: No
	at com.sun.corba.se.impl.logging.ORBUtilSystemException.nonExistentOrbid(ORBUtilSystemException.java:3675)
	at com.sun.corba.se.impl.logging.ORBUtilSystemException.nonExistentOrbid(ORBUtilSystemException.java:3697)
	at RandoopTest0.test22(RandoopTest0.java:687)
	at sun.reflect.NativeMethodAccessorImpl.invoke0(Native Method)
	at sun.reflect.NativeMethodAccessorImpl.invoke(NativeMethodAccessorImpl.java:57)
	at sun.reflect.DelegatingMethodAccessorImpl.invoke(DelegatingMethodAccessorImpl.java:43)
	at java.lang.reflect.Method.invoke(Method.java:606)
	at junit.framework.TestCase.runTest(TestCase.java:168)
	at junit.framework.TestCase.runBare(TestCase.java:134)
	at junit.framework.TestResult$1.protect(TestResult.java:110)
	at junit.framework.TestResult.runProtected(TestResult.java:128)
	at junit.framework.TestResult.run(TestResult.java:113)
	at junit.framework.TestCase.run(TestCase.java:124)
	at junit.framework.TestSuite.runTest(TestSuite.java:243)
	at junit.framework.TestSuite.run(TestSuite.java:238)
	at junit.framework.TestSuite.runTest(TestSuite.java:243)
	at junit.framework.TestSuite.run(TestSuite.java:238)
	at junit.textui.TestRunner.doRun(TestRunner.java:116)
	at RandoopTest.main(RandoopTest.java:8)

Dec 11, 2017 3:05:33 PM RandoopTest0 test22
WARNING: "IOP00810233: (MARSHAL) A bad digit was found while marshalling an IDL fixed type"
org.omg.CORBA.MARSHAL:   vmcid: SUN  minor code: 233  completed: No
	at com.sun.corba.se.impl.logging.ORBUtilSystemException.badDigitInFixed(ORBUtilSystemException.java:7603)
	at com.sun.corba.se.impl.logging.ORBUtilSystemException.badDigitInFixed(ORBUtilSystemException.java:7621)
	at RandoopTest0.test22(RandoopTest0.java:688)
	at sun.reflect.NativeMethodAccessorImpl.invoke0(Native Method)
	at sun.reflect.NativeMethodAccessorImpl.invoke(NativeMethodAccessorImpl.java:57)
	at sun.reflect.DelegatingMethodAccessorImpl.invoke(DelegatingMethodAccessorImpl.java:43)
	at java.lang.reflect.Method.invoke(Method.java:606)
	at junit.framework.TestCase.runTest(TestCase.java:168)
	at junit.framework.TestCase.runBare(TestCase.java:134)
	at junit.framework.TestResult$1.protect(TestResult.java:110)
	at junit.framework.TestResult.runProtected(TestResult.java:128)
	at junit.framework.TestResult.run(TestResult.java:113)
	at junit.framework.TestCase.run(TestCase.java:124)
	at junit.framework.TestSuite.runTest(TestSuite.java:243)
	at junit.framework.TestSuite.run(TestSuite.java:238)
	at junit.framework.TestSuite.runTest(TestSuite.java:243)
	at junit.framework.TestSuite.run(TestSuite.java:238)
	at junit.textui.TestRunner.doRun(TestRunner.java:116)
	at RandoopTest.main(RandoopTest.java:8)
Caused by: org.omg.CORBA.INTERNAL:   vmcid: SUN  minor code: 201  completed: No
	at com.sun.corba.se.impl.logging.ORBUtilSystemException.nonExistentOrbid(ORBUtilSystemException.java:3675)
	at com.sun.corba.se.impl.logging.ORBUtilSystemException.nonExistentOrbid(ORBUtilSystemException.java:3697)
	at RandoopTest0.test22(RandoopTest0.java:687)
	... 16 more

Dec 11, 2017 3:05:33 PM RandoopTest0 test22
WARNING: "IOP00710292: (INTERNAL) Unexpected exception occurred where no exception should occur"
org.omg.CORBA.INTERNAL:   vmcid: SUN  minor code: 292  completed: No
	at com.sun.corba.se.impl.logging.ORBUtilSystemException.unexpectedException(ORBUtilSystemException.java:6100)
	at com.sun.corba.se.impl.logging.ORBUtilSystemException.unexpectedException(ORBUtilSystemException.java:6118)
	at RandoopTest0.test22(RandoopTest0.java:690)
	at sun.reflect.NativeMethodAccessorImpl.invoke0(Native Method)
	at sun.reflect.NativeMethodAccessorImpl.invoke(NativeMethodAccessorImpl.java:57)
	at sun.reflect.DelegatingMethodAccessorImpl.invoke(DelegatingMethodAccessorImpl.java:43)
	at java.lang.reflect.Method.invoke(Method.java:606)
	at junit.framework.TestCase.runTest(TestCase.java:168)
	at junit.framework.TestCase.runBare(TestCase.java:134)
	at junit.framework.TestResult$1.protect(TestResult.java:110)
	at junit.framework.TestResult.runProtected(TestResult.java:128)
	at junit.framework.TestResult.run(TestResult.java:113)
	at junit.framework.TestCase.run(TestCase.java:124)
	at junit.framework.TestSuite.runTest(TestSuite.java:243)
	at junit.framework.TestSuite.run(TestSuite.java:238)
	at junit.framework.TestSuite.runTest(TestSuite.java:243)
	at junit.framework.TestSuite.run(TestSuite.java:238)
	at junit.textui.TestRunner.doRun(TestRunner.java:116)
	at RandoopTest.main(RandoopTest.java:8)
Caused by: org.omg.CORBA.NO_IMPLEMENT:   vmcid: SUN  minor code: 203  completed: No
	at com.sun.corba.se.impl.logging.ORBUtilSystemException.getinterfaceNotImplemented(ORBUtilSystemException.java:8433)
	at com.sun.corba.se.impl.logging.ORBUtilSystemException.getinterfaceNotImplemented(ORBUtilSystemException.java:8455)
	at RandoopTest0.test22(RandoopTest0.java:689)
	... 16 more

Dec 11, 2017 3:05:33 PM RandoopTest0 test22
WARNING: "IOP00710238: (INTERNAL) Assertion failed: statement not reachable (1)"
org.omg.CORBA.INTERNAL:   vmcid: SUN  minor code: 238  completed: No
	at com.sun.corba.se.impl.logging.ORBUtilSystemException.statementNotReachable1(ORBUtilSystemException.java:4657)
	at com.sun.corba.se.impl.logging.ORBUtilSystemException.statementNotReachable1(ORBUtilSystemException.java:4675)
	at RandoopTest0.test22(RandoopTest0.java:691)
	at sun.reflect.NativeMethodAccessorImpl.invoke0(Native Method)
	at sun.reflect.NativeMethodAccessorImpl.invoke(NativeMethodAccessorImpl.java:57)
	at sun.reflect.DelegatingMethodAccessorImpl.invoke(DelegatingMethodAccessorImpl.java:43)
	at java.lang.reflect.Method.invoke(Method.java:606)
	at junit.framework.TestCase.runTest(TestCase.java:168)
	at junit.framework.TestCase.runBare(TestCase.java:134)
	at junit.framework.TestResult$1.protect(TestResult.java:110)
	at junit.framework.TestResult.runProtected(TestResult.java:128)
	at junit.framework.TestResult.run(TestResult.java:113)
	at junit.framework.TestCase.run(TestCase.java:124)
	at junit.framework.TestSuite.runTest(TestSuite.java:243)
	at junit.framework.TestSuite.run(TestSuite.java:238)
	at junit.framework.TestSuite.runTest(TestSuite.java:243)
	at junit.framework.TestSuite.run(TestSuite.java:238)
	at junit.textui.TestRunner.doRun(TestRunner.java:116)
	at RandoopTest.main(RandoopTest.java:8)
Caused by: org.omg.CORBA.NO_IMPLEMENT:   vmcid: SUN  minor code: 203  completed: No
	at com.sun.corba.se.impl.logging.ORBUtilSystemException.getinterfaceNotImplemented(ORBUtilSystemException.java:8433)
	at com.sun.corba.se.impl.logging.ORBUtilSystemException.getinterfaceNotImplemented(ORBUtilSystemException.java:8455)
	at RandoopTest0.test22(RandoopTest0.java:689)
	... 16 more

Dec 11, 2017 3:05:33 PM RandoopTest0 test21
WARNING: "IOP00710201: (INTERNAL) Non-existent ORB ID"
org.omg.CORBA.INTERNAL:   vmcid: SUN  minor code: 201  completed: No
	at com.sun.corba.se.impl.logging.ORBUtilSystemException.nonExistentOrbid(ORBUtilSystemException.java:3675)
	at com.sun.corba.se.impl.logging.ORBUtilSystemException.nonExistentOrbid(ORBUtilSystemException.java:3697)
	at RandoopTest0.test21(RandoopTest0.java:626)
	at sun.reflect.NativeMethodAccessorImpl.invoke0(Native Method)
	at sun.reflect.NativeMethodAccessorImpl.invoke(NativeMethodAccessorImpl.java:57)
	at sun.reflect.DelegatingMethodAccessorImpl.invoke(DelegatingMethodAccessorImpl.java:43)
	at java.lang.reflect.Method.invoke(Method.java:606)
	at junit.framework.TestCase.runTest(TestCase.java:168)
	at junit.framework.TestCase.runBare(TestCase.java:134)
	at junit.framework.TestResult$1.protect(TestResult.java:110)
	at junit.framework.TestResult.runProtected(TestResult.java:128)
	at junit.framework.TestResult.run(TestResult.java:113)
	at junit.framework.TestCase.run(TestCase.java:124)
	at junit.framework.TestSuite.runTest(TestSuite.java:243)
	at junit.framework.TestSuite.run(TestSuite.java:238)
	at junit.framework.TestSuite.runTest(TestSuite.java:243)
	at junit.framework.TestSuite.run(TestSuite.java:238)
	at junit.textui.TestRunner.doRun(TestRunner.java:116)
	at RandoopTest.main(RandoopTest.java:8)

Dec 11, 2017 3:05:33 PM RandoopTest0 test21
WARNING: "IOP00810233: (MARSHAL) A bad digit was found while marshalling an IDL fixed type"
org.omg.CORBA.MARSHAL:   vmcid: SUN  minor code: 233  completed: No
	at com.sun.corba.se.impl.logging.ORBUtilSystemException.badDigitInFixed(ORBUtilSystemException.java:7603)
	at com.sun.corba.se.impl.logging.ORBUtilSystemException.badDigitInFixed(ORBUtilSystemException.java:7621)
	at RandoopTest0.test21(RandoopTest0.java:627)
	at sun.reflect.NativeMethodAccessorImpl.invoke0(Native Method)
	at sun.reflect.NativeMethodAccessorImpl.invoke(NativeMethodAccessorImpl.java:57)
	at sun.reflect.DelegatingMethodAccessorImpl.invoke(DelegatingMethodAccessorImpl.java:43)
	at java.lang.reflect.Method.invoke(Method.java:606)
	at junit.framework.TestCase.runTest(TestCase.java:168)
	at junit.framework.TestCase.runBare(TestCase.java:134)
	at junit.framework.TestResult$1.protect(TestResult.java:110)
	at junit.framework.TestResult.runProtected(TestResult.java:128)
	at junit.framework.TestResult.run(TestResult.java:113)
	at junit.framework.TestCase.run(TestCase.java:124)
	at junit.framework.TestSuite.runTest(TestSuite.java:243)
	at junit.framework.TestSuite.run(TestSuite.java:238)
	at junit.framework.TestSuite.runTest(TestSuite.java:243)
	at junit.framework.TestSuite.run(TestSuite.java:238)
	at junit.textui.TestRunner.doRun(TestRunner.java:116)
	at RandoopTest.main(RandoopTest.java:8)
Caused by: org.omg.CORBA.INTERNAL:   vmcid: SUN  minor code: 201  completed: No
	at com.sun.corba.se.impl.logging.ORBUtilSystemException.nonExistentOrbid(ORBUtilSystemException.java:3675)
	at com.sun.corba.se.impl.logging.ORBUtilSystemException.nonExistentOrbid(ORBUtilSystemException.java:3697)
	at RandoopTest0.test21(RandoopTest0.java:626)
	... 16 more

Dec 11, 2017 3:05:33 PM RandoopTest0 test21
WARNING: "IOP00710201: (INTERNAL) Non-existent ORB ID"
org.omg.CORBA.INTERNAL:   vmcid: SUN  minor code: 201  completed: No
	at com.sun.corba.se.impl.logging.ORBUtilSystemException.nonExistentOrbid(ORBUtilSystemException.java:3675)
	at com.sun.corba.se.impl.logging.ORBUtilSystemException.nonExistentOrbid(ORBUtilSystemException.java:3697)
	at RandoopTest0.test21(RandoopTest0.java:629)
	at sun.reflect.NativeMethodAccessorImpl.invoke0(Native Method)
	at sun.reflect.NativeMethodAccessorImpl.invoke(NativeMethodAccessorImpl.java:57)
	at sun.reflect.DelegatingMethodAccessorImpl.invoke(DelegatingMethodAccessorImpl.java:43)
	at java.lang.reflect.Method.invoke(Method.java:606)
	at junit.framework.TestCase.runTest(TestCase.java:168)
	at junit.framework.TestCase.runBare(TestCase.java:134)
	at junit.framework.TestResult$1.protect(TestResult.java:110)
	at junit.framework.TestResult.runProtected(TestResult.java:128)
	at junit.framework.TestResult.run(TestResult.java:113)
	at junit.framework.TestCase.run(TestCase.java:124)
	at junit.framework.TestSuite.runTest(TestSuite.java:243)
	at junit.framework.TestSuite.run(TestSuite.java:238)
	at junit.framework.TestSuite.runTest(TestSuite.java:243)
	at junit.framework.TestSuite.run(TestSuite.java:238)
	at junit.textui.TestRunner.doRun(TestRunner.java:116)
	at RandoopTest.main(RandoopTest.java:8)

Dec 11, 2017 3:05:33 PM RandoopTest0 test21
WARNING: "IOP01210203: (BAD_OPERATION) ORB ID not available"
org.omg.CORBA.BAD_OPERATION:   vmcid: SUN  minor code: 203  completed: No
	at com.sun.corba.se.impl.logging.ORBUtilSystemException.orbIdNotAvailable(ORBUtilSystemException.java:131)
	at com.sun.corba.se.impl.logging.ORBUtilSystemException.orbIdNotAvailable(ORBUtilSystemException.java:153)
	at RandoopTest0.test21(RandoopTest0.java:632)
	at sun.reflect.NativeMethodAccessorImpl.invoke0(Native Method)
	at sun.reflect.NativeMethodAccessorImpl.invoke(NativeMethodAccessorImpl.java:57)
	at sun.reflect.DelegatingMethodAccessorImpl.invoke(DelegatingMethodAccessorImpl.java:43)
	at java.lang.reflect.Method.invoke(Method.java:606)
	at junit.framework.TestCase.runTest(TestCase.java:168)
	at junit.framework.TestCase.runBare(TestCase.java:134)
	at junit.framework.TestResult$1.protect(TestResult.java:110)
	at junit.framework.TestResult.runProtected(TestResult.java:128)
	at junit.framework.TestResult.run(TestResult.java:113)
	at junit.framework.TestCase.run(TestCase.java:124)
	at junit.framework.TestSuite.runTest(TestSuite.java:243)
	at junit.framework.TestSuite.run(TestSuite.java:238)
	at junit.framework.TestSuite.runTest(TestSuite.java:243)
	at junit.framework.TestSuite.run(TestSuite.java:238)
	at junit.textui.TestRunner.doRun(TestRunner.java:116)
	at RandoopTest.main(RandoopTest.java:8)

Dec 11, 2017 3:05:33 PM RandoopTest0 test19
WARNING: "IOP00010205: (UNKNOWN) Error while unmarshalling SystemException"
org.omg.CORBA.UNKNOWN:   vmcid: SUN  minor code: 205  completed: No
	at com.sun.corba.se.impl.logging.ORBUtilSystemException.unknownSysex(ORBUtilSystemException.java:8953)
	at com.sun.corba.se.impl.logging.ORBUtilSystemException.unknownSysex(ORBUtilSystemException.java:8975)
	at RandoopTest0.test19(RandoopTest0.java:544)
	at sun.reflect.NativeMethodAccessorImpl.invoke0(Native Method)
	at sun.reflect.NativeMethodAccessorImpl.invoke(NativeMethodAccessorImpl.java:57)
	at sun.reflect.DelegatingMethodAccessorImpl.invoke(DelegatingMethodAccessorImpl.java:43)
	at java.lang.reflect.Method.invoke(Method.java:606)
	at junit.framework.TestCase.runTest(TestCase.java:168)
	at junit.framework.TestCase.runBare(TestCase.java:134)
	at junit.framework.TestResult$1.protect(TestResult.java:110)
	at junit.framework.TestResult.runProtected(TestResult.java:128)
	at junit.framework.TestResult.run(TestResult.java:113)
	at junit.framework.TestCase.run(TestCase.java:124)
	at junit.framework.TestSuite.runTest(TestSuite.java:243)
	at junit.framework.TestSuite.run(TestSuite.java:238)
	at junit.framework.TestSuite.runTest(TestSuite.java:243)
	at junit.framework.TestSuite.run(TestSuite.java:238)
	at junit.textui.TestRunner.doRun(TestRunner.java:116)
	at RandoopTest.main(RandoopTest.java:8)

Dec 11, 2017 3:05:33 PM RandoopTest0 test19
SEVERE: "IOP00410216: (COMM_FAILURE) Unable to create listener thread on the specified port: 1"
org.omg.CORBA.COMM_FAILURE:   vmcid: SUN  minor code: 216  completed: No
	at com.sun.corba.se.impl.logging.ORBUtilSystemException.createListenerFailed(ORBUtilSystemException.java:2632)
	at com.sun.corba.se.impl.logging.ORBUtilSystemException.createListenerFailed(ORBUtilSystemException.java:2655)
	at RandoopTest0.test19(RandoopTest0.java:545)
	at sun.reflect.NativeMethodAccessorImpl.invoke0(Native Method)
	at sun.reflect.NativeMethodAccessorImpl.invoke(NativeMethodAccessorImpl.java:57)
	at sun.reflect.DelegatingMethodAccessorImpl.invoke(DelegatingMethodAccessorImpl.java:43)
	at java.lang.reflect.Method.invoke(Method.java:606)
	at junit.framework.TestCase.runTest(TestCase.java:168)
	at junit.framework.TestCase.runBare(TestCase.java:134)
	at junit.framework.TestResult$1.protect(TestResult.java:110)
	at junit.framework.TestResult.runProtected(TestResult.java:128)
	at junit.framework.TestResult.run(TestResult.java:113)
	at junit.framework.TestCase.run(TestCase.java:124)
	at junit.framework.TestSuite.runTest(TestSuite.java:243)
	at junit.framework.TestSuite.run(TestSuite.java:238)
	at junit.framework.TestSuite.runTest(TestSuite.java:243)
	at junit.framework.TestSuite.run(TestSuite.java:238)
	at junit.textui.TestRunner.doRun(TestRunner.java:116)
	at RandoopTest.main(RandoopTest.java:8)

Dec 11, 2017 3:05:33 PM RandoopTest0 test19
WARNING: "IOP00010205: (UNKNOWN) Error while unmarshalling SystemException"
org.omg.CORBA.UNKNOWN:   vmcid: SUN  minor code: 205  completed: No
	at com.sun.corba.se.impl.logging.ORBUtilSystemException.unknownSysex(ORBUtilSystemException.java:8953)
	at com.sun.corba.se.impl.logging.ORBUtilSystemException.unknownSysex(ORBUtilSystemException.java:8975)
	at RandoopTest0.test19(RandoopTest0.java:547)
	at sun.reflect.NativeMethodAccessorImpl.invoke0(Native Method)
	at sun.reflect.NativeMethodAccessorImpl.invoke(NativeMethodAccessorImpl.java:57)
	at sun.reflect.DelegatingMethodAccessorImpl.invoke(DelegatingMethodAccessorImpl.java:43)
	at java.lang.reflect.Method.invoke(Method.java:606)
	at junit.framework.TestCase.runTest(TestCase.java:168)
	at junit.framework.TestCase.runBare(TestCase.java:134)
	at junit.framework.TestResult$1.protect(TestResult.java:110)
	at junit.framework.TestResult.runProtected(TestResult.java:128)
	at junit.framework.TestResult.run(TestResult.java:113)
	at junit.framework.TestCase.run(TestCase.java:124)
	at junit.framework.TestSuite.runTest(TestSuite.java:243)
	at junit.framework.TestSuite.run(TestSuite.java:238)
	at junit.framework.TestSuite.runTest(TestSuite.java:243)
	at junit.framework.TestSuite.run(TestSuite.java:238)
	at junit.textui.TestRunner.doRun(TestRunner.java:116)
	at RandoopTest.main(RandoopTest.java:8)

Dec 11, 2017 3:05:33 PM RandoopTest0 test19
WARNING: "IOP00710242: (INTERNAL) Assertion failed: statement not reachable (5)"
org.omg.CORBA.INTERNAL:   vmcid: SUN  minor code: 242  completed: No
	at com.sun.corba.se.impl.logging.ORBUtilSystemException.statementNotReachable5(ORBUtilSystemException.java:4769)
	at com.sun.corba.se.impl.logging.ORBUtilSystemException.statementNotReachable5(ORBUtilSystemException.java:4791)
	at RandoopTest0.test19(RandoopTest0.java:548)
	at sun.reflect.NativeMethodAccessorImpl.invoke0(Native Method)
	at sun.reflect.NativeMethodAccessorImpl.invoke(NativeMethodAccessorImpl.java:57)
	at sun.reflect.DelegatingMethodAccessorImpl.invoke(DelegatingMethodAccessorImpl.java:43)
	at java.lang.reflect.Method.invoke(Method.java:606)
	at junit.framework.TestCase.runTest(TestCase.java:168)
	at junit.framework.TestCase.runBare(TestCase.java:134)
	at junit.framework.TestResult$1.protect(TestResult.java:110)
	at junit.framework.TestResult.runProtected(TestResult.java:128)
	at junit.framework.TestResult.run(TestResult.java:113)
	at junit.framework.TestCase.run(TestCase.java:124)
	at junit.framework.TestSuite.runTest(TestSuite.java:243)
	at junit.framework.TestSuite.run(TestSuite.java:238)
	at junit.framework.TestSuite.runTest(TestSuite.java:243)
	at junit.framework.TestSuite.run(TestSuite.java:238)
	at junit.textui.TestRunner.doRun(TestRunner.java:116)
	at RandoopTest.main(RandoopTest.java:8)

Dec 11, 2017 3:05:33 PM RandoopTest0 test19
WARNING: "IOP00010205: (UNKNOWN) Error while unmarshalling SystemException"
org.omg.CORBA.UNKNOWN:   vmcid: SUN  minor code: 205  completed: No
	at com.sun.corba.se.impl.logging.ORBUtilSystemException.unknownSysex(ORBUtilSystemException.java:8953)
	at com.sun.corba.se.impl.logging.ORBUtilSystemException.unknownSysex(ORBUtilSystemException.java:8975)
	at RandoopTest0.test19(RandoopTest0.java:550)
	at sun.reflect.NativeMethodAccessorImpl.invoke0(Native Method)
	at sun.reflect.NativeMethodAccessorImpl.invoke(NativeMethodAccessorImpl.java:57)
	at sun.reflect.DelegatingMethodAccessorImpl.invoke(DelegatingMethodAccessorImpl.java:43)
	at java.lang.reflect.Method.invoke(Method.java:606)
	at junit.framework.TestCase.runTest(TestCase.java:168)
	at junit.framework.TestCase.runBare(TestCase.java:134)
	at junit.framework.TestResult$1.protect(TestResult.java:110)
	at junit.framework.TestResult.runProtected(TestResult.java:128)
	at junit.framework.TestResult.run(TestResult.java:113)
	at junit.framework.TestCase.run(TestCase.java:124)
	at junit.framework.TestSuite.runTest(TestSuite.java:243)
	at junit.framework.TestSuite.run(TestSuite.java:238)
	at junit.framework.TestSuite.runTest(TestSuite.java:243)
	at junit.framework.TestSuite.run(TestSuite.java:238)
	at junit.textui.TestRunner.doRun(TestRunner.java:116)
	at RandoopTest.main(RandoopTest.java:8)

Dec 11, 2017 3:05:33 PM RandoopTest0 test19
WARNING: "IOP00710242: (INTERNAL) Assertion failed: statement not reachable (5)"
org.omg.CORBA.INTERNAL:   vmcid: SUN  minor code: 242  completed: No
	at com.sun.corba.se.impl.logging.ORBUtilSystemException.statementNotReachable5(ORBUtilSystemException.java:4769)
	at com.sun.corba.se.impl.logging.ORBUtilSystemException.statementNotReachable5(ORBUtilSystemException.java:4791)
	at RandoopTest0.test19(RandoopTest0.java:551)
	at sun.reflect.NativeMethodAccessorImpl.invoke0(Native Method)
	at sun.reflect.NativeMethodAccessorImpl.invoke(NativeMethodAccessorImpl.java:57)
	at sun.reflect.DelegatingMethodAccessorImpl.invoke(DelegatingMethodAccessorImpl.java:43)
	at java.lang.reflect.Method.invoke(Method.java:606)
	at junit.framework.TestCase.runTest(TestCase.java:168)
	at junit.framework.TestCase.runBare(TestCase.java:134)
	at junit.framework.TestResult$1.protect(TestResult.java:110)
	at junit.framework.TestResult.runProtected(TestResult.java:128)
	at junit.framework.TestResult.run(TestResult.java:113)
	at junit.framework.TestCase.run(TestCase.java:124)
	at junit.framework.TestSuite.runTest(TestSuite.java:243)
	at junit.framework.TestSuite.run(TestSuite.java:238)
	at junit.framework.TestSuite.runTest(TestSuite.java:243)
	at junit.framework.TestSuite.run(TestSuite.java:238)
	at junit.textui.TestRunner.doRun(TestRunner.java:116)
	at RandoopTest.main(RandoopTest.java:8)

Dec 11, 2017 3:05:33 PM RandoopTest0 test19
WARNING: "IOP00010205: (UNKNOWN) Error while unmarshalling SystemException"
org.omg.CORBA.UNKNOWN:   vmcid: SUN  minor code: 205  completed: No
	at com.sun.corba.se.impl.logging.ORBUtilSystemException.unknownSysex(ORBUtilSystemException.java:8953)
	at com.sun.corba.se.impl.logging.ORBUtilSystemException.unknownSysex(ORBUtilSystemException.java:8975)
	at RandoopTest0.test19(RandoopTest0.java:552)
	at sun.reflect.NativeMethodAccessorImpl.invoke0(Native Method)
	at sun.reflect.NativeMethodAccessorImpl.invoke(NativeMethodAccessorImpl.java:57)
	at sun.reflect.DelegatingMethodAccessorImpl.invoke(DelegatingMethodAccessorImpl.java:43)
	at java.lang.reflect.Method.invoke(Method.java:606)
	at junit.framework.TestCase.runTest(TestCase.java:168)
	at junit.framework.TestCase.runBare(TestCase.java:134)
	at junit.framework.TestResult$1.protect(TestResult.java:110)
	at junit.framework.TestResult.runProtected(TestResult.java:128)
	at junit.framework.TestResult.run(TestResult.java:113)
	at junit.framework.TestCase.run(TestCase.java:124)
	at junit.framework.TestSuite.runTest(TestSuite.java:243)
	at junit.framework.TestSuite.run(TestSuite.java:238)
	at junit.framework.TestSuite.runTest(TestSuite.java:243)
	at junit.framework.TestSuite.run(TestSuite.java:238)
	at junit.textui.TestRunner.doRun(TestRunner.java:116)
	at RandoopTest.main(RandoopTest.java:8)

Dec 11, 2017 3:05:33 PM RandoopTest0 test19
WARNING: "IOP00710244: (INTERNAL) Unexpected exception while unmarshalling DII user exception"
org.omg.CORBA.INTERNAL:   vmcid: SUN  minor code: 244  completed: No
	at com.sun.corba.se.impl.logging.ORBUtilSystemException.unexpectedDiiException(ORBUtilSystemException.java:4825)
	at com.sun.corba.se.impl.logging.ORBUtilSystemException.unexpectedDiiException(ORBUtilSystemException.java:4843)
	at RandoopTest0.test19(RandoopTest0.java:553)
	at sun.reflect.NativeMethodAccessorImpl.invoke0(Native Method)
	at sun.reflect.NativeMethodAccessorImpl.invoke(NativeMethodAccessorImpl.java:57)
	at sun.reflect.DelegatingMethodAccessorImpl.invoke(DelegatingMethodAccessorImpl.java:43)
	at java.lang.reflect.Method.invoke(Method.java:606)
	at junit.framework.TestCase.runTest(TestCase.java:168)
	at junit.framework.TestCase.runBare(TestCase.java:134)
	at junit.framework.TestResult$1.protect(TestResult.java:110)
	at junit.framework.TestResult.runProtected(TestResult.java:128)
	at junit.framework.TestResult.run(TestResult.java:113)
	at junit.framework.TestCase.run(TestCase.java:124)
	at junit.framework.TestSuite.runTest(TestSuite.java:243)
	at junit.framework.TestSuite.run(TestSuite.java:238)
	at junit.framework.TestSuite.runTest(TestSuite.java:243)
	at junit.framework.TestSuite.run(TestSuite.java:238)
	at junit.textui.TestRunner.doRun(TestRunner.java:116)
	at RandoopTest.main(RandoopTest.java:8)
Caused by: org.omg.CORBA.UNKNOWN:   vmcid: SUN  minor code: 205  completed: No
	at com.sun.corba.se.impl.logging.ORBUtilSystemException.unknownSysex(ORBUtilSystemException.java:8953)
	at com.sun.corba.se.impl.logging.ORBUtilSystemException.unknownSysex(ORBUtilSystemException.java:8975)
	at RandoopTest0.test19(RandoopTest0.java:552)
	... 16 more

Dec 11, 2017 3:05:33 PM RandoopTest0 test19
WARNING: "IOP00010205: (UNKNOWN) Error while unmarshalling SystemException"
org.omg.CORBA.UNKNOWN:   vmcid: SUN  minor code: 205  completed: No
	at com.sun.corba.se.impl.logging.ORBUtilSystemException.unknownSysex(ORBUtilSystemException.java:8953)
	at com.sun.corba.se.impl.logging.ORBUtilSystemException.unknownSysex(ORBUtilSystemException.java:8975)
	at RandoopTest0.test19(RandoopTest0.java:555)
	at sun.reflect.NativeMethodAccessorImpl.invoke0(Native Method)
	at sun.reflect.NativeMethodAccessorImpl.invoke(NativeMethodAccessorImpl.java:57)
	at sun.reflect.DelegatingMethodAccessorImpl.invoke(DelegatingMethodAccessorImpl.java:43)
	at java.lang.reflect.Method.invoke(Method.java:606)
	at junit.framework.TestCase.runTest(TestCase.java:168)
	at junit.framework.TestCase.runBare(TestCase.java:134)
	at junit.framework.TestResult$1.protect(TestResult.java:110)
	at junit.framework.TestResult.runProtected(TestResult.java:128)
	at junit.framework.TestResult.run(TestResult.java:113)
	at junit.framework.TestCase.run(TestCase.java:124)
	at junit.framework.TestSuite.runTest(TestSuite.java:243)
	at junit.framework.TestSuite.run(TestSuite.java:238)
	at junit.framework.TestSuite.runTest(TestSuite.java:243)
	at junit.framework.TestSuite.run(TestSuite.java:238)
	at junit.textui.TestRunner.doRun(TestRunner.java:116)
	at RandoopTest.main(RandoopTest.java:8)

Dec 11, 2017 3:05:33 PM RandoopTest0 test19
WARNING: "IOP02410217: (DATA_CONVERSION) Could not instantiate ORBInitializer org.omg.CORBA.UNKNOWN:   vmcid: SUN  minor code: 205  completed: No"
org.omg.CORBA.DATA_CONVERSION:   vmcid: SUN  minor code: 217  completed: No
	at com.sun.corba.se.impl.logging.ORBUtilSystemException.orbInitializerFailure(ORBUtilSystemException.java:3121)
	at com.sun.corba.se.impl.logging.ORBUtilSystemException.orbInitializerFailure(ORBUtilSystemException.java:3140)
	at RandoopTest0.test19(RandoopTest0.java:556)
	at sun.reflect.NativeMethodAccessorImpl.invoke0(Native Method)
	at sun.reflect.NativeMethodAccessorImpl.invoke(NativeMethodAccessorImpl.java:57)
	at sun.reflect.DelegatingMethodAccessorImpl.invoke(DelegatingMethodAccessorImpl.java:43)
	at java.lang.reflect.Method.invoke(Method.java:606)
	at junit.framework.TestCase.runTest(TestCase.java:168)
	at junit.framework.TestCase.runBare(TestCase.java:134)
	at junit.framework.TestResult$1.protect(TestResult.java:110)
	at junit.framework.TestResult.runProtected(TestResult.java:128)
	at junit.framework.TestResult.run(TestResult.java:113)
	at junit.framework.TestCase.run(TestCase.java:124)
	at junit.framework.TestSuite.runTest(TestSuite.java:243)
	at junit.framework.TestSuite.run(TestSuite.java:238)
	at junit.framework.TestSuite.runTest(TestSuite.java:243)
	at junit.framework.TestSuite.run(TestSuite.java:238)
	at junit.textui.TestRunner.doRun(TestRunner.java:116)
	at RandoopTest.main(RandoopTest.java:8)
Caused by: org.omg.CORBA.INTERNAL:   vmcid: SUN  minor code: 244  completed: No
	at com.sun.corba.se.impl.logging.ORBUtilSystemException.unexpectedDiiException(ORBUtilSystemException.java:4825)
	at com.sun.corba.se.impl.logging.ORBUtilSystemException.unexpectedDiiException(ORBUtilSystemException.java:4843)
	at RandoopTest0.test19(RandoopTest0.java:553)
	... 16 more
Caused by: org.omg.CORBA.UNKNOWN:   vmcid: SUN  minor code: 205  completed: No
	at com.sun.corba.se.impl.logging.ORBUtilSystemException.unknownSysex(ORBUtilSystemException.java:8953)
	at com.sun.corba.se.impl.logging.ORBUtilSystemException.unknownSysex(ORBUtilSystemException.java:8975)
	at RandoopTest0.test19(RandoopTest0.java:552)
	... 16 more

Dec 11, 2017 3:05:33 PM RandoopTest0 test19
WARNING: "IOP00010206: (UNKNOWN) InterfaceDef object of wrong type returned by server"
org.omg.CORBA.UNKNOWN:   vmcid: SUN  minor code: 206  completed: No
	at com.sun.corba.se.impl.logging.ORBUtilSystemException.wrongInterfaceDef(ORBUtilSystemException.java:8981)
	at com.sun.corba.se.impl.logging.ORBUtilSystemException.wrongInterfaceDef(ORBUtilSystemException.java:9003)
	at RandoopTest0.test19(RandoopTest0.java:557)
	at sun.reflect.NativeMethodAccessorImpl.invoke0(Native Method)
	at sun.reflect.NativeMethodAccessorImpl.invoke(NativeMethodAccessorImpl.java:57)
	at sun.reflect.DelegatingMethodAccessorImpl.invoke(DelegatingMethodAccessorImpl.java:43)
	at java.lang.reflect.Method.invoke(Method.java:606)
	at junit.framework.TestCase.runTest(TestCase.java:168)
	at junit.framework.TestCase.runBare(TestCase.java:134)
	at junit.framework.TestResult$1.protect(TestResult.java:110)
	at junit.framework.TestResult.runProtected(TestResult.java:128)
	at junit.framework.TestResult.run(TestResult.java:113)
	at junit.framework.TestCase.run(TestCase.java:124)
	at junit.framework.TestSuite.runTest(TestSuite.java:243)
	at junit.framework.TestSuite.run(TestSuite.java:238)
	at junit.framework.TestSuite.runTest(TestSuite.java:243)
	at junit.framework.TestSuite.run(TestSuite.java:238)
	at junit.textui.TestRunner.doRun(TestRunner.java:116)
	at RandoopTest.main(RandoopTest.java:8)

Dec 11, 2017 3:05:33 PM RandoopTest0 test16
WARNING: "IOP00010205: (UNKNOWN) Error while unmarshalling SystemException"
org.omg.CORBA.UNKNOWN:   vmcid: SUN  minor code: 205  completed: No
	at com.sun.corba.se.impl.logging.ORBUtilSystemException.unknownSysex(ORBUtilSystemException.java:8953)
	at com.sun.corba.se.impl.logging.ORBUtilSystemException.unknownSysex(ORBUtilSystemException.java:8975)
	at RandoopTest0.test16(RandoopTest0.java:461)
	at sun.reflect.NativeMethodAccessorImpl.invoke0(Native Method)
	at sun.reflect.NativeMethodAccessorImpl.invoke(NativeMethodAccessorImpl.java:57)
	at sun.reflect.DelegatingMethodAccessorImpl.invoke(DelegatingMethodAccessorImpl.java:43)
	at java.lang.reflect.Method.invoke(Method.java:606)
	at junit.framework.TestCase.runTest(TestCase.java:168)
	at junit.framework.TestCase.runBare(TestCase.java:134)
	at junit.framework.TestResult$1.protect(TestResult.java:110)
	at junit.framework.TestResult.runProtected(TestResult.java:128)
	at junit.framework.TestResult.run(TestResult.java:113)
	at junit.framework.TestCase.run(TestCase.java:124)
	at junit.framework.TestSuite.runTest(TestSuite.java:243)
	at junit.framework.TestSuite.run(TestSuite.java:238)
	at junit.framework.TestSuite.runTest(TestSuite.java:243)
	at junit.framework.TestSuite.run(TestSuite.java:238)
	at junit.textui.TestRunner.doRun(TestRunner.java:116)
	at RandoopTest.main(RandoopTest.java:8)

Dec 11, 2017 3:05:33 PM RandoopTest0 test16
SEVERE: "IOP00410216: (COMM_FAILURE) Unable to create listener thread on the specified port: 1"
org.omg.CORBA.COMM_FAILURE:   vmcid: SUN  minor code: 216  completed: No
	at com.sun.corba.se.impl.logging.ORBUtilSystemException.createListenerFailed(ORBUtilSystemException.java:2632)
	at com.sun.corba.se.impl.logging.ORBUtilSystemException.createListenerFailed(ORBUtilSystemException.java:2655)
	at RandoopTest0.test16(RandoopTest0.java:462)
	at sun.reflect.NativeMethodAccessorImpl.invoke0(Native Method)
	at sun.reflect.NativeMethodAccessorImpl.invoke(NativeMethodAccessorImpl.java:57)
	at sun.reflect.DelegatingMethodAccessorImpl.invoke(DelegatingMethodAccessorImpl.java:43)
	at java.lang.reflect.Method.invoke(Method.java:606)
	at junit.framework.TestCase.runTest(TestCase.java:168)
	at junit.framework.TestCase.runBare(TestCase.java:134)
	at junit.framework.TestResult$1.protect(TestResult.java:110)
	at junit.framework.TestResult.runProtected(TestResult.java:128)
	at junit.framework.TestResult.run(TestResult.java:113)
	at junit.framework.TestCase.run(TestCase.java:124)
	at junit.framework.TestSuite.runTest(TestSuite.java:243)
	at junit.framework.TestSuite.run(TestSuite.java:238)
	at junit.framework.TestSuite.runTest(TestSuite.java:243)
	at junit.framework.TestSuite.run(TestSuite.java:238)
	at junit.textui.TestRunner.doRun(TestRunner.java:116)
	at RandoopTest.main(RandoopTest.java:8)

Dec 11, 2017 3:05:33 PM RandoopTest0 test16
WARNING: "IOP00710216: (INTERNAL) Wrong client request dispatcher"
org.omg.CORBA.INTERNAL:   vmcid: SUN  minor code: 216  completed: No
	at com.sun.corba.se.impl.logging.ORBUtilSystemException.wrongClientsc(ORBUtilSystemException.java:4067)
	at com.sun.corba.se.impl.logging.ORBUtilSystemException.wrongClientsc(ORBUtilSystemException.java:4089)
	at RandoopTest0.test16(RandoopTest0.java:463)
	at sun.reflect.NativeMethodAccessorImpl.invoke0(Native Method)
	at sun.reflect.NativeMethodAccessorImpl.invoke(NativeMethodAccessorImpl.java:57)
	at sun.reflect.DelegatingMethodAccessorImpl.invoke(DelegatingMethodAccessorImpl.java:43)
	at java.lang.reflect.Method.invoke(Method.java:606)
	at junit.framework.TestCase.runTest(TestCase.java:168)
	at junit.framework.TestCase.runBare(TestCase.java:134)
	at junit.framework.TestResult$1.protect(TestResult.java:110)
	at junit.framework.TestResult.runProtected(TestResult.java:128)
	at junit.framework.TestResult.run(TestResult.java:113)
	at junit.framework.TestCase.run(TestCase.java:124)
	at junit.framework.TestSuite.runTest(TestSuite.java:243)
	at junit.framework.TestSuite.run(TestSuite.java:238)
	at junit.framework.TestSuite.runTest(TestSuite.java:243)
	at junit.framework.TestSuite.run(TestSuite.java:238)
	at junit.textui.TestRunner.doRun(TestRunner.java:116)
	at RandoopTest.main(RandoopTest.java:8)

Dec 11, 2017 3:05:33 PM RandoopTest0 test16
WARNING: "IOP00010205: (UNKNOWN) Error while unmarshalling SystemException"
org.omg.CORBA.UNKNOWN:   vmcid: SUN  minor code: 205  completed: No
	at com.sun.corba.se.impl.logging.ORBUtilSystemException.unknownSysex(ORBUtilSystemException.java:8953)
	at com.sun.corba.se.impl.logging.ORBUtilSystemException.unknownSysex(ORBUtilSystemException.java:8975)
	at RandoopTest0.test16(RandoopTest0.java:465)
	at sun.reflect.NativeMethodAccessorImpl.invoke0(Native Method)
	at sun.reflect.NativeMethodAccessorImpl.invoke(NativeMethodAccessorImpl.java:57)
	at sun.reflect.DelegatingMethodAccessorImpl.invoke(DelegatingMethodAccessorImpl.java:43)
	at java.lang.reflect.Method.invoke(Method.java:606)
	at junit.framework.TestCase.runTest(TestCase.java:168)
	at junit.framework.TestCase.runBare(TestCase.java:134)
	at junit.framework.TestResult$1.protect(TestResult.java:110)
	at junit.framework.TestResult.runProtected(TestResult.java:128)
	at junit.framework.TestResult.run(TestResult.java:113)
	at junit.framework.TestCase.run(TestCase.java:124)
	at junit.framework.TestSuite.runTest(TestSuite.java:243)
	at junit.framework.TestSuite.run(TestSuite.java:238)
	at junit.framework.TestSuite.runTest(TestSuite.java:243)
	at junit.framework.TestSuite.run(TestSuite.java:238)
	at junit.textui.TestRunner.doRun(TestRunner.java:116)
	at RandoopTest.main(RandoopTest.java:8)

Dec 11, 2017 3:05:33 PM RandoopTest0 test16
WARNING: "IOP00710242: (INTERNAL) Assertion failed: statement not reachable (5)"
org.omg.CORBA.INTERNAL:   vmcid: SUN  minor code: 242  completed: No
	at com.sun.corba.se.impl.logging.ORBUtilSystemException.statementNotReachable5(ORBUtilSystemException.java:4769)
	at com.sun.corba.se.impl.logging.ORBUtilSystemException.statementNotReachable5(ORBUtilSystemException.java:4791)
	at RandoopTest0.test16(RandoopTest0.java:466)
	at sun.reflect.NativeMethodAccessorImpl.invoke0(Native Method)
	at sun.reflect.NativeMethodAccessorImpl.invoke(NativeMethodAccessorImpl.java:57)
	at sun.reflect.DelegatingMethodAccessorImpl.invoke(DelegatingMethodAccessorImpl.java:43)
	at java.lang.reflect.Method.invoke(Method.java:606)
	at junit.framework.TestCase.runTest(TestCase.java:168)
	at junit.framework.TestCase.runBare(TestCase.java:134)
	at junit.framework.TestResult$1.protect(TestResult.java:110)
	at junit.framework.TestResult.runProtected(TestResult.java:128)
	at junit.framework.TestResult.run(TestResult.java:113)
	at junit.framework.TestCase.run(TestCase.java:124)
	at junit.framework.TestSuite.runTest(TestSuite.java:243)
	at junit.framework.TestSuite.run(TestSuite.java:238)
	at junit.framework.TestSuite.runTest(TestSuite.java:243)
	at junit.framework.TestSuite.run(TestSuite.java:238)
	at junit.textui.TestRunner.doRun(TestRunner.java:116)
	at RandoopTest.main(RandoopTest.java:8)

Dec 11, 2017 3:05:33 PM RandoopTest0 test16
WARNING: "IOP00810234: (MARSHAL) Referenced type of indirect type not marshaled"
org.omg.CORBA.MARSHAL:   vmcid: SUN  minor code: 234  completed: No
	at com.sun.corba.se.impl.logging.ORBUtilSystemException.refTypeIndirType(ORBUtilSystemException.java:7631)
	at com.sun.corba.se.impl.logging.ORBUtilSystemException.refTypeIndirType(ORBUtilSystemException.java:7653)
	at RandoopTest0.test16(RandoopTest0.java:467)
	at sun.reflect.NativeMethodAccessorImpl.invoke0(Native Method)
	at sun.reflect.NativeMethodAccessorImpl.invoke(NativeMethodAccessorImpl.java:57)
	at sun.reflect.DelegatingMethodAccessorImpl.invoke(DelegatingMethodAccessorImpl.java:43)
	at java.lang.reflect.Method.invoke(Method.java:606)
	at junit.framework.TestCase.runTest(TestCase.java:168)
	at junit.framework.TestCase.runBare(TestCase.java:134)
	at junit.framework.TestResult$1.protect(TestResult.java:110)
	at junit.framework.TestResult.runProtected(TestResult.java:128)
	at junit.framework.TestResult.run(TestResult.java:113)
	at junit.framework.TestCase.run(TestCase.java:124)
	at junit.framework.TestSuite.runTest(TestSuite.java:243)
	at junit.framework.TestSuite.run(TestSuite.java:238)
	at junit.framework.TestSuite.runTest(TestSuite.java:243)
	at junit.framework.TestSuite.run(TestSuite.java:238)
	at junit.textui.TestRunner.doRun(TestRunner.java:116)
	at RandoopTest.main(RandoopTest.java:8)

Dec 11, 2017 3:05:33 PM RandoopTest0 test16
WARNING: "IOP00810210: (MARSHAL) Error from readValue on ValueHandler in CDRInputStream"
org.omg.CORBA.MARSHAL:   vmcid: SUN  minor code: 210  completed: No
	at com.sun.corba.se.impl.logging.ORBUtilSystemException.valuehandlerReadError(ORBUtilSystemException.java:6976)
	at com.sun.corba.se.impl.logging.ORBUtilSystemException.valuehandlerReadError(ORBUtilSystemException.java:6998)
	at RandoopTest0.test16(RandoopTest0.java:469)
	at sun.reflect.NativeMethodAccessorImpl.invoke0(Native Method)
	at sun.reflect.NativeMethodAccessorImpl.invoke(NativeMethodAccessorImpl.java:57)
	at sun.reflect.DelegatingMethodAccessorImpl.invoke(DelegatingMethodAccessorImpl.java:43)
	at java.lang.reflect.Method.invoke(Method.java:606)
	at junit.framework.TestCase.runTest(TestCase.java:168)
	at junit.framework.TestCase.runBare(TestCase.java:134)
	at junit.framework.TestResult$1.protect(TestResult.java:110)
	at junit.framework.TestResult.runProtected(TestResult.java:128)
	at junit.framework.TestResult.run(TestResult.java:113)
	at junit.framework.TestCase.run(TestCase.java:124)
	at junit.framework.TestSuite.runTest(TestSuite.java:243)
	at junit.framework.TestSuite.run(TestSuite.java:238)
	at junit.framework.TestSuite.runTest(TestSuite.java:243)
	at junit.framework.TestSuite.run(TestSuite.java:238)
	at junit.textui.TestRunner.doRun(TestRunner.java:116)
	at RandoopTest.main(RandoopTest.java:8)

Dec 11, 2017 3:05:33 PM RandoopTest0 test16
WARNING: "IOP00710214: (INTERNAL) Overflow in RequestDispatcherRegistry"
org.omg.CORBA.INTERNAL:   vmcid: SUN  minor code: 214  completed: No
	at com.sun.corba.se.impl.logging.ORBUtilSystemException.requestdispatcherregistryError(ORBUtilSystemException.java:4011)
	at com.sun.corba.se.impl.logging.ORBUtilSystemException.requestdispatcherregistryError(ORBUtilSystemException.java:4033)
	at RandoopTest0.test16(RandoopTest0.java:470)
	at sun.reflect.NativeMethodAccessorImpl.invoke0(Native Method)
	at sun.reflect.NativeMethodAccessorImpl.invoke(NativeMethodAccessorImpl.java:57)
	at sun.reflect.DelegatingMethodAccessorImpl.invoke(DelegatingMethodAccessorImpl.java:43)
	at java.lang.reflect.Method.invoke(Method.java:606)
	at junit.framework.TestCase.runTest(TestCase.java:168)
	at junit.framework.TestCase.runBare(TestCase.java:134)
	at junit.framework.TestResult$1.protect(TestResult.java:110)
	at junit.framework.TestResult.runProtected(TestResult.java:128)
	at junit.framework.TestResult.run(TestResult.java:113)
	at junit.framework.TestCase.run(TestCase.java:124)
	at junit.framework.TestSuite.runTest(TestSuite.java:243)
	at junit.framework.TestSuite.run(TestSuite.java:238)
	at junit.framework.TestSuite.runTest(TestSuite.java:243)
	at junit.framework.TestSuite.run(TestSuite.java:238)
	at junit.textui.TestRunner.doRun(TestRunner.java:116)
	at RandoopTest.main(RandoopTest.java:8)

Dec 11, 2017 3:05:33 PM RandoopTest0 test14
WARNING: "IOP00010205: (UNKNOWN) Error while unmarshalling SystemException"
org.omg.CORBA.UNKNOWN:   vmcid: SUN  minor code: 205  completed: No
	at com.sun.corba.se.impl.logging.ORBUtilSystemException.unknownSysex(ORBUtilSystemException.java:8953)
	at com.sun.corba.se.impl.logging.ORBUtilSystemException.unknownSysex(ORBUtilSystemException.java:8975)
	at RandoopTest0.test14(RandoopTest0.java:373)
	at sun.reflect.NativeMethodAccessorImpl.invoke0(Native Method)
	at sun.reflect.NativeMethodAccessorImpl.invoke(NativeMethodAccessorImpl.java:57)
	at sun.reflect.DelegatingMethodAccessorImpl.invoke(DelegatingMethodAccessorImpl.java:43)
	at java.lang.reflect.Method.invoke(Method.java:606)
	at junit.framework.TestCase.runTest(TestCase.java:168)
	at junit.framework.TestCase.runBare(TestCase.java:134)
	at junit.framework.TestResult$1.protect(TestResult.java:110)
	at junit.framework.TestResult.runProtected(TestResult.java:128)
	at junit.framework.TestResult.run(TestResult.java:113)
	at junit.framework.TestCase.run(TestCase.java:124)
	at junit.framework.TestSuite.runTest(TestSuite.java:243)
	at junit.framework.TestSuite.run(TestSuite.java:238)
	at junit.framework.TestSuite.runTest(TestSuite.java:243)
	at junit.framework.TestSuite.run(TestSuite.java:238)
	at junit.textui.TestRunner.doRun(TestRunner.java:116)
	at RandoopTest.main(RandoopTest.java:8)

Dec 11, 2017 3:05:33 PM RandoopTest0 test14
WARNING: "IOP00710242: (INTERNAL) Assertion failed: statement not reachable (5)"
org.omg.CORBA.INTERNAL:   vmcid: SUN  minor code: 242  completed: No
	at com.sun.corba.se.impl.logging.ORBUtilSystemException.statementNotReachable5(ORBUtilSystemException.java:4769)
	at com.sun.corba.se.impl.logging.ORBUtilSystemException.statementNotReachable5(ORBUtilSystemException.java:4791)
	at RandoopTest0.test14(RandoopTest0.java:374)
	at sun.reflect.NativeMethodAccessorImpl.invoke0(Native Method)
	at sun.reflect.NativeMethodAccessorImpl.invoke(NativeMethodAccessorImpl.java:57)
	at sun.reflect.DelegatingMethodAccessorImpl.invoke(DelegatingMethodAccessorImpl.java:43)
	at java.lang.reflect.Method.invoke(Method.java:606)
	at junit.framework.TestCase.runTest(TestCase.java:168)
	at junit.framework.TestCase.runBare(TestCase.java:134)
	at junit.framework.TestResult$1.protect(TestResult.java:110)
	at junit.framework.TestResult.runProtected(TestResult.java:128)
	at junit.framework.TestResult.run(TestResult.java:113)
	at junit.framework.TestCase.run(TestCase.java:124)
	at junit.framework.TestSuite.runTest(TestSuite.java:243)
	at junit.framework.TestSuite.run(TestSuite.java:238)
	at junit.framework.TestSuite.runTest(TestSuite.java:243)
	at junit.framework.TestSuite.run(TestSuite.java:238)
	at junit.textui.TestRunner.doRun(TestRunner.java:116)
	at RandoopTest.main(RandoopTest.java:8)

Dec 11, 2017 3:05:33 PM RandoopTest0 test14
WARNING: "IOP00010205: (UNKNOWN) Error while unmarshalling SystemException"
org.omg.CORBA.UNKNOWN:   vmcid: SUN  minor code: 205  completed: No
	at com.sun.corba.se.impl.logging.ORBUtilSystemException.unknownSysex(ORBUtilSystemException.java:8953)
	at com.sun.corba.se.impl.logging.ORBUtilSystemException.unknownSysex(ORBUtilSystemException.java:8975)
	at RandoopTest0.test14(RandoopTest0.java:376)
	at sun.reflect.NativeMethodAccessorImpl.invoke0(Native Method)
	at sun.reflect.NativeMethodAccessorImpl.invoke(NativeMethodAccessorImpl.java:57)
	at sun.reflect.DelegatingMethodAccessorImpl.invoke(DelegatingMethodAccessorImpl.java:43)
	at java.lang.reflect.Method.invoke(Method.java:606)
	at junit.framework.TestCase.runTest(TestCase.java:168)
	at junit.framework.TestCase.runBare(TestCase.java:134)
	at junit.framework.TestResult$1.protect(TestResult.java:110)
	at junit.framework.TestResult.runProtected(TestResult.java:128)
	at junit.framework.TestResult.run(TestResult.java:113)
	at junit.framework.TestCase.run(TestCase.java:124)
	at junit.framework.TestSuite.runTest(TestSuite.java:243)
	at junit.framework.TestSuite.run(TestSuite.java:238)
	at junit.framework.TestSuite.runTest(TestSuite.java:243)
	at junit.framework.TestSuite.run(TestSuite.java:238)
	at junit.textui.TestRunner.doRun(TestRunner.java:116)
	at RandoopTest.main(RandoopTest.java:8)

Dec 11, 2017 3:05:33 PM RandoopTest0 test14
WARNING: "IOP00710242: (INTERNAL) Assertion failed: statement not reachable (5)"
org.omg.CORBA.INTERNAL:   vmcid: SUN  minor code: 242  completed: No
	at com.sun.corba.se.impl.logging.ORBUtilSystemException.statementNotReachable5(ORBUtilSystemException.java:4769)
	at com.sun.corba.se.impl.logging.ORBUtilSystemException.statementNotReachable5(ORBUtilSystemException.java:4791)
	at RandoopTest0.test14(RandoopTest0.java:377)
	at sun.reflect.NativeMethodAccessorImpl.invoke0(Native Method)
	at sun.reflect.NativeMethodAccessorImpl.invoke(NativeMethodAccessorImpl.java:57)
	at sun.reflect.DelegatingMethodAccessorImpl.invoke(DelegatingMethodAccessorImpl.java:43)
	at java.lang.reflect.Method.invoke(Method.java:606)
	at junit.framework.TestCase.runTest(TestCase.java:168)
	at junit.framework.TestCase.runBare(TestCase.java:134)
	at junit.framework.TestResult$1.protect(TestResult.java:110)
	at junit.framework.TestResult.runProtected(TestResult.java:128)
	at junit.framework.TestResult.run(TestResult.java:113)
	at junit.framework.TestCase.run(TestCase.java:124)
	at junit.framework.TestSuite.runTest(TestSuite.java:243)
	at junit.framework.TestSuite.run(TestSuite.java:238)
	at junit.framework.TestSuite.runTest(TestSuite.java:243)
	at junit.framework.TestSuite.run(TestSuite.java:238)
	at junit.textui.TestRunner.doRun(TestRunner.java:116)
	at RandoopTest.main(RandoopTest.java:8)

Dec 11, 2017 3:05:33 PM RandoopTest0 test14
WARNING: "IOP00010205: (UNKNOWN) Error while unmarshalling SystemException"
org.omg.CORBA.UNKNOWN:   vmcid: SUN  minor code: 205  completed: No
	at com.sun.corba.se.impl.logging.ORBUtilSystemException.unknownSysex(ORBUtilSystemException.java:8953)
	at com.sun.corba.se.impl.logging.ORBUtilSystemException.unknownSysex(ORBUtilSystemException.java:8975)
	at RandoopTest0.test14(RandoopTest0.java:378)
	at sun.reflect.NativeMethodAccessorImpl.invoke0(Native Method)
	at sun.reflect.NativeMethodAccessorImpl.invoke(NativeMethodAccessorImpl.java:57)
	at sun.reflect.DelegatingMethodAccessorImpl.invoke(DelegatingMethodAccessorImpl.java:43)
	at java.lang.reflect.Method.invoke(Method.java:606)
	at junit.framework.TestCase.runTest(TestCase.java:168)
	at junit.framework.TestCase.runBare(TestCase.java:134)
	at junit.framework.TestResult$1.protect(TestResult.java:110)
	at junit.framework.TestResult.runProtected(TestResult.java:128)
	at junit.framework.TestResult.run(TestResult.java:113)
	at junit.framework.TestCase.run(TestCase.java:124)
	at junit.framework.TestSuite.runTest(TestSuite.java:243)
	at junit.framework.TestSuite.run(TestSuite.java:238)
	at junit.framework.TestSuite.runTest(TestSuite.java:243)
	at junit.framework.TestSuite.run(TestSuite.java:238)
	at junit.textui.TestRunner.doRun(TestRunner.java:116)
	at RandoopTest.main(RandoopTest.java:8)

Dec 11, 2017 3:05:33 PM RandoopTest0 test14
WARNING: "IOP00710244: (INTERNAL) Unexpected exception while unmarshalling DII user exception"
org.omg.CORBA.INTERNAL:   vmcid: SUN  minor code: 244  completed: No
	at com.sun.corba.se.impl.logging.ORBUtilSystemException.unexpectedDiiException(ORBUtilSystemException.java:4825)
	at com.sun.corba.se.impl.logging.ORBUtilSystemException.unexpectedDiiException(ORBUtilSystemException.java:4843)
	at RandoopTest0.test14(RandoopTest0.java:379)
	at sun.reflect.NativeMethodAccessorImpl.invoke0(Native Method)
	at sun.reflect.NativeMethodAccessorImpl.invoke(NativeMethodAccessorImpl.java:57)
	at sun.reflect.DelegatingMethodAccessorImpl.invoke(DelegatingMethodAccessorImpl.java:43)
	at java.lang.reflect.Method.invoke(Method.java:606)
	at junit.framework.TestCase.runTest(TestCase.java:168)
	at junit.framework.TestCase.runBare(TestCase.java:134)
	at junit.framework.TestResult$1.protect(TestResult.java:110)
	at junit.framework.TestResult.runProtected(TestResult.java:128)
	at junit.framework.TestResult.run(TestResult.java:113)
	at junit.framework.TestCase.run(TestCase.java:124)
	at junit.framework.TestSuite.runTest(TestSuite.java:243)
	at junit.framework.TestSuite.run(TestSuite.java:238)
	at junit.framework.TestSuite.runTest(TestSuite.java:243)
	at junit.framework.TestSuite.run(TestSuite.java:238)
	at junit.textui.TestRunner.doRun(TestRunner.java:116)
	at RandoopTest.main(RandoopTest.java:8)
Caused by: org.omg.CORBA.UNKNOWN:   vmcid: SUN  minor code: 205  completed: No
	at com.sun.corba.se.impl.logging.ORBUtilSystemException.unknownSysex(ORBUtilSystemException.java:8953)
	at com.sun.corba.se.impl.logging.ORBUtilSystemException.unknownSysex(ORBUtilSystemException.java:8975)
	at RandoopTest0.test14(RandoopTest0.java:378)
	... 16 more

Dec 11, 2017 3:05:33 PM RandoopTest0 test14
WARNING: "IOP00710201: (INTERNAL) Non-existent ORB ID"
org.omg.CORBA.INTERNAL:   vmcid: SUN  minor code: 201  completed: No
	at com.sun.corba.se.impl.logging.ORBUtilSystemException.nonExistentOrbid(ORBUtilSystemException.java:3675)
	at com.sun.corba.se.impl.logging.ORBUtilSystemException.nonExistentOrbid(ORBUtilSystemException.java:3697)
	at RandoopTest0.test14(RandoopTest0.java:382)
	at sun.reflect.NativeMethodAccessorImpl.invoke0(Native Method)
	at sun.reflect.NativeMethodAccessorImpl.invoke(NativeMethodAccessorImpl.java:57)
	at sun.reflect.DelegatingMethodAccessorImpl.invoke(DelegatingMethodAccessorImpl.java:43)
	at java.lang.reflect.Method.invoke(Method.java:606)
	at junit.framework.TestCase.runTest(TestCase.java:168)
	at junit.framework.TestCase.runBare(TestCase.java:134)
	at junit.framework.TestResult$1.protect(TestResult.java:110)
	at junit.framework.TestResult.runProtected(TestResult.java:128)
	at junit.framework.TestResult.run(TestResult.java:113)
	at junit.framework.TestCase.run(TestCase.java:124)
	at junit.framework.TestSuite.runTest(TestSuite.java:243)
	at junit.framework.TestSuite.run(TestSuite.java:238)
	at junit.framework.TestSuite.runTest(TestSuite.java:243)
	at junit.framework.TestSuite.run(TestSuite.java:238)
	at junit.textui.TestRunner.doRun(TestRunner.java:116)
	at RandoopTest.main(RandoopTest.java:8)

Dec 11, 2017 3:05:33 PM RandoopTest0 test14
WARNING: "IOP00810233: (MARSHAL) A bad digit was found while marshalling an IDL fixed type"
org.omg.CORBA.MARSHAL:   vmcid: SUN  minor code: 233  completed: No
	at com.sun.corba.se.impl.logging.ORBUtilSystemException.badDigitInFixed(ORBUtilSystemException.java:7603)
	at com.sun.corba.se.impl.logging.ORBUtilSystemException.badDigitInFixed(ORBUtilSystemException.java:7621)
	at RandoopTest0.test14(RandoopTest0.java:383)
	at sun.reflect.NativeMethodAccessorImpl.invoke0(Native Method)
	at sun.reflect.NativeMethodAccessorImpl.invoke(NativeMethodAccessorImpl.java:57)
	at sun.reflect.DelegatingMethodAccessorImpl.invoke(DelegatingMethodAccessorImpl.java:43)
	at java.lang.reflect.Method.invoke(Method.java:606)
	at junit.framework.TestCase.runTest(TestCase.java:168)
	at junit.framework.TestCase.runBare(TestCase.java:134)
	at junit.framework.TestResult$1.protect(TestResult.java:110)
	at junit.framework.TestResult.runProtected(TestResult.java:128)
	at junit.framework.TestResult.run(TestResult.java:113)
	at junit.framework.TestCase.run(TestCase.java:124)
	at junit.framework.TestSuite.runTest(TestSuite.java:243)
	at junit.framework.TestSuite.run(TestSuite.java:238)
	at junit.framework.TestSuite.runTest(TestSuite.java:243)
	at junit.framework.TestSuite.run(TestSuite.java:238)
	at junit.textui.TestRunner.doRun(TestRunner.java:116)
	at RandoopTest.main(RandoopTest.java:8)
Caused by: org.omg.CORBA.INTERNAL:   vmcid: SUN  minor code: 201  completed: No
	at com.sun.corba.se.impl.logging.ORBUtilSystemException.nonExistentOrbid(ORBUtilSystemException.java:3675)
	at com.sun.corba.se.impl.logging.ORBUtilSystemException.nonExistentOrbid(ORBUtilSystemException.java:3697)
	at RandoopTest0.test14(RandoopTest0.java:382)
	... 16 more

Dec 11, 2017 3:05:33 PM RandoopTest0 test14
WARNING: "IOP00710201: (INTERNAL) Non-existent ORB ID"
org.omg.CORBA.INTERNAL:   vmcid: SUN  minor code: 201  completed: No
	at com.sun.corba.se.impl.logging.ORBUtilSystemException.nonExistentOrbid(ORBUtilSystemException.java:3675)
	at com.sun.corba.se.impl.logging.ORBUtilSystemException.nonExistentOrbid(ORBUtilSystemException.java:3697)
	at RandoopTest0.test14(RandoopTest0.java:385)
	at sun.reflect.NativeMethodAccessorImpl.invoke0(Native Method)
	at sun.reflect.NativeMethodAccessorImpl.invoke(NativeMethodAccessorImpl.java:57)
	at sun.reflect.DelegatingMethodAccessorImpl.invoke(DelegatingMethodAccessorImpl.java:43)
	at java.lang.reflect.Method.invoke(Method.java:606)
	at junit.framework.TestCase.runTest(TestCase.java:168)
	at junit.framework.TestCase.runBare(TestCase.java:134)
	at junit.framework.TestResult$1.protect(TestResult.java:110)
	at junit.framework.TestResult.runProtected(TestResult.java:128)
	at junit.framework.TestResult.run(TestResult.java:113)
	at junit.framework.TestCase.run(TestCase.java:124)
	at junit.framework.TestSuite.runTest(TestSuite.java:243)
	at junit.framework.TestSuite.run(TestSuite.java:238)
	at junit.framework.TestSuite.runTest(TestSuite.java:243)
	at junit.framework.TestSuite.run(TestSuite.java:238)
	at junit.textui.TestRunner.doRun(TestRunner.java:116)
	at RandoopTest.main(RandoopTest.java:8)

Dec 11, 2017 3:05:33 PM RandoopTest0 test14
WARNING: "IOP00710236: (INTERNAL) Unsupported GIOP version org.omg.CORBA.UNKNOWN:   vmcid: SUN  minor code: 209  completed: No"
org.omg.CORBA.INTERNAL:   vmcid: SUN  minor code: 236  completed: No
	at com.sun.corba.se.impl.logging.ORBUtilSystemException.unsupportedGiopVersion(ORBUtilSystemException.java:4600)
	at com.sun.corba.se.impl.logging.ORBUtilSystemException.unsupportedGiopVersion(ORBUtilSystemException.java:4623)
	at RandoopTest0.test14(RandoopTest0.java:388)
	at sun.reflect.NativeMethodAccessorImpl.invoke0(Native Method)
	at sun.reflect.NativeMethodAccessorImpl.invoke(NativeMethodAccessorImpl.java:57)
	at sun.reflect.DelegatingMethodAccessorImpl.invoke(DelegatingMethodAccessorImpl.java:43)
	at java.lang.reflect.Method.invoke(Method.java:606)
	at junit.framework.TestCase.runTest(TestCase.java:168)
	at junit.framework.TestCase.runBare(TestCase.java:134)
	at junit.framework.TestResult$1.protect(TestResult.java:110)
	at junit.framework.TestResult.runProtected(TestResult.java:128)
	at junit.framework.TestResult.run(TestResult.java:113)
	at junit.framework.TestCase.run(TestCase.java:124)
	at junit.framework.TestSuite.runTest(TestSuite.java:243)
	at junit.framework.TestSuite.run(TestSuite.java:238)
	at junit.framework.TestSuite.runTest(TestSuite.java:243)
	at junit.framework.TestSuite.run(TestSuite.java:238)
	at junit.textui.TestRunner.doRun(TestRunner.java:116)
	at RandoopTest.main(RandoopTest.java:8)

Dec 11, 2017 3:05:33 PM RandoopTest0 test12
WARNING: "IOP00010205: (UNKNOWN) Error while unmarshalling SystemException"
org.omg.CORBA.UNKNOWN:   vmcid: SUN  minor code: 205  completed: No
	at com.sun.corba.se.impl.logging.ORBUtilSystemException.unknownSysex(ORBUtilSystemException.java:8953)
	at com.sun.corba.se.impl.logging.ORBUtilSystemException.unknownSysex(ORBUtilSystemException.java:8975)
	at RandoopTest0.test12(RandoopTest0.java:272)
	at sun.reflect.NativeMethodAccessorImpl.invoke0(Native Method)
	at sun.reflect.NativeMethodAccessorImpl.invoke(NativeMethodAccessorImpl.java:57)
	at sun.reflect.DelegatingMethodAccessorImpl.invoke(DelegatingMethodAccessorImpl.java:43)
	at java.lang.reflect.Method.invoke(Method.java:606)
	at junit.framework.TestCase.runTest(TestCase.java:168)
	at junit.framework.TestCase.runBare(TestCase.java:134)
	at junit.framework.TestResult$1.protect(TestResult.java:110)
	at junit.framework.TestResult.runProtected(TestResult.java:128)
	at junit.framework.TestResult.run(TestResult.java:113)
	at junit.framework.TestCase.run(TestCase.java:124)
	at junit.framework.TestSuite.runTest(TestSuite.java:243)
	at junit.framework.TestSuite.run(TestSuite.java:238)
	at junit.framework.TestSuite.runTest(TestSuite.java:243)
	at junit.framework.TestSuite.run(TestSuite.java:238)
	at junit.textui.TestRunner.doRun(TestRunner.java:116)
	at RandoopTest.main(RandoopTest.java:8)

Dec 11, 2017 3:05:33 PM RandoopTest0 test12
WARNING: "IOP00710242: (INTERNAL) Assertion failed: statement not reachable (5)"
org.omg.CORBA.INTERNAL:   vmcid: SUN  minor code: 242  completed: No
	at com.sun.corba.se.impl.logging.ORBUtilSystemException.statementNotReachable5(ORBUtilSystemException.java:4769)
	at com.sun.corba.se.impl.logging.ORBUtilSystemException.statementNotReachable5(ORBUtilSystemException.java:4791)
	at RandoopTest0.test12(RandoopTest0.java:273)
	at sun.reflect.NativeMethodAccessorImpl.invoke0(Native Method)
	at sun.reflect.NativeMethodAccessorImpl.invoke(NativeMethodAccessorImpl.java:57)
	at sun.reflect.DelegatingMethodAccessorImpl.invoke(DelegatingMethodAccessorImpl.java:43)
	at java.lang.reflect.Method.invoke(Method.java:606)
	at junit.framework.TestCase.runTest(TestCase.java:168)
	at junit.framework.TestCase.runBare(TestCase.java:134)
	at junit.framework.TestResult$1.protect(TestResult.java:110)
	at junit.framework.TestResult.runProtected(TestResult.java:128)
	at junit.framework.TestResult.run(TestResult.java:113)
	at junit.framework.TestCase.run(TestCase.java:124)
	at junit.framework.TestSuite.runTest(TestSuite.java:243)
	at junit.framework.TestSuite.run(TestSuite.java:238)
	at junit.framework.TestSuite.runTest(TestSuite.java:243)
	at junit.framework.TestSuite.run(TestSuite.java:238)
	at junit.textui.TestRunner.doRun(TestRunner.java:116)
	at RandoopTest.main(RandoopTest.java:8)

Dec 11, 2017 3:05:33 PM RandoopTest0 test12
WARNING: "IOP00810234: (MARSHAL) Referenced type of indirect type not marshaled"
org.omg.CORBA.MARSHAL:   vmcid: SUN  minor code: 234  completed: No
	at com.sun.corba.se.impl.logging.ORBUtilSystemException.refTypeIndirType(ORBUtilSystemException.java:7631)
	at com.sun.corba.se.impl.logging.ORBUtilSystemException.refTypeIndirType(ORBUtilSystemException.java:7653)
	at RandoopTest0.test12(RandoopTest0.java:274)
	at sun.reflect.NativeMethodAccessorImpl.invoke0(Native Method)
	at sun.reflect.NativeMethodAccessorImpl.invoke(NativeMethodAccessorImpl.java:57)
	at sun.reflect.DelegatingMethodAccessorImpl.invoke(DelegatingMethodAccessorImpl.java:43)
	at java.lang.reflect.Method.invoke(Method.java:606)
	at junit.framework.TestCase.runTest(TestCase.java:168)
	at junit.framework.TestCase.runBare(TestCase.java:134)
	at junit.framework.TestResult$1.protect(TestResult.java:110)
	at junit.framework.TestResult.runProtected(TestResult.java:128)
	at junit.framework.TestResult.run(TestResult.java:113)
	at junit.framework.TestCase.run(TestCase.java:124)
	at junit.framework.TestSuite.runTest(TestSuite.java:243)
	at junit.framework.TestSuite.run(TestSuite.java:238)
	at junit.framework.TestSuite.runTest(TestSuite.java:243)
	at junit.framework.TestSuite.run(TestSuite.java:238)
	at junit.textui.TestRunner.doRun(TestRunner.java:116)
	at RandoopTest.main(RandoopTest.java:8)

Dec 11, 2017 3:05:33 PM RandoopTest0 test12
WARNING: "IOP00710201: (INTERNAL) Non-existent ORB ID"
org.omg.CORBA.INTERNAL:   vmcid: SUN  minor code: 201  completed: No
	at com.sun.corba.se.impl.logging.ORBUtilSystemException.nonExistentOrbid(ORBUtilSystemException.java:3675)
	at com.sun.corba.se.impl.logging.ORBUtilSystemException.nonExistentOrbid(ORBUtilSystemException.java:3697)
	at RandoopTest0.test12(RandoopTest0.java:276)
	at sun.reflect.NativeMethodAccessorImpl.invoke0(Native Method)
	at sun.reflect.NativeMethodAccessorImpl.invoke(NativeMethodAccessorImpl.java:57)
	at sun.reflect.DelegatingMethodAccessorImpl.invoke(DelegatingMethodAccessorImpl.java:43)
	at java.lang.reflect.Method.invoke(Method.java:606)
	at junit.framework.TestCase.runTest(TestCase.java:168)
	at junit.framework.TestCase.runBare(TestCase.java:134)
	at junit.framework.TestResult$1.protect(TestResult.java:110)
	at junit.framework.TestResult.runProtected(TestResult.java:128)
	at junit.framework.TestResult.run(TestResult.java:113)
	at junit.framework.TestCase.run(TestCase.java:124)
	at junit.framework.TestSuite.runTest(TestSuite.java:243)
	at junit.framework.TestSuite.run(TestSuite.java:238)
	at junit.framework.TestSuite.runTest(TestSuite.java:243)
	at junit.framework.TestSuite.run(TestSuite.java:238)
	at junit.textui.TestRunner.doRun(TestRunner.java:116)
	at RandoopTest.main(RandoopTest.java:8)

Dec 11, 2017 3:05:33 PM RandoopTest0 test12
WARNING: "IOP00710201: (INTERNAL) Non-existent ORB ID"
org.omg.CORBA.INTERNAL:   vmcid: SUN  minor code: 201  completed: No
	at com.sun.corba.se.impl.logging.ORBUtilSystemException.nonExistentOrbid(ORBUtilSystemException.java:3675)
	at com.sun.corba.se.impl.logging.ORBUtilSystemException.nonExistentOrbid(ORBUtilSystemException.java:3697)
	at RandoopTest0.test12(RandoopTest0.java:279)
	at sun.reflect.NativeMethodAccessorImpl.invoke0(Native Method)
	at sun.reflect.NativeMethodAccessorImpl.invoke(NativeMethodAccessorImpl.java:57)
	at sun.reflect.DelegatingMethodAccessorImpl.invoke(DelegatingMethodAccessorImpl.java:43)
	at java.lang.reflect.Method.invoke(Method.java:606)
	at junit.framework.TestCase.runTest(TestCase.java:168)
	at junit.framework.TestCase.runBare(TestCase.java:134)
	at junit.framework.TestResult$1.protect(TestResult.java:110)
	at junit.framework.TestResult.runProtected(TestResult.java:128)
	at junit.framework.TestResult.run(TestResult.java:113)
	at junit.framework.TestCase.run(TestCase.java:124)
	at junit.framework.TestSuite.runTest(TestSuite.java:243)
	at junit.framework.TestSuite.run(TestSuite.java:238)
	at junit.framework.TestSuite.runTest(TestSuite.java:243)
	at junit.framework.TestSuite.run(TestSuite.java:238)
	at junit.textui.TestRunner.doRun(TestRunner.java:116)
	at RandoopTest.main(RandoopTest.java:8)

Dec 11, 2017 3:05:33 PM RandoopTest0 test12
WARNING: "IOP00810233: (MARSHAL) A bad digit was found while marshalling an IDL fixed type"
org.omg.CORBA.MARSHAL:   vmcid: SUN  minor code: 233  completed: No
	at com.sun.corba.se.impl.logging.ORBUtilSystemException.badDigitInFixed(ORBUtilSystemException.java:7603)
	at com.sun.corba.se.impl.logging.ORBUtilSystemException.badDigitInFixed(ORBUtilSystemException.java:7621)
	at RandoopTest0.test12(RandoopTest0.java:280)
	at sun.reflect.NativeMethodAccessorImpl.invoke0(Native Method)
	at sun.reflect.NativeMethodAccessorImpl.invoke(NativeMethodAccessorImpl.java:57)
	at sun.reflect.DelegatingMethodAccessorImpl.invoke(DelegatingMethodAccessorImpl.java:43)
	at java.lang.reflect.Method.invoke(Method.java:606)
	at junit.framework.TestCase.runTest(TestCase.java:168)
	at junit.framework.TestCase.runBare(TestCase.java:134)
	at junit.framework.TestResult$1.protect(TestResult.java:110)
	at junit.framework.TestResult.runProtected(TestResult.java:128)
	at junit.framework.TestResult.run(TestResult.java:113)
	at junit.framework.TestCase.run(TestCase.java:124)
	at junit.framework.TestSuite.runTest(TestSuite.java:243)
	at junit.framework.TestSuite.run(TestSuite.java:238)
	at junit.framework.TestSuite.runTest(TestSuite.java:243)
	at junit.framework.TestSuite.run(TestSuite.java:238)
	at junit.textui.TestRunner.doRun(TestRunner.java:116)
	at RandoopTest.main(RandoopTest.java:8)
Caused by: org.omg.CORBA.INTERNAL:   vmcid: SUN  minor code: 201  completed: No
	at com.sun.corba.se.impl.logging.ORBUtilSystemException.nonExistentOrbid(ORBUtilSystemException.java:3675)
	at com.sun.corba.se.impl.logging.ORBUtilSystemException.nonExistentOrbid(ORBUtilSystemException.java:3697)
	at RandoopTest0.test12(RandoopTest0.java:279)
	... 16 more

Dec 11, 2017 3:05:33 PM RandoopTest0 test12
WARNING: "IOP00710292: (INTERNAL) Unexpected exception occurred where no exception should occur"
org.omg.CORBA.INTERNAL:   vmcid: SUN  minor code: 292  completed: No
	at com.sun.corba.se.impl.logging.ORBUtilSystemException.unexpectedException(ORBUtilSystemException.java:6100)
	at com.sun.corba.se.impl.logging.ORBUtilSystemException.unexpectedException(ORBUtilSystemException.java:6118)
	at RandoopTest0.test12(RandoopTest0.java:282)
	at sun.reflect.NativeMethodAccessorImpl.invoke0(Native Method)
	at sun.reflect.NativeMethodAccessorImpl.invoke(NativeMethodAccessorImpl.java:57)
	at sun.reflect.DelegatingMethodAccessorImpl.invoke(DelegatingMethodAccessorImpl.java:43)
	at java.lang.reflect.Method.invoke(Method.java:606)
	at junit.framework.TestCase.runTest(TestCase.java:168)
	at junit.framework.TestCase.runBare(TestCase.java:134)
	at junit.framework.TestResult$1.protect(TestResult.java:110)
	at junit.framework.TestResult.runProtected(TestResult.java:128)
	at junit.framework.TestResult.run(TestResult.java:113)
	at junit.framework.TestCase.run(TestCase.java:124)
	at junit.framework.TestSuite.runTest(TestSuite.java:243)
	at junit.framework.TestSuite.run(TestSuite.java:238)
	at junit.framework.TestSuite.runTest(TestSuite.java:243)
	at junit.framework.TestSuite.run(TestSuite.java:238)
	at junit.textui.TestRunner.doRun(TestRunner.java:116)
	at RandoopTest.main(RandoopTest.java:8)
Caused by: org.omg.CORBA.NO_IMPLEMENT:   vmcid: SUN  minor code: 203  completed: No
	at com.sun.corba.se.impl.logging.ORBUtilSystemException.getinterfaceNotImplemented(ORBUtilSystemException.java:8433)
	at com.sun.corba.se.impl.logging.ORBUtilSystemException.getinterfaceNotImplemented(ORBUtilSystemException.java:8455)
	at RandoopTest0.test12(RandoopTest0.java:281)
	... 16 more

Dec 11, 2017 3:05:33 PM RandoopTest0 test12
WARNING: "IOP00010205: (UNKNOWN) Error while unmarshalling SystemException"
org.omg.CORBA.UNKNOWN:   vmcid: SUN  minor code: 205  completed: No
	at com.sun.corba.se.impl.logging.ORBUtilSystemException.unknownSysex(ORBUtilSystemException.java:8953)
	at com.sun.corba.se.impl.logging.ORBUtilSystemException.unknownSysex(ORBUtilSystemException.java:8975)
	at RandoopTest0.test12(RandoopTest0.java:284)
	at sun.reflect.NativeMethodAccessorImpl.invoke0(Native Method)
	at sun.reflect.NativeMethodAccessorImpl.invoke(NativeMethodAccessorImpl.java:57)
	at sun.reflect.DelegatingMethodAccessorImpl.invoke(DelegatingMethodAccessorImpl.java:43)
	at java.lang.reflect.Method.invoke(Method.java:606)
	at junit.framework.TestCase.runTest(TestCase.java:168)
	at junit.framework.TestCase.runBare(TestCase.java:134)
	at junit.framework.TestResult$1.protect(TestResult.java:110)
	at junit.framework.TestResult.runProtected(TestResult.java:128)
	at junit.framework.TestResult.run(TestResult.java:113)
	at junit.framework.TestCase.run(TestCase.java:124)
	at junit.framework.TestSuite.runTest(TestSuite.java:243)
	at junit.framework.TestSuite.run(TestSuite.java:238)
	at junit.framework.TestSuite.runTest(TestSuite.java:243)
	at junit.framework.TestSuite.run(TestSuite.java:238)
	at junit.textui.TestRunner.doRun(TestRunner.java:116)
	at RandoopTest.main(RandoopTest.java:8)

Dec 11, 2017 3:05:33 PM RandoopTest0 test12
SEVERE: "IOP00410216: (COMM_FAILURE) Unable to create listener thread on the specified port: 1"
org.omg.CORBA.COMM_FAILURE:   vmcid: SUN  minor code: 216  completed: No
	at com.sun.corba.se.impl.logging.ORBUtilSystemException.createListenerFailed(ORBUtilSystemException.java:2632)
	at com.sun.corba.se.impl.logging.ORBUtilSystemException.createListenerFailed(ORBUtilSystemException.java:2655)
	at RandoopTest0.test12(RandoopTest0.java:285)
	at sun.reflect.NativeMethodAccessorImpl.invoke0(Native Method)
	at sun.reflect.NativeMethodAccessorImpl.invoke(NativeMethodAccessorImpl.java:57)
	at sun.reflect.DelegatingMethodAccessorImpl.invoke(DelegatingMethodAccessorImpl.java:43)
	at java.lang.reflect.Method.invoke(Method.java:606)
	at junit.framework.TestCase.runTest(TestCase.java:168)
	at junit.framework.TestCase.runBare(TestCase.java:134)
	at junit.framework.TestResult$1.protect(TestResult.java:110)
	at junit.framework.TestResult.runProtected(TestResult.java:128)
	at junit.framework.TestResult.run(TestResult.java:113)
	at junit.framework.TestCase.run(TestCase.java:124)
	at junit.framework.TestSuite.runTest(TestSuite.java:243)
	at junit.framework.TestSuite.run(TestSuite.java:238)
	at junit.framework.TestSuite.runTest(TestSuite.java:243)
	at junit.framework.TestSuite.run(TestSuite.java:238)
	at junit.textui.TestRunner.doRun(TestRunner.java:116)
	at RandoopTest.main(RandoopTest.java:8)

Dec 11, 2017 3:05:33 PM RandoopTest0 test12
WARNING: "IOP00710277: (INTERNAL) Duplicate ExceptionDetailMessage"
org.omg.CORBA.INTERNAL:   vmcid: SUN  minor code: 277  completed: No
	at com.sun.corba.se.impl.logging.ORBUtilSystemException.duplicateExceptionDetailMessage(ORBUtilSystemException.java:5701)
	at com.sun.corba.se.impl.logging.ORBUtilSystemException.duplicateExceptionDetailMessage(ORBUtilSystemException.java:5719)
	at RandoopTest0.test12(RandoopTest0.java:286)
	at sun.reflect.NativeMethodAccessorImpl.invoke0(Native Method)
	at sun.reflect.NativeMethodAccessorImpl.invoke(NativeMethodAccessorImpl.java:57)
	at sun.reflect.DelegatingMethodAccessorImpl.invoke(DelegatingMethodAccessorImpl.java:43)
	at java.lang.reflect.Method.invoke(Method.java:606)
	at junit.framework.TestCase.runTest(TestCase.java:168)
	at junit.framework.TestCase.runBare(TestCase.java:134)
	at junit.framework.TestResult$1.protect(TestResult.java:110)
	at junit.framework.TestResult.runProtected(TestResult.java:128)
	at junit.framework.TestResult.run(TestResult.java:113)
	at junit.framework.TestCase.run(TestCase.java:124)
	at junit.framework.TestSuite.runTest(TestSuite.java:243)
	at junit.framework.TestSuite.run(TestSuite.java:238)
	at junit.framework.TestSuite.runTest(TestSuite.java:243)
	at junit.framework.TestSuite.run(TestSuite.java:238)
	at junit.textui.TestRunner.doRun(TestRunner.java:116)
	at RandoopTest.main(RandoopTest.java:8)
Caused by: org.omg.CORBA.COMM_FAILURE:   vmcid: SUN  minor code: 216  completed: No
	at com.sun.corba.se.impl.logging.ORBUtilSystemException.createListenerFailed(ORBUtilSystemException.java:2632)
	at com.sun.corba.se.impl.logging.ORBUtilSystemException.createListenerFailed(ORBUtilSystemException.java:2655)
	at RandoopTest0.test12(RandoopTest0.java:285)
	... 16 more

Dec 11, 2017 3:05:33 PM RandoopTest0 test12
WARNING: "IOP00710250: (INTERNAL) Bad system exception in locate reply"
org.omg.CORBA.INTERNAL:   vmcid: SUN  minor code: 250  completed: No
	at com.sun.corba.se.impl.logging.ORBUtilSystemException.badSystemExceptionInLocateReply(ORBUtilSystemException.java:4994)
	at com.sun.corba.se.impl.logging.ORBUtilSystemException.badSystemExceptionInLocateReply(ORBUtilSystemException.java:5012)
	at RandoopTest0.test12(RandoopTest0.java:287)
	at sun.reflect.NativeMethodAccessorImpl.invoke0(Native Method)
	at sun.reflect.NativeMethodAccessorImpl.invoke(NativeMethodAccessorImpl.java:57)
	at sun.reflect.DelegatingMethodAccessorImpl.invoke(DelegatingMethodAccessorImpl.java:43)
	at java.lang.reflect.Method.invoke(Method.java:606)
	at junit.framework.TestCase.runTest(TestCase.java:168)
	at junit.framework.TestCase.runBare(TestCase.java:134)
	at junit.framework.TestResult$1.protect(TestResult.java:110)
	at junit.framework.TestResult.runProtected(TestResult.java:128)
	at junit.framework.TestResult.run(TestResult.java:113)
	at junit.framework.TestCase.run(TestCase.java:124)
	at junit.framework.TestSuite.runTest(TestSuite.java:243)
	at junit.framework.TestSuite.run(TestSuite.java:238)
	at junit.framework.TestSuite.runTest(TestSuite.java:243)
	at junit.framework.TestSuite.run(TestSuite.java:238)
	at junit.textui.TestRunner.doRun(TestRunner.java:116)
	at RandoopTest.main(RandoopTest.java:8)
Caused by: org.omg.CORBA.INTERNAL:   vmcid: SUN  minor code: 277  completed: No
	at com.sun.corba.se.impl.logging.ORBUtilSystemException.duplicateExceptionDetailMessage(ORBUtilSystemException.java:5701)
	at com.sun.corba.se.impl.logging.ORBUtilSystemException.duplicateExceptionDetailMessage(ORBUtilSystemException.java:5719)
	at RandoopTest0.test12(RandoopTest0.java:286)
	... 16 more
Caused by: org.omg.CORBA.COMM_FAILURE:   vmcid: SUN  minor code: 216  completed: No
	at com.sun.corba.se.impl.logging.ORBUtilSystemException.createListenerFailed(ORBUtilSystemException.java:2632)
	at com.sun.corba.se.impl.logging.ORBUtilSystemException.createListenerFailed(ORBUtilSystemException.java:2655)
	at RandoopTest0.test12(RandoopTest0.java:285)
	... 16 more

Dec 11, 2017 3:05:33 PM RandoopTest0 test11
WARNING: "IOP00710201: (INTERNAL) Non-existent ORB ID"
org.omg.CORBA.INTERNAL:   vmcid: SUN  minor code: 201  completed: No
	at com.sun.corba.se.impl.logging.ORBUtilSystemException.nonExistentOrbid(ORBUtilSystemException.java:3675)
	at com.sun.corba.se.impl.logging.ORBUtilSystemException.nonExistentOrbid(ORBUtilSystemException.java:3697)
	at RandoopTest0.test11(RandoopTest0.java:229)
	at sun.reflect.NativeMethodAccessorImpl.invoke0(Native Method)
	at sun.reflect.NativeMethodAccessorImpl.invoke(NativeMethodAccessorImpl.java:57)
	at sun.reflect.DelegatingMethodAccessorImpl.invoke(DelegatingMethodAccessorImpl.java:43)
	at java.lang.reflect.Method.invoke(Method.java:606)
	at junit.framework.TestCase.runTest(TestCase.java:168)
	at junit.framework.TestCase.runBare(TestCase.java:134)
	at junit.framework.TestResult$1.protect(TestResult.java:110)
	at junit.framework.TestResult.runProtected(TestResult.java:128)
	at junit.framework.TestResult.run(TestResult.java:113)
	at junit.framework.TestCase.run(TestCase.java:124)
	at junit.framework.TestSuite.runTest(TestSuite.java:243)
	at junit.framework.TestSuite.run(TestSuite.java:238)
	at junit.framework.TestSuite.runTest(TestSuite.java:243)
	at junit.framework.TestSuite.run(TestSuite.java:238)
	at junit.textui.TestRunner.doRun(TestRunner.java:116)
	at RandoopTest.main(RandoopTest.java:8)

Dec 11, 2017 3:05:33 PM RandoopTest0 test11
WARNING: "IOP00810233: (MARSHAL) A bad digit was found while marshalling an IDL fixed type"
org.omg.CORBA.MARSHAL:   vmcid: SUN  minor code: 233  completed: No
	at com.sun.corba.se.impl.logging.ORBUtilSystemException.badDigitInFixed(ORBUtilSystemException.java:7603)
	at com.sun.corba.se.impl.logging.ORBUtilSystemException.badDigitInFixed(ORBUtilSystemException.java:7621)
	at RandoopTest0.test11(RandoopTest0.java:230)
	at sun.reflect.NativeMethodAccessorImpl.invoke0(Native Method)
	at sun.reflect.NativeMethodAccessorImpl.invoke(NativeMethodAccessorImpl.java:57)
	at sun.reflect.DelegatingMethodAccessorImpl.invoke(DelegatingMethodAccessorImpl.java:43)
	at java.lang.reflect.Method.invoke(Method.java:606)
	at junit.framework.TestCase.runTest(TestCase.java:168)
	at junit.framework.TestCase.runBare(TestCase.java:134)
	at junit.framework.TestResult$1.protect(TestResult.java:110)
	at junit.framework.TestResult.runProtected(TestResult.java:128)
	at junit.framework.TestResult.run(TestResult.java:113)
	at junit.framework.TestCase.run(TestCase.java:124)
	at junit.framework.TestSuite.runTest(TestSuite.java:243)
	at junit.framework.TestSuite.run(TestSuite.java:238)
	at junit.framework.TestSuite.runTest(TestSuite.java:243)
	at junit.framework.TestSuite.run(TestSuite.java:238)
	at junit.textui.TestRunner.doRun(TestRunner.java:116)
	at RandoopTest.main(RandoopTest.java:8)
Caused by: org.omg.CORBA.INTERNAL:   vmcid: SUN  minor code: 201  completed: No
	at com.sun.corba.se.impl.logging.ORBUtilSystemException.nonExistentOrbid(ORBUtilSystemException.java:3675)
	at com.sun.corba.se.impl.logging.ORBUtilSystemException.nonExistentOrbid(ORBUtilSystemException.java:3697)
	at RandoopTest0.test11(RandoopTest0.java:229)
	... 16 more

Dec 11, 2017 3:05:33 PM RandoopTest0 test11
WARNING: "IOP00710201: (INTERNAL) Non-existent ORB ID"
org.omg.CORBA.INTERNAL:   vmcid: SUN  minor code: 201  completed: No
	at com.sun.corba.se.impl.logging.ORBUtilSystemException.nonExistentOrbid(ORBUtilSystemException.java:3675)
	at com.sun.corba.se.impl.logging.ORBUtilSystemException.nonExistentOrbid(ORBUtilSystemException.java:3697)
	at RandoopTest0.test11(RandoopTest0.java:232)
	at sun.reflect.NativeMethodAccessorImpl.invoke0(Native Method)
	at sun.reflect.NativeMethodAccessorImpl.invoke(NativeMethodAccessorImpl.java:57)
	at sun.reflect.DelegatingMethodAccessorImpl.invoke(DelegatingMethodAccessorImpl.java:43)
	at java.lang.reflect.Method.invoke(Method.java:606)
	at junit.framework.TestCase.runTest(TestCase.java:168)
	at junit.framework.TestCase.runBare(TestCase.java:134)
	at junit.framework.TestResult$1.protect(TestResult.java:110)
	at junit.framework.TestResult.runProtected(TestResult.java:128)
	at junit.framework.TestResult.run(TestResult.java:113)
	at junit.framework.TestCase.run(TestCase.java:124)
	at junit.framework.TestSuite.runTest(TestSuite.java:243)
	at junit.framework.TestSuite.run(TestSuite.java:238)
	at junit.framework.TestSuite.runTest(TestSuite.java:243)
	at junit.framework.TestSuite.run(TestSuite.java:238)
	at junit.textui.TestRunner.doRun(TestRunner.java:116)
	at RandoopTest.main(RandoopTest.java:8)

Dec 11, 2017 3:05:33 PM RandoopTest0 test11
WARNING: "IOP01210204: (BAD_OPERATION) Object adapter ID not available"
org.omg.CORBA.BAD_OPERATION:   vmcid: SUN  minor code: 204  completed: No
	at com.sun.corba.se.impl.logging.ORBUtilSystemException.objectAdapterIdNotAvailable(ORBUtilSystemException.java:159)
	at com.sun.corba.se.impl.logging.ORBUtilSystemException.objectAdapterIdNotAvailable(ORBUtilSystemException.java:181)
	at RandoopTest0.test11(RandoopTest0.java:235)
	at sun.reflect.NativeMethodAccessorImpl.invoke0(Native Method)
	at sun.reflect.NativeMethodAccessorImpl.invoke(NativeMethodAccessorImpl.java:57)
	at sun.reflect.DelegatingMethodAccessorImpl.invoke(DelegatingMethodAccessorImpl.java:43)
	at java.lang.reflect.Method.invoke(Method.java:606)
	at junit.framework.TestCase.runTest(TestCase.java:168)
	at junit.framework.TestCase.runBare(TestCase.java:134)
	at junit.framework.TestResult$1.protect(TestResult.java:110)
	at junit.framework.TestResult.runProtected(TestResult.java:128)
	at junit.framework.TestResult.run(TestResult.java:113)
	at junit.framework.TestCase.run(TestCase.java:124)
	at junit.framework.TestSuite.runTest(TestSuite.java:243)
	at junit.framework.TestSuite.run(TestSuite.java:238)
	at junit.framework.TestSuite.runTest(TestSuite.java:243)
	at junit.framework.TestSuite.run(TestSuite.java:238)
	at junit.textui.TestRunner.doRun(TestRunner.java:116)
	at RandoopTest.main(RandoopTest.java:8)

Dec 11, 2017 3:05:33 PM RandoopTest0 test10
WARNING: "IOP00710201: (INTERNAL) Non-existent ORB ID"
org.omg.CORBA.INTERNAL:   vmcid: SUN  minor code: 201  completed: No
	at com.sun.corba.se.impl.logging.ORBUtilSystemException.nonExistentOrbid(ORBUtilSystemException.java:3675)
	at com.sun.corba.se.impl.logging.ORBUtilSystemException.nonExistentOrbid(ORBUtilSystemException.java:3697)
	at RandoopTest0.test10(RandoopTest0.java:197)
	at sun.reflect.NativeMethodAccessorImpl.invoke0(Native Method)
	at sun.reflect.NativeMethodAccessorImpl.invoke(NativeMethodAccessorImpl.java:57)
	at sun.reflect.DelegatingMethodAccessorImpl.invoke(DelegatingMethodAccessorImpl.java:43)
	at java.lang.reflect.Method.invoke(Method.java:606)
	at junit.framework.TestCase.runTest(TestCase.java:168)
	at junit.framework.TestCase.runBare(TestCase.java:134)
	at junit.framework.TestResult$1.protect(TestResult.java:110)
	at junit.framework.TestResult.runProtected(TestResult.java:128)
	at junit.framework.TestResult.run(TestResult.java:113)
	at junit.framework.TestCase.run(TestCase.java:124)
	at junit.framework.TestSuite.runTest(TestSuite.java:243)
	at junit.framework.TestSuite.run(TestSuite.java:238)
	at junit.framework.TestSuite.runTest(TestSuite.java:243)
	at junit.framework.TestSuite.run(TestSuite.java:238)
	at junit.textui.TestRunner.doRun(TestRunner.java:116)
	at RandoopTest.main(RandoopTest.java:8)

Dec 11, 2017 3:05:33 PM RandoopTest0 test10
WARNING: "IOP00810233: (MARSHAL) A bad digit was found while marshalling an IDL fixed type"
org.omg.CORBA.MARSHAL:   vmcid: SUN  minor code: 233  completed: No
	at com.sun.corba.se.impl.logging.ORBUtilSystemException.badDigitInFixed(ORBUtilSystemException.java:7603)
	at com.sun.corba.se.impl.logging.ORBUtilSystemException.badDigitInFixed(ORBUtilSystemException.java:7621)
	at RandoopTest0.test10(RandoopTest0.java:198)
	at sun.reflect.NativeMethodAccessorImpl.invoke0(Native Method)
	at sun.reflect.NativeMethodAccessorImpl.invoke(NativeMethodAccessorImpl.java:57)
	at sun.reflect.DelegatingMethodAccessorImpl.invoke(DelegatingMethodAccessorImpl.java:43)
	at java.lang.reflect.Method.invoke(Method.java:606)
	at junit.framework.TestCase.runTest(TestCase.java:168)
	at junit.framework.TestCase.runBare(TestCase.java:134)
	at junit.framework.TestResult$1.protect(TestResult.java:110)
	at junit.framework.TestResult.runProtected(TestResult.java:128)
	at junit.framework.TestResult.run(TestResult.java:113)
	at junit.framework.TestCase.run(TestCase.java:124)
	at junit.framework.TestSuite.runTest(TestSuite.java:243)
	at junit.framework.TestSuite.run(TestSuite.java:238)
	at junit.framework.TestSuite.runTest(TestSuite.java:243)
	at junit.framework.TestSuite.run(TestSuite.java:238)
	at junit.textui.TestRunner.doRun(TestRunner.java:116)
	at RandoopTest.main(RandoopTest.java:8)
Caused by: org.omg.CORBA.INTERNAL:   vmcid: SUN  minor code: 201  completed: No
	at com.sun.corba.se.impl.logging.ORBUtilSystemException.nonExistentOrbid(ORBUtilSystemException.java:3675)
	at com.sun.corba.se.impl.logging.ORBUtilSystemException.nonExistentOrbid(ORBUtilSystemException.java:3697)
	at RandoopTest0.test10(RandoopTest0.java:197)
	... 16 more

Dec 11, 2017 3:05:33 PM RandoopTest0 test10
WARNING: "IOP01210214: (BAD_OPERATION) Tried to insert Fixed type for non-Fixed typecode"
org.omg.CORBA.BAD_OPERATION:   vmcid: SUN  minor code: 214  completed: No
	at com.sun.corba.se.impl.logging.ORBUtilSystemException.fixedBadTypecode(ORBUtilSystemException.java:417)
	at com.sun.corba.se.impl.logging.ORBUtilSystemException.fixedBadTypecode(ORBUtilSystemException.java:439)
	at RandoopTest0.test10(RandoopTest0.java:199)
	at sun.reflect.NativeMethodAccessorImpl.invoke0(Native Method)
	at sun.reflect.NativeMethodAccessorImpl.invoke(NativeMethodAccessorImpl.java:57)
	at sun.reflect.DelegatingMethodAccessorImpl.invoke(DelegatingMethodAccessorImpl.java:43)
	at java.lang.reflect.Method.invoke(Method.java:606)
	at junit.framework.TestCase.runTest(TestCase.java:168)
	at junit.framework.TestCase.runBare(TestCase.java:134)
	at junit.framework.TestResult$1.protect(TestResult.java:110)
	at junit.framework.TestResult.runProtected(TestResult.java:128)
	at junit.framework.TestResult.run(TestResult.java:113)
	at junit.framework.TestCase.run(TestCase.java:124)
	at junit.framework.TestSuite.runTest(TestSuite.java:243)
	at junit.framework.TestSuite.run(TestSuite.java:238)
	at junit.framework.TestSuite.runTest(TestSuite.java:243)
	at junit.framework.TestSuite.run(TestSuite.java:238)
	at junit.textui.TestRunner.doRun(TestRunner.java:116)
	at RandoopTest.main(RandoopTest.java:8)

Dec 11, 2017 3:05:33 PM RandoopTest0 test10
WARNING: "IOP00810260: (MARSHAL) Java serialization exception during -1 operation"
org.omg.CORBA.MARSHAL:   vmcid: SUN  minor code: 260  completed: No
	at com.sun.corba.se.impl.logging.ORBUtilSystemException.javaSerializationException(ORBUtilSystemException.java:8344)
	at com.sun.corba.se.impl.logging.ORBUtilSystemException.javaSerializationException(ORBUtilSystemException.java:8367)
	at RandoopTest0.test10(RandoopTest0.java:200)
	at sun.reflect.NativeMethodAccessorImpl.invoke0(Native Method)
	at sun.reflect.NativeMethodAccessorImpl.invoke(NativeMethodAccessorImpl.java:57)
	at sun.reflect.DelegatingMethodAccessorImpl.invoke(DelegatingMethodAccessorImpl.java:43)
	at java.lang.reflect.Method.invoke(Method.java:606)
	at junit.framework.TestCase.runTest(TestCase.java:168)
	at junit.framework.TestCase.runBare(TestCase.java:134)
	at junit.framework.TestResult$1.protect(TestResult.java:110)
	at junit.framework.TestResult.runProtected(TestResult.java:128)
	at junit.framework.TestResult.run(TestResult.java:113)
	at junit.framework.TestCase.run(TestCase.java:124)
	at junit.framework.TestSuite.runTest(TestSuite.java:243)
	at junit.framework.TestSuite.run(TestSuite.java:238)
	at junit.framework.TestSuite.runTest(TestSuite.java:243)
	at junit.framework.TestSuite.run(TestSuite.java:238)
	at junit.textui.TestRunner.doRun(TestRunner.java:116)
	at RandoopTest.main(RandoopTest.java:8)

Dec 11, 2017 3:05:33 PM RandoopTest0 test9
WARNING: "IOP00010205: (UNKNOWN) Error while unmarshalling SystemException"
org.omg.CORBA.UNKNOWN:   vmcid: SUN  minor code: 205  completed: No
	at com.sun.corba.se.impl.logging.ORBUtilSystemException.unknownSysex(ORBUtilSystemException.java:8953)
	at com.sun.corba.se.impl.logging.ORBUtilSystemException.unknownSysex(ORBUtilSystemException.java:8975)
	at RandoopTest0.test9(RandoopTest0.java:136)
	at sun.reflect.NativeMethodAccessorImpl.invoke0(Native Method)
	at sun.reflect.NativeMethodAccessorImpl.invoke(NativeMethodAccessorImpl.java:57)
	at sun.reflect.DelegatingMethodAccessorImpl.invoke(DelegatingMethodAccessorImpl.java:43)
	at java.lang.reflect.Method.invoke(Method.java:606)
	at junit.framework.TestCase.runTest(TestCase.java:168)
	at junit.framework.TestCase.runBare(TestCase.java:134)
	at junit.framework.TestResult$1.protect(TestResult.java:110)
	at junit.framework.TestResult.runProtected(TestResult.java:128)
	at junit.framework.TestResult.run(TestResult.java:113)
	at junit.framework.TestCase.run(TestCase.java:124)
	at junit.framework.TestSuite.runTest(TestSuite.java:243)
	at junit.framework.TestSuite.run(TestSuite.java:238)
	at junit.framework.TestSuite.runTest(TestSuite.java:243)
	at junit.framework.TestSuite.run(TestSuite.java:238)
	at junit.textui.TestRunner.doRun(TestRunner.java:116)
	at RandoopTest.main(RandoopTest.java:8)

Dec 11, 2017 3:05:33 PM RandoopTest0 test9
WARNING: "IOP00710242: (INTERNAL) Assertion failed: statement not reachable (5)"
org.omg.CORBA.INTERNAL:   vmcid: SUN  minor code: 242  completed: No
	at com.sun.corba.se.impl.logging.ORBUtilSystemException.statementNotReachable5(ORBUtilSystemException.java:4769)
	at com.sun.corba.se.impl.logging.ORBUtilSystemException.statementNotReachable5(ORBUtilSystemException.java:4791)
	at RandoopTest0.test9(RandoopTest0.java:137)
	at sun.reflect.NativeMethodAccessorImpl.invoke0(Native Method)
	at sun.reflect.NativeMethodAccessorImpl.invoke(NativeMethodAccessorImpl.java:57)
	at sun.reflect.DelegatingMethodAccessorImpl.invoke(DelegatingMethodAccessorImpl.java:43)
	at java.lang.reflect.Method.invoke(Method.java:606)
	at junit.framework.TestCase.runTest(TestCase.java:168)
	at junit.framework.TestCase.runBare(TestCase.java:134)
	at junit.framework.TestResult$1.protect(TestResult.java:110)
	at junit.framework.TestResult.runProtected(TestResult.java:128)
	at junit.framework.TestResult.run(TestResult.java:113)
	at junit.framework.TestCase.run(TestCase.java:124)
	at junit.framework.TestSuite.runTest(TestSuite.java:243)
	at junit.framework.TestSuite.run(TestSuite.java:238)
	at junit.framework.TestSuite.runTest(TestSuite.java:243)
	at junit.framework.TestSuite.run(TestSuite.java:238)
	at junit.textui.TestRunner.doRun(TestRunner.java:116)
	at RandoopTest.main(RandoopTest.java:8)

Dec 11, 2017 3:05:33 PM RandoopTest0 test9
WARNING: "IOP00010205: (UNKNOWN) Error while unmarshalling SystemException"
org.omg.CORBA.UNKNOWN:   vmcid: SUN  minor code: 205  completed: No
	at com.sun.corba.se.impl.logging.ORBUtilSystemException.unknownSysex(ORBUtilSystemException.java:8953)
	at com.sun.corba.se.impl.logging.ORBUtilSystemException.unknownSysex(ORBUtilSystemException.java:8975)
	at RandoopTest0.test9(RandoopTest0.java:139)
	at sun.reflect.NativeMethodAccessorImpl.invoke0(Native Method)
	at sun.reflect.NativeMethodAccessorImpl.invoke(NativeMethodAccessorImpl.java:57)
	at sun.reflect.DelegatingMethodAccessorImpl.invoke(DelegatingMethodAccessorImpl.java:43)
	at java.lang.reflect.Method.invoke(Method.java:606)
	at junit.framework.TestCase.runTest(TestCase.java:168)
	at junit.framework.TestCase.runBare(TestCase.java:134)
	at junit.framework.TestResult$1.protect(TestResult.java:110)
	at junit.framework.TestResult.runProtected(TestResult.java:128)
	at junit.framework.TestResult.run(TestResult.java:113)
	at junit.framework.TestCase.run(TestCase.java:124)
	at junit.framework.TestSuite.runTest(TestSuite.java:243)
	at junit.framework.TestSuite.run(TestSuite.java:238)
	at junit.framework.TestSuite.runTest(TestSuite.java:243)
	at junit.framework.TestSuite.run(TestSuite.java:238)
	at junit.textui.TestRunner.doRun(TestRunner.java:116)
	at RandoopTest.main(RandoopTest.java:8)

Dec 11, 2017 3:05:33 PM RandoopTest0 test9
WARNING: "IOP00710242: (INTERNAL) Assertion failed: statement not reachable (5)"
org.omg.CORBA.INTERNAL:   vmcid: SUN  minor code: 242  completed: No
	at com.sun.corba.se.impl.logging.ORBUtilSystemException.statementNotReachable5(ORBUtilSystemException.java:4769)
	at com.sun.corba.se.impl.logging.ORBUtilSystemException.statementNotReachable5(ORBUtilSystemException.java:4791)
	at RandoopTest0.test9(RandoopTest0.java:140)
	at sun.reflect.NativeMethodAccessorImpl.invoke0(Native Method)
	at sun.reflect.NativeMethodAccessorImpl.invoke(NativeMethodAccessorImpl.java:57)
	at sun.reflect.DelegatingMethodAccessorImpl.invoke(DelegatingMethodAccessorImpl.java:43)
	at java.lang.reflect.Method.invoke(Method.java:606)
	at junit.framework.TestCase.runTest(TestCase.java:168)
	at junit.framework.TestCase.runBare(TestCase.java:134)
	at junit.framework.TestResult$1.protect(TestResult.java:110)
	at junit.framework.TestResult.runProtected(TestResult.java:128)
	at junit.framework.TestResult.run(TestResult.java:113)
	at junit.framework.TestCase.run(TestCase.java:124)
	at junit.framework.TestSuite.runTest(TestSuite.java:243)
	at junit.framework.TestSuite.run(TestSuite.java:238)
	at junit.framework.TestSuite.runTest(TestSuite.java:243)
	at junit.framework.TestSuite.run(TestSuite.java:238)
	at junit.textui.TestRunner.doRun(TestRunner.java:116)
	at RandoopTest.main(RandoopTest.java:8)

Dec 11, 2017 3:05:33 PM RandoopTest0 test9
WARNING: "IOP00010205: (UNKNOWN) Error while unmarshalling SystemException"
org.omg.CORBA.UNKNOWN:   vmcid: SUN  minor code: 205  completed: No
	at com.sun.corba.se.impl.logging.ORBUtilSystemException.unknownSysex(ORBUtilSystemException.java:8953)
	at com.sun.corba.se.impl.logging.ORBUtilSystemException.unknownSysex(ORBUtilSystemException.java:8975)
	at RandoopTest0.test9(RandoopTest0.java:141)
	at sun.reflect.NativeMethodAccessorImpl.invoke0(Native Method)
	at sun.reflect.NativeMethodAccessorImpl.invoke(NativeMethodAccessorImpl.java:57)
	at sun.reflect.DelegatingMethodAccessorImpl.invoke(DelegatingMethodAccessorImpl.java:43)
	at java.lang.reflect.Method.invoke(Method.java:606)
	at junit.framework.TestCase.runTest(TestCase.java:168)
	at junit.framework.TestCase.runBare(TestCase.java:134)
	at junit.framework.TestResult$1.protect(TestResult.java:110)
	at junit.framework.TestResult.runProtected(TestResult.java:128)
	at junit.framework.TestResult.run(TestResult.java:113)
	at junit.framework.TestCase.run(TestCase.java:124)
	at junit.framework.TestSuite.runTest(TestSuite.java:243)
	at junit.framework.TestSuite.run(TestSuite.java:238)
	at junit.framework.TestSuite.runTest(TestSuite.java:243)
	at junit.framework.TestSuite.run(TestSuite.java:238)
	at junit.textui.TestRunner.doRun(TestRunner.java:116)
	at RandoopTest.main(RandoopTest.java:8)

Dec 11, 2017 3:05:33 PM RandoopTest0 test9
WARNING: "IOP00710244: (INTERNAL) Unexpected exception while unmarshalling DII user exception"
org.omg.CORBA.INTERNAL:   vmcid: SUN  minor code: 244  completed: No
	at com.sun.corba.se.impl.logging.ORBUtilSystemException.unexpectedDiiException(ORBUtilSystemException.java:4825)
	at com.sun.corba.se.impl.logging.ORBUtilSystemException.unexpectedDiiException(ORBUtilSystemException.java:4843)
	at RandoopTest0.test9(RandoopTest0.java:142)
	at sun.reflect.NativeMethodAccessorImpl.invoke0(Native Method)
	at sun.reflect.NativeMethodAccessorImpl.invoke(NativeMethodAccessorImpl.java:57)
	at sun.reflect.DelegatingMethodAccessorImpl.invoke(DelegatingMethodAccessorImpl.java:43)
	at java.lang.reflect.Method.invoke(Method.java:606)
	at junit.framework.TestCase.runTest(TestCase.java:168)
	at junit.framework.TestCase.runBare(TestCase.java:134)
	at junit.framework.TestResult$1.protect(TestResult.java:110)
	at junit.framework.TestResult.runProtected(TestResult.java:128)
	at junit.framework.TestResult.run(TestResult.java:113)
	at junit.framework.TestCase.run(TestCase.java:124)
	at junit.framework.TestSuite.runTest(TestSuite.java:243)
	at junit.framework.TestSuite.run(TestSuite.java:238)
	at junit.framework.TestSuite.runTest(TestSuite.java:243)
	at junit.framework.TestSuite.run(TestSuite.java:238)
	at junit.textui.TestRunner.doRun(TestRunner.java:116)
	at RandoopTest.main(RandoopTest.java:8)
Caused by: org.omg.CORBA.UNKNOWN:   vmcid: SUN  minor code: 205  completed: No
	at com.sun.corba.se.impl.logging.ORBUtilSystemException.unknownSysex(ORBUtilSystemException.java:8953)
	at com.sun.corba.se.impl.logging.ORBUtilSystemException.unknownSysex(ORBUtilSystemException.java:8975)
	at RandoopTest0.test9(RandoopTest0.java:141)
	... 16 more

Dec 11, 2017 3:05:33 PM RandoopTest0 test9
WARNING: "IOP00710201: (INTERNAL) Non-existent ORB ID"
org.omg.CORBA.INTERNAL:   vmcid: SUN  minor code: 201  completed: No
	at com.sun.corba.se.impl.logging.ORBUtilSystemException.nonExistentOrbid(ORBUtilSystemException.java:3675)
	at com.sun.corba.se.impl.logging.ORBUtilSystemException.nonExistentOrbid(ORBUtilSystemException.java:3697)
	at RandoopTest0.test9(RandoopTest0.java:145)
	at sun.reflect.NativeMethodAccessorImpl.invoke0(Native Method)
	at sun.reflect.NativeMethodAccessorImpl.invoke(NativeMethodAccessorImpl.java:57)
	at sun.reflect.DelegatingMethodAccessorImpl.invoke(DelegatingMethodAccessorImpl.java:43)
	at java.lang.reflect.Method.invoke(Method.java:606)
	at junit.framework.TestCase.runTest(TestCase.java:168)
	at junit.framework.TestCase.runBare(TestCase.java:134)
	at junit.framework.TestResult$1.protect(TestResult.java:110)
	at junit.framework.TestResult.runProtected(TestResult.java:128)
	at junit.framework.TestResult.run(TestResult.java:113)
	at junit.framework.TestCase.run(TestCase.java:124)
	at junit.framework.TestSuite.runTest(TestSuite.java:243)
	at junit.framework.TestSuite.run(TestSuite.java:238)
	at junit.framework.TestSuite.runTest(TestSuite.java:243)
	at junit.framework.TestSuite.run(TestSuite.java:238)
	at junit.textui.TestRunner.doRun(TestRunner.java:116)
	at RandoopTest.main(RandoopTest.java:8)

Dec 11, 2017 3:05:33 PM RandoopTest0 test9
WARNING: "IOP00810233: (MARSHAL) A bad digit was found while marshalling an IDL fixed type"
org.omg.CORBA.MARSHAL:   vmcid: SUN  minor code: 233  completed: No
	at com.sun.corba.se.impl.logging.ORBUtilSystemException.badDigitInFixed(ORBUtilSystemException.java:7603)
	at com.sun.corba.se.impl.logging.ORBUtilSystemException.badDigitInFixed(ORBUtilSystemException.java:7621)
	at RandoopTest0.test9(RandoopTest0.java:146)
	at sun.reflect.NativeMethodAccessorImpl.invoke0(Native Method)
	at sun.reflect.NativeMethodAccessorImpl.invoke(NativeMethodAccessorImpl.java:57)
	at sun.reflect.DelegatingMethodAccessorImpl.invoke(DelegatingMethodAccessorImpl.java:43)
	at java.lang.reflect.Method.invoke(Method.java:606)
	at junit.framework.TestCase.runTest(TestCase.java:168)
	at junit.framework.TestCase.runBare(TestCase.java:134)
	at junit.framework.TestResult$1.protect(TestResult.java:110)
	at junit.framework.TestResult.runProtected(TestResult.java:128)
	at junit.framework.TestResult.run(TestResult.java:113)
	at junit.framework.TestCase.run(TestCase.java:124)
	at junit.framework.TestSuite.runTest(TestSuite.java:243)
	at junit.framework.TestSuite.run(TestSuite.java:238)
	at junit.framework.TestSuite.runTest(TestSuite.java:243)
	at junit.framework.TestSuite.run(TestSuite.java:238)
	at junit.textui.TestRunner.doRun(TestRunner.java:116)
	at RandoopTest.main(RandoopTest.java:8)
Caused by: org.omg.CORBA.INTERNAL:   vmcid: SUN  minor code: 201  completed: No
	at com.sun.corba.se.impl.logging.ORBUtilSystemException.nonExistentOrbid(ORBUtilSystemException.java:3675)
	at com.sun.corba.se.impl.logging.ORBUtilSystemException.nonExistentOrbid(ORBUtilSystemException.java:3697)
	at RandoopTest0.test9(RandoopTest0.java:145)
	... 16 more

Dec 11, 2017 3:05:33 PM RandoopTest0 test9
WARNING: "IOP00710215: (INTERNAL) Error in processing a LocationForward"
org.omg.CORBA.INTERNAL:   vmcid: SUN  minor code: 215  completed: No
	at com.sun.corba.se.impl.logging.ORBUtilSystemException.locationforwardError(ORBUtilSystemException.java:4039)
	at com.sun.corba.se.impl.logging.ORBUtilSystemException.locationforwardError(ORBUtilSystemException.java:4057)
	at RandoopTest0.test9(RandoopTest0.java:147)
	at sun.reflect.NativeMethodAccessorImpl.invoke0(Native Method)
	at sun.reflect.NativeMethodAccessorImpl.invoke(NativeMethodAccessorImpl.java:57)
	at sun.reflect.DelegatingMethodAccessorImpl.invoke(DelegatingMethodAccessorImpl.java:43)
	at java.lang.reflect.Method.invoke(Method.java:606)
	at junit.framework.TestCase.runTest(TestCase.java:168)
	at junit.framework.TestCase.runBare(TestCase.java:134)
	at junit.framework.TestResult$1.protect(TestResult.java:110)
	at junit.framework.TestResult.runProtected(TestResult.java:128)
	at junit.framework.TestResult.run(TestResult.java:113)
	at junit.framework.TestCase.run(TestCase.java:124)
	at junit.framework.TestSuite.runTest(TestSuite.java:243)
	at junit.framework.TestSuite.run(TestSuite.java:238)
	at junit.framework.TestSuite.runTest(TestSuite.java:243)
	at junit.framework.TestSuite.run(TestSuite.java:238)
	at junit.textui.TestRunner.doRun(TestRunner.java:116)
	at RandoopTest.main(RandoopTest.java:8)
Caused by: org.omg.CORBA.MARSHAL:   vmcid: SUN  minor code: 233  completed: No
	at com.sun.corba.se.impl.logging.ORBUtilSystemException.badDigitInFixed(ORBUtilSystemException.java:7603)
	at com.sun.corba.se.impl.logging.ORBUtilSystemException.badDigitInFixed(ORBUtilSystemException.java:7621)
	at RandoopTest0.test9(RandoopTest0.java:146)
	... 16 more
Caused by: org.omg.CORBA.INTERNAL:   vmcid: SUN  minor code: 201  completed: No
	at com.sun.corba.se.impl.logging.ORBUtilSystemException.nonExistentOrbid(ORBUtilSystemException.java:3675)
	at com.sun.corba.se.impl.logging.ORBUtilSystemException.nonExistentOrbid(ORBUtilSystemException.java:3697)
	at RandoopTest0.test9(RandoopTest0.java:145)
	... 16 more

Dec 11, 2017 3:05:33 PM RandoopTest0 test6
WARNING: "IOP00710201: (INTERNAL) Non-existent ORB ID"
org.omg.CORBA.INTERNAL:   vmcid: SUN  minor code: 201  completed: No
	at com.sun.corba.se.impl.logging.ORBUtilSystemException.nonExistentOrbid(ORBUtilSystemException.java:3675)
	at com.sun.corba.se.impl.logging.ORBUtilSystemException.nonExistentOrbid(ORBUtilSystemException.java:3697)
	at RandoopTest0.test6(RandoopTest0.java:84)
	at sun.reflect.NativeMethodAccessorImpl.invoke0(Native Method)
	at sun.reflect.NativeMethodAccessorImpl.invoke(NativeMethodAccessorImpl.java:57)
	at sun.reflect.DelegatingMethodAccessorImpl.invoke(DelegatingMethodAccessorImpl.java:43)
	at java.lang.reflect.Method.invoke(Method.java:606)
	at junit.framework.TestCase.runTest(TestCase.java:168)
	at junit.framework.TestCase.runBare(TestCase.java:134)
	at junit.framework.TestResult$1.protect(TestResult.java:110)
	at junit.framework.TestResult.runProtected(TestResult.java:128)
	at junit.framework.TestResult.run(TestResult.java:113)
	at junit.framework.TestCase.run(TestCase.java:124)
	at junit.framework.TestSuite.runTest(TestSuite.java:243)
	at junit.framework.TestSuite.run(TestSuite.java:238)
	at junit.framework.TestSuite.runTest(TestSuite.java:243)
	at junit.framework.TestSuite.run(TestSuite.java:238)
	at junit.textui.TestRunner.doRun(TestRunner.java:116)
	at RandoopTest.main(RandoopTest.java:8)

Dec 11, 2017 3:05:33 PM RandoopTest0 test6
WARNING: "IOP00810233: (MARSHAL) A bad digit was found while marshalling an IDL fixed type"
org.omg.CORBA.MARSHAL:   vmcid: SUN  minor code: 233  completed: No
	at com.sun.corba.se.impl.logging.ORBUtilSystemException.badDigitInFixed(ORBUtilSystemException.java:7603)
	at com.sun.corba.se.impl.logging.ORBUtilSystemException.badDigitInFixed(ORBUtilSystemException.java:7621)
	at RandoopTest0.test6(RandoopTest0.java:85)
	at sun.reflect.NativeMethodAccessorImpl.invoke0(Native Method)
	at sun.reflect.NativeMethodAccessorImpl.invoke(NativeMethodAccessorImpl.java:57)
	at sun.reflect.DelegatingMethodAccessorImpl.invoke(DelegatingMethodAccessorImpl.java:43)
	at java.lang.reflect.Method.invoke(Method.java:606)
	at junit.framework.TestCase.runTest(TestCase.java:168)
	at junit.framework.TestCase.runBare(TestCase.java:134)
	at junit.framework.TestResult$1.protect(TestResult.java:110)
	at junit.framework.TestResult.runProtected(TestResult.java:128)
	at junit.framework.TestResult.run(TestResult.java:113)
	at junit.framework.TestCase.run(TestCase.java:124)
	at junit.framework.TestSuite.runTest(TestSuite.java:243)
	at junit.framework.TestSuite.run(TestSuite.java:238)
	at junit.framework.TestSuite.runTest(TestSuite.java:243)
	at junit.framework.TestSuite.run(TestSuite.java:238)
	at junit.textui.TestRunner.doRun(TestRunner.java:116)
	at RandoopTest.main(RandoopTest.java:8)
Caused by: org.omg.CORBA.INTERNAL:   vmcid: SUN  minor code: 201  completed: No
	at com.sun.corba.se.impl.logging.ORBUtilSystemException.nonExistentOrbid(ORBUtilSystemException.java:3675)
	at com.sun.corba.se.impl.logging.ORBUtilSystemException.nonExistentOrbid(ORBUtilSystemException.java:3697)
	at RandoopTest0.test6(RandoopTest0.java:84)
	... 16 more

Dec 11, 2017 3:05:33 PM RandoopTest0 test6
WARNING: "IOP00710220: (INTERNAL) Error in GIOP magic"
org.omg.CORBA.INTERNAL:   vmcid: SUN  minor code: 220  completed: No
	at com.sun.corba.se.impl.logging.ORBUtilSystemException.giopMagicError(ORBUtilSystemException.java:4151)
	at com.sun.corba.se.impl.logging.ORBUtilSystemException.giopMagicError(ORBUtilSystemException.java:4173)
	at RandoopTest0.test6(RandoopTest0.java:86)
	at sun.reflect.NativeMethodAccessorImpl.invoke0(Native Method)
	at sun.reflect.NativeMethodAccessorImpl.invoke(NativeMethodAccessorImpl.java:57)
	at sun.reflect.DelegatingMethodAccessorImpl.invoke(DelegatingMethodAccessorImpl.java:43)
	at java.lang.reflect.Method.invoke(Method.java:606)
	at junit.framework.TestCase.runTest(TestCase.java:168)
	at junit.framework.TestCase.runBare(TestCase.java:134)
	at junit.framework.TestResult$1.protect(TestResult.java:110)
	at junit.framework.TestResult.runProtected(TestResult.java:128)
	at junit.framework.TestResult.run(TestResult.java:113)
	at junit.framework.TestCase.run(TestCase.java:124)
	at junit.framework.TestSuite.runTest(TestSuite.java:243)
	at junit.framework.TestSuite.run(TestSuite.java:238)
	at junit.framework.TestSuite.runTest(TestSuite.java:243)
	at junit.framework.TestSuite.run(TestSuite.java:238)
	at junit.textui.TestRunner.doRun(TestRunner.java:116)
	at RandoopTest.main(RandoopTest.java:8)

