......F..F......E..F.......F.............
Time: 0.29
There was 1 error:
1) test23(RandoopTest0)java.nio.file.InvalidPathException: Malformed input or input contains unmappable chacraters: ??/10
	at sun.nio.fs.UnixPath.encode(UnixPath.java:147)
	at sun.nio.fs.UnixPath.<init>(UnixPath.java:71)
	at sun.nio.fs.UnixFileSystem.getPath(UnixFileSystem.java:281)
	at java.io.File.toPath(File.java:2193)
	at RandoopTest0.test23(RandoopTest0.java:421)
	at sun.reflect.NativeMethodAccessorImpl.invoke0(Native Method)
	at sun.reflect.NativeMethodAccessorImpl.invoke(NativeMethodAccessorImpl.java:57)
	at sun.reflect.DelegatingMethodAccessorImpl.invoke(DelegatingMethodAccessorImpl.java:43)
	at RandoopTest.main(RandoopTest.java:8)
There were 4 failures:
1) test31(RandoopTest0)junit.framework.AssertionFailedError: null
	at RandoopTest0.test31(RandoopTest0.java:582)
	at sun.reflect.NativeMethodAccessorImpl.invoke0(Native Method)
	at sun.reflect.NativeMethodAccessorImpl.invoke(NativeMethodAccessorImpl.java:57)
	at sun.reflect.DelegatingMethodAccessorImpl.invoke(DelegatingMethodAccessorImpl.java:43)
	at RandoopTest.main(RandoopTest.java:8)
2) test29(RandoopTest0)junit.framework.AssertionFailedError: null
	at RandoopTest0.test29(RandoopTest0.java:549)
	at sun.reflect.NativeMethodAccessorImpl.invoke0(Native Method)
	at sun.reflect.NativeMethodAccessorImpl.invoke(NativeMethodAccessorImpl.java:57)
	at sun.reflect.DelegatingMethodAccessorImpl.invoke(DelegatingMethodAccessorImpl.java:43)
	at RandoopTest.main(RandoopTest.java:8)
3) test21(RandoopTest0)junit.framework.AssertionFailedError: null
	at RandoopTest0.test21(RandoopTest0.java:359)
	at sun.reflect.NativeMethodAccessorImpl.invoke0(Native Method)
	at sun.reflect.NativeMethodAccessorImpl.invoke(NativeMethodAccessorImpl.java:57)
	at sun.reflect.DelegatingMethodAccessorImpl.invoke(DelegatingMethodAccessorImpl.java:43)
	at RandoopTest.main(RandoopTest.java:8)
4) test14(RandoopTest0)junit.framework.AssertionFailedError: null
	at RandoopTest0.test14(RandoopTest0.java:200)
	at sun.reflect.NativeMethodAccessorImpl.invoke0(Native Method)
	at sun.reflect.NativeMethodAccessorImpl.invoke(NativeMethodAccessorImpl.java:57)
	at sun.reflect.DelegatingMethodAccessorImpl.invoke(DelegatingMethodAccessorImpl.java:43)
	at RandoopTest.main(RandoopTest.java:8)

FAILURES!!!
Tests run: 36,  Failures: 4,  Errors: 1

Cycle length is4
before
after
Reached this
# of deadlocks detected 0
THE SIZE OF THE TRACE OMEN 33413
Exiting analysis
