.................
Time: 0.253

OK (17 tests)

Cycle length is4
before
after
Reached this
# of deadlocks detected 0
THE SIZE OF THE TRACE OMEN 19019
Exiting analysis
id 100, valid values are  - -1"
org.omg.CORBA.BAD_PARAM:   vmcid: SUN  minor code: 226  completed: No
	at com.sun.corba.se.impl.logging.ORBUtilSystemException.invalidRequestPartitioningId(ORBUtilSystemException.java:1848)
	at com.sun.corba.se.impl.logging.ORBUtilSystemException.invalidRequestPartitioningId(ORBUtilSystemException.java:1869)
	at RandoopTest0.test17(RandoopTest0.java:1144)
	at sun.reflect.NativeMethodAccessorImpl.invoke0(Native Method)
	at sun.reflect.NativeMethodAccessorImpl.invoke(NativeMethodAccessorImpl.java:57)
	at sun.reflect.DelegatingMethodAccessorImpl.invoke(DelegatingMethodAccessorImpl.java:43)
	at java.lang.reflect.Method.invoke(Method.java:606)
	at junit.framework.TestCase.runTest(TestCase.java:168)
	at junit.framework.TestCase.runBare(TestCase.java:134)
	at junit.framework.TestResult$1.protect(TestResult.java:110)
	at junit.framework.TestResult.runProtected(TestResult.java:128)
	at junit.framework.TestResult.run(TestResult.java:113)
	at junit.framework.TestCase.run(TestCase.java:124)
	at junit.framework.TestSuite.runTest(TestSuite.java:243)
	at junit.framework.TestSuite.run(TestSuite.java:238)
	at junit.framework.TestSuite.runTest(TestSuite.java:243)
	at junit.framework.TestSuite.run(TestSuite.java:238)
	at junit.textui.TestRunner.doRun(TestRunner.java:116)
	at RandoopTest.main(RandoopTest.java:8)
Caused by: java.lang.Throwable: 
	at RandoopTest0.test17(RandoopTest0.java:1142)
	... 16 more

Dec 10, 2017 11:46:41 PM RandoopTest0 test17
WARNING: "IOP00110203: (BAD_PARAM) Abstract interface derived from non-abstract interface"
org.omg.CORBA.BAD_PARAM:   vmcid: SUN  minor code: 203  completed: No
	at com.sun.corba.se.impl.logging.ORBUtilSystemException.abstractFromNonAbstract(ORBUtilSystemException.java:1183)
	at com.sun.corba.se.impl.logging.ORBUtilSystemException.abstractFromNonAbstract(ORBUtilSystemException.java:1205)
	at RandoopTest0.test17(RandoopTest0.java:1145)
	at sun.reflect.NativeMethodAccessorImpl.invoke0(Native Method)
	at sun.reflect.NativeMethodAccessorImpl.invoke(NativeMethodAccessorImpl.java:57)
	at sun.reflect.DelegatingMethodAccessorImpl.invoke(DelegatingMethodAccessorImpl.java:43)
	at java.lang.reflect.Method.invoke(Method.java:606)
	at junit.framework.TestCase.runTest(TestCase.java:168)
	at junit.framework.TestCase.runBare(TestCase.java:134)
	at junit.framework.TestResult$1.protect(TestResult.java:110)
	at junit.framework.TestResult.runProtected(TestResult.java:128)
	at junit.framework.TestResult.run(TestResult.java:113)
	at junit.framework.TestCase.run(TestCase.java:124)
	at junit.framework.TestSuite.runTest(TestSuite.java:243)
	at junit.framework.TestSuite.run(TestSuite.java:238)
	at junit.framework.TestSuite.runTest(TestSuite.java:243)
	at junit.framework.TestSuite.run(TestSuite.java:238)
	at junit.textui.TestRunner.doRun(TestRunner.java:116)
	at RandoopTest.main(RandoopTest.java:8)

Dec 10, 2017 11:46:41 PM RandoopTest0 test17
WARNING: "IOP00710227: (INTERNAL) byte to character converter failure"
org.omg.CORBA.INTERNAL:   vmcid: SUN  minor code: 227  completed: No
	at com.sun.corba.se.impl.logging.ORBUtilSystemException.btcConverterFailure(ORBUtilSystemException.java:4347)
	at com.sun.corba.se.impl.logging.ORBUtilSystemException.btcConverterFailure(ORBUtilSystemException.java:4369)
	at RandoopTest0.test17(RandoopTest0.java:1146)
	at sun.reflect.NativeMethodAccessorImpl.invoke0(Native Method)
	at sun.reflect.NativeMethodAccessorImpl.invoke(NativeMethodAccessorImpl.java:57)
	at sun.reflect.DelegatingMethodAccessorImpl.invoke(DelegatingMethodAccessorImpl.java:43)
	at java.lang.reflect.Method.invoke(Method.java:606)
	at junit.framework.TestCase.runTest(TestCase.java:168)
	at junit.framework.TestCase.runBare(TestCase.java:134)
	at junit.framework.TestResult$1.protect(TestResult.java:110)
	at junit.framework.TestResult.runProtected(TestResult.java:128)
	at junit.framework.TestResult.run(TestResult.java:113)
	at junit.framework.TestCase.run(TestCase.java:124)
	at junit.framework.TestSuite.runTest(TestSuite.java:243)
	at junit.framework.TestSuite.run(TestSuite.java:238)
	at junit.framework.TestSuite.runTest(TestSuite.java:243)
	at junit.framework.TestSuite.run(TestSuite.java:238)
	at junit.textui.TestRunner.doRun(TestRunner.java:116)
	at RandoopTest.main(RandoopTest.java:8)

Dec 10, 2017 11:46:41 PM RandoopTest0 test17
WARNING: "IOP00110226: (BAD_PARAM) Invalid request partitioning id 100, valid values are  - -1"
org.omg.CORBA.BAD_PARAM:   vmcid: SUN  minor code: 226  completed: No
	at com.sun.corba.se.impl.logging.ORBUtilSystemException.invalidRequestPartitioningId(ORBUtilSystemException.java:1848)
	at com.sun.corba.se.impl.logging.ORBUtilSystemException.invalidRequestPartitioningId(ORBUtilSystemException.java:1869)
	at RandoopTest0.test17(RandoopTest0.java:1150)
	at sun.reflect.NativeMethodAccessorImpl.invoke0(Native Method)
	at sun.reflect.NativeMethodAccessorImpl.invoke(NativeMethodAccessorImpl.java:57)
	at sun.reflect.DelegatingMethodAccessorImpl.invoke(DelegatingMethodAccessorImpl.java:43)
	at java.lang.reflect.Method.invoke(Method.java:606)
	at junit.framework.TestCase.runTest(TestCase.java:168)
	at junit.framework.TestCase.runBare(TestCase.java:134)
	at junit.framework.TestResult$1.protect(TestResult.java:110)
	at junit.framework.TestResult.runProtected(TestResult.java:128)
	at junit.framework.TestResult.run(TestResult.java:113)
	at junit.framework.TestCase.run(TestCase.java:124)
	at junit.framework.TestSuite.runTest(TestSuite.java:243)
	at junit.framework.TestSuite.run(TestSuite.java:238)
	at junit.framework.TestSuite.runTest(TestSuite.java:243)
	at junit.framework.TestSuite.run(TestSuite.java:238)
	at junit.textui.TestRunner.doRun(TestRunner.java:116)
	at RandoopTest.main(RandoopTest.java:8)
Caused by: java.lang.Throwable: 
	at RandoopTest0.test17(RandoopTest0.java:1148)
	... 16 more

Dec 10, 2017 11:46:41 PM RandoopTest0 test17
WARNING: "IOP00810206: (MARSHAL) grow() called on IIOPInputStream"
org.omg.CORBA.MARSHAL:   vmcid: SUN  minor code: 206  completed: No
	at com.sun.corba.se.impl.logging.ORBUtilSystemException.iiopinputstreamGrow(ORBUtilSystemException.java:6862)
	at com.sun.corba.se.impl.logging.ORBUtilSystemException.iiopinputstreamGrow(ORBUtilSystemException.java:6884)
	at RandoopTest0.test17(RandoopTest0.java:1151)
	at sun.reflect.NativeMethodAccessorImpl.invoke0(Native Method)
	at sun.reflect.NativeMethodAccessorImpl.invoke(NativeMethodAccessorImpl.java:57)
	at sun.reflect.DelegatingMethodAccessorImpl.invoke(DelegatingMethodAccessorImpl.java:43)
	at java.lang.reflect.Method.invoke(Method.java:606)
	at junit.framework.TestCase.runTest(TestCase.java:168)
	at junit.framework.TestCase.runBare(TestCase.java:134)
	at junit.framework.TestResult$1.protect(TestResult.java:110)
	at junit.framework.TestResult.runProtected(TestResult.java:128)
	at junit.framework.TestResult.run(TestResult.java:113)
	at junit.framework.TestCase.run(TestCase.java:124)
	at junit.framework.TestSuite.runTest(TestSuite.java:243)
	at junit.framework.TestSuite.run(TestSuite.java:238)
	at junit.framework.TestSuite.runTest(TestSuite.java:243)
	at junit.framework.TestSuite.run(TestSuite.java:238)
	at junit.textui.TestRunner.doRun(TestRunner.java:116)
	at RandoopTest.main(RandoopTest.java:8)

Dec 10, 2017 11:46:41 PM RandoopTest0 test17
WARNING: "IOP00710224: (INTERNAL) Fragmentation not allowed for this message type"
org.omg.CORBA.INTERNAL:   vmcid: SUN  minor code: 224  completed: No
	at com.sun.corba.se.impl.logging.ORBUtilSystemException.fragmentationDisallowed(ORBUtilSystemException.java:4263)
	at com.sun.corba.se.impl.logging.ORBUtilSystemException.fragmentationDisallowed(ORBUtilSystemException.java:4285)
	at RandoopTest0.test17(RandoopTest0.java:1152)
	at sun.reflect.NativeMethodAccessorImpl.invoke0(Native Method)
	at sun.reflect.NativeMethodAccessorImpl.invoke(NativeMethodAccessorImpl.java:57)
	at sun.reflect.DelegatingMethodAccessorImpl.invoke(DelegatingMethodAccessorImpl.java:43)
	at java.lang.reflect.Method.invoke(Method.java:606)
	at junit.framework.TestCase.runTest(TestCase.java:168)
	at junit.framework.TestCase.runBare(TestCase.java:134)
	at junit.framework.TestResult$1.protect(TestResult.java:110)
	at junit.framework.TestResult.runProtected(TestResult.java:128)
	at junit.framework.TestResult.run(TestResult.java:113)
	at junit.framework.TestCase.run(TestCase.java:124)
	at junit.framework.TestSuite.runTest(TestSuite.java:243)
	at junit.framework.TestSuite.run(TestSuite.java:238)
	at junit.framework.TestSuite.runTest(TestSuite.java:243)
	at junit.framework.TestSuite.run(TestSuite.java:238)
	at junit.textui.TestRunner.doRun(TestRunner.java:116)
	at RandoopTest.main(RandoopTest.java:8)

Dec 10, 2017 11:46:41 PM RandoopTest0 test17
WARNING: "IOP00110226: (BAD_PARAM) Invalid request partitioning id 100, valid values are  - -1"
org.omg.CORBA.BAD_PARAM:   vmcid: SUN  minor code: 226  completed: No
	at com.sun.corba.se.impl.logging.ORBUtilSystemException.invalidRequestPartitioningId(ORBUtilSystemException.java:1848)
	at com.sun.corba.se.impl.logging.ORBUtilSystemException.invalidRequestPartitioningId(ORBUtilSystemException.java:1869)
	at RandoopTest0.test17(RandoopTest0.java:1156)
	at sun.reflect.NativeMethodAccessorImpl.invoke0(Native Method)
	at sun.reflect.NativeMethodAccessorImpl.invoke(NativeMethodAccessorImpl.java:57)
	at sun.reflect.DelegatingMethodAccessorImpl.invoke(DelegatingMethodAccessorImpl.java:43)
	at java.lang.reflect.Method.invoke(Method.java:606)
	at junit.framework.TestCase.runTest(TestCase.java:168)
	at junit.framework.TestCase.runBare(TestCase.java:134)
	at junit.framework.TestResult$1.protect(TestResult.java:110)
	at junit.framework.TestResult.runProtected(TestResult.java:128)
	at junit.framework.TestResult.run(TestResult.java:113)
	at junit.framework.TestCase.run(TestCase.java:124)
	at junit.framework.TestSuite.runTest(TestSuite.java:243)
	at junit.framework.TestSuite.run(TestSuite.java:238)
	at junit.framework.TestSuite.runTest(TestSuite.java:243)
	at junit.framework.TestSuite.run(TestSuite.java:238)
	at junit.textui.TestRunner.doRun(TestRunner.java:116)
	at RandoopTest.main(RandoopTest.java:8)
Caused by: java.lang.Throwable: 
	at RandoopTest0.test17(RandoopTest0.java:1154)
	... 16 more

Dec 10, 2017 11:46:41 PM RandoopTest0 test17
WARNING: "IOP00110203: (BAD_PARAM) Abstract interface derived from non-abstract interface"
org.omg.CORBA.BAD_PARAM:   vmcid: SUN  minor code: 203  completed: No
	at com.sun.corba.se.impl.logging.ORBUtilSystemException.abstractFromNonAbstract(ORBUtilSystemException.java:1183)
	at com.sun.corba.se.impl.logging.ORBUtilSystemException.abstractFromNonAbstract(ORBUtilSystemException.java:1205)
	at RandoopTest0.test17(RandoopTest0.java:1157)
	at sun.reflect.NativeMethodAccessorImpl.invoke0(Native Method)
	at sun.reflect.NativeMethodAccessorImpl.invoke(NativeMethodAccessorImpl.java:57)
	at sun.reflect.DelegatingMethodAccessorImpl.invoke(DelegatingMethodAccessorImpl.java:43)
	at java.lang.reflect.Method.invoke(Method.java:606)
	at junit.framework.TestCase.runTest(TestCase.java:168)
	at junit.framework.TestCase.runBare(TestCase.java:134)
	at junit.framework.TestResult$1.protect(TestResult.java:110)
	at junit.framework.TestResult.runProtected(TestResult.java:128)
	at junit.framework.TestResult.run(TestResult.java:113)
	at junit.framework.TestCase.run(TestCase.java:124)
	at junit.framework.TestSuite.runTest(TestSuite.java:243)
	at junit.framework.TestSuite.run(TestSuite.java:238)
	at junit.framework.TestSuite.runTest(TestSuite.java:243)
	at junit.framework.TestSuite.run(TestSuite.java:238)
	at junit.textui.TestRunner.doRun(TestRunner.java:116)
	at RandoopTest.main(RandoopTest.java:8)

Dec 10, 2017 11:46:41 PM RandoopTest0 test17
WARNING: "IOP00110226: (BAD_PARAM) Invalid request partitioning id 100, valid values are  - -1"
org.omg.CORBA.BAD_PARAM:   vmcid: SUN  minor code: 226  completed: No
	at com.sun.corba.se.impl.logging.ORBUtilSystemException.invalidRequestPartitioningId(ORBUtilSystemException.java:1848)
	at com.sun.corba.se.impl.logging.ORBUtilSystemException.invalidRequestPartitioningId(ORBUtilSystemException.java:1869)
	at RandoopTest0.test17(RandoopTest0.java:1161)
	at sun.reflect.NativeMethodAccessorImpl.invoke0(Native Method)
	at sun.reflect.NativeMethodAccessorImpl.invoke(NativeMethodAccessorImpl.java:57)
	at sun.reflect.DelegatingMethodAccessorImpl.invoke(DelegatingMethodAccessorImpl.java:43)
	at java.lang.reflect.Method.invoke(Method.java:606)
	at junit.framework.TestCase.runTest(TestCase.java:168)
	at junit.framework.TestCase.runBare(TestCase.java:134)
	at junit.framework.TestResult$1.protect(TestResult.java:110)
	at junit.framework.TestResult.runProtected(TestResult.java:128)
	at junit.framework.TestResult.run(TestResult.java:113)
	at junit.framework.TestCase.run(TestCase.java:124)
	at junit.framework.TestSuite.runTest(TestSuite.java:243)
	at junit.framework.TestSuite.run(TestSuite.java:238)
	at junit.framework.TestSuite.runTest(TestSuite.java:243)
	at junit.framework.TestSuite.run(TestSuite.java:238)
	at junit.textui.TestRunner.doRun(TestRunner.java:116)
	at RandoopTest.main(RandoopTest.java:8)
Caused by: java.lang.Throwable: 
	at RandoopTest0.test17(RandoopTest0.java:1159)
	... 16 more

Dec 10, 2017 11:46:41 PM RandoopTest0 test17
WARNING: "IOP00810206: (MARSHAL) grow() called on IIOPInputStream"
org.omg.CORBA.MARSHAL:   vmcid: SUN  minor code: 206  completed: No
	at com.sun.corba.se.impl.logging.ORBUtilSystemException.iiopinputstreamGrow(ORBUtilSystemException.java:6862)
	at com.sun.corba.se.impl.logging.ORBUtilSystemException.iiopinputstreamGrow(ORBUtilSystemException.java:6884)
	at RandoopTest0.test17(RandoopTest0.java:1162)
	at sun.reflect.NativeMethodAccessorImpl.invoke0(Native Method)
	at sun.reflect.NativeMethodAccessorImpl.invoke(NativeMethodAccessorImpl.java:57)
	at sun.reflect.DelegatingMethodAccessorImpl.invoke(DelegatingMethodAccessorImpl.java:43)
	at java.lang.reflect.Method.invoke(Method.java:606)
	at junit.framework.TestCase.runTest(TestCase.java:168)
	at junit.framework.TestCase.runBare(TestCase.java:134)
	at junit.framework.TestResult$1.protect(TestResult.java:110)
	at junit.framework.TestResult.runProtected(TestResult.java:128)
	at junit.framework.TestResult.run(TestResult.java:113)
	at junit.framework.TestCase.run(TestCase.java:124)
	at junit.framework.TestSuite.runTest(TestSuite.java:243)
	at junit.framework.TestSuite.run(TestSuite.java:238)
	at junit.framework.TestSuite.runTest(TestSuite.java:243)
	at junit.framework.TestSuite.run(TestSuite.java:238)
	at junit.textui.TestRunner.doRun(TestRunner.java:116)
	at RandoopTest.main(RandoopTest.java:8)

Dec 10, 2017 11:46:41 PM RandoopTest0 test17
WARNING: "IOP00710205: (INTERNAL) No IIOP profile in server request dispatcher"
org.omg.CORBA.INTERNAL:   vmcid: SUN  minor code: 205  completed: No
	at com.sun.corba.se.impl.logging.ORBUtilSystemException.serverScNoIiopProfile(ORBUtilSystemException.java:3787)
	at com.sun.corba.se.impl.logging.ORBUtilSystemException.serverScNoIiopProfile(ORBUtilSystemException.java:3805)
	at RandoopTest0.test17(RandoopTest0.java:1163)
	at sun.reflect.NativeMethodAccessorImpl.invoke0(Native Method)
	at sun.reflect.NativeMethodAccessorImpl.invoke(NativeMethodAccessorImpl.java:57)
	at sun.reflect.DelegatingMethodAccessorImpl.invoke(DelegatingMethodAccessorImpl.java:43)
	at java.lang.reflect.Method.invoke(Method.java:606)
	at junit.framework.TestCase.runTest(TestCase.java:168)
	at junit.framework.TestCase.runBare(TestCase.java:134)
	at junit.framework.TestResult$1.protect(TestResult.java:110)
	at junit.framework.TestResult.runProtected(TestResult.java:128)
	at junit.framework.TestResult.run(TestResult.java:113)
	at junit.framework.TestCase.run(TestCase.java:124)
	at junit.framework.TestSuite.runTest(TestSuite.java:243)
	at junit.framework.TestSuite.run(TestSuite.java:238)
	at junit.framework.TestSuite.runTest(TestSuite.java:243)
	at junit.framework.TestSuite.run(TestSuite.java:238)
	at junit.textui.TestRunner.doRun(TestRunner.java:116)
	at RandoopTest.main(RandoopTest.java:8)
Caused by: org.omg.CORBA.MARSHAL:   vmcid: SUN  minor code: 206  completed: No
	at com.sun.corba.se.impl.logging.ORBUtilSystemException.iiopinputstreamGrow(ORBUtilSystemException.java:6862)
	at com.sun.corba.se.impl.logging.ORBUtilSystemException.iiopinputstreamGrow(ORBUtilSystemException.java:6884)
	at RandoopTest0.test17(RandoopTest0.java:1162)
	... 16 more

Dec 10, 2017 11:46:41 PM RandoopTest0 test17
WARNING: "IOP01210242: (BAD_OPERATION) Call to StubAdapter.connect did not pass a stub"
org.omg.CORBA.BAD_OPERATION:   vmcid: SUN  minor code: 242  completed: No
	at com.sun.corba.se.impl.logging.ORBUtilSystemException.connectRequiresStub(ORBUtilSystemException.java:983)
	at com.sun.corba.se.impl.logging.ORBUtilSystemException.connectRequiresStub(ORBUtilSystemException.java:1005)
	at RandoopTest0.test17(RandoopTest0.java:1164)
	at sun.reflect.NativeMethodAccessorImpl.invoke0(Native Method)
	at sun.reflect.NativeMethodAccessorImpl.invoke(NativeMethodAccessorImpl.java:57)
	at sun.reflect.DelegatingMethodAccessorImpl.invoke(DelegatingMethodAccessorImpl.java:43)
	at java.lang.reflect.Method.invoke(Method.java:606)
	at junit.framework.TestCase.runTest(TestCase.java:168)
	at junit.framework.TestCase.runBare(TestCase.java:134)
	at junit.framework.TestResult$1.protect(TestResult.java:110)
	at junit.framework.TestResult.runProtected(TestResult.java:128)
	at junit.framework.TestResult.run(TestResult.java:113)
	at junit.framework.TestCase.run(TestCase.java:124)
	at junit.framework.TestSuite.runTest(TestSuite.java:243)
	at junit.framework.TestSuite.run(TestSuite.java:238)
	at junit.framework.TestSuite.runTest(TestSuite.java:243)
	at junit.framework.TestSuite.run(TestSuite.java:238)
	at junit.textui.TestRunner.doRun(TestRunner.java:116)
	at RandoopTest.main(RandoopTest.java:8)

Dec 10, 2017 11:46:41 PM RandoopTest0 test17
WARNING: "IOP00710330: (INTERNAL) ThreadGroup 10 could not be destroyed"
org.omg.CORBA.INTERNAL:   vmcid: SUN  minor code: 330  completed: No
	at com.sun.corba.se.impl.logging.ORBUtilSystemException.threadGroupDestroyFailed(ORBUtilSystemException.java:6659)
	at com.sun.corba.se.impl.logging.ORBUtilSystemException.threadGroupDestroyFailed(ORBUtilSystemException.java:6682)
	at RandoopTest0.test17(RandoopTest0.java:1166)
	at sun.reflect.NativeMethodAccessorImpl.invoke0(Native Method)
	at sun.reflect.NativeMethodAccessorImpl.invoke(NativeMethodAccessorImpl.java:57)
	at sun.reflect.DelegatingMethodAccessorImpl.invoke(DelegatingMethodAccessorImpl.java:43)
	at java.lang.reflect.Method.invoke(Method.java:606)
	at junit.framework.TestCase.runTest(TestCase.java:168)
	at junit.framework.TestCase.runBare(TestCase.java:134)
	at junit.framework.TestResult$1.protect(TestResult.java:110)
	at junit.framework.TestResult.runProtected(TestResult.java:128)
	at junit.framework.TestResult.run(TestResult.java:113)
	at junit.framework.TestCase.run(TestCase.java:124)
	at junit.framework.TestSuite.runTest(TestSuite.java:243)
	at junit.framework.TestSuite.run(TestSuite.java:238)
	at junit.framework.TestSuite.runTest(TestSuite.java:243)
	at junit.framework.TestSuite.run(TestSuite.java:238)
	at junit.textui.TestRunner.doRun(TestRunner.java:116)
	at RandoopTest.main(RandoopTest.java:8)

Dec 10, 2017 11:46:41 PM RandoopTest0 test17
WARNING: "IOP00710330: (INTERNAL) ThreadGroup 10 could not be destroyed"
org.omg.CORBA.INTERNAL:   vmcid: SUN  minor code: 330  completed: No
	at com.sun.corba.se.impl.logging.ORBUtilSystemException.threadGroupDestroyFailed(ORBUtilSystemException.java:6659)
	at com.sun.corba.se.impl.logging.ORBUtilSystemException.threadGroupDestroyFailed(ORBUtilSystemException.java:6682)
	at RandoopTest0.test17(RandoopTest0.java:1168)
	at sun.reflect.NativeMethodAccessorImpl.invoke0(Native Method)
	at sun.reflect.NativeMethodAccessorImpl.invoke(NativeMethodAccessorImpl.java:57)
	at sun.reflect.DelegatingMethodAccessorImpl.invoke(DelegatingMethodAccessorImpl.java:43)
	at java.lang.reflect.Method.invoke(Method.java:606)
	at junit.framework.TestCase.runTest(TestCase.java:168)
	at junit.framework.TestCase.runBare(TestCase.java:134)
	at junit.framework.TestResult$1.protect(TestResult.java:110)
	at junit.framework.TestResult.runProtected(TestResult.java:128)
	at junit.framework.TestResult.run(TestResult.java:113)
	at junit.framework.TestCase.run(TestCase.java:124)
	at junit.framework.TestSuite.runTest(TestSuite.java:243)
	at junit.framework.TestSuite.run(TestSuite.java:238)
	at junit.framework.TestSuite.runTest(TestSuite.java:243)
	at junit.framework.TestSuite.run(TestSuite.java:238)
	at junit.textui.TestRunner.doRun(TestRunner.java:116)
	at RandoopTest.main(RandoopTest.java:8)

Dec 10, 2017 11:46:41 PM RandoopTest0 test17
WARNING: "IOP00410201: (COMM_FAILURE) Connection failure: socketType: 0; hostname: org.omg.CORBA.INTERNAL:   vmcid: SUN  minor code: 330  completed: No; port: -1"
org.omg.CORBA.COMM_FAILURE:   vmcid: SUN  minor code: 201  completed: No
	at com.sun.corba.se.impl.logging.ORBUtilSystemException.connectFailure(ORBUtilSystemException.java:2200)
	at com.sun.corba.se.impl.logging.ORBUtilSystemException.connectFailure(ORBUtilSystemException.java:2221)
	at RandoopTest0.test17(RandoopTest0.java:1170)
	at sun.reflect.NativeMethodAccessorImpl.invoke0(Native Method)
	at sun.reflect.NativeMethodAccessorImpl.invoke(NativeMethodAccessorImpl.java:57)
	at sun.reflect.DelegatingMethodAccessorImpl.invoke(DelegatingMethodAccessorImpl.java:43)
	at java.lang.reflect.Method.invoke(Method.java:606)
	at junit.framework.TestCase.runTest(TestCase.java:168)
	at junit.framework.TestCase.runBare(TestCase.java:134)
	at junit.framework.TestResult$1.protect(TestResult.java:110)
	at junit.framework.TestResult.runProtected(TestResult.java:128)
	at junit.framework.TestResult.run(TestResult.java:113)
	at junit.framework.TestCase.run(TestCase.java:124)
	at junit.framework.TestSuite.runTest(TestSuite.java:243)
	at junit.framework.TestSuite.run(TestSuite.java:238)
	at junit.framework.TestSuite.runTest(TestSuite.java:243)
	at junit.framework.TestSuite.run(TestSuite.java:238)
	at junit.textui.TestRunner.doRun(TestRunner.java:116)
	at RandoopTest.main(RandoopTest.java:8)
Caused by: org.omg.CORBA.BAD_OPERATION:   vmcid: SUN  minor code: 242  completed: No
	at com.sun.corba.se.impl.logging.ORBUtilSystemException.connectRequiresStub(ORBUtilSystemException.java:983)
	at com.sun.corba.se.impl.logging.ORBUtilSystemException.connectRequiresStub(ORBUtilSystemException.java:1005)
	at RandoopTest0.test17(RandoopTest0.java:1164)
	... 16 more

Dec 10, 2017 11:46:41 PM RandoopTest0 test17
WARNING: "IOP00710291: (INTERNAL) Unable to setSocketFactoryORB"
org.omg.CORBA.INTERNAL:   vmcid: SUN  minor code: 291  completed: No
	at com.sun.corba.se.impl.logging.ORBUtilSystemException.unableToSetSocketFactoryOrb(ORBUtilSystemException.java:6072)
	at com.sun.corba.se.impl.logging.ORBUtilSystemException.unableToSetSocketFactoryOrb(ORBUtilSystemException.java:6090)
	at RandoopTest0.test17(RandoopTest0.java:1171)
	at sun.reflect.NativeMethodAccessorImpl.invoke0(Native Method)
	at sun.reflect.NativeMethodAccessorImpl.invoke(NativeMethodAccessorImpl.java:57)
	at sun.reflect.DelegatingMethodAccessorImpl.invoke(DelegatingMethodAccessorImpl.java:43)
	at java.lang.reflect.Method.invoke(Method.java:606)
	at junit.framework.TestCase.runTest(TestCase.java:168)
	at junit.framework.TestCase.runBare(TestCase.java:134)
	at junit.framework.TestResult$1.protect(TestResult.java:110)
	at junit.framework.TestResult.runProtected(TestResult.java:128)
	at junit.framework.TestResult.run(TestResult.java:113)
	at junit.framework.TestCase.run(TestCase.java:124)
	at junit.framework.TestSuite.runTest(TestSuite.java:243)
	at junit.framework.TestSuite.run(TestSuite.java:238)
	at junit.framework.TestSuite.runTest(TestSuite.java:243)
	at junit.framework.TestSuite.run(TestSuite.java:238)
	at junit.textui.TestRunner.doRun(TestRunner.java:116)
	at RandoopTest.main(RandoopTest.java:8)
Caused by: org.omg.CORBA.INTERNAL:   vmcid: SUN  minor code: 330  completed: No
	at com.sun.corba.se.impl.logging.ORBUtilSystemException.threadGroupDestroyFailed(ORBUtilSystemException.java:6659)
	at com.sun.corba.se.impl.logging.ORBUtilSystemException.threadGroupDestroyFailed(ORBUtilSystemException.java:6682)
	at RandoopTest0.test17(RandoopTest0.java:1168)
	... 16 more

Dec 10, 2017 11:46:41 PM RandoopTest0 test16
WARNING: "IOP00110226: (BAD_PARAM) Invalid request partitioning id 100, valid values are  - -1"
org.omg.CORBA.BAD_PARAM:   vmcid: SUN  minor code: 226  completed: No
	at com.sun.corba.se.impl.logging.ORBUtilSystemException.invalidRequestPartitioningId(ORBUtilSystemException.java:1848)
	at com.sun.corba.se.impl.logging.ORBUtilSystemException.invalidRequestPartitioningId(ORBUtilSystemException.java:1869)
	at RandoopTest0.test16(RandoopTest0.java:989)
	at sun.reflect.NativeMethodAccessorImpl.invoke0(Native Method)
	at sun.reflect.NativeMethodAccessorImpl.invoke(NativeMethodAccessorImpl.java:57)
	at sun.reflect.DelegatingMethodAccessorImpl.invoke(DelegatingMethodAccessorImpl.java:43)
	at java.lang.reflect.Method.invoke(Method.java:606)
	at junit.framework.TestCase.runTest(TestCase.java:168)
	at junit.framework.TestCase.runBare(TestCase.java:134)
	at junit.framework.TestResult$1.protect(TestResult.java:110)
	at junit.framework.TestResult.runProtected(TestResult.java:128)
	at junit.framework.TestResult.run(TestResult.java:113)
	at junit.framework.TestCase.run(TestCase.java:124)
	at junit.framework.TestSuite.runTest(TestSuite.java:243)
	at junit.framework.TestSuite.run(TestSuite.java:238)
	at junit.framework.TestSuite.runTest(TestSuite.java:243)
	at junit.framework.TestSuite.run(TestSuite.java:238)
	at junit.textui.TestRunner.doRun(TestRunner.java:116)
	at RandoopTest.main(RandoopTest.java:8)
Caused by: java.lang.Throwable: 
	at RandoopTest0.test16(RandoopTest0.java:987)
	... 16 more

Dec 10, 2017 11:46:41 PM RandoopTest0 test16
WARNING: "IOP00810206: (MARSHAL) grow() called on IIOPInputStream"
org.omg.CORBA.MARSHAL:   vmcid: SUN  minor code: 206  completed: No
	at com.sun.corba.se.impl.logging.ORBUtilSystemException.iiopinputstreamGrow(ORBUtilSystemException.java:6862)
	at com.sun.corba.se.impl.logging.ORBUtilSystemException.iiopinputstreamGrow(ORBUtilSystemException.java:6884)
	at RandoopTest0.test16(RandoopTest0.java:990)
	at sun.reflect.NativeMethodAccessorImpl.invoke0(Native Method)
	at sun.reflect.NativeMethodAccessorImpl.invoke(NativeMethodAccessorImpl.java:57)
	at sun.reflect.DelegatingMethodAccessorImpl.invoke(DelegatingMethodAccessorImpl.java:43)
	at java.lang.reflect.Method.invoke(Method.java:606)
	at junit.framework.TestCase.runTest(TestCase.java:168)
	at junit.framework.TestCase.runBare(TestCase.java:134)
	at junit.framework.TestResult$1.protect(TestResult.java:110)
	at junit.framework.TestResult.runProtected(TestResult.java:128)
	at junit.framework.TestResult.run(TestResult.java:113)
	at junit.framework.TestCase.run(TestCase.java:124)
	at junit.framework.TestSuite.runTest(TestSuite.java:243)
	at junit.framework.TestSuite.run(TestSuite.java:238)
	at junit.framework.TestSuite.runTest(TestSuite.java:243)
	at junit.framework.TestSuite.run(TestSuite.java:238)
	at junit.textui.TestRunner.doRun(TestRunner.java:116)
	at RandoopTest.main(RandoopTest.java:8)

Dec 10, 2017 11:46:41 PM RandoopTest0 test16
WARNING: "IOP00710224: (INTERNAL) Fragmentation not allowed for this message type"
org.omg.CORBA.INTERNAL:   vmcid: SUN  minor code: 224  completed: No
	at com.sun.corba.se.impl.logging.ORBUtilSystemException.fragmentationDisallowed(ORBUtilSystemException.java:4263)
	at com.sun.corba.se.impl.logging.ORBUtilSystemException.fragmentationDisallowed(ORBUtilSystemException.java:4285)
	at RandoopTest0.test16(RandoopTest0.java:991)
	at sun.reflect.NativeMethodAccessorImpl.invoke0(Native Method)
	at sun.reflect.NativeMethodAccessorImpl.invoke(NativeMethodAccessorImpl.java:57)
	at sun.reflect.DelegatingMethodAccessorImpl.invoke(DelegatingMethodAccessorImpl.java:43)
	at java.lang.reflect.Method.invoke(Method.java:606)
	at junit.framework.TestCase.runTest(TestCase.java:168)
	at junit.framework.TestCase.runBare(TestCase.java:134)
	at junit.framework.TestResult$1.protect(TestResult.java:110)
	at junit.framework.TestResult.runProtected(TestResult.java:128)
	at junit.framework.TestResult.run(TestResult.java:113)
	at junit.framework.TestCase.run(TestCase.java:124)
	at junit.framework.TestSuite.runTest(TestSuite.java:243)
	at junit.framework.TestSuite.run(TestSuite.java:238)
	at junit.framework.TestSuite.runTest(TestSuite.java:243)
	at junit.framework.TestSuite.run(TestSuite.java:238)
	at junit.textui.TestRunner.doRun(TestRunner.java:116)
	at RandoopTest.main(RandoopTest.java:8)

Dec 10, 2017 11:46:41 PM RandoopTest0 test16
WARNING: "IOP00110226: (BAD_PARAM) Invalid request partitioning id 100, valid values are  - -1"
org.omg.CORBA.BAD_PARAM:   vmcid: SUN  minor code: 226  completed: No
	at com.sun.corba.se.impl.logging.ORBUtilSystemException.invalidRequestPartitioningId(ORBUtilSystemException.java:1848)
	at com.sun.corba.se.impl.logging.ORBUtilSystemException.invalidRequestPartitioningId(ORBUtilSystemException.java:1869)
	at RandoopTest0.test16(RandoopTest0.java:995)
	at sun.reflect.NativeMethodAccessorImpl.invoke0(Native Method)
	at sun.reflect.NativeMethodAccessorImpl.invoke(NativeMethodAccessorImpl.java:57)
	at sun.reflect.DelegatingMethodAccessorImpl.invoke(DelegatingMethodAccessorImpl.java:43)
	at java.lang.reflect.Method.invoke(Method.java:606)
	at junit.framework.TestCase.runTest(TestCase.java:168)
	at junit.framework.TestCase.runBare(TestCase.java:134)
	at junit.framework.TestResult$1.protect(TestResult.java:110)
	at junit.framework.TestResult.runProtected(TestResult.java:128)
	at junit.framework.TestResult.run(TestResult.java:113)
	at junit.framework.TestCase.run(TestCase.java:124)
	at junit.framework.TestSuite.runTest(TestSuite.java:243)
	at junit.framework.TestSuite.run(TestSuite.java:238)
	at junit.framework.TestSuite.runTest(TestSuite.java:243)
	at junit.framework.TestSuite.run(TestSuite.java:238)
	at junit.textui.TestRunner.doRun(TestRunner.java:116)
	at RandoopTest.main(RandoopTest.java:8)
Caused by: java.lang.Throwable: 
	at RandoopTest0.test16(RandoopTest0.java:993)
	... 16 more

Dec 10, 2017 11:46:41 PM RandoopTest0 test16
WARNING: "IOP00110203: (BAD_PARAM) Abstract interface derived from non-abstract interface"
org.omg.CORBA.BAD_PARAM:   vmcid: SUN  minor code: 203  completed: No
	at com.sun.corba.se.impl.logging.ORBUtilSystemException.abstractFromNonAbstract(ORBUtilSystemException.java:1183)
	at com.sun.corba.se.impl.logging.ORBUtilSystemException.abstractFromNonAbstract(ORBUtilSystemException.java:1205)
	at RandoopTest0.test16(RandoopTest0.java:996)
	at sun.reflect.NativeMethodAccessorImpl.invoke0(Native Method)
	at sun.reflect.NativeMethodAccessorImpl.invoke(NativeMethodAccessorImpl.java:57)
	at sun.reflect.DelegatingMethodAccessorImpl.invoke(DelegatingMethodAccessorImpl.java:43)
	at java.lang.reflect.Method.invoke(Method.java:606)
	at junit.framework.TestCase.runTest(TestCase.java:168)
	at junit.framework.TestCase.runBare(TestCase.java:134)
	at junit.framework.TestResult$1.protect(TestResult.java:110)
	at junit.framework.TestResult.runProtected(TestResult.java:128)
	at junit.framework.TestResult.run(TestResult.java:113)
	at junit.framework.TestCase.run(TestCase.java:124)
	at junit.framework.TestSuite.runTest(TestSuite.java:243)
	at junit.framework.TestSuite.run(TestSuite.java:238)
	at junit.framework.TestSuite.runTest(TestSuite.java:243)
	at junit.framework.TestSuite.run(TestSuite.java:238)
	at junit.textui.TestRunner.doRun(TestRunner.java:116)
	at RandoopTest.main(RandoopTest.java:8)

Dec 10, 2017 11:46:41 PM RandoopTest0 test16
WARNING: "IOP00110226: (BAD_PARAM) Invalid request partitioning id 100, valid values are  - -1"
org.omg.CORBA.BAD_PARAM:   vmcid: SUN  minor code: 226  completed: No
	at com.sun.corba.se.impl.logging.ORBUtilSystemException.invalidRequestPartitioningId(ORBUtilSystemException.java:1848)
	at com.sun.corba.se.impl.logging.ORBUtilSystemException.invalidRequestPartitioningId(ORBUtilSystemException.java:1869)
	at RandoopTest0.test16(RandoopTest0.java:1000)
	at sun.reflect.NativeMethodAccessorImpl.invoke0(Native Method)
	at sun.reflect.NativeMethodAccessorImpl.invoke(NativeMethodAccessorImpl.java:57)
	at sun.reflect.DelegatingMethodAccessorImpl.invoke(DelegatingMethodAccessorImpl.java:43)
	at java.lang.reflect.Method.invoke(Method.java:606)
	at junit.framework.TestCase.runTest(TestCase.java:168)
	at junit.framework.TestCase.runBare(TestCase.java:134)
	at junit.framework.TestResult$1.protect(TestResult.java:110)
	at junit.framework.TestResult.runProtected(TestResult.java:128)
	at junit.framework.TestResult.run(TestResult.java:113)
	at junit.framework.TestCase.run(TestCase.java:124)
	at junit.framework.TestSuite.runTest(TestSuite.java:243)
	at junit.framework.TestSuite.run(TestSuite.java:238)
	at junit.framework.TestSuite.runTest(TestSuite.java:243)
	at junit.framework.TestSuite.run(TestSuite.java:238)
	at junit.textui.TestRunner.doRun(TestRunner.java:116)
	at RandoopTest.main(RandoopTest.java:8)
Caused by: java.lang.Throwable: 
	at RandoopTest0.test16(RandoopTest0.java:998)
	... 16 more

Dec 10, 2017 11:46:41 PM RandoopTest0 test16
WARNING: "IOP00810206: (MARSHAL) grow() called on IIOPInputStream"
org.omg.CORBA.MARSHAL:   vmcid: SUN  minor code: 206  completed: No
	at com.sun.corba.se.impl.logging.ORBUtilSystemException.iiopinputstreamGrow(ORBUtilSystemException.java:6862)
	at com.sun.corba.se.impl.logging.ORBUtilSystemException.iiopinputstreamGrow(ORBUtilSystemException.java:6884)
	at RandoopTest0.test16(RandoopTest0.java:1001)
	at sun.reflect.NativeMethodAccessorImpl.invoke0(Native Method)
	at sun.reflect.NativeMethodAccessorImpl.invoke(NativeMethodAccessorImpl.java:57)
	at sun.reflect.DelegatingMethodAccessorImpl.invoke(DelegatingMethodAccessorImpl.java:43)
	at java.lang.reflect.Method.invoke(Method.java:606)
	at junit.framework.TestCase.runTest(TestCase.java:168)
	at junit.framework.TestCase.runBare(TestCase.java:134)
	at junit.framework.TestResult$1.protect(TestResult.java:110)
	at junit.framework.TestResult.runProtected(TestResult.java:128)
	at junit.framework.TestResult.run(TestResult.java:113)
	at junit.framework.TestCase.run(TestCase.java:124)
	at junit.framework.TestSuite.runTest(TestSuite.java:243)
	at junit.framework.TestSuite.run(TestSuite.java:238)
	at junit.framework.TestSuite.runTest(TestSuite.java:243)
	at junit.framework.TestSuite.run(TestSuite.java:238)
	at junit.textui.TestRunner.doRun(TestRunner.java:116)
	at RandoopTest.main(RandoopTest.java:8)

Dec 10, 2017 11:46:41 PM RandoopTest0 test16
WARNING: "IOP00710205: (INTERNAL) No IIOP profile in server request dispatcher"
org.omg.CORBA.INTERNAL:   vmcid: SUN  minor code: 205  completed: No
	at com.sun.corba.se.impl.logging.ORBUtilSystemException.serverScNoIiopProfile(ORBUtilSystemException.java:3787)
	at com.sun.corba.se.impl.logging.ORBUtilSystemException.serverScNoIiopProfile(ORBUtilSystemException.java:3805)
	at RandoopTest0.test16(RandoopTest0.java:1002)
	at sun.reflect.NativeMethodAccessorImpl.invoke0(Native Method)
	at sun.reflect.NativeMethodAccessorImpl.invoke(NativeMethodAccessorImpl.java:57)
	at sun.reflect.DelegatingMethodAccessorImpl.invoke(DelegatingMethodAccessorImpl.java:43)
	at java.lang.reflect.Method.invoke(Method.java:606)
	at junit.framework.TestCase.runTest(TestCase.java:168)
	at junit.framework.TestCase.runBare(TestCase.java:134)
	at junit.framework.TestResult$1.protect(TestResult.java:110)
	at junit.framework.TestResult.runProtected(TestResult.java:128)
	at junit.framework.TestResult.run(TestResult.java:113)
	at junit.framework.TestCase.run(TestCase.java:124)
	at junit.framework.TestSuite.runTest(TestSuite.java:243)
	at junit.framework.TestSuite.run(TestSuite.java:238)
	at junit.framework.TestSuite.runTest(TestSuite.java:243)
	at junit.framework.TestSuite.run(TestSuite.java:238)
	at junit.textui.TestRunner.doRun(TestRunner.java:116)
	at RandoopTest.main(RandoopTest.java:8)
Caused by: org.omg.CORBA.MARSHAL:   vmcid: SUN  minor code: 206  completed: No
	at com.sun.corba.se.impl.logging.ORBUtilSystemException.iiopinputstreamGrow(ORBUtilSystemException.java:6862)
	at com.sun.corba.se.impl.logging.ORBUtilSystemException.iiopinputstreamGrow(ORBUtilSystemException.java:6884)
	at RandoopTest0.test16(RandoopTest0.java:1001)
	... 16 more

Dec 10, 2017 11:46:41 PM RandoopTest0 test16
WARNING: "IOP01210242: (BAD_OPERATION) Call to StubAdapter.connect did not pass a stub"
org.omg.CORBA.BAD_OPERATION:   vmcid: SUN  minor code: 242  completed: No
	at com.sun.corba.se.impl.logging.ORBUtilSystemException.connectRequiresStub(ORBUtilSystemException.java:983)
	at com.sun.corba.se.impl.logging.ORBUtilSystemException.connectRequiresStub(ORBUtilSystemException.java:1005)
	at RandoopTest0.test16(RandoopTest0.java:1003)
	at sun.reflect.NativeMethodAccessorImpl.invoke0(Native Method)
	at sun.reflect.NativeMethodAccessorImpl.invoke(NativeMethodAccessorImpl.java:57)
	at sun.reflect.DelegatingMethodAccessorImpl.invoke(DelegatingMethodAccessorImpl.java:43)
	at java.lang.reflect.Method.invoke(Method.java:606)
	at junit.framework.TestCase.runTest(TestCase.java:168)
	at junit.framework.TestCase.runBare(TestCase.java:134)
	at junit.framework.TestResult$1.protect(TestResult.java:110)
	at junit.framework.TestResult.runProtected(TestResult.java:128)
	at junit.framework.TestResult.run(TestResult.java:113)
	at junit.framework.TestCase.run(TestCase.java:124)
	at junit.framework.TestSuite.runTest(TestSuite.java:243)
	at junit.framework.TestSuite.run(TestSuite.java:238)
	at junit.framework.TestSuite.runTest(TestSuite.java:243)
	at junit.framework.TestSuite.run(TestSuite.java:238)
	at junit.textui.TestRunner.doRun(TestRunner.java:116)
	at RandoopTest.main(RandoopTest.java:8)

Dec 10, 2017 11:46:41 PM RandoopTest0 test16
WARNING: "IOP00710330: (INTERNAL) ThreadGroup 10 could not be destroyed"
org.omg.CORBA.INTERNAL:   vmcid: SUN  minor code: 330  completed: No
	at com.sun.corba.se.impl.logging.ORBUtilSystemException.threadGroupDestroyFailed(ORBUtilSystemException.java:6659)
	at com.sun.corba.se.impl.logging.ORBUtilSystemException.threadGroupDestroyFailed(ORBUtilSystemException.java:6682)
	at RandoopTest0.test16(RandoopTest0.java:1005)
	at sun.reflect.NativeMethodAccessorImpl.invoke0(Native Method)
	at sun.reflect.NativeMethodAccessorImpl.invoke(NativeMethodAccessorImpl.java:57)
	at sun.reflect.DelegatingMethodAccessorImpl.invoke(DelegatingMethodAccessorImpl.java:43)
	at java.lang.reflect.Method.invoke(Method.java:606)
	at junit.framework.TestCase.runTest(TestCase.java:168)
	at junit.framework.TestCase.runBare(TestCase.java:134)
	at junit.framework.TestResult$1.protect(TestResult.java:110)
	at junit.framework.TestResult.runProtected(TestResult.java:128)
	at junit.framework.TestResult.run(TestResult.java:113)
	at junit.framework.TestCase.run(TestCase.java:124)
	at junit.framework.TestSuite.runTest(TestSuite.java:243)
	at junit.framework.TestSuite.run(TestSuite.java:238)
	at junit.framework.TestSuite.runTest(TestSuite.java:243)
	at junit.framework.TestSuite.run(TestSuite.java:238)
	at junit.textui.TestRunner.doRun(TestRunner.java:116)
	at RandoopTest.main(RandoopTest.java:8)

Dec 10, 2017 11:46:41 PM RandoopTest0 test16
WARNING: "IOP00710330: (INTERNAL) ThreadGroup 10 could not be destroyed"
org.omg.CORBA.INTERNAL:   vmcid: SUN  minor code: 330  completed: No
	at com.sun.corba.se.impl.logging.ORBUtilSystemException.threadGroupDestroyFailed(ORBUtilSystemException.java:6659)
	at com.sun.corba.se.impl.logging.ORBUtilSystemException.threadGroupDestroyFailed(ORBUtilSystemException.java:6682)
	at RandoopTest0.test16(RandoopTest0.java:1007)
	at sun.reflect.NativeMethodAccessorImpl.invoke0(Native Method)
	at sun.reflect.NativeMethodAccessorImpl.invoke(NativeMethodAccessorImpl.java:57)
	at sun.reflect.DelegatingMethodAccessorImpl.invoke(DelegatingMethodAccessorImpl.java:43)
	at java.lang.reflect.Method.invoke(Method.java:606)
	at junit.framework.TestCase.runTest(TestCase.java:168)
	at junit.framework.TestCase.runBare(TestCase.java:134)
	at junit.framework.TestResult$1.protect(TestResult.java:110)
	at junit.framework.TestResult.runProtected(TestResult.java:128)
	at junit.framework.TestResult.run(TestResult.java:113)
	at junit.framework.TestCase.run(TestCase.java:124)
	at junit.framework.TestSuite.runTest(TestSuite.java:243)
	at junit.framework.TestSuite.run(TestSuite.java:238)
	at junit.framework.TestSuite.runTest(TestSuite.java:243)
	at junit.framework.TestSuite.run(TestSuite.java:238)
	at junit.textui.TestRunner.doRun(TestRunner.java:116)
	at RandoopTest.main(RandoopTest.java:8)

Dec 10, 2017 11:46:41 PM RandoopTest0 test16
WARNING: "IOP00410201: (COMM_FAILURE) Connection failure: socketType: 0; hostname: org.omg.CORBA.INTERNAL:   vmcid: SUN  minor code: 330  completed: No; port: -1"
org.omg.CORBA.COMM_FAILURE:   vmcid: SUN  minor code: 201  completed: No
	at com.sun.corba.se.impl.logging.ORBUtilSystemException.connectFailure(ORBUtilSystemException.java:2200)
	at com.sun.corba.se.impl.logging.ORBUtilSystemException.connectFailure(ORBUtilSystemException.java:2221)
	at RandoopTest0.test16(RandoopTest0.java:1009)
	at sun.reflect.NativeMethodAccessorImpl.invoke0(Native Method)
	at sun.reflect.NativeMethodAccessorImpl.invoke(NativeMethodAccessorImpl.java:57)
	at sun.reflect.DelegatingMethodAccessorImpl.invoke(DelegatingMethodAccessorImpl.java:43)
	at java.lang.reflect.Method.invoke(Method.java:606)
	at junit.framework.TestCase.runTest(TestCase.java:168)
	at junit.framework.TestCase.runBare(TestCase.java:134)
	at junit.framework.TestResult$1.protect(TestResult.java:110)
	at junit.framework.TestResult.runProtected(TestResult.java:128)
	at junit.framework.TestResult.run(TestResult.java:113)
	at junit.framework.TestCase.run(TestCase.java:124)
	at junit.framework.TestSuite.runTest(TestSuite.java:243)
	at junit.framework.TestSuite.run(TestSuite.java:238)
	at junit.framework.TestSuite.runTest(TestSuite.java:243)
	at junit.framework.TestSuite.run(TestSuite.java:238)
	at junit.textui.TestRunner.doRun(TestRunner.java:116)
	at RandoopTest.main(RandoopTest.java:8)
Caused by: org.omg.CORBA.BAD_OPERATION:   vmcid: SUN  minor code: 242  completed: No
	at com.sun.corba.se.impl.logging.ORBUtilSystemException.connectRequiresStub(ORBUtilSystemException.java:983)
	at com.sun.corba.se.impl.logging.ORBUtilSystemException.connectRequiresStub(ORBUtilSystemException.java:1005)
	at RandoopTest0.test16(RandoopTest0.java:1003)
	... 16 more

Dec 10, 2017 11:46:41 PM RandoopTest0 test16
WARNING: "IOP00710330: (INTERNAL) ThreadGroup 10 could not be destroyed"
org.omg.CORBA.INTERNAL:   vmcid: SUN  minor code: 330  completed: No
	at com.sun.corba.se.impl.logging.ORBUtilSystemException.threadGroupDestroyFailed(ORBUtilSystemException.java:6659)
	at com.sun.corba.se.impl.logging.ORBUtilSystemException.threadGroupDestroyFailed(ORBUtilSystemException.java:6682)
	at RandoopTest0.test16(RandoopTest0.java:1011)
	at sun.reflect.NativeMethodAccessorImpl.invoke0(Native Method)
	at sun.reflect.NativeMethodAccessorImpl.invoke(NativeMethodAccessorImpl.java:57)
	at sun.reflect.DelegatingMethodAccessorImpl.invoke(DelegatingMethodAccessorImpl.java:43)
	at java.lang.reflect.Method.invoke(Method.java:606)
	at junit.framework.TestCase.runTest(TestCase.java:168)
	at junit.framework.TestCase.runBare(TestCase.java:134)
	at junit.framework.TestResult$1.protect(TestResult.java:110)
	at junit.framework.TestResult.runProtected(TestResult.java:128)
	at junit.framework.TestResult.run(TestResult.java:113)
	at junit.framework.TestCase.run(TestCase.java:124)
	at junit.framework.TestSuite.runTest(TestSuite.java:243)
	at junit.framework.TestSuite.run(TestSuite.java:238)
	at junit.framework.TestSuite.runTest(TestSuite.java:243)
	at junit.framework.TestSuite.run(TestSuite.java:238)
	at junit.textui.TestRunner.doRun(TestRunner.java:116)
	at RandoopTest.main(RandoopTest.java:8)

Dec 10, 2017 11:46:41 PM RandoopTest0 test16
WARNING: "IOP00810230: (MARSHAL) Bad valuetag 100 found while reading repository IDs"
org.omg.CORBA.MARSHAL:   vmcid: SUN  minor code: 230  completed: No
	at com.sun.corba.se.impl.logging.ORBUtilSystemException.badValueTag(ORBUtilSystemException.java:7518)
	at com.sun.corba.se.impl.logging.ORBUtilSystemException.badValueTag(ORBUtilSystemException.java:7541)
	at RandoopTest0.test16(RandoopTest0.java:1013)
	at sun.reflect.NativeMethodAccessorImpl.invoke0(Native Method)
	at sun.reflect.NativeMethodAccessorImpl.invoke(NativeMethodAccessorImpl.java:57)
	at sun.reflect.DelegatingMethodAccessorImpl.invoke(DelegatingMethodAccessorImpl.java:43)
	at java.lang.reflect.Method.invoke(Method.java:606)
	at junit.framework.TestCase.runTest(TestCase.java:168)
	at junit.framework.TestCase.runBare(TestCase.java:134)
	at junit.framework.TestResult$1.protect(TestResult.java:110)
	at junit.framework.TestResult.runProtected(TestResult.java:128)
	at junit.framework.TestResult.run(TestResult.java:113)
	at junit.framework.TestCase.run(TestCase.java:124)
	at junit.framework.TestSuite.runTest(TestSuite.java:243)
	at junit.framework.TestSuite.run(TestSuite.java:238)
	at junit.framework.TestSuite.runTest(TestSuite.java:243)
	at junit.framework.TestSuite.run(TestSuite.java:238)
	at junit.textui.TestRunner.doRun(TestRunner.java:116)
	at RandoopTest.main(RandoopTest.java:8)

Dec 10, 2017 11:46:41 PM RandoopTest0 test16
WARNING: "IOP00710330: (INTERNAL) ThreadGroup 10 could not be destroyed"
org.omg.CORBA.INTERNAL:   vmcid: SUN  minor code: 330  completed: No
	at com.sun.corba.se.impl.logging.ORBUtilSystemException.threadGroupDestroyFailed(ORBUtilSystemException.java:6659)
	at com.sun.corba.se.impl.logging.ORBUtilSystemException.threadGroupDestroyFailed(ORBUtilSystemException.java:6682)
	at RandoopTest0.test16(RandoopTest0.java:1015)
	at sun.reflect.NativeMethodAccessorImpl.invoke0(Native Method)
	at sun.reflect.NativeMethodAccessorImpl.invoke(NativeMethodAccessorImpl.java:57)
	at sun.reflect.DelegatingMethodAccessorImpl.invoke(DelegatingMethodAccessorImpl.java:43)
	at java.lang.reflect.Method.invoke(Method.java:606)
	at junit.framework.TestCase.runTest(TestCase.java:168)
	at junit.framework.TestCase.runBare(TestCase.java:134)
	at junit.framework.TestResult$1.protect(TestResult.java:110)
	at junit.framework.TestResult.runProtected(TestResult.java:128)
	at junit.framework.TestResult.run(TestResult.java:113)
	at junit.framework.TestCase.run(TestCase.java:124)
	at junit.framework.TestSuite.runTest(TestSuite.java:243)
	at junit.framework.TestSuite.run(TestSuite.java:238)
	at junit.framework.TestSuite.runTest(TestSuite.java:243)
	at junit.framework.TestSuite.run(TestSuite.java:238)
	at junit.textui.TestRunner.doRun(TestRunner.java:116)
	at RandoopTest.main(RandoopTest.java:8)

Dec 10, 2017 11:46:41 PM RandoopTest0 test16
WARNING: "IOP00710272: (INTERNAL) Invalid BTC converter 10"
org.omg.CORBA.INTERNAL:   vmcid: SUN  minor code: 272  completed: No
	at com.sun.corba.se.impl.logging.ORBUtilSystemException.invalidBtcConverterName(ORBUtilSystemException.java:5560)
	at com.sun.corba.se.impl.logging.ORBUtilSystemException.invalidBtcConverterName(ORBUtilSystemException.java:5579)
	at RandoopTest0.test16(RandoopTest0.java:1016)
	at sun.reflect.NativeMethodAccessorImpl.invoke0(Native Method)
	at sun.reflect.NativeMethodAccessorImpl.invoke(NativeMethodAccessorImpl.java:57)
	at sun.reflect.DelegatingMethodAccessorImpl.invoke(DelegatingMethodAccessorImpl.java:43)
	at java.lang.reflect.Method.invoke(Method.java:606)
	at junit.framework.TestCase.runTest(TestCase.java:168)
	at junit.framework.TestCase.runBare(TestCase.java:134)
	at junit.framework.TestResult$1.protect(TestResult.java:110)
	at junit.framework.TestResult.runProtected(TestResult.java:128)
	at junit.framework.TestResult.run(TestResult.java:113)
	at junit.framework.TestCase.run(TestCase.java:124)
	at junit.framework.TestSuite.runTest(TestSuite.java:243)
	at junit.framework.TestSuite.run(TestSuite.java:238)
	at junit.framework.TestSuite.runTest(TestSuite.java:243)
	at junit.framework.TestSuite.run(TestSuite.java:238)
	at junit.textui.TestRunner.doRun(TestRunner.java:116)
	at RandoopTest.main(RandoopTest.java:8)
Caused by: org.omg.CORBA.MARSHAL:   vmcid: SUN  minor code: 230  completed: No
	at com.sun.corba.se.impl.logging.ORBUtilSystemException.badValueTag(ORBUtilSystemException.java:7518)
	at com.sun.corba.se.impl.logging.ORBUtilSystemException.badValueTag(ORBUtilSystemException.java:7541)
	at RandoopTest0.test16(RandoopTest0.java:1013)
	... 16 more

Dec 10, 2017 11:46:41 PM RandoopTest0 test16
WARNING: "IOP02410202: (DATA_CONVERSION) Bad stringified IOR"
org.omg.CORBA.DATA_CONVERSION:   vmcid: SUN  minor code: 202  completed: No
	at com.sun.corba.se.impl.logging.ORBUtilSystemException.badStringifiedIor(ORBUtilSystemException.java:2721)
	at com.sun.corba.se.impl.logging.ORBUtilSystemException.badStringifiedIor(ORBUtilSystemException.java:2739)
	at RandoopTest0.test16(RandoopTest0.java:1017)
	at sun.reflect.NativeMethodAccessorImpl.invoke0(Native Method)
	at sun.reflect.NativeMethodAccessorImpl.invoke(NativeMethodAccessorImpl.java:57)
	at sun.reflect.DelegatingMethodAccessorImpl.invoke(DelegatingMethodAccessorImpl.java:43)
	at java.lang.reflect.Method.invoke(Method.java:606)
	at junit.framework.TestCase.runTest(TestCase.java:168)
	at junit.framework.TestCase.runBare(TestCase.java:134)
	at junit.framework.TestResult$1.protect(TestResult.java:110)
	at junit.framework.TestResult.runProtected(TestResult.java:128)
	at junit.framework.TestResult.run(TestResult.java:113)
	at junit.framework.TestCase.run(TestCase.java:124)
	at junit.framework.TestSuite.runTest(TestSuite.java:243)
	at junit.framework.TestSuite.run(TestSuite.java:238)
	at junit.framework.TestSuite.runTest(TestSuite.java:243)
	at junit.framework.TestSuite.run(TestSuite.java:238)
	at junit.textui.TestRunner.doRun(TestRunner.java:116)
	at RandoopTest.main(RandoopTest.java:8)
Caused by: org.omg.CORBA.MARSHAL:   vmcid: SUN  minor code: 230  completed: No
	at com.sun.corba.se.impl.logging.ORBUtilSystemException.badValueTag(ORBUtilSystemException.java:7518)
	at com.sun.corba.se.impl.logging.ORBUtilSystemException.badValueTag(ORBUtilSystemException.java:7541)
	at RandoopTest0.test16(RandoopTest0.java:1013)
	... 16 more

Dec 10, 2017 11:46:41 PM RandoopTest0 test16
WARNING: "IOP00910204: (INITIALIZE) legacyGetServerPort called before endpoints initialized"
org.omg.CORBA.INITIALIZE:   vmcid: SUN  minor code: 204  completed: No
	at com.sun.corba.se.impl.logging.ORBUtilSystemException.getServerPortCalledBeforeEndpointsInitialized(ORBUtilSystemException.java:3587)
	at com.sun.corba.se.impl.logging.ORBUtilSystemException.getServerPortCalledBeforeEndpointsInitialized(ORBUtilSystemException.java:3609)
	at RandoopTest0.test16(RandoopTest0.java:1018)
	at sun.reflect.NativeMethodAccessorImpl.invoke0(Native Method)
	at sun.reflect.NativeMethodAccessorImpl.invoke(NativeMethodAccessorImpl.java:57)
	at sun.reflect.DelegatingMethodAccessorImpl.invoke(DelegatingMethodAccessorImpl.java:43)
	at java.lang.reflect.Method.invoke(Method.java:606)
	at junit.framework.TestCase.runTest(TestCase.java:168)
	at junit.framework.TestCase.runBare(TestCase.java:134)
	at junit.framework.TestResult$1.protect(TestResult.java:110)
	at junit.framework.TestResult.runProtected(TestResult.java:128)
	at junit.framework.TestResult.run(TestResult.java:113)
	at junit.framework.TestCase.run(TestCase.java:124)
	at junit.framework.TestSuite.runTest(TestSuite.java:243)
	at junit.framework.TestSuite.run(TestSuite.java:238)
	at junit.framework.TestSuite.runTest(TestSuite.java:243)
	at junit.framework.TestSuite.run(TestSuite.java:238)
	at junit.textui.TestRunner.doRun(TestRunner.java:116)
	at RandoopTest.main(RandoopTest.java:8)

Dec 10, 2017 11:46:41 PM RandoopTest0 test16
WARNING: "IOP00710330: (INTERNAL) ThreadGroup 10 could not be destroyed"
org.omg.CORBA.INTERNAL:   vmcid: SUN  minor code: 330  completed: No
	at com.sun.corba.se.impl.logging.ORBUtilSystemException.threadGroupDestroyFailed(ORBUtilSystemException.java:6659)
	at com.sun.corba.se.impl.logging.ORBUtilSystemException.threadGroupDestroyFailed(ORBUtilSystemException.java:6682)
	at RandoopTest0.test16(RandoopTest0.java:1020)
	at sun.reflect.NativeMethodAccessorImpl.invoke0(Native Method)
	at sun.reflect.NativeMethodAccessorImpl.invoke(NativeMethodAccessorImpl.java:57)
	at sun.reflect.DelegatingMethodAccessorImpl.invoke(DelegatingMethodAccessorImpl.java:43)
	at java.lang.reflect.Method.invoke(Method.java:606)
	at junit.framework.TestCase.runTest(TestCase.java:168)
	at junit.framework.TestCase.runBare(TestCase.java:134)
	at junit.framework.TestResult$1.protect(TestResult.java:110)
	at junit.framework.TestResult.runProtected(TestResult.java:128)
	at junit.framework.TestResult.run(TestResult.java:113)
	at junit.framework.TestCase.run(TestCase.java:124)
	at junit.framework.TestSuite.runTest(TestSuite.java:243)
	at junit.framework.TestSuite.run(TestSuite.java:238)
	at junit.framework.TestSuite.runTest(TestSuite.java:243)
	at junit.framework.TestSuite.run(TestSuite.java:238)
	at junit.textui.TestRunner.doRun(TestRunner.java:116)
	at RandoopTest.main(RandoopTest.java:8)

Dec 10, 2017 11:46:41 PM RandoopTest0 test16
WARNING: "IOP00710330: (INTERNAL) ThreadGroup 10 could not be destroyed"
org.omg.CORBA.INTERNAL:   vmcid: SUN  minor code: 330  completed: No
	at com.sun.corba.se.impl.logging.ORBUtilSystemException.threadGroupDestroyFailed(ORBUtilSystemException.java:6659)
	at com.sun.corba.se.impl.logging.ORBUtilSystemException.threadGroupDestroyFailed(ORBUtilSystemException.java:6682)
	at RandoopTest0.test16(RandoopTest0.java:1022)
	at sun.reflect.NativeMethodAccessorImpl.invoke0(Native Method)
	at sun.reflect.NativeMethodAccessorImpl.invoke(NativeMethodAccessorImpl.java:57)
	at sun.reflect.DelegatingMethodAccessorImpl.invoke(DelegatingMethodAccessorImpl.java:43)
	at java.lang.reflect.Method.invoke(Method.java:606)
	at junit.framework.TestCase.runTest(TestCase.java:168)
	at junit.framework.TestCase.runBare(TestCase.java:134)
	at junit.framework.TestResult$1.protect(TestResult.java:110)
	at junit.framework.TestResult.runProtected(TestResult.java:128)
	at junit.framework.TestResult.run(TestResult.java:113)
	at junit.framework.TestCase.run(TestCase.java:124)
	at junit.framework.TestSuite.runTest(TestSuite.java:243)
	at junit.framework.TestSuite.run(TestSuite.java:238)
	at junit.framework.TestSuite.runTest(TestSuite.java:243)
	at junit.framework.TestSuite.run(TestSuite.java:238)
	at junit.textui.TestRunner.doRun(TestRunner.java:116)
	at RandoopTest.main(RandoopTest.java:8)

Dec 10, 2017 11:46:41 PM RandoopTest0 test16
WARNING: "IOP00710316: (INTERNAL) Ignoring unexpected org.omg.CORBA.MARSHAL:   vmcid: SUN  minor code: 258  completed: No when retrieving of work from work queue, 10."
org.omg.CORBA.INTERNAL:   vmcid: SUN  minor code: 316  completed: No
	at com.sun.corba.se.impl.logging.ORBUtilSystemException.workQueueRequestWorkNoWorkFound(ORBUtilSystemException.java:6512)
	at com.sun.corba.se.impl.logging.ORBUtilSystemException.workQueueRequestWorkNoWorkFound(ORBUtilSystemException.java:6536)
	at RandoopTest0.test16(RandoopTest0.java:1024)
	at sun.reflect.NativeMethodAccessorImpl.invoke0(Native Method)
	at sun.reflect.NativeMethodAccessorImpl.invoke(NativeMethodAccessorImpl.java:57)
	at sun.reflect.DelegatingMethodAccessorImpl.invoke(DelegatingMethodAccessorImpl.java:43)
	at java.lang.reflect.Method.invoke(Method.java:606)
	at junit.framework.TestCase.runTest(TestCase.java:168)
	at junit.framework.TestCase.runBare(TestCase.java:134)
	at junit.framework.TestResult$1.protect(TestResult.java:110)
	at junit.framework.TestResult.runProtected(TestResult.java:128)
	at junit.framework.TestResult.run(TestResult.java:113)
	at junit.framework.TestCase.run(TestCase.java:124)
	at junit.framework.TestSuite.runTest(TestSuite.java:243)
	at junit.framework.TestSuite.run(TestSuite.java:238)
	at junit.framework.TestSuite.runTest(TestSuite.java:243)
	at junit.framework.TestSuite.run(TestSuite.java:238)
	at junit.textui.TestRunner.doRun(TestRunner.java:116)
	at RandoopTest.main(RandoopTest.java:8)

Dec 10, 2017 11:46:41 PM RandoopTest0 test15
WARNING: "IOP00110226: (BAD_PARAM) Invalid request partitioning id 100, valid values are  - -1"
org.omg.CORBA.BAD_PARAM:   vmcid: SUN  minor code: 226  completed: No
	at com.sun.corba.se.impl.logging.ORBUtilSystemException.invalidRequestPartitioningId(ORBUtilSystemException.java:1848)
	at com.sun.corba.se.impl.logging.ORBUtilSystemException.invalidRequestPartitioningId(ORBUtilSystemException.java:1869)
	at RandoopTest0.test15(RandoopTest0.java:802)
	at sun.reflect.NativeMethodAccessorImpl.invoke0(Native Method)
	at sun.reflect.NativeMethodAccessorImpl.invoke(NativeMethodAccessorImpl.java:57)
	at sun.reflect.DelegatingMethodAccessorImpl.invoke(DelegatingMethodAccessorImpl.java:43)
	at java.lang.reflect.Method.invoke(Method.java:606)
	at junit.framework.TestCase.runTest(TestCase.java:168)
	at junit.framework.TestCase.runBare(TestCase.java:134)
	at junit.framework.TestResult$1.protect(TestResult.java:110)
	at junit.framework.TestResult.runProtected(TestResult.java:128)
	at junit.framework.TestResult.run(TestResult.java:113)
	at junit.framework.TestCase.run(TestCase.java:124)
	at junit.framework.TestSuite.runTest(TestSuite.java:243)
	at junit.framework.TestSuite.run(TestSuite.java:238)
	at junit.framework.TestSuite.runTest(TestSuite.java:243)
	at junit.framework.TestSuite.run(TestSuite.java:238)
	at junit.textui.TestRunner.doRun(TestRunner.java:116)
	at RandoopTest.main(RandoopTest.java:8)
Caused by: java.lang.Throwable: 
	at RandoopTest0.test15(RandoopTest0.java:800)
	... 16 more

Dec 10, 2017 11:46:41 PM RandoopTest0 test15
WARNING: "IOP00110226: (BAD_PARAM) Invalid request partitioning id 100, valid values are  - -1"
org.omg.CORBA.BAD_PARAM:   vmcid: SUN  minor code: 226  completed: No
	at com.sun.corba.se.impl.logging.ORBUtilSystemException.invalidRequestPartitioningId(ORBUtilSystemException.java:1848)
	at com.sun.corba.se.impl.logging.ORBUtilSystemException.invalidRequestPartitioningId(ORBUtilSystemException.java:1869)
	at RandoopTest0.test15(RandoopTest0.java:806)
	at sun.reflect.NativeMethodAccessorImpl.invoke0(Native Method)
	at sun.reflect.NativeMethodAccessorImpl.invoke(NativeMethodAccessorImpl.java:57)
	at sun.reflect.DelegatingMethodAccessorImpl.invoke(DelegatingMethodAccessorImpl.java:43)
	at java.lang.reflect.Method.invoke(Method.java:606)
	at junit.framework.TestCase.runTest(TestCase.java:168)
	at junit.framework.TestCase.runBare(TestCase.java:134)
	at junit.framework.TestResult$1.protect(TestResult.java:110)
	at junit.framework.TestResult.runProtected(TestResult.java:128)
	at junit.framework.TestResult.run(TestResult.java:113)
	at junit.framework.TestCase.run(TestCase.java:124)
	at junit.framework.TestSuite.runTest(TestSuite.java:243)
	at junit.framework.TestSuite.run(TestSuite.java:238)
	at junit.framework.TestSuite.runTest(TestSuite.java:243)
	at junit.framework.TestSuite.run(TestSuite.java:238)
	at junit.textui.TestRunner.doRun(TestRunner.java:116)
	at RandoopTest.main(RandoopTest.java:8)
Caused by: java.lang.Throwable: 
	at RandoopTest0.test15(RandoopTest0.java:804)
	... 16 more

Dec 10, 2017 11:46:41 PM RandoopTest0 test15
WARNING: "IOP00810206: (MARSHAL) grow() called on IIOPInputStream"
org.omg.CORBA.MARSHAL:   vmcid: SUN  minor code: 206  completed: No
	at com.sun.corba.se.impl.logging.ORBUtilSystemException.iiopinputstreamGrow(ORBUtilSystemException.java:6862)
	at com.sun.corba.se.impl.logging.ORBUtilSystemException.iiopinputstreamGrow(ORBUtilSystemException.java:6884)
	at RandoopTest0.test15(RandoopTest0.java:807)
	at sun.reflect.NativeMethodAccessorImpl.invoke0(Native Method)
	at sun.reflect.NativeMethodAccessorImpl.invoke(NativeMethodAccessorImpl.java:57)
	at sun.reflect.DelegatingMethodAccessorImpl.invoke(DelegatingMethodAccessorImpl.java:43)
	at java.lang.reflect.Method.invoke(Method.java:606)
	at junit.framework.TestCase.runTest(TestCase.java:168)
	at junit.framework.TestCase.runBare(TestCase.java:134)
	at junit.framework.TestResult$1.protect(TestResult.java:110)
	at junit.framework.TestResult.runProtected(TestResult.java:128)
	at junit.framework.TestResult.run(TestResult.java:113)
	at junit.framework.TestCase.run(TestCase.java:124)
	at junit.framework.TestSuite.runTest(TestSuite.java:243)
	at junit.framework.TestSuite.run(TestSuite.java:238)
	at junit.framework.TestSuite.runTest(TestSuite.java:243)
	at junit.framework.TestSuite.run(TestSuite.java:238)
	at junit.textui.TestRunner.doRun(TestRunner.java:116)
	at RandoopTest.main(RandoopTest.java:8)

Dec 10, 2017 11:46:41 PM RandoopTest0 test15
WARNING: "IOP00710224: (INTERNAL) Fragmentation not allowed for this message type"
org.omg.CORBA.INTERNAL:   vmcid: SUN  minor code: 224  completed: No
	at com.sun.corba.se.impl.logging.ORBUtilSystemException.fragmentationDisallowed(ORBUtilSystemException.java:4263)
	at com.sun.corba.se.impl.logging.ORBUtilSystemException.fragmentationDisallowed(ORBUtilSystemException.java:4285)
	at RandoopTest0.test15(RandoopTest0.java:808)
	at sun.reflect.NativeMethodAccessorImpl.invoke0(Native Method)
	at sun.reflect.NativeMethodAccessorImpl.invoke(NativeMethodAccessorImpl.java:57)
	at sun.reflect.DelegatingMethodAccessorImpl.invoke(DelegatingMethodAccessorImpl.java:43)
	at java.lang.reflect.Method.invoke(Method.java:606)
	at junit.framework.TestCase.runTest(TestCase.java:168)
	at junit.framework.TestCase.runBare(TestCase.java:134)
	at junit.framework.TestResult$1.protect(TestResult.java:110)
	at junit.framework.TestResult.runProtected(TestResult.java:128)
	at junit.framework.TestResult.run(TestResult.java:113)
	at junit.framework.TestCase.run(TestCase.java:124)
	at junit.framework.TestSuite.runTest(TestSuite.java:243)
	at junit.framework.TestSuite.run(TestSuite.java:238)
	at junit.framework.TestSuite.runTest(TestSuite.java:243)
	at junit.framework.TestSuite.run(TestSuite.java:238)
	at junit.textui.TestRunner.doRun(TestRunner.java:116)
	at RandoopTest.main(RandoopTest.java:8)

Dec 10, 2017 11:46:41 PM RandoopTest0 test15
WARNING: "IOP00110226: (BAD_PARAM) Invalid request partitioning id 100, valid values are  - -1"
org.omg.CORBA.BAD_PARAM:   vmcid: SUN  minor code: 226  completed: No
	at com.sun.corba.se.impl.logging.ORBUtilSystemException.invalidRequestPartitioningId(ORBUtilSystemException.java:1848)
	at com.sun.corba.se.impl.logging.ORBUtilSystemException.invalidRequestPartitioningId(ORBUtilSystemException.java:1869)
	at RandoopTest0.test15(RandoopTest0.java:812)
	at sun.reflect.NativeMethodAccessorImpl.invoke0(Native Method)
	at sun.reflect.NativeMethodAccessorImpl.invoke(NativeMethodAccessorImpl.java:57)
	at sun.reflect.DelegatingMethodAccessorImpl.invoke(DelegatingMethodAccessorImpl.java:43)
	at java.lang.reflect.Method.invoke(Method.java:606)
	at junit.framework.TestCase.runTest(TestCase.java:168)
	at junit.framework.TestCase.runBare(TestCase.java:134)
	at junit.framework.TestResult$1.protect(TestResult.java:110)
	at junit.framework.TestResult.runProtected(TestResult.java:128)
	at junit.framework.TestResult.run(TestResult.java:113)
	at junit.framework.TestCase.run(TestCase.java:124)
	at junit.framework.TestSuite.runTest(TestSuite.java:243)
	at junit.framework.TestSuite.run(TestSuite.java:238)
	at junit.framework.TestSuite.runTest(TestSuite.java:243)
	at junit.framework.TestSuite.run(TestSuite.java:238)
	at junit.textui.TestRunner.doRun(TestRunner.java:116)
	at RandoopTest.main(RandoopTest.java:8)
Caused by: java.lang.Throwable: 
	at RandoopTest0.test15(RandoopTest0.java:810)
	... 16 more

Dec 10, 2017 11:46:41 PM RandoopTest0 test15
WARNING: "IOP00810206: (MARSHAL) grow() called on IIOPInputStream"
org.omg.CORBA.MARSHAL:   vmcid: SUN  minor code: 206  completed: No
	at com.sun.corba.se.impl.logging.ORBUtilSystemException.iiopinputstreamGrow(ORBUtilSystemException.java:6862)
	at com.sun.corba.se.impl.logging.ORBUtilSystemException.iiopinputstreamGrow(ORBUtilSystemException.java:6884)
	at RandoopTest0.test15(RandoopTest0.java:813)
	at sun.reflect.NativeMethodAccessorImpl.invoke0(Native Method)
	at sun.reflect.NativeMethodAccessorImpl.invoke(NativeMethodAccessorImpl.java:57)
	at sun.reflect.DelegatingMethodAccessorImpl.invoke(DelegatingMethodAccessorImpl.java:43)
	at java.lang.reflect.Method.invoke(Method.java:606)
	at junit.framework.TestCase.runTest(TestCase.java:168)
	at junit.framework.TestCase.runBare(TestCase.java:134)
	at junit.framework.TestResult$1.protect(TestResult.java:110)
	at junit.framework.TestResult.runProtected(TestResult.java:128)
	at junit.framework.TestResult.run(TestResult.java:113)
	at junit.framework.TestCase.run(TestCase.java:124)
	at junit.framework.TestSuite.runTest(TestSuite.java:243)
	at junit.framework.TestSuite.run(TestSuite.java:238)
	at junit.framework.TestSuite.runTest(TestSuite.java:243)
	at junit.framework.TestSuite.run(TestSuite.java:238)
	at junit.textui.TestRunner.doRun(TestRunner.java:116)
	at RandoopTest.main(RandoopTest.java:8)

Dec 10, 2017 11:46:41 PM RandoopTest0 test15
WARNING: "IOP00710224: (INTERNAL) Fragmentation not allowed for this message type"
org.omg.CORBA.INTERNAL:   vmcid: SUN  minor code: 224  completed: No
	at com.sun.corba.se.impl.logging.ORBUtilSystemException.fragmentationDisallowed(ORBUtilSystemException.java:4263)
	at com.sun.corba.se.impl.logging.ORBUtilSystemException.fragmentationDisallowed(ORBUtilSystemException.java:4285)
	at RandoopTest0.test15(RandoopTest0.java:814)
	at sun.reflect.NativeMethodAccessorImpl.invoke0(Native Method)
	at sun.reflect.NativeMethodAccessorImpl.invoke(NativeMethodAccessorImpl.java:57)
	at sun.reflect.DelegatingMethodAccessorImpl.invoke(DelegatingMethodAccessorImpl.java:43)
	at java.lang.reflect.Method.invoke(Method.java:606)
	at junit.framework.TestCase.runTest(TestCase.java:168)
	at junit.framework.TestCase.runBare(TestCase.java:134)
	at junit.framework.TestResult$1.protect(TestResult.java:110)
	at junit.framework.TestResult.runProtected(TestResult.java:128)
	at junit.framework.TestResult.run(TestResult.java:113)
	at junit.framework.TestCase.run(TestCase.java:124)
	at junit.framework.TestSuite.runTest(TestSuite.java:243)
	at junit.framework.TestSuite.run(TestSuite.java:238)
	at junit.framework.TestSuite.runTest(TestSuite.java:243)
	at junit.framework.TestSuite.run(TestSuite.java:238)
	at junit.textui.TestRunner.doRun(TestRunner.java:116)
	at RandoopTest.main(RandoopTest.java:8)

Dec 10, 2017 11:46:41 PM RandoopTest0 test15
WARNING: "IOP00110226: (BAD_PARAM) Invalid request partitioning id 100, valid values are  - -1"
org.omg.CORBA.BAD_PARAM:   vmcid: SUN  minor code: 226  completed: No
	at com.sun.corba.se.impl.logging.ORBUtilSystemException.invalidRequestPartitioningId(ORBUtilSystemException.java:1848)
	at com.sun.corba.se.impl.logging.ORBUtilSystemException.invalidRequestPartitioningId(ORBUtilSystemException.java:1869)
	at RandoopTest0.test15(RandoopTest0.java:818)
	at sun.reflect.NativeMethodAccessorImpl.invoke0(Native Method)
	at sun.reflect.NativeMethodAccessorImpl.invoke(NativeMethodAccessorImpl.java:57)
	at sun.reflect.DelegatingMethodAccessorImpl.invoke(DelegatingMethodAccessorImpl.java:43)
	at java.lang.reflect.Method.invoke(Method.java:606)
	at junit.framework.TestCase.runTest(TestCase.java:168)
	at junit.framework.TestCase.runBare(TestCase.java:134)
	at junit.framework.TestResult$1.protect(TestResult.java:110)
	at junit.framework.TestResult.runProtected(TestResult.java:128)
	at junit.framework.TestResult.run(TestResult.java:113)
	at junit.framework.TestCase.run(TestCase.java:124)
	at junit.framework.TestSuite.runTest(TestSuite.java:243)
	at junit.framework.TestSuite.run(TestSuite.java:238)
	at junit.framework.TestSuite.runTest(TestSuite.java:243)
	at junit.framework.TestSuite.run(TestSuite.java:238)
	at junit.textui.TestRunner.doRun(TestRunner.java:116)
	at RandoopTest.main(RandoopTest.java:8)
Caused by: java.lang.Throwable: 
	at RandoopTest0.test15(RandoopTest0.java:816)
	... 16 more

Dec 10, 2017 11:46:41 PM RandoopTest0 test15
WARNING: "IOP00110203: (BAD_PARAM) Abstract interface derived from non-abstract interface"
org.omg.CORBA.BAD_PARAM:   vmcid: SUN  minor code: 203  completed: No
	at com.sun.corba.se.impl.logging.ORBUtilSystemException.abstractFromNonAbstract(ORBUtilSystemException.java:1183)
	at com.sun.corba.se.impl.logging.ORBUtilSystemException.abstractFromNonAbstract(ORBUtilSystemException.java:1205)
	at RandoopTest0.test15(RandoopTest0.java:819)
	at sun.reflect.NativeMethodAccessorImpl.invoke0(Native Method)
	at sun.reflect.NativeMethodAccessorImpl.invoke(NativeMethodAccessorImpl.java:57)
	at sun.reflect.DelegatingMethodAccessorImpl.invoke(DelegatingMethodAccessorImpl.java:43)
	at java.lang.reflect.Method.invoke(Method.java:606)
	at junit.framework.TestCase.runTest(TestCase.java:168)
	at junit.framework.TestCase.runBare(TestCase.java:134)
	at junit.framework.TestResult$1.protect(TestResult.java:110)
	at junit.framework.TestResult.runProtected(TestResult.java:128)
	at junit.framework.TestResult.run(TestResult.java:113)
	at junit.framework.TestCase.run(TestCase.java:124)
	at junit.framework.TestSuite.runTest(TestSuite.java:243)
	at junit.framework.TestSuite.run(TestSuite.java:238)
	at junit.framework.TestSuite.runTest(TestSuite.java:243)
	at junit.framework.TestSuite.run(TestSuite.java:238)
	at junit.textui.TestRunner.doRun(TestRunner.java:116)
	at RandoopTest.main(RandoopTest.java:8)

Dec 10, 2017 11:46:41 PM RandoopTest0 test15
WARNING: "IOP00710227: (INTERNAL) byte to character converter failure"
org.omg.CORBA.INTERNAL:   vmcid: SUN  minor code: 227  completed: No
	at com.sun.corba.se.impl.logging.ORBUtilSystemException.btcConverterFailure(ORBUtilSystemException.java:4347)
	at com.sun.corba.se.impl.logging.ORBUtilSystemException.btcConverterFailure(ORBUtilSystemException.java:4369)
	at RandoopTest0.test15(RandoopTest0.java:820)
	at sun.reflect.NativeMethodAccessorImpl.invoke0(Native Method)
	at sun.reflect.NativeMethodAccessorImpl.invoke(NativeMethodAccessorImpl.java:57)
	at sun.reflect.DelegatingMethodAccessorImpl.invoke(DelegatingMethodAccessorImpl.java:43)
	at java.lang.reflect.Method.invoke(Method.java:606)
	at junit.framework.TestCase.runTest(TestCase.java:168)
	at junit.framework.TestCase.runBare(TestCase.java:134)
	at junit.framework.TestResult$1.protect(TestResult.java:110)
	at junit.framework.TestResult.runProtected(TestResult.java:128)
	at junit.framework.TestResult.run(TestResult.java:113)
	at junit.framework.TestCase.run(TestCase.java:124)
	at junit.framework.TestSuite.runTest(TestSuite.java:243)
	at junit.framework.TestSuite.run(TestSuite.java:238)
	at junit.framework.TestSuite.runTest(TestSuite.java:243)
	at junit.framework.TestSuite.run(TestSuite.java:238)
	at junit.textui.TestRunner.doRun(TestRunner.java:116)
	at RandoopTest.main(RandoopTest.java:8)

Dec 10, 2017 11:46:41 PM RandoopTest0 test15
WARNING: "IOP00110219: (BAD_PARAM) Expected a string, but argument was not of String type"
org.omg.CORBA.BAD_PARAM:   vmcid: SUN  minor code: 219  completed: No
	at com.sun.corba.se.impl.logging.ORBUtilSystemException.stringExpected(ORBUtilSystemException.java:1645)
	at com.sun.corba.se.impl.logging.ORBUtilSystemException.stringExpected(ORBUtilSystemException.java:1663)
	at RandoopTest0.test15(RandoopTest0.java:821)
	at sun.reflect.NativeMethodAccessorImpl.invoke0(Native Method)
	at sun.reflect.NativeMethodAccessorImpl.invoke(NativeMethodAccessorImpl.java:57)
	at sun.reflect.DelegatingMethodAccessorImpl.invoke(DelegatingMethodAccessorImpl.java:43)
	at java.lang.reflect.Method.invoke(Method.java:606)
	at junit.framework.TestCase.runTest(TestCase.java:168)
	at junit.framework.TestCase.runBare(TestCase.java:134)
	at junit.framework.TestResult$1.protect(TestResult.java:110)
	at junit.framework.TestResult.runProtected(TestResult.java:128)
	at junit.framework.TestResult.run(TestResult.java:113)
	at junit.framework.TestCase.run(TestCase.java:124)
	at junit.framework.TestSuite.runTest(TestSuite.java:243)
	at junit.framework.TestSuite.run(TestSuite.java:238)
	at junit.framework.TestSuite.runTest(TestSuite.java:243)
	at junit.framework.TestSuite.run(TestSuite.java:238)
	at junit.textui.TestRunner.doRun(TestRunner.java:116)
	at RandoopTest.main(RandoopTest.java:8)
Caused by: org.omg.CORBA.INTERNAL:   vmcid: SUN  minor code: 227  completed: No
	at com.sun.corba.se.impl.logging.ORBUtilSystemException.btcConverterFailure(ORBUtilSystemException.java:4347)
	at com.sun.corba.se.impl.logging.ORBUtilSystemException.btcConverterFailure(ORBUtilSystemException.java:4369)
	at RandoopTest0.test15(RandoopTest0.java:820)
	... 16 more

Dec 10, 2017 11:46:41 PM RandoopTest0 test15
WARNING: "IOP00110226: (BAD_PARAM) Invalid request partitioning id 100, valid values are  - -1"
org.omg.CORBA.BAD_PARAM:   vmcid: SUN  minor code: 226  completed: No
	at com.sun.corba.se.impl.logging.ORBUtilSystemException.invalidRequestPartitioningId(ORBUtilSystemException.java:1848)
	at com.sun.corba.se.impl.logging.ORBUtilSystemException.invalidRequestPartitioningId(ORBUtilSystemException.java:1869)
	at RandoopTest0.test15(RandoopTest0.java:825)
	at sun.reflect.NativeMethodAccessorImpl.invoke0(Native Method)
	at sun.reflect.NativeMethodAccessorImpl.invoke(NativeMethodAccessorImpl.java:57)
	at sun.reflect.DelegatingMethodAccessorImpl.invoke(DelegatingMethodAccessorImpl.java:43)
	at java.lang.reflect.Method.invoke(Method.java:606)
	at junit.framework.TestCase.runTest(TestCase.java:168)
	at junit.framework.TestCase.runBare(TestCase.java:134)
	at junit.framework.TestResult$1.protect(TestResult.java:110)
	at junit.framework.TestResult.runProtected(TestResult.java:128)
	at junit.framework.TestResult.run(TestResult.java:113)
	at junit.framework.TestCase.run(TestCase.java:124)
	at junit.framework.TestSuite.runTest(TestSuite.java:243)
	at junit.framework.TestSuite.run(TestSuite.java:238)
	at junit.framework.TestSuite.runTest(TestSuite.java:243)
	at junit.framework.TestSuite.run(TestSuite.java:238)
	at junit.textui.TestRunner.doRun(TestRunner.java:116)
	at RandoopTest.main(RandoopTest.java:8)
Caused by: java.lang.Throwable: 
	at RandoopTest0.test15(RandoopTest0.java:823)
	... 16 more

Dec 10, 2017 11:46:41 PM RandoopTest0 test15
WARNING: "IOP00810206: (MARSHAL) grow() called on IIOPInputStream"
org.omg.CORBA.MARSHAL:   vmcid: SUN  minor code: 206  completed: No
	at com.sun.corba.se.impl.logging.ORBUtilSystemException.iiopinputstreamGrow(ORBUtilSystemException.java:6862)
	at com.sun.corba.se.impl.logging.ORBUtilSystemException.iiopinputstreamGrow(ORBUtilSystemException.java:6884)
	at RandoopTest0.test15(RandoopTest0.java:826)
	at sun.reflect.NativeMethodAccessorImpl.invoke0(Native Method)
	at sun.reflect.NativeMethodAccessorImpl.invoke(NativeMethodAccessorImpl.java:57)
	at sun.reflect.DelegatingMethodAccessorImpl.invoke(DelegatingMethodAccessorImpl.java:43)
	at java.lang.reflect.Method.invoke(Method.java:606)
	at junit.framework.TestCase.runTest(TestCase.java:168)
	at junit.framework.TestCase.runBare(TestCase.java:134)
	at junit.framework.TestResult$1.protect(TestResult.java:110)
	at junit.framework.TestResult.runProtected(TestResult.java:128)
	at junit.framework.TestResult.run(TestResult.java:113)
	at junit.framework.TestCase.run(TestCase.java:124)
	at junit.framework.TestSuite.runTest(TestSuite.java:243)
	at junit.framework.TestSuite.run(TestSuite.java:238)
	at junit.framework.TestSuite.runTest(TestSuite.java:243)
	at junit.framework.TestSuite.run(TestSuite.java:238)
	at junit.textui.TestRunner.doRun(TestRunner.java:116)
	at RandoopTest.main(RandoopTest.java:8)

Dec 10, 2017 11:46:41 PM RandoopTest0 test15
WARNING: "IOP00710224: (INTERNAL) Fragmentation not allowed for this message type"
org.omg.CORBA.INTERNAL:   vmcid: SUN  minor code: 224  completed: No
	at com.sun.corba.se.impl.logging.ORBUtilSystemException.fragmentationDisallowed(ORBUtilSystemException.java:4263)
	at com.sun.corba.se.impl.logging.ORBUtilSystemException.fragmentationDisallowed(ORBUtilSystemException.java:4285)
	at RandoopTest0.test15(RandoopTest0.java:827)
	at sun.reflect.NativeMethodAccessorImpl.invoke0(Native Method)
	at sun.reflect.NativeMethodAccessorImpl.invoke(NativeMethodAccessorImpl.java:57)
	at sun.reflect.DelegatingMethodAccessorImpl.invoke(DelegatingMethodAccessorImpl.java:43)
	at java.lang.reflect.Method.invoke(Method.java:606)
	at junit.framework.TestCase.runTest(TestCase.java:168)
	at junit.framework.TestCase.runBare(TestCase.java:134)
	at junit.framework.TestResult$1.protect(TestResult.java:110)
	at junit.framework.TestResult.runProtected(TestResult.java:128)
	at junit.framework.TestResult.run(TestResult.java:113)
	at junit.framework.TestCase.run(TestCase.java:124)
	at junit.framework.TestSuite.runTest(TestSuite.java:243)
	at junit.framework.TestSuite.run(TestSuite.java:238)
	at junit.framework.TestSuite.runTest(TestSuite.java:243)
	at junit.framework.TestSuite.run(TestSuite.java:238)
	at junit.textui.TestRunner.doRun(TestRunner.java:116)
	at RandoopTest.main(RandoopTest.java:8)

Dec 10, 2017 11:46:41 PM RandoopTest0 test15
WARNING: "IOP00110226: (BAD_PARAM) Invalid request partitioning id 100, valid values are  - -1"
org.omg.CORBA.BAD_PARAM:   vmcid: SUN  minor code: 226  completed: No
	at com.sun.corba.se.impl.logging.ORBUtilSystemException.invalidRequestPartitioningId(ORBUtilSystemException.java:1848)
	at com.sun.corba.se.impl.logging.ORBUtilSystemException.invalidRequestPartitioningId(ORBUtilSystemException.java:1869)
	at RandoopTest0.test15(RandoopTest0.java:831)
	at sun.reflect.NativeMethodAccessorImpl.invoke0(Native Method)
	at sun.reflect.NativeMethodAccessorImpl.invoke(NativeMethodAccessorImpl.java:57)
	at sun.reflect.DelegatingMethodAccessorImpl.invoke(DelegatingMethodAccessorImpl.java:43)
	at java.lang.reflect.Method.invoke(Method.java:606)
	at junit.framework.TestCase.runTest(TestCase.java:168)
	at junit.framework.TestCase.runBare(TestCase.java:134)
	at junit.framework.TestResult$1.protect(TestResult.java:110)
	at junit.framework.TestResult.runProtected(TestResult.java:128)
	at junit.framework.TestResult.run(TestResult.java:113)
	at junit.framework.TestCase.run(TestCase.java:124)
	at junit.framework.TestSuite.runTest(TestSuite.java:243)
	at junit.framework.TestSuite.run(TestSuite.java:238)
	at junit.framework.TestSuite.runTest(TestSuite.java:243)
	at junit.framework.TestSuite.run(TestSuite.java:238)
	at junit.textui.TestRunner.doRun(TestRunner.java:116)
	at RandoopTest.main(RandoopTest.java:8)
Caused by: java.lang.Throwable: 
	at RandoopTest0.test15(RandoopTest0.java:829)
	... 16 more

Dec 10, 2017 11:46:41 PM RandoopTest0 test15
WARNING: "IOP00110203: (BAD_PARAM) Abstract interface derived from non-abstract interface"
org.omg.CORBA.BAD_PARAM:   vmcid: SUN  minor code: 203  completed: No
	at com.sun.corba.se.impl.logging.ORBUtilSystemException.abstractFromNonAbstract(ORBUtilSystemException.java:1183)
	at com.sun.corba.se.impl.logging.ORBUtilSystemException.abstractFromNonAbstract(ORBUtilSystemException.java:1205)
	at RandoopTest0.test15(RandoopTest0.java:832)
	at sun.reflect.NativeMethodAccessorImpl.invoke0(Native Method)
	at sun.reflect.NativeMethodAccessorImpl.invoke(NativeMethodAccessorImpl.java:57)
	at sun.reflect.DelegatingMethodAccessorImpl.invoke(DelegatingMethodAccessorImpl.java:43)
	at java.lang.reflect.Method.invoke(Method.java:606)
	at junit.framework.TestCase.runTest(TestCase.java:168)
	at junit.framework.TestCase.runBare(TestCase.java:134)
	at junit.framework.TestResult$1.protect(TestResult.java:110)
	at junit.framework.TestResult.runProtected(TestResult.java:128)
	at junit.framework.TestResult.run(TestResult.java:113)
	at junit.framework.TestCase.run(TestCase.java:124)
	at junit.framework.TestSuite.runTest(TestSuite.java:243)
	at junit.framework.TestSuite.run(TestSuite.java:238)
	at junit.framework.TestSuite.runTest(TestSuite.java:243)
	at junit.framework.TestSuite.run(TestSuite.java:238)
	at junit.textui.TestRunner.doRun(TestRunner.java:116)
	at RandoopTest.main(RandoopTest.java:8)

Dec 10, 2017 11:46:41 PM RandoopTest0 test15
WARNING: "IOP00110226: (BAD_PARAM) Invalid request partitioning id 100, valid values are  - -1"
org.omg.CORBA.BAD_PARAM:   vmcid: SUN  minor code: 226  completed: No
	at com.sun.corba.se.impl.logging.ORBUtilSystemException.invalidRequestPartitioningId(ORBUtilSystemException.java:1848)
	at com.sun.corba.se.impl.logging.ORBUtilSystemException.invalidRequestPartitioningId(ORBUtilSystemException.java:1869)
	at RandoopTest0.test15(RandoopTest0.java:836)
	at sun.reflect.NativeMethodAccessorImpl.invoke0(Native Method)
	at sun.reflect.NativeMethodAccessorImpl.invoke(NativeMethodAccessorImpl.java:57)
	at sun.reflect.DelegatingMethodAccessorImpl.invoke(DelegatingMethodAccessorImpl.java:43)
	at java.lang.reflect.Method.invoke(Method.java:606)
	at junit.framework.TestCase.runTest(TestCase.java:168)
	at junit.framework.TestCase.runBare(TestCase.java:134)
	at junit.framework.TestResult$1.protect(TestResult.java:110)
	at junit.framework.TestResult.runProtected(TestResult.java:128)
	at junit.framework.TestResult.run(TestResult.java:113)
	at junit.framework.TestCase.run(TestCase.java:124)
	at junit.framework.TestSuite.runTest(TestSuite.java:243)
	at junit.framework.TestSuite.run(TestSuite.java:238)
	at junit.framework.TestSuite.runTest(TestSuite.java:243)
	at junit.framework.TestSuite.run(TestSuite.java:238)
	at junit.textui.TestRunner.doRun(TestRunner.java:116)
	at RandoopTest.main(RandoopTest.java:8)
Caused by: java.lang.Throwable: 
	at RandoopTest0.test15(RandoopTest0.java:834)
	... 16 more

Dec 10, 2017 11:46:41 PM RandoopTest0 test15
WARNING: "IOP00810206: (MARSHAL) grow() called on IIOPInputStream"
org.omg.CORBA.MARSHAL:   vmcid: SUN  minor code: 206  completed: No
	at com.sun.corba.se.impl.logging.ORBUtilSystemException.iiopinputstreamGrow(ORBUtilSystemException.java:6862)
	at com.sun.corba.se.impl.logging.ORBUtilSystemException.iiopinputstreamGrow(ORBUtilSystemException.java:6884)
	at RandoopTest0.test15(RandoopTest0.java:837)
	at sun.reflect.NativeMethodAccessorImpl.invoke0(Native Method)
	at sun.reflect.NativeMethodAccessorImpl.invoke(NativeMethodAccessorImpl.java:57)
	at sun.reflect.DelegatingMethodAccessorImpl.invoke(DelegatingMethodAccessorImpl.java:43)
	at java.lang.reflect.Method.invoke(Method.java:606)
	at junit.framework.TestCase.runTest(TestCase.java:168)
	at junit.framework.TestCase.runBare(TestCase.java:134)
	at junit.framework.TestResult$1.protect(TestResult.java:110)
	at junit.framework.TestResult.runProtected(TestResult.java:128)
	at junit.framework.TestResult.run(TestResult.java:113)
	at junit.framework.TestCase.run(TestCase.java:124)
	at junit.framework.TestSuite.runTest(TestSuite.java:243)
	at junit.framework.TestSuite.run(TestSuite.java:238)
	at junit.framework.TestSuite.runTest(TestSuite.java:243)
	at junit.framework.TestSuite.run(TestSuite.java:238)
	at junit.textui.TestRunner.doRun(TestRunner.java:116)
	at RandoopTest.main(RandoopTest.java:8)

Dec 10, 2017 11:46:41 PM RandoopTest0 test15
WARNING: "IOP00710205: (INTERNAL) No IIOP profile in server request dispatcher"
org.omg.CORBA.INTERNAL:   vmcid: SUN  minor code: 205  completed: No
	at com.sun.corba.se.impl.logging.ORBUtilSystemException.serverScNoIiopProfile(ORBUtilSystemException.java:3787)
	at com.sun.corba.se.impl.logging.ORBUtilSystemException.serverScNoIiopProfile(ORBUtilSystemException.java:3805)
	at RandoopTest0.test15(RandoopTest0.java:838)
	at sun.reflect.NativeMethodAccessorImpl.invoke0(Native Method)
	at sun.reflect.NativeMethodAccessorImpl.invoke(NativeMethodAccessorImpl.java:57)
	at sun.reflect.DelegatingMethodAccessorImpl.invoke(DelegatingMethodAccessorImpl.java:43)
	at java.lang.reflect.Method.invoke(Method.java:606)
	at junit.framework.TestCase.runTest(TestCase.java:168)
	at junit.framework.TestCase.runBare(TestCase.java:134)
	at junit.framework.TestResult$1.protect(TestResult.java:110)
	at junit.framework.TestResult.runProtected(TestResult.java:128)
	at junit.framework.TestResult.run(TestResult.java:113)
	at junit.framework.TestCase.run(TestCase.java:124)
	at junit.framework.TestSuite.runTest(TestSuite.java:243)
	at junit.framework.TestSuite.run(TestSuite.java:238)
	at junit.framework.TestSuite.runTest(TestSuite.java:243)
	at junit.framework.TestSuite.run(TestSuite.java:238)
	at junit.textui.TestRunner.doRun(TestRunner.java:116)
	at RandoopTest.main(RandoopTest.java:8)
Caused by: org.omg.CORBA.MARSHAL:   vmcid: SUN  minor code: 206  completed: No
	at com.sun.corba.se.impl.logging.ORBUtilSystemException.iiopinputstreamGrow(ORBUtilSystemException.java:6862)
	at com.sun.corba.se.impl.logging.ORBUtilSystemException.iiopinputstreamGrow(ORBUtilSystemException.java:6884)
	at RandoopTest0.test15(RandoopTest0.java:837)
	... 16 more

Dec 10, 2017 11:46:41 PM RandoopTest0 test15
WARNING: "IOP01210242: (BAD_OPERATION) Call to StubAdapter.connect did not pass a stub"
org.omg.CORBA.BAD_OPERATION:   vmcid: SUN  minor code: 242  completed: No
	at com.sun.corba.se.impl.logging.ORBUtilSystemException.connectRequiresStub(ORBUtilSystemException.java:983)
	at com.sun.corba.se.impl.logging.ORBUtilSystemException.connectRequiresStub(ORBUtilSystemException.java:1005)
	at RandoopTest0.test15(RandoopTest0.java:839)
	at sun.reflect.NativeMethodAccessorImpl.invoke0(Native Method)
	at sun.reflect.NativeMethodAccessorImpl.invoke(NativeMethodAccessorImpl.java:57)
	at sun.reflect.DelegatingMethodAccessorImpl.invoke(DelegatingMethodAccessorImpl.java:43)
	at java.lang.reflect.Method.invoke(Method.java:606)
	at junit.framework.TestCase.runTest(TestCase.java:168)
	at junit.framework.TestCase.runBare(TestCase.java:134)
	at junit.framework.TestResult$1.protect(TestResult.java:110)
	at junit.framework.TestResult.runProtected(TestResult.java:128)
	at junit.framework.TestResult.run(TestResult.java:113)
	at junit.framework.TestCase.run(TestCase.java:124)
	at junit.framework.TestSuite.runTest(TestSuite.java:243)
	at junit.framework.TestSuite.run(TestSuite.java:238)
	at junit.framework.TestSuite.runTest(TestSuite.java:243)
	at junit.framework.TestSuite.run(TestSuite.java:238)
	at junit.textui.TestRunner.doRun(TestRunner.java:116)
	at RandoopTest.main(RandoopTest.java:8)

Dec 10, 2017 11:46:41 PM RandoopTest0 test15
WARNING: "IOP00710330: (INTERNAL) ThreadGroup 10 could not be destroyed"
org.omg.CORBA.INTERNAL:   vmcid: SUN  minor code: 330  completed: No
	at com.sun.corba.se.impl.logging.ORBUtilSystemException.threadGroupDestroyFailed(ORBUtilSystemException.java:6659)
	at com.sun.corba.se.impl.logging.ORBUtilSystemException.threadGroupDestroyFailed(ORBUtilSystemException.java:6682)
	at RandoopTest0.test15(RandoopTest0.java:841)
	at sun.reflect.NativeMethodAccessorImpl.invoke0(Native Method)
	at sun.reflect.NativeMethodAccessorImpl.invoke(NativeMethodAccessorImpl.java:57)
	at sun.reflect.DelegatingMethodAccessorImpl.invoke(DelegatingMethodAccessorImpl.java:43)
	at java.lang.reflect.Method.invoke(Method.java:606)
	at junit.framework.TestCase.runTest(TestCase.java:168)
	at junit.framework.TestCase.runBare(TestCase.java:134)
	at junit.framework.TestResult$1.protect(TestResult.java:110)
	at junit.framework.TestResult.runProtected(TestResult.java:128)
	at junit.framework.TestResult.run(TestResult.java:113)
	at junit.framework.TestCase.run(TestCase.java:124)
	at junit.framework.TestSuite.runTest(TestSuite.java:243)
	at junit.framework.TestSuite.run(TestSuite.java:238)
	at junit.framework.TestSuite.runTest(TestSuite.java:243)
	at junit.framework.TestSuite.run(TestSuite.java:238)
	at junit.textui.TestRunner.doRun(TestRunner.java:116)
	at RandoopTest.main(RandoopTest.java:8)

Dec 10, 2017 11:46:41 PM RandoopTest0 test15
WARNING: "IOP00710330: (INTERNAL) ThreadGroup 10 could not be destroyed"
org.omg.CORBA.INTERNAL:   vmcid: SUN  minor code: 330  completed: No
	at com.sun.corba.se.impl.logging.ORBUtilSystemException.threadGroupDestroyFailed(ORBUtilSystemException.java:6659)
	at com.sun.corba.se.impl.logging.ORBUtilSystemException.threadGroupDestroyFailed(ORBUtilSystemException.java:6682)
	at RandoopTest0.test15(RandoopTest0.java:843)
	at sun.reflect.NativeMethodAccessorImpl.invoke0(Native Method)
	at sun.reflect.NativeMethodAccessorImpl.invoke(NativeMethodAccessorImpl.java:57)
	at sun.reflect.DelegatingMethodAccessorImpl.invoke(DelegatingMethodAccessorImpl.java:43)
	at java.lang.reflect.Method.invoke(Method.java:606)
	at junit.framework.TestCase.runTest(TestCase.java:168)
	at junit.framework.TestCase.runBare(TestCase.java:134)
	at junit.framework.TestResult$1.protect(TestResult.java:110)
	at junit.framework.TestResult.runProtected(TestResult.java:128)
	at junit.framework.TestResult.run(TestResult.java:113)
	at junit.framework.TestCase.run(TestCase.java:124)
	at junit.framework.TestSuite.runTest(TestSuite.java:243)
	at junit.framework.TestSuite.run(TestSuite.java:238)
	at junit.framework.TestSuite.runTest(TestSuite.java:243)
	at junit.framework.TestSuite.run(TestSuite.java:238)
	at junit.textui.TestRunner.doRun(TestRunner.java:116)
	at RandoopTest.main(RandoopTest.java:8)

Dec 10, 2017 11:46:41 PM RandoopTest0 test15
WARNING: "IOP00410201: (COMM_FAILURE) Connection failure: socketType: 0; hostname: org.omg.CORBA.INTERNAL:   vmcid: SUN  minor code: 330  completed: No; port: -1"
org.omg.CORBA.COMM_FAILURE:   vmcid: SUN  minor code: 201  completed: No
	at com.sun.corba.se.impl.logging.ORBUtilSystemException.connectFailure(ORBUtilSystemException.java:2200)
	at com.sun.corba.se.impl.logging.ORBUtilSystemException.connectFailure(ORBUtilSystemException.java:2221)
	at RandoopTest0.test15(RandoopTest0.java:845)
	at sun.reflect.NativeMethodAccessorImpl.invoke0(Native Method)
	at sun.reflect.NativeMethodAccessorImpl.invoke(NativeMethodAccessorImpl.java:57)
	at sun.reflect.DelegatingMethodAccessorImpl.invoke(DelegatingMethodAccessorImpl.java:43)
	at java.lang.reflect.Method.invoke(Method.java:606)
	at junit.framework.TestCase.runTest(TestCase.java:168)
	at junit.framework.TestCase.runBare(TestCase.java:134)
	at junit.framework.TestResult$1.protect(TestResult.java:110)
	at junit.framework.TestResult.runProtected(TestResult.java:128)
	at junit.framework.TestResult.run(TestResult.java:113)
	at junit.framework.TestCase.run(TestCase.java:124)
	at junit.framework.TestSuite.runTest(TestSuite.java:243)
	at junit.framework.TestSuite.run(TestSuite.java:238)
	at junit.framework.TestSuite.runTest(TestSuite.java:243)
	at junit.framework.TestSuite.run(TestSuite.java:238)
	at junit.textui.TestRunner.doRun(TestRunner.java:116)
	at RandoopTest.main(RandoopTest.java:8)
Caused by: org.omg.CORBA.BAD_OPERATION:   vmcid: SUN  minor code: 242  completed: No
	at com.sun.corba.se.impl.logging.ORBUtilSystemException.connectRequiresStub(ORBUtilSystemException.java:983)
	at com.sun.corba.se.impl.logging.ORBUtilSystemException.connectRequiresStub(ORBUtilSystemException.java:1005)
	at RandoopTest0.test15(RandoopTest0.java:839)
	... 16 more

Dec 10, 2017 11:46:41 PM RandoopTest0 test15
WARNING: "IOP02410217: (DATA_CONVERSION) Could not instantiate ORBInitializer org.omg.CORBA.COMM_FAILURE:   vmcid: SUN  minor code: 201  completed: No"
org.omg.CORBA.DATA_CONVERSION:   vmcid: SUN  minor code: 217  completed: No
	at com.sun.corba.se.impl.logging.ORBUtilSystemException.orbInitializerFailure(ORBUtilSystemException.java:3121)
	at com.sun.corba.se.impl.logging.ORBUtilSystemException.orbInitializerFailure(ORBUtilSystemException.java:3140)
	at RandoopTest0.test15(RandoopTest0.java:846)
	at sun.reflect.NativeMethodAccessorImpl.invoke0(Native Method)
	at sun.reflect.NativeMethodAccessorImpl.invoke(NativeMethodAccessorImpl.java:57)
	at sun.reflect.DelegatingMethodAccessorImpl.invoke(DelegatingMethodAccessorImpl.java:43)
	at java.lang.reflect.Method.invoke(Method.java:606)
	at junit.framework.TestCase.runTest(TestCase.java:168)
	at junit.framework.TestCase.runBare(TestCase.java:134)
	at junit.framework.TestResult$1.protect(TestResult.java:110)
	at junit.framework.TestResult.runProtected(TestResult.java:128)
	at junit.framework.TestResult.run(TestResult.java:113)
	at junit.framework.TestCase.run(TestCase.java:124)
	at junit.framework.TestSuite.runTest(TestSuite.java:243)
	at junit.framework.TestSuite.run(TestSuite.java:238)
	at junit.framework.TestSuite.runTest(TestSuite.java:243)
	at junit.framework.TestSuite.run(TestSuite.java:238)
	at junit.textui.TestRunner.doRun(TestRunner.java:116)
	at RandoopTest.main(RandoopTest.java:8)
Caused by: org.omg.CORBA.BAD_PARAM:   vmcid: SUN  minor code: 219  completed: No
	at com.sun.corba.se.impl.logging.ORBUtilSystemException.stringExpected(ORBUtilSystemException.java:1645)
	at com.sun.corba.se.impl.logging.ORBUtilSystemException.stringExpected(ORBUtilSystemException.java:1663)
	at RandoopTest0.test15(RandoopTest0.java:821)
	... 16 more
Caused by: org.omg.CORBA.INTERNAL:   vmcid: SUN  minor code: 227  completed: No
	at com.sun.corba.se.impl.logging.ORBUtilSystemException.btcConverterFailure(ORBUtilSystemException.java:4347)
	at com.sun.corba.se.impl.logging.ORBUtilSystemException.btcConverterFailure(ORBUtilSystemException.java:4369)
	at RandoopTest0.test15(RandoopTest0.java:820)
	... 16 more

Dec 10, 2017 11:46:41 PM RandoopTest0 test14
WARNING: "IOP00110226: (BAD_PARAM) Invalid request partitioning id 100, valid values are  - -1"
org.omg.CORBA.BAD_PARAM:   vmcid: SUN  minor code: 226  completed: No
	at com.sun.corba.se.impl.logging.ORBUtilSystemException.invalidRequestPartitioningId(ORBUtilSystemException.java:1848)
	at com.sun.corba.se.impl.logging.ORBUtilSystemException.invalidRequestPartitioningId(ORBUtilSystemException.java:1869)
	at RandoopTest0.test14(RandoopTest0.java:689)
	at sun.reflect.NativeMethodAccessorImpl.invoke0(Native Method)
	at sun.reflect.NativeMethodAccessorImpl.invoke(NativeMethodAccessorImpl.java:57)
	at sun.reflect.DelegatingMethodAccessorImpl.invoke(DelegatingMethodAccessorImpl.java:43)
	at java.lang.reflect.Method.invoke(Method.java:606)
	at junit.framework.TestCase.runTest(TestCase.java:168)
	at junit.framework.TestCase.runBare(TestCase.java:134)
	at junit.framework.TestResult$1.protect(TestResult.java:110)
	at junit.framework.TestResult.runProtected(TestResult.java:128)
	at junit.framework.TestResult.run(TestResult.java:113)
	at junit.framework.TestCase.run(TestCase.java:124)
	at junit.framework.TestSuite.runTest(TestSuite.java:243)
	at junit.framework.TestSuite.run(TestSuite.java:238)
	at junit.framework.TestSuite.runTest(TestSuite.java:243)
	at junit.framework.TestSuite.run(TestSuite.java:238)
	at junit.textui.TestRunner.doRun(TestRunner.java:116)
	at RandoopTest.main(RandoopTest.java:8)
Caused by: java.lang.Throwable: 
	at RandoopTest0.test14(RandoopTest0.java:687)
	... 16 more

Dec 10, 2017 11:46:41 PM RandoopTest0 test14
WARNING: "IOP00110203: (BAD_PARAM) Abstract interface derived from non-abstract interface"
org.omg.CORBA.BAD_PARAM:   vmcid: SUN  minor code: 203  completed: No
	at com.sun.corba.se.impl.logging.ORBUtilSystemException.abstractFromNonAbstract(ORBUtilSystemException.java:1183)
	at com.sun.corba.se.impl.logging.ORBUtilSystemException.abstractFromNonAbstract(ORBUtilSystemException.java:1205)
	at RandoopTest0.test14(RandoopTest0.java:690)
	at sun.reflect.NativeMethodAccessorImpl.invoke0(Native Method)
	at sun.reflect.NativeMethodAccessorImpl.invoke(NativeMethodAccessorImpl.java:57)
	at sun.reflect.DelegatingMethodAccessorImpl.invoke(DelegatingMethodAccessorImpl.java:43)
	at java.lang.reflect.Method.invoke(Method.java:606)
	at junit.framework.TestCase.runTest(TestCase.java:168)
	at junit.framework.TestCase.runBare(TestCase.java:134)
	at junit.framework.TestResult$1.protect(TestResult.java:110)
	at junit.framework.TestResult.runProtected(TestResult.java:128)
	at junit.framework.TestResult.run(TestResult.java:113)
	at junit.framework.TestCase.run(TestCase.java:124)
	at junit.framework.TestSuite.runTest(TestSuite.java:243)
	at junit.framework.TestSuite.run(TestSuite.java:238)
	at junit.framework.TestSuite.runTest(TestSuite.java:243)
	at junit.framework.TestSuite.run(TestSuite.java:238)
	at junit.textui.TestRunner.doRun(TestRunner.java:116)
	at RandoopTest.main(RandoopTest.java:8)

Dec 10, 2017 11:46:41 PM RandoopTest0 test14
WARNING: "IOP00110226: (BAD_PARAM) Invalid request partitioning id 100, valid values are  - -1"
org.omg.CORBA.BAD_PARAM:   vmcid: SUN  minor code: 226  completed: No
	at com.sun.corba.se.impl.logging.ORBUtilSystemException.invalidRequestPartitioningId(ORBUtilSystemException.java:1848)
	at com.sun.corba.se.impl.logging.ORBUtilSystemException.invalidRequestPartitioningId(ORBUtilSystemException.java:1869)
	at RandoopTest0.test14(RandoopTest0.java:694)
	at sun.reflect.NativeMethodAccessorImpl.invoke0(Native Method)
	at sun.reflect.NativeMethodAccessorImpl.invoke(NativeMethodAccessorImpl.java:57)
	at sun.reflect.DelegatingMethodAccessorImpl.invoke(DelegatingMethodAccessorImpl.java:43)
	at java.lang.reflect.Method.invoke(Method.java:606)
	at junit.framework.TestCase.runTest(TestCase.java:168)
	at junit.framework.TestCase.runBare(TestCase.java:134)
	at junit.framework.TestResult$1.protect(TestResult.java:110)
	at junit.framework.TestResult.runProtected(TestResult.java:128)
	at junit.framework.TestResult.run(TestResult.java:113)
	at junit.framework.TestCase.run(TestCase.java:124)
	at junit.framework.TestSuite.runTest(TestSuite.java:243)
	at junit.framework.TestSuite.run(TestSuite.java:238)
	at junit.framework.TestSuite.runTest(TestSuite.java:243)
	at junit.framework.TestSuite.run(TestSuite.java:238)
	at junit.textui.TestRunner.doRun(TestRunner.java:116)
	at RandoopTest.main(RandoopTest.java:8)
Caused by: java.lang.Throwable: 
	at RandoopTest0.test14(RandoopTest0.java:692)
	... 16 more

Dec 10, 2017 11:46:41 PM RandoopTest0 test14
WARNING: "IOP00810206: (MARSHAL) grow() called on IIOPInputStream"
org.omg.CORBA.MARSHAL:   vmcid: SUN  minor code: 206  completed: No
	at com.sun.corba.se.impl.logging.ORBUtilSystemException.iiopinputstreamGrow(ORBUtilSystemException.java:6862)
	at com.sun.corba.se.impl.logging.ORBUtilSystemException.iiopinputstreamGrow(ORBUtilSystemException.java:6884)
	at RandoopTest0.test14(RandoopTest0.java:695)
	at sun.reflect.NativeMethodAccessorImpl.invoke0(Native Method)
	at sun.reflect.NativeMethodAccessorImpl.invoke(NativeMethodAccessorImpl.java:57)
	at sun.reflect.DelegatingMethodAccessorImpl.invoke(DelegatingMethodAccessorImpl.java:43)
	at java.lang.reflect.Method.invoke(Method.java:606)
	at junit.framework.TestCase.runTest(TestCase.java:168)
	at junit.framework.TestCase.runBare(TestCase.java:134)
	at junit.framework.TestResult$1.protect(TestResult.java:110)
	at junit.framework.TestResult.runProtected(TestResult.java:128)
	at junit.framework.TestResult.run(TestResult.java:113)
	at junit.framework.TestCase.run(TestCase.java:124)
	at junit.framework.TestSuite.runTest(TestSuite.java:243)
	at junit.framework.TestSuite.run(TestSuite.java:238)
	at junit.framework.TestSuite.runTest(TestSuite.java:243)
	at junit.framework.TestSuite.run(TestSuite.java:238)
	at junit.textui.TestRunner.doRun(TestRunner.java:116)
	at RandoopTest.main(RandoopTest.java:8)

Dec 10, 2017 11:46:41 PM RandoopTest0 test14
WARNING: "IOP00710205: (INTERNAL) No IIOP profile in server request dispatcher"
org.omg.CORBA.INTERNAL:   vmcid: SUN  minor code: 205  completed: No
	at com.sun.corba.se.impl.logging.ORBUtilSystemException.serverScNoIiopProfile(ORBUtilSystemException.java:3787)
	at com.sun.corba.se.impl.logging.ORBUtilSystemException.serverScNoIiopProfile(ORBUtilSystemException.java:3805)
	at RandoopTest0.test14(RandoopTest0.java:696)
	at sun.reflect.NativeMethodAccessorImpl.invoke0(Native Method)
	at sun.reflect.NativeMethodAccessorImpl.invoke(NativeMethodAccessorImpl.java:57)
	at sun.reflect.DelegatingMethodAccessorImpl.invoke(DelegatingMethodAccessorImpl.java:43)
	at java.lang.reflect.Method.invoke(Method.java:606)
	at junit.framework.TestCase.runTest(TestCase.java:168)
	at junit.framework.TestCase.runBare(TestCase.java:134)
	at junit.framework.TestResult$1.protect(TestResult.java:110)
	at junit.framework.TestResult.runProtected(TestResult.java:128)
	at junit.framework.TestResult.run(TestResult.java:113)
	at junit.framework.TestCase.run(TestCase.java:124)
	at junit.framework.TestSuite.runTest(TestSuite.java:243)
	at junit.framework.TestSuite.run(TestSuite.java:238)
	at junit.framework.TestSuite.runTest(TestSuite.java:243)
	at junit.framework.TestSuite.run(TestSuite.java:238)
	at junit.textui.TestRunner.doRun(TestRunner.java:116)
	at RandoopTest.main(RandoopTest.java:8)
Caused by: org.omg.CORBA.MARSHAL:   vmcid: SUN  minor code: 206  completed: No
	at com.sun.corba.se.impl.logging.ORBUtilSystemException.iiopinputstreamGrow(ORBUtilSystemException.java:6862)
	at com.sun.corba.se.impl.logging.ORBUtilSystemException.iiopinputstreamGrow(ORBUtilSystemException.java:6884)
	at RandoopTest0.test14(RandoopTest0.java:695)
	... 16 more

Dec 10, 2017 11:46:41 PM RandoopTest0 test14
WARNING: "IOP00710231: (INTERNAL) Invalid GIOP target addressing preference"
org.omg.CORBA.INTERNAL:   vmcid: SUN  minor code: 231  completed: No
	at com.sun.corba.se.impl.logging.ORBUtilSystemException.orbTargetAddrPreferenceInExtractObjectkeyInvalid(ORBUtilSystemException.java:4459)
	at com.sun.corba.se.impl.logging.ORBUtilSystemException.orbTargetAddrPreferenceInExtractObjectkeyInvalid(ORBUtilSystemException.java:4481)
	at RandoopTest0.test14(RandoopTest0.java:697)
	at sun.reflect.NativeMethodAccessorImpl.invoke0(Native Method)
	at sun.reflect.NativeMethodAccessorImpl.invoke(NativeMethodAccessorImpl.java:57)
	at sun.reflect.DelegatingMethodAccessorImpl.invoke(DelegatingMethodAccessorImpl.java:43)
	at java.lang.reflect.Method.invoke(Method.java:606)
	at junit.framework.TestCase.runTest(TestCase.java:168)
	at junit.framework.TestCase.runBare(TestCase.java:134)
	at junit.framework.TestResult$1.protect(TestResult.java:110)
	at junit.framework.TestResult.runProtected(TestResult.java:128)
	at junit.framework.TestResult.run(TestResult.java:113)
	at junit.framework.TestCase.run(TestCase.java:124)
	at junit.framework.TestSuite.runTest(TestSuite.java:243)
	at junit.framework.TestSuite.run(TestSuite.java:238)
	at junit.framework.TestSuite.runTest(TestSuite.java:243)
	at junit.framework.TestSuite.run(TestSuite.java:238)
	at junit.textui.TestRunner.doRun(TestRunner.java:116)
	at RandoopTest.main(RandoopTest.java:8)

Dec 10, 2017 11:46:41 PM RandoopTest0 test14
WARNING: "IOP00710330: (INTERNAL) ThreadGroup 10 could not be destroyed"
org.omg.CORBA.INTERNAL:   vmcid: SUN  minor code: 330  completed: No
	at com.sun.corba.se.impl.logging.ORBUtilSystemException.threadGroupDestroyFailed(ORBUtilSystemException.java:6659)
	at com.sun.corba.se.impl.logging.ORBUtilSystemException.threadGroupDestroyFailed(ORBUtilSystemException.java:6682)
	at RandoopTest0.test14(RandoopTest0.java:699)
	at sun.reflect.NativeMethodAccessorImpl.invoke0(Native Method)
	at sun.reflect.NativeMethodAccessorImpl.invoke(NativeMethodAccessorImpl.java:57)
	at sun.reflect.DelegatingMethodAccessorImpl.invoke(DelegatingMethodAccessorImpl.java:43)
	at java.lang.reflect.Method.invoke(Method.java:606)
	at junit.framework.TestCase.runTest(TestCase.java:168)
	at junit.framework.TestCase.runBare(TestCase.java:134)
	at junit.framework.TestResult$1.protect(TestResult.java:110)
	at junit.framework.TestResult.runProtected(TestResult.java:128)
	at junit.framework.TestResult.run(TestResult.java:113)
	at junit.framework.TestCase.run(TestCase.java:124)
	at junit.framework.TestSuite.runTest(TestSuite.java:243)
	at junit.framework.TestSuite.run(TestSuite.java:238)
	at junit.framework.TestSuite.runTest(TestSuite.java:243)
	at junit.framework.TestSuite.run(TestSuite.java:238)
	at junit.textui.TestRunner.doRun(TestRunner.java:116)
	at RandoopTest.main(RandoopTest.java:8)

Dec 10, 2017 11:46:41 PM RandoopTest0 test14
WARNING: "IOP00810222: (MARSHAL) Received end tag 4, which is less than the expected value com.sun.corba.se.impl.logging.ORBUtilSystemException@6e156bbf"
org.omg.CORBA.MARSHAL:   vmcid: SUN  minor code: 222  completed: No
	at com.sun.corba.se.impl.logging.ORBUtilSystemException.unexpectedEnclosingValuetype(ORBUtilSystemException.java:7289)
	at com.sun.corba.se.impl.logging.ORBUtilSystemException.unexpectedEnclosingValuetype(ORBUtilSystemException.java:7313)
	at RandoopTest0.test14(RandoopTest0.java:700)
	at sun.reflect.NativeMethodAccessorImpl.invoke0(Native Method)
	at sun.reflect.NativeMethodAccessorImpl.invoke(NativeMethodAccessorImpl.java:57)
	at sun.reflect.DelegatingMethodAccessorImpl.invoke(DelegatingMethodAccessorImpl.java:43)
	at java.lang.reflect.Method.invoke(Method.java:606)
	at junit.framework.TestCase.runTest(TestCase.java:168)
	at junit.framework.TestCase.runBare(TestCase.java:134)
	at junit.framework.TestResult$1.protect(TestResult.java:110)
	at junit.framework.TestResult.runProtected(TestResult.java:128)
	at junit.framework.TestResult.run(TestResult.java:113)
	at junit.framework.TestCase.run(TestCase.java:124)
	at junit.framework.TestSuite.runTest(TestSuite.java:243)
	at junit.framework.TestSuite.run(TestSuite.java:238)
	at junit.framework.TestSuite.runTest(TestSuite.java:243)
	at junit.framework.TestSuite.run(TestSuite.java:238)
	at junit.textui.TestRunner.doRun(TestRunner.java:116)
	at RandoopTest.main(RandoopTest.java:8)

Dec 10, 2017 11:46:41 PM RandoopTest0 test14
WARNING: "IOP00710330: (INTERNAL) ThreadGroup 10 could not be destroyed"
org.omg.CORBA.INTERNAL:   vmcid: SUN  minor code: 330  completed: No
	at com.sun.corba.se.impl.logging.ORBUtilSystemException.threadGroupDestroyFailed(ORBUtilSystemException.java:6659)
	at com.sun.corba.se.impl.logging.ORBUtilSystemException.threadGroupDestroyFailed(ORBUtilSystemException.java:6682)
	at RandoopTest0.test14(RandoopTest0.java:702)
	at sun.reflect.NativeMethodAccessorImpl.invoke0(Native Method)
	at sun.reflect.NativeMethodAccessorImpl.invoke(NativeMethodAccessorImpl.java:57)
	at sun.reflect.DelegatingMethodAccessorImpl.invoke(DelegatingMethodAccessorImpl.java:43)
	at java.lang.reflect.Method.invoke(Method.java:606)
	at junit.framework.TestCase.runTest(TestCase.java:168)
	at junit.framework.TestCase.runBare(TestCase.java:134)
	at junit.framework.TestResult$1.protect(TestResult.java:110)
	at junit.framework.TestResult.runProtected(TestResult.java:128)
	at junit.framework.TestResult.run(TestResult.java:113)
	at junit.framework.TestCase.run(TestCase.java:124)
	at junit.framework.TestSuite.runTest(TestSuite.java:243)
	at junit.framework.TestSuite.run(TestSuite.java:238)
	at junit.framework.TestSuite.runTest(TestSuite.java:243)
	at junit.framework.TestSuite.run(TestSuite.java:238)
	at junit.textui.TestRunner.doRun(TestRunner.java:116)
	at RandoopTest.main(RandoopTest.java:8)

Dec 10, 2017 11:46:41 PM RandoopTest0 test14
WARNING: "IOP02510201: (OBJECT_NOT_EXIST) Locate response indicated that the object was unknown"
org.omg.CORBA.OBJECT_NOT_EXIST:   vmcid: SUN  minor code: 201  completed: No
	at com.sun.corba.se.impl.logging.ORBUtilSystemException.locateUnknownObject(ORBUtilSystemException.java:8609)
	at com.sun.corba.se.impl.logging.ORBUtilSystemException.locateUnknownObject(ORBUtilSystemException.java:8631)
	at RandoopTest0.test14(RandoopTest0.java:703)
	at sun.reflect.NativeMethodAccessorImpl.invoke0(Native Method)
	at sun.reflect.NativeMethodAccessorImpl.invoke(NativeMethodAccessorImpl.java:57)
	at sun.reflect.DelegatingMethodAccessorImpl.invoke(DelegatingMethodAccessorImpl.java:43)
	at java.lang.reflect.Method.invoke(Method.java:606)
	at junit.framework.TestCase.runTest(TestCase.java:168)
	at junit.framework.TestCase.runBare(TestCase.java:134)
	at junit.framework.TestResult$1.protect(TestResult.java:110)
	at junit.framework.TestResult.runProtected(TestResult.java:128)
	at junit.framework.TestResult.run(TestResult.java:113)
	at junit.framework.TestCase.run(TestCase.java:124)
	at junit.framework.TestSuite.runTest(TestSuite.java:243)
	at junit.framework.TestSuite.run(TestSuite.java:238)
	at junit.framework.TestSuite.runTest(TestSuite.java:243)
	at junit.framework.TestSuite.run(TestSuite.java:238)
	at junit.textui.TestRunner.doRun(TestRunner.java:116)
	at RandoopTest.main(RandoopTest.java:8)

Dec 10, 2017 11:46:41 PM RandoopTest0 test14
WARNING: "IOP00810233: (MARSHAL) A bad digit was found while marshalling an IDL fixed type"
org.omg.CORBA.MARSHAL:   vmcid: SUN  minor code: 233  completed: No
	at com.sun.corba.se.impl.logging.ORBUtilSystemException.badDigitInFixed(ORBUtilSystemException.java:7603)
	at com.sun.corba.se.impl.logging.ORBUtilSystemException.badDigitInFixed(ORBUtilSystemException.java:7625)
	at RandoopTest0.test14(RandoopTest0.java:705)
	at sun.reflect.NativeMethodAccessorImpl.invoke0(Native Method)
	at sun.reflect.NativeMethodAccessorImpl.invoke(NativeMethodAccessorImpl.java:57)
	at sun.reflect.DelegatingMethodAccessorImpl.invoke(DelegatingMethodAccessorImpl.java:43)
	at java.lang.reflect.Method.invoke(Method.java:606)
	at junit.framework.TestCase.runTest(TestCase.java:168)
	at junit.framework.TestCase.runBare(TestCase.java:134)
	at junit.framework.TestResult$1.protect(TestResult.java:110)
	at junit.framework.TestResult.runProtected(TestResult.java:128)
	at junit.framework.TestResult.run(TestResult.java:113)
	at junit.framework.TestCase.run(TestCase.java:124)
	at junit.framework.TestSuite.runTest(TestSuite.java:243)
	at junit.framework.TestSuite.run(TestSuite.java:238)
	at junit.framework.TestSuite.runTest(TestSuite.java:243)
	at junit.framework.TestSuite.run(TestSuite.java:238)
	at junit.textui.TestRunner.doRun(TestRunner.java:116)
	at RandoopTest.main(RandoopTest.java:8)

Dec 10, 2017 11:46:41 PM RandoopTest0 test14
WARNING: "IOP00110226: (BAD_PARAM) Invalid request partitioning id 100, valid values are  - -1"
org.omg.CORBA.BAD_PARAM:   vmcid: SUN  minor code: 226  completed: No
	at com.sun.corba.se.impl.logging.ORBUtilSystemException.invalidRequestPartitioningId(ORBUtilSystemException.java:1848)
	at com.sun.corba.se.impl.logging.ORBUtilSystemException.invalidRequestPartitioningId(ORBUtilSystemException.java:1869)
	at RandoopTest0.test14(RandoopTest0.java:709)
	at sun.reflect.NativeMethodAccessorImpl.invoke0(Native Method)
	at sun.reflect.NativeMethodAccessorImpl.invoke(NativeMethodAccessorImpl.java:57)
	at sun.reflect.DelegatingMethodAccessorImpl.invoke(DelegatingMethodAccessorImpl.java:43)
	at java.lang.reflect.Method.invoke(Method.java:606)
	at junit.framework.TestCase.runTest(TestCase.java:168)
	at junit.framework.TestCase.runBare(TestCase.java:134)
	at junit.framework.TestResult$1.protect(TestResult.java:110)
	at junit.framework.TestResult.runProtected(TestResult.java:128)
	at junit.framework.TestResult.run(TestResult.java:113)
	at junit.framework.TestCase.run(TestCase.java:124)
	at junit.framework.TestSuite.runTest(TestSuite.java:243)
	at junit.framework.TestSuite.run(TestSuite.java:238)
	at junit.framework.TestSuite.runTest(TestSuite.java:243)
	at junit.framework.TestSuite.run(TestSuite.java:238)
	at junit.textui.TestRunner.doRun(TestRunner.java:116)
	at RandoopTest.main(RandoopTest.java:8)
Caused by: java.lang.Throwable: 
	at RandoopTest0.test14(RandoopTest0.java:707)
	... 16 more

Dec 10, 2017 11:46:41 PM RandoopTest0 test14
WARNING: "IOP00710274: (INTERNAL) BootstrapResolver caught an unexpected ApplicationException"
org.omg.CORBA.INTERNAL:   vmcid: SUN  minor code: 274  completed: No
	at com.sun.corba.se.impl.logging.ORBUtilSystemException.bootstrapApplicationException(ORBUtilSystemException.java:5617)
	at com.sun.corba.se.impl.logging.ORBUtilSystemException.bootstrapApplicationException(ORBUtilSystemException.java:5639)
	at RandoopTest0.test14(RandoopTest0.java:710)
	at sun.reflect.NativeMethodAccessorImpl.invoke0(Native Method)
	at sun.reflect.NativeMethodAccessorImpl.invoke(NativeMethodAccessorImpl.java:57)
	at sun.reflect.DelegatingMethodAccessorImpl.invoke(DelegatingMethodAccessorImpl.java:43)
	at java.lang.reflect.Method.invoke(Method.java:606)
	at junit.framework.TestCase.runTest(TestCase.java:168)
	at junit.framework.TestCase.runBare(TestCase.java:134)
	at junit.framework.TestResult$1.protect(TestResult.java:110)
	at junit.framework.TestResult.runProtected(TestResult.java:128)
	at junit.framework.TestResult.run(TestResult.java:113)
	at junit.framework.TestCase.run(TestCase.java:124)
	at junit.framework.TestSuite.runTest(TestSuite.java:243)
	at junit.framework.TestSuite.run(TestSuite.java:238)
	at junit.framework.TestSuite.runTest(TestSuite.java:243)
	at junit.framework.TestSuite.run(TestSuite.java:238)
	at junit.textui.TestRunner.doRun(TestRunner.java:116)
	at RandoopTest.main(RandoopTest.java:8)

Dec 10, 2017 11:46:41 PM RandoopTest0 test14
WARNING: "IOP00710218: (INTERNAL) multiple IIOP profiles not supported"
org.omg.CORBA.INTERNAL:   vmcid: SUN  minor code: 218  completed: No
	at com.sun.corba.se.impl.logging.ORBUtilSystemException.multIiopProfNotSupported(ORBUtilSystemException.java:4123)
	at com.sun.corba.se.impl.logging.ORBUtilSystemException.multIiopProfNotSupported(ORBUtilSystemException.java:4141)
	at RandoopTest0.test14(RandoopTest0.java:711)
	at sun.reflect.NativeMethodAccessorImpl.invoke0(Native Method)
	at sun.reflect.NativeMethodAccessorImpl.invoke(NativeMethodAccessorImpl.java:57)
	at sun.reflect.DelegatingMethodAccessorImpl.invoke(DelegatingMethodAccessorImpl.java:43)
	at java.lang.reflect.Method.invoke(Method.java:606)
	at junit.framework.TestCase.runTest(TestCase.java:168)
	at junit.framework.TestCase.runBare(TestCase.java:134)
	at junit.framework.TestResult$1.protect(TestResult.java:110)
	at junit.framework.TestResult.runProtected(TestResult.java:128)
	at junit.framework.TestResult.run(TestResult.java:113)
	at junit.framework.TestCase.run(TestCase.java:124)
	at junit.framework.TestSuite.runTest(TestSuite.java:243)
	at junit.framework.TestSuite.run(TestSuite.java:238)
	at junit.framework.TestSuite.runTest(TestSuite.java:243)
	at junit.framework.TestSuite.run(TestSuite.java:238)
	at junit.textui.TestRunner.doRun(TestRunner.java:116)
	at RandoopTest.main(RandoopTest.java:8)
Caused by: org.omg.CORBA.INTERNAL:   vmcid: SUN  minor code: 274  completed: No
	at com.sun.corba.se.impl.logging.ORBUtilSystemException.bootstrapApplicationException(ORBUtilSystemException.java:5617)
	at com.sun.corba.se.impl.logging.ORBUtilSystemException.bootstrapApplicationException(ORBUtilSystemException.java:5639)
	at RandoopTest0.test14(RandoopTest0.java:710)
	... 16 more

Dec 10, 2017 11:46:41 PM RandoopTest0 test14
WARNING: "IOP00710312: (INTERNAL) Worker thread java.lang.Throwable:  caught unexpected throwable -1."
org.omg.CORBA.INTERNAL:   vmcid: SUN  minor code: 312  completed: No
	at com.sun.corba.se.impl.logging.ORBUtilSystemException.workerThreadCaughtUnexpectedThrowable(ORBUtilSystemException.java:6422)
	at com.sun.corba.se.impl.logging.ORBUtilSystemException.workerThreadCaughtUnexpectedThrowable(ORBUtilSystemException.java:6442)
	at RandoopTest0.test14(RandoopTest0.java:714)
	at sun.reflect.NativeMethodAccessorImpl.invoke0(Native Method)
	at sun.reflect.NativeMethodAccessorImpl.invoke(NativeMethodAccessorImpl.java:57)
	at sun.reflect.DelegatingMethodAccessorImpl.invoke(DelegatingMethodAccessorImpl.java:43)
	at java.lang.reflect.Method.invoke(Method.java:606)
	at junit.framework.TestCase.runTest(TestCase.java:168)
	at junit.framework.TestCase.runBare(TestCase.java:134)
	at junit.framework.TestResult$1.protect(TestResult.java:110)
	at junit.framework.TestResult.runProtected(TestResult.java:128)
	at junit.framework.TestResult.run(TestResult.java:113)
	at junit.framework.TestCase.run(TestCase.java:124)
	at junit.framework.TestSuite.runTest(TestSuite.java:243)
	at junit.framework.TestSuite.run(TestSuite.java:238)
	at junit.framework.TestSuite.runTest(TestSuite.java:243)
	at junit.framework.TestSuite.run(TestSuite.java:238)
	at junit.textui.TestRunner.doRun(TestRunner.java:116)
	at RandoopTest.main(RandoopTest.java:8)
Caused by: org.omg.CORBA.INTERNAL:   vmcid: SUN  minor code: 274  completed: No
	at com.sun.corba.se.impl.logging.ORBUtilSystemException.bootstrapApplicationException(ORBUtilSystemException.java:5617)
	at com.sun.corba.se.impl.logging.ORBUtilSystemException.bootstrapApplicationException(ORBUtilSystemException.java:5639)
	at RandoopTest0.test14(RandoopTest0.java:710)
	... 16 more

Dec 10, 2017 11:46:41 PM RandoopTest0 test13
WARNING: "IOP00710330: (INTERNAL) ThreadGroup 10 could not be destroyed"
org.omg.CORBA.INTERNAL:   vmcid: SUN  minor code: 330  completed: No
	at com.sun.corba.se.impl.logging.ORBUtilSystemException.threadGroupDestroyFailed(ORBUtilSystemException.java:6659)
	at com.sun.corba.se.impl.logging.ORBUtilSystemException.threadGroupDestroyFailed(ORBUtilSystemException.java:6682)
	at RandoopTest0.test13(RandoopTest0.java:600)
	at sun.reflect.NativeMethodAccessorImpl.invoke0(Native Method)
	at sun.reflect.NativeMethodAccessorImpl.invoke(NativeMethodAccessorImpl.java:57)
	at sun.reflect.DelegatingMethodAccessorImpl.invoke(DelegatingMethodAccessorImpl.java:43)
	at java.lang.reflect.Method.invoke(Method.java:606)
	at junit.framework.TestCase.runTest(TestCase.java:168)
	at junit.framework.TestCase.runBare(TestCase.java:134)
	at junit.framework.TestResult$1.protect(TestResult.java:110)
	at junit.framework.TestResult.runProtected(TestResult.java:128)
	at junit.framework.TestResult.run(TestResult.java:113)
	at junit.framework.TestCase.run(TestCase.java:124)
	at junit.framework.TestSuite.runTest(TestSuite.java:243)
	at junit.framework.TestSuite.run(TestSuite.java:238)
	at junit.framework.TestSuite.runTest(TestSuite.java:243)
	at junit.framework.TestSuite.run(TestSuite.java:238)
	at junit.textui.TestRunner.doRun(TestRunner.java:116)
	at RandoopTest.main(RandoopTest.java:8)

Dec 10, 2017 11:46:41 PM RandoopTest0 test13
WARNING: "IOP02510201: (OBJECT_NOT_EXIST) Locate response indicated that the object was unknown"
org.omg.CORBA.OBJECT_NOT_EXIST:   vmcid: SUN  minor code: 201  completed: No
	at com.sun.corba.se.impl.logging.ORBUtilSystemException.locateUnknownObject(ORBUtilSystemException.java:8609)
	at com.sun.corba.se.impl.logging.ORBUtilSystemException.locateUnknownObject(ORBUtilSystemException.java:8631)
	at RandoopTest0.test13(RandoopTest0.java:601)
	at sun.reflect.NativeMethodAccessorImpl.invoke0(Native Method)
	at sun.reflect.NativeMethodAccessorImpl.invoke(NativeMethodAccessorImpl.java:57)
	at sun.reflect.DelegatingMethodAccessorImpl.invoke(DelegatingMethodAccessorImpl.java:43)
	at java.lang.reflect.Method.invoke(Method.java:606)
	at junit.framework.TestCase.runTest(TestCase.java:168)
	at junit.framework.TestCase.runBare(TestCase.java:134)
	at junit.framework.TestResult$1.protect(TestResult.java:110)
	at junit.framework.TestResult.runProtected(TestResult.java:128)
	at junit.framework.TestResult.run(TestResult.java:113)
	at junit.framework.TestCase.run(TestCase.java:124)
	at junit.framework.TestSuite.runTest(TestSuite.java:243)
	at junit.framework.TestSuite.run(TestSuite.java:238)
	at junit.framework.TestSuite.runTest(TestSuite.java:243)
	at junit.framework.TestSuite.run(TestSuite.java:238)
	at junit.textui.TestRunner.doRun(TestRunner.java:116)
	at RandoopTest.main(RandoopTest.java:8)

Dec 10, 2017 11:46:41 PM RandoopTest0 test13
WARNING: "IOP00810233: (MARSHAL) A bad digit was found while marshalling an IDL fixed type"
org.omg.CORBA.MARSHAL:   vmcid: SUN  minor code: 233  completed: No
	at com.sun.corba.se.impl.logging.ORBUtilSystemException.badDigitInFixed(ORBUtilSystemException.java:7603)
	at com.sun.corba.se.impl.logging.ORBUtilSystemException.badDigitInFixed(ORBUtilSystemException.java:7625)
	at RandoopTest0.test13(RandoopTest0.java:603)
	at sun.reflect.NativeMethodAccessorImpl.invoke0(Native Method)
	at sun.reflect.NativeMethodAccessorImpl.invoke(NativeMethodAccessorImpl.java:57)
	at sun.reflect.DelegatingMethodAccessorImpl.invoke(DelegatingMethodAccessorImpl.java:43)
	at java.lang.reflect.Method.invoke(Method.java:606)
	at junit.framework.TestCase.runTest(TestCase.java:168)
	at junit.framework.TestCase.runBare(TestCase.java:134)
	at junit.framework.TestResult$1.protect(TestResult.java:110)
	at junit.framework.TestResult.runProtected(TestResult.java:128)
	at junit.framework.TestResult.run(TestResult.java:113)
	at junit.framework.TestCase.run(TestCase.java:124)
	at junit.framework.TestSuite.runTest(TestSuite.java:243)
	at junit.framework.TestSuite.run(TestSuite.java:238)
	at junit.framework.TestSuite.runTest(TestSuite.java:243)
	at junit.framework.TestSuite.run(TestSuite.java:238)
	at junit.textui.TestRunner.doRun(TestRunner.java:116)
	at RandoopTest.main(RandoopTest.java:8)

Dec 10, 2017 11:46:41 PM RandoopTest0 test13
WARNING: "IOP00110226: (BAD_PARAM) Invalid request partitioning id 100, valid values are  - -1"
org.omg.CORBA.BAD_PARAM:   vmcid: SUN  minor code: 226  completed: No
	at com.sun.corba.se.impl.logging.ORBUtilSystemException.invalidRequestPartitioningId(ORBUtilSystemException.java:1848)
	at com.sun.corba.se.impl.logging.ORBUtilSystemException.invalidRequestPartitioningId(ORBUtilSystemException.java:1869)
	at RandoopTest0.test13(RandoopTest0.java:607)
	at sun.reflect.NativeMethodAccessorImpl.invoke0(Native Method)
	at sun.reflect.NativeMethodAccessorImpl.invoke(NativeMethodAccessorImpl.java:57)
	at sun.reflect.DelegatingMethodAccessorImpl.invoke(DelegatingMethodAccessorImpl.java:43)
	at java.lang.reflect.Method.invoke(Method.java:606)
	at junit.framework.TestCase.runTest(TestCase.java:168)
	at junit.framework.TestCase.runBare(TestCase.java:134)
	at junit.framework.TestResult$1.protect(TestResult.java:110)
	at junit.framework.TestResult.runProtected(TestResult.java:128)
	at junit.framework.TestResult.run(TestResult.java:113)
	at junit.framework.TestCase.run(TestCase.java:124)
	at junit.framework.TestSuite.runTest(TestSuite.java:243)
	at junit.framework.TestSuite.run(TestSuite.java:238)
	at junit.framework.TestSuite.runTest(TestSuite.java:243)
	at junit.framework.TestSuite.run(TestSuite.java:238)
	at junit.textui.TestRunner.doRun(TestRunner.java:116)
	at RandoopTest.main(RandoopTest.java:8)
Caused by: java.lang.Throwable: 
	at RandoopTest0.test13(RandoopTest0.java:605)
	... 16 more

Dec 10, 2017 11:46:41 PM RandoopTest0 test13
WARNING: "IOP00710274: (INTERNAL) BootstrapResolver caught an unexpected ApplicationException"
org.omg.CORBA.INTERNAL:   vmcid: SUN  minor code: 274  completed: No
	at com.sun.corba.se.impl.logging.ORBUtilSystemException.bootstrapApplicationException(ORBUtilSystemException.java:5617)
	at com.sun.corba.se.impl.logging.ORBUtilSystemException.bootstrapApplicationException(ORBUtilSystemException.java:5639)
	at RandoopTest0.test13(RandoopTest0.java:608)
	at sun.reflect.NativeMethodAccessorImpl.invoke0(Native Method)
	at sun.reflect.NativeMethodAccessorImpl.invoke(NativeMethodAccessorImpl.java:57)
	at sun.reflect.DelegatingMethodAccessorImpl.invoke(DelegatingMethodAccessorImpl.java:43)
	at java.lang.reflect.Method.invoke(Method.java:606)
	at junit.framework.TestCase.runTest(TestCase.java:168)
	at junit.framework.TestCase.runBare(TestCase.java:134)
	at junit.framework.TestResult$1.protect(TestResult.java:110)
	at junit.framework.TestResult.runProtected(TestResult.java:128)
	at junit.framework.TestResult.run(TestResult.java:113)
	at junit.framework.TestCase.run(TestCase.java:124)
	at junit.framework.TestSuite.runTest(TestSuite.java:243)
	at junit.framework.TestSuite.run(TestSuite.java:238)
	at junit.framework.TestSuite.runTest(TestSuite.java:243)
	at junit.framework.TestSuite.run(TestSuite.java:238)
	at junit.textui.TestRunner.doRun(TestRunner.java:116)
	at RandoopTest.main(RandoopTest.java:8)

Dec 10, 2017 11:46:41 PM RandoopTest0 test13
WARNING: "IOP00710218: (INTERNAL) multiple IIOP profiles not supported"
org.omg.CORBA.INTERNAL:   vmcid: SUN  minor code: 218  completed: No
	at com.sun.corba.se.impl.logging.ORBUtilSystemException.multIiopProfNotSupported(ORBUtilSystemException.java:4123)
	at com.sun.corba.se.impl.logging.ORBUtilSystemException.multIiopProfNotSupported(ORBUtilSystemException.java:4141)
	at RandoopTest0.test13(RandoopTest0.java:609)
	at sun.reflect.NativeMethodAccessorImpl.invoke0(Native Method)
	at sun.reflect.NativeMethodAccessorImpl.invoke(NativeMethodAccessorImpl.java:57)
	at sun.reflect.DelegatingMethodAccessorImpl.invoke(DelegatingMethodAccessorImpl.java:43)
	at java.lang.reflect.Method.invoke(Method.java:606)
	at junit.framework.TestCase.runTest(TestCase.java:168)
	at junit.framework.TestCase.runBare(TestCase.java:134)
	at junit.framework.TestResult$1.protect(TestResult.java:110)
	at junit.framework.TestResult.runProtected(TestResult.java:128)
	at junit.framework.TestResult.run(TestResult.java:113)
	at junit.framework.TestCase.run(TestCase.java:124)
	at junit.framework.TestSuite.runTest(TestSuite.java:243)
	at junit.framework.TestSuite.run(TestSuite.java:238)
	at junit.framework.TestSuite.runTest(TestSuite.java:243)
	at junit.framework.TestSuite.run(TestSuite.java:238)
	at junit.textui.TestRunner.doRun(TestRunner.java:116)
	at RandoopTest.main(RandoopTest.java:8)
Caused by: org.omg.CORBA.INTERNAL:   vmcid: SUN  minor code: 274  completed: No
	at com.sun.corba.se.impl.logging.ORBUtilSystemException.bootstrapApplicationException(ORBUtilSystemException.java:5617)
	at com.sun.corba.se.impl.logging.ORBUtilSystemException.bootstrapApplicationException(ORBUtilSystemException.java:5639)
	at RandoopTest0.test13(RandoopTest0.java:608)
	... 16 more

Dec 10, 2017 11:46:41 PM RandoopTest0 test13
WARNING: "IOP00710312: (INTERNAL) Worker thread java.lang.Throwable:  caught unexpected throwable -1."
org.omg.CORBA.INTERNAL:   vmcid: SUN  minor code: 312  completed: No
	at com.sun.corba.se.impl.logging.ORBUtilSystemException.workerThreadCaughtUnexpectedThrowable(ORBUtilSystemException.java:6422)
	at com.sun.corba.se.impl.logging.ORBUtilSystemException.workerThreadCaughtUnexpectedThrowable(ORBUtilSystemException.java:6442)
	at RandoopTest0.test13(RandoopTest0.java:612)
	at sun.reflect.NativeMethodAccessorImpl.invoke0(Native Method)
	at sun.reflect.NativeMethodAccessorImpl.invoke(NativeMethodAccessorImpl.java:57)
	at sun.reflect.DelegatingMethodAccessorImpl.invoke(DelegatingMethodAccessorImpl.java:43)
	at java.lang.reflect.Method.invoke(Method.java:606)
	at junit.framework.TestCase.runTest(TestCase.java:168)
	at junit.framework.TestCase.runBare(TestCase.java:134)
	at junit.framework.TestResult$1.protect(TestResult.java:110)
	at junit.framework.TestResult.runProtected(TestResult.java:128)
	at junit.framework.TestResult.run(TestResult.java:113)
	at junit.framework.TestCase.run(TestCase.java:124)
	at junit.framework.TestSuite.runTest(TestSuite.java:243)
	at junit.framework.TestSuite.run(TestSuite.java:238)
	at junit.framework.TestSuite.runTest(TestSuite.java:243)
	at junit.framework.TestSuite.run(TestSuite.java:238)
	at junit.textui.TestRunner.doRun(TestRunner.java:116)
	at RandoopTest.main(RandoopTest.java:8)
Caused by: org.omg.CORBA.INTERNAL:   vmcid: SUN  minor code: 274  completed: No
	at com.sun.corba.se.impl.logging.ORBUtilSystemException.bootstrapApplicationException(ORBUtilSystemException.java:5617)
	at com.sun.corba.se.impl.logging.ORBUtilSystemException.bootstrapApplicationException(ORBUtilSystemException.java:5639)
	at RandoopTest0.test13(RandoopTest0.java:608)
	... 16 more

Dec 10, 2017 11:46:41 PM RandoopTest0 test13
WARNING: "IOP00710330: (INTERNAL) ThreadGroup 10 could not be destroyed"
org.omg.CORBA.INTERNAL:   vmcid: SUN  minor code: 330  completed: No
	at com.sun.corba.se.impl.logging.ORBUtilSystemException.threadGroupDestroyFailed(ORBUtilSystemException.java:6659)
	at com.sun.corba.se.impl.logging.ORBUtilSystemException.threadGroupDestroyFailed(ORBUtilSystemException.java:6682)
	at RandoopTest0.test13(RandoopTest0.java:614)
	at sun.reflect.NativeMethodAccessorImpl.invoke0(Native Method)
	at sun.reflect.NativeMethodAccessorImpl.invoke(NativeMethodAccessorImpl.java:57)
	at sun.reflect.DelegatingMethodAccessorImpl.invoke(DelegatingMethodAccessorImpl.java:43)
	at java.lang.reflect.Method.invoke(Method.java:606)
	at junit.framework.TestCase.runTest(TestCase.java:168)
	at junit.framework.TestCase.runBare(TestCase.java:134)
	at junit.framework.TestResult$1.protect(TestResult.java:110)
	at junit.framework.TestResult.runProtected(TestResult.java:128)
	at junit.framework.TestResult.run(TestResult.java:113)
	at junit.framework.TestCase.run(TestCase.java:124)
	at junit.framework.TestSuite.runTest(TestSuite.java:243)
	at junit.framework.TestSuite.run(TestSuite.java:238)
	at junit.framework.TestSuite.runTest(TestSuite.java:243)
	at junit.framework.TestSuite.run(TestSuite.java:238)
	at junit.textui.TestRunner.doRun(TestRunner.java:116)
	at RandoopTest.main(RandoopTest.java:8)

Dec 10, 2017 11:46:41 PM RandoopTest0 test13
WARNING: "IOP00810230: (MARSHAL) Bad valuetag 100 found while reading repository IDs"
org.omg.CORBA.MARSHAL:   vmcid: SUN  minor code: 230  completed: No
	at com.sun.corba.se.impl.logging.ORBUtilSystemException.badValueTag(ORBUtilSystemException.java:7518)
	at com.sun.corba.se.impl.logging.ORBUtilSystemException.badValueTag(ORBUtilSystemException.java:7541)
	at RandoopTest0.test13(RandoopTest0.java:616)
	at sun.reflect.NativeMethodAccessorImpl.invoke0(Native Method)
	at sun.reflect.NativeMethodAccessorImpl.invoke(NativeMethodAccessorImpl.java:57)
	at sun.reflect.DelegatingMethodAccessorImpl.invoke(DelegatingMethodAccessorImpl.java:43)
	at java.lang.reflect.Method.invoke(Method.java:606)
	at junit.framework.TestCase.runTest(TestCase.java:168)
	at junit.framework.TestCase.runBare(TestCase.java:134)
	at junit.framework.TestResult$1.protect(TestResult.java:110)
	at junit.framework.TestResult.runProtected(TestResult.java:128)
	at junit.framework.TestResult.run(TestResult.java:113)
	at junit.framework.TestCase.run(TestCase.java:124)
	at junit.framework.TestSuite.runTest(TestSuite.java:243)
	at junit.framework.TestSuite.run(TestSuite.java:238)
	at junit.framework.TestSuite.runTest(TestSuite.java:243)
	at junit.framework.TestSuite.run(TestSuite.java:238)
	at junit.textui.TestRunner.doRun(TestRunner.java:116)
	at RandoopTest.main(RandoopTest.java:8)

Dec 10, 2017 11:46:41 PM RandoopTest0 test13
WARNING: "IOP00710330: (INTERNAL) ThreadGroup 10 could not be destroyed"
org.omg.CORBA.INTERNAL:   vmcid: SUN  minor code: 330  completed: No
	at com.sun.corba.se.impl.logging.ORBUtilSystemException.threadGroupDestroyFailed(ORBUtilSystemException.java:6659)
	at com.sun.corba.se.impl.logging.ORBUtilSystemException.threadGroupDestroyFailed(ORBUtilSystemException.java:6682)
	at RandoopTest0.test13(RandoopTest0.java:618)
	at sun.reflect.NativeMethodAccessorImpl.invoke0(Native Method)
	at sun.reflect.NativeMethodAccessorImpl.invoke(NativeMethodAccessorImpl.java:57)
	at sun.reflect.DelegatingMethodAccessorImpl.invoke(DelegatingMethodAccessorImpl.java:43)
	at java.lang.reflect.Method.invoke(Method.java:606)
	at junit.framework.TestCase.runTest(TestCase.java:168)
	at junit.framework.TestCase.runBare(TestCase.java:134)
	at junit.framework.TestResult$1.protect(TestResult.java:110)
	at junit.framework.TestResult.runProtected(TestResult.java:128)
	at junit.framework.TestResult.run(TestResult.java:113)
	at junit.framework.TestCase.run(TestCase.java:124)
	at junit.framework.TestSuite.runTest(TestSuite.java:243)
	at junit.framework.TestSuite.run(TestSuite.java:238)
	at junit.framework.TestSuite.runTest(TestSuite.java:243)
	at junit.framework.TestSuite.run(TestSuite.java:238)
	at junit.textui.TestRunner.doRun(TestRunner.java:116)
	at RandoopTest.main(RandoopTest.java:8)

Dec 10, 2017 11:46:41 PM RandoopTest0 test13
WARNING: "IOP00710272: (INTERNAL) Invalid BTC converter 10"
org.omg.CORBA.INTERNAL:   vmcid: SUN  minor code: 272  completed: No
	at com.sun.corba.se.impl.logging.ORBUtilSystemException.invalidBtcConverterName(ORBUtilSystemException.java:5560)
	at com.sun.corba.se.impl.logging.ORBUtilSystemException.invalidBtcConverterName(ORBUtilSystemException.java:5579)
	at RandoopTest0.test13(RandoopTest0.java:619)
	at sun.reflect.NativeMethodAccessorImpl.invoke0(Native Method)
	at sun.reflect.NativeMethodAccessorImpl.invoke(NativeMethodAccessorImpl.java:57)
	at sun.reflect.DelegatingMethodAccessorImpl.invoke(DelegatingMethodAccessorImpl.java:43)
	at java.lang.reflect.Method.invoke(Method.java:606)
	at junit.framework.TestCase.runTest(TestCase.java:168)
	at junit.framework.TestCase.runBare(TestCase.java:134)
	at junit.framework.TestResult$1.protect(TestResult.java:110)
	at junit.framework.TestResult.runProtected(TestResult.java:128)
	at junit.framework.TestResult.run(TestResult.java:113)
	at junit.framework.TestCase.run(TestCase.java:124)
	at junit.framework.TestSuite.runTest(TestSuite.java:243)
	at junit.framework.TestSuite.run(TestSuite.java:238)
	at junit.framework.TestSuite.runTest(TestSuite.java:243)
	at junit.framework.TestSuite.run(TestSuite.java:238)
	at junit.textui.TestRunner.doRun(TestRunner.java:116)
	at RandoopTest.main(RandoopTest.java:8)
Caused by: org.omg.CORBA.MARSHAL:   vmcid: SUN  minor code: 230  completed: No
	at com.sun.corba.se.impl.logging.ORBUtilSystemException.badValueTag(ORBUtilSystemException.java:7518)
	at com.sun.corba.se.impl.logging.ORBUtilSystemException.badValueTag(ORBUtilSystemException.java:7541)
	at RandoopTest0.test13(RandoopTest0.java:616)
	... 16 more

Dec 10, 2017 11:46:41 PM RandoopTest0 test12
WARNING: "IOP00110226: (BAD_PARAM) Invalid request partitioning id 100, valid values are  - -1"
org.omg.CORBA.BAD_PARAM:   vmcid: SUN  minor code: 226  completed: No
	at com.sun.corba.se.impl.logging.ORBUtilSystemException.invalidRequestPartitioningId(ORBUtilSystemException.java:1848)
	at com.sun.corba.se.impl.logging.ORBUtilSystemException.invalidRequestPartitioningId(ORBUtilSystemException.java:1869)
	at RandoopTest0.test12(RandoopTest0.java:561)
	at sun.reflect.NativeMethodAccessorImpl.invoke0(Native Method)
	at sun.reflect.NativeMethodAccessorImpl.invoke(NativeMethodAccessorImpl.java:57)
	at sun.reflect.DelegatingMethodAccessorImpl.invoke(DelegatingMethodAccessorImpl.java:43)
	at java.lang.reflect.Method.invoke(Method.java:606)
	at junit.framework.TestCase.runTest(TestCase.java:168)
	at junit.framework.TestCase.runBare(TestCase.java:134)
	at junit.framework.TestResult$1.protect(TestResult.java:110)
	at junit.framework.TestResult.runProtected(TestResult.java:128)
	at junit.framework.TestResult.run(TestResult.java:113)
	at junit.framework.TestCase.run(TestCase.java:124)
	at junit.framework.TestSuite.runTest(TestSuite.java:243)
	at junit.framework.TestSuite.run(TestSuite.java:238)
	at junit.framework.TestSuite.runTest(TestSuite.java:243)
	at junit.framework.TestSuite.run(TestSuite.java:238)
	at junit.textui.TestRunner.doRun(TestRunner.java:116)
	at RandoopTest.main(RandoopTest.java:8)
Caused by: java.lang.Throwable: 
	at RandoopTest0.test12(RandoopTest0.java:559)
	... 16 more

Dec 10, 2017 11:46:41 PM RandoopTest0 test12
WARNING: "IOP00810206: (MARSHAL) grow() called on IIOPInputStream"
org.omg.CORBA.MARSHAL:   vmcid: SUN  minor code: 206  completed: No
	at com.sun.corba.se.impl.logging.ORBUtilSystemException.iiopinputstreamGrow(ORBUtilSystemException.java:6862)
	at com.sun.corba.se.impl.logging.ORBUtilSystemException.iiopinputstreamGrow(ORBUtilSystemException.java:6884)
	at RandoopTest0.test12(RandoopTest0.java:562)
	at sun.reflect.NativeMethodAccessorImpl.invoke0(Native Method)
	at sun.reflect.NativeMethodAccessorImpl.invoke(NativeMethodAccessorImpl.java:57)
	at sun.reflect.DelegatingMethodAccessorImpl.invoke(DelegatingMethodAccessorImpl.java:43)
	at java.lang.reflect.Method.invoke(Method.java:606)
	at junit.framework.TestCase.runTest(TestCase.java:168)
	at junit.framework.TestCase.runBare(TestCase.java:134)
	at junit.framework.TestResult$1.protect(TestResult.java:110)
	at junit.framework.TestResult.runProtected(TestResult.java:128)
	at junit.framework.TestResult.run(TestResult.java:113)
	at junit.framework.TestCase.run(TestCase.java:124)
	at junit.framework.TestSuite.runTest(TestSuite.java:243)
	at junit.framework.TestSuite.run(TestSuite.java:238)
	at junit.framework.TestSuite.runTest(TestSuite.java:243)
	at junit.framework.TestSuite.run(TestSuite.java:238)
	at junit.textui.TestRunner.doRun(TestRunner.java:116)
	at RandoopTest.main(RandoopTest.java:8)

Dec 10, 2017 11:46:41 PM RandoopTest0 test12
WARNING: "IOP00710224: (INTERNAL) Fragmentation not allowed for this message type"
org.omg.CORBA.INTERNAL:   vmcid: SUN  minor code: 224  completed: No
	at com.sun.corba.se.impl.logging.ORBUtilSystemException.fragmentationDisallowed(ORBUtilSystemException.java:4263)
	at com.sun.corba.se.impl.logging.ORBUtilSystemException.fragmentationDisallowed(ORBUtilSystemException.java:4285)
	at RandoopTest0.test12(RandoopTest0.java:563)
	at sun.reflect.NativeMethodAccessorImpl.invoke0(Native Method)
	at sun.reflect.NativeMethodAccessorImpl.invoke(NativeMethodAccessorImpl.java:57)
	at sun.reflect.DelegatingMethodAccessorImpl.invoke(DelegatingMethodAccessorImpl.java:43)
	at java.lang.reflect.Method.invoke(Method.java:606)
	at junit.framework.TestCase.runTest(TestCase.java:168)
	at junit.framework.TestCase.runBare(TestCase.java:134)
	at junit.framework.TestResult$1.protect(TestResult.java:110)
	at junit.framework.TestResult.runProtected(TestResult.java:128)
	at junit.framework.TestResult.run(TestResult.java:113)
	at junit.framework.TestCase.run(TestCase.java:124)
	at junit.framework.TestSuite.runTest(TestSuite.java:243)
	at junit.framework.TestSuite.run(TestSuite.java:238)
	at junit.framework.TestSuite.runTest(TestSuite.java:243)
	at junit.framework.TestSuite.run(TestSuite.java:238)
	at junit.textui.TestRunner.doRun(TestRunner.java:116)
	at RandoopTest.main(RandoopTest.java:8)

Dec 10, 2017 11:46:41 PM RandoopTest0 test12
WARNING: "IOP01210214: (BAD_OPERATION) Tried to insert Fixed type for non-Fixed typecode"
org.omg.CORBA.BAD_OPERATION:   vmcid: SUN  minor code: 214  completed: No
	at com.sun.corba.se.impl.logging.ORBUtilSystemException.fixedBadTypecode(ORBUtilSystemException.java:417)
	at com.sun.corba.se.impl.logging.ORBUtilSystemException.fixedBadTypecode(ORBUtilSystemException.java:439)
	at RandoopTest0.test12(RandoopTest0.java:564)
	at sun.reflect.NativeMethodAccessorImpl.invoke0(Native Method)
	at sun.reflect.NativeMethodAccessorImpl.invoke(NativeMethodAccessorImpl.java:57)
	at sun.reflect.DelegatingMethodAccessorImpl.invoke(DelegatingMethodAccessorImpl.java:43)
	at java.lang.reflect.Method.invoke(Method.java:606)
	at junit.framework.TestCase.runTest(TestCase.java:168)
	at junit.framework.TestCase.runBare(TestCase.java:134)
	at junit.framework.TestResult$1.protect(TestResult.java:110)
	at junit.framework.TestResult.runProtected(TestResult.java:128)
	at junit.framework.TestResult.run(TestResult.java:113)
	at junit.framework.TestCase.run(TestCase.java:124)
	at junit.framework.TestSuite.runTest(TestSuite.java:243)
	at junit.framework.TestSuite.run(TestSuite.java:238)
	at junit.framework.TestSuite.runTest(TestSuite.java:243)
	at junit.framework.TestSuite.run(TestSuite.java:238)
	at junit.textui.TestRunner.doRun(TestRunner.java:116)
	at RandoopTest.main(RandoopTest.java:8)

Dec 10, 2017 11:46:41 PM RandoopTest0 test12
WARNING: "IOP00810210: (MARSHAL) Error from readValue on ValueHandler in CDRInputStream"
org.omg.CORBA.MARSHAL:   vmcid: SUN  minor code: 210  completed: No
	at com.sun.corba.se.impl.logging.ORBUtilSystemException.valuehandlerReadError(ORBUtilSystemException.java:6976)
	at com.sun.corba.se.impl.logging.ORBUtilSystemException.valuehandlerReadError(ORBUtilSystemException.java:6998)
	at RandoopTest0.test12(RandoopTest0.java:565)
	at sun.reflect.NativeMethodAccessorImpl.invoke0(Native Method)
	at sun.reflect.NativeMethodAccessorImpl.invoke(NativeMethodAccessorImpl.java:57)
	at sun.reflect.DelegatingMethodAccessorImpl.invoke(DelegatingMethodAccessorImpl.java:43)
	at java.lang.reflect.Method.invoke(Method.java:606)
	at junit.framework.TestCase.runTest(TestCase.java:168)
	at junit.framework.TestCase.runBare(TestCase.java:134)
	at junit.framework.TestResult$1.protect(TestResult.java:110)
	at junit.framework.TestResult.runProtected(TestResult.java:128)
	at junit.framework.TestResult.run(TestResult.java:113)
	at junit.framework.TestCase.run(TestCase.java:124)
	at junit.framework.TestSuite.runTest(TestSuite.java:243)
	at junit.framework.TestSuite.run(TestSuite.java:238)
	at junit.framework.TestSuite.runTest(TestSuite.java:243)
	at junit.framework.TestSuite.run(TestSuite.java:238)
	at junit.textui.TestRunner.doRun(TestRunner.java:116)
	at RandoopTest.main(RandoopTest.java:8)

Dec 10, 2017 11:46:41 PM RandoopTest0 test12
WARNING: "IOP01210244: (BAD_OPERATION) Call to StubAdapter.request did not pass a stub"
org.omg.CORBA.BAD_OPERATION:   vmcid: SUN  minor code: 244  completed: No
	at com.sun.corba.se.impl.logging.ORBUtilSystemException.requestRequiresStub(ORBUtilSystemException.java:1039)
	at com.sun.corba.se.impl.logging.ORBUtilSystemException.requestRequiresStub(ORBUtilSystemException.java:1061)
	at RandoopTest0.test12(RandoopTest0.java:566)
	at sun.reflect.NativeMethodAccessorImpl.invoke0(Native Method)
	at sun.reflect.NativeMethodAccessorImpl.invoke(NativeMethodAccessorImpl.java:57)
	at sun.reflect.DelegatingMethodAccessorImpl.invoke(DelegatingMethodAccessorImpl.java:43)
	at java.lang.reflect.Method.invoke(Method.java:606)
	at junit.framework.TestCase.runTest(TestCase.java:168)
	at junit.framework.TestCase.runBare(TestCase.java:134)
	at junit.framework.TestResult$1.protect(TestResult.java:110)
	at junit.framework.TestResult.runProtected(TestResult.java:128)
	at junit.framework.TestResult.run(TestResult.java:113)
	at junit.framework.TestCase.run(TestCase.java:124)
	at junit.framework.TestSuite.runTest(TestSuite.java:243)
	at junit.framework.TestSuite.run(TestSuite.java:238)
	at junit.framework.TestSuite.runTest(TestSuite.java:243)
	at junit.framework.TestSuite.run(TestSuite.java:238)
	at junit.textui.TestRunner.doRun(TestRunner.java:116)
	at RandoopTest.main(RandoopTest.java:8)

Dec 10, 2017 11:46:41 PM RandoopTest0 test11
WARNING: "IOP00110226: (BAD_PARAM) Invalid request partitioning id 100, valid values are  - -1"
org.omg.CORBA.BAD_PARAM:   vmcid: SUN  minor code: 226  completed: No
	at com.sun.corba.se.impl.logging.ORBUtilSystemException.invalidRequestPartitioningId(ORBUtilSystemException.java:1848)
	at com.sun.corba.se.impl.logging.ORBUtilSystemException.invalidRequestPartitioningId(ORBUtilSystemException.java:1869)
	at RandoopTest0.test11(RandoopTest0.java:494)
	at sun.reflect.NativeMethodAccessorImpl.invoke0(Native Method)
	at sun.reflect.NativeMethodAccessorImpl.invoke(NativeMethodAccessorImpl.java:57)
	at sun.reflect.DelegatingMethodAccessorImpl.invoke(DelegatingMethodAccessorImpl.java:43)
	at java.lang.reflect.Method.invoke(Method.java:606)
	at junit.framework.TestCase.runTest(TestCase.java:168)
	at junit.framework.TestCase.runBare(TestCase.java:134)
	at junit.framework.TestResult$1.protect(TestResult.java:110)
	at junit.framework.TestResult.runProtected(TestResult.java:128)
	at junit.framework.TestResult.run(TestResult.java:113)
	at junit.framework.TestCase.run(TestCase.java:124)
	at junit.framework.TestSuite.runTest(TestSuite.java:243)
	at junit.framework.TestSuite.run(TestSuite.java:238)
	at junit.framework.TestSuite.runTest(TestSuite.java:243)
	at junit.framework.TestSuite.run(TestSuite.java:238)
	at junit.textui.TestRunner.doRun(TestRunner.java:116)
	at RandoopTest.main(RandoopTest.java:8)
Caused by: java.lang.Throwable: 
	at RandoopTest0.test11(RandoopTest0.java:492)
	... 16 more

Dec 10, 2017 11:46:41 PM RandoopTest0 test11
WARNING: "IOP01210241: (BAD_OPERATION) Call to StubAdapter.getORB did not pass a stub"
org.omg.CORBA.BAD_OPERATION:   vmcid: SUN  minor code: 241  completed: No
	at com.sun.corba.se.impl.logging.ORBUtilSystemException.getOrbRequiresStub(ORBUtilSystemException.java:955)
	at com.sun.corba.se.impl.logging.ORBUtilSystemException.getOrbRequiresStub(ORBUtilSystemException.java:977)
	at RandoopTest0.test11(RandoopTest0.java:495)
	at sun.reflect.NativeMethodAccessorImpl.invoke0(Native Method)
	at sun.reflect.NativeMethodAccessorImpl.invoke(NativeMethodAccessorImpl.java:57)
	at sun.reflect.DelegatingMethodAccessorImpl.invoke(DelegatingMethodAccessorImpl.java:43)
	at java.lang.reflect.Method.invoke(Method.java:606)
	at junit.framework.TestCase.runTest(TestCase.java:168)
	at junit.framework.TestCase.runBare(TestCase.java:134)
	at junit.framework.TestResult$1.protect(TestResult.java:110)
	at junit.framework.TestResult.runProtected(TestResult.java:128)
	at junit.framework.TestResult.run(TestResult.java:113)
	at junit.framework.TestCase.run(TestCase.java:124)
	at junit.framework.TestSuite.runTest(TestSuite.java:243)
	at junit.framework.TestSuite.run(TestSuite.java:238)
	at junit.framework.TestSuite.runTest(TestSuite.java:243)
	at junit.framework.TestSuite.run(TestSuite.java:238)
	at junit.textui.TestRunner.doRun(TestRunner.java:116)
	at RandoopTest.main(RandoopTest.java:8)

Dec 10, 2017 11:46:41 PM RandoopTest0 test11
WARNING: "IOP00110226: (BAD_PARAM) Invalid request partitioning id 100, valid values are  - -1"
org.omg.CORBA.BAD_PARAM:   vmcid: SUN  minor code: 226  completed: No
	at com.sun.corba.se.impl.logging.ORBUtilSystemException.invalidRequestPartitioningId(ORBUtilSystemException.java:1848)
	at com.sun.corba.se.impl.logging.ORBUtilSystemException.invalidRequestPartitioningId(ORBUtilSystemException.java:1869)
	at RandoopTest0.test11(RandoopTest0.java:499)
	at sun.reflect.NativeMethodAccessorImpl.invoke0(Native Method)
	at sun.reflect.NativeMethodAccessorImpl.invoke(NativeMethodAccessorImpl.java:57)
	at sun.reflect.DelegatingMethodAccessorImpl.invoke(DelegatingMethodAccessorImpl.java:43)
	at java.lang.reflect.Method.invoke(Method.java:606)
	at junit.framework.TestCase.runTest(TestCase.java:168)
	at junit.framework.TestCase.runBare(TestCase.java:134)
	at junit.framework.TestResult$1.protect(TestResult.java:110)
	at junit.framework.TestResult.runProtected(TestResult.java:128)
	at junit.framework.TestResult.run(TestResult.java:113)
	at junit.framework.TestCase.run(TestCase.java:124)
	at junit.framework.TestSuite.runTest(TestSuite.java:243)
	at junit.framework.TestSuite.run(TestSuite.java:238)
	at junit.framework.TestSuite.runTest(TestSuite.java:243)
	at junit.framework.TestSuite.run(TestSuite.java:238)
	at junit.textui.TestRunner.doRun(TestRunner.java:116)
	at RandoopTest.main(RandoopTest.java:8)
Caused by: java.lang.Throwable: 
	at RandoopTest0.test11(RandoopTest0.java:497)
	... 16 more

Dec 10, 2017 11:46:41 PM RandoopTest0 test11
WARNING: "IOP00110203: (BAD_PARAM) Abstract interface derived from non-abstract interface"
org.omg.CORBA.BAD_PARAM:   vmcid: SUN  minor code: 203  completed: No
	at com.sun.corba.se.impl.logging.ORBUtilSystemException.abstractFromNonAbstract(ORBUtilSystemException.java:1183)
	at com.sun.corba.se.impl.logging.ORBUtilSystemException.abstractFromNonAbstract(ORBUtilSystemException.java:1205)
	at RandoopTest0.test11(RandoopTest0.java:500)
	at sun.reflect.NativeMethodAccessorImpl.invoke0(Native Method)
	at sun.reflect.NativeMethodAccessorImpl.invoke(NativeMethodAccessorImpl.java:57)
	at sun.reflect.DelegatingMethodAccessorImpl.invoke(DelegatingMethodAccessorImpl.java:43)
	at java.lang.reflect.Method.invoke(Method.java:606)
	at junit.framework.TestCase.runTest(TestCase.java:168)
	at junit.framework.TestCase.runBare(TestCase.java:134)
	at junit.framework.TestResult$1.protect(TestResult.java:110)
	at junit.framework.TestResult.runProtected(TestResult.java:128)
	at junit.framework.TestResult.run(TestResult.java:113)
	at junit.framework.TestCase.run(TestCase.java:124)
	at junit.framework.TestSuite.runTest(TestSuite.java:243)
	at junit.framework.TestSuite.run(TestSuite.java:238)
	at junit.framework.TestSuite.runTest(TestSuite.java:243)
	at junit.framework.TestSuite.run(TestSuite.java:238)
	at junit.textui.TestRunner.doRun(TestRunner.java:116)
	at RandoopTest.main(RandoopTest.java:8)

Dec 10, 2017 11:46:41 PM RandoopTest0 test11
WARNING: "IOP00110226: (BAD_PARAM) Invalid request partitioning id 100, valid values are  - -1"
org.omg.CORBA.BAD_PARAM:   vmcid: SUN  minor code: 226  completed: No
	at com.sun.corba.se.impl.logging.ORBUtilSystemException.invalidRequestPartitioningId(ORBUtilSystemException.java:1848)
	at com.sun.corba.se.impl.logging.ORBUtilSystemException.invalidRequestPartitioningId(ORBUtilSystemException.java:1869)
	at RandoopTest0.test11(RandoopTest0.java:504)
	at sun.reflect.NativeMethodAccessorImpl.invoke0(Native Method)
	at sun.reflect.NativeMethodAccessorImpl.invoke(NativeMethodAccessorImpl.java:57)
	at sun.reflect.DelegatingMethodAccessorImpl.invoke(DelegatingMethodAccessorImpl.java:43)
	at java.lang.reflect.Method.invoke(Method.java:606)
	at junit.framework.TestCase.runTest(TestCase.java:168)
	at junit.framework.TestCase.runBare(TestCase.java:134)
	at junit.framework.TestResult$1.protect(TestResult.java:110)
	at junit.framework.TestResult.runProtected(TestResult.java:128)
	at junit.framework.TestResult.run(TestResult.java:113)
	at junit.framework.TestCase.run(TestCase.java:124)
	at junit.framework.TestSuite.runTest(TestSuite.java:243)
	at junit.framework.TestSuite.run(TestSuite.java:238)
	at junit.framework.TestSuite.runTest(TestSuite.java:243)
	at junit.framework.TestSuite.run(TestSuite.java:238)
	at junit.textui.TestRunner.doRun(TestRunner.java:116)
	at RandoopTest.main(RandoopTest.java:8)
Caused by: java.lang.Throwable: 
	at RandoopTest0.test11(RandoopTest0.java:502)
	... 16 more

Dec 10, 2017 11:46:41 PM RandoopTest0 test11
WARNING: "IOP00810206: (MARSHAL) grow() called on IIOPInputStream"
org.omg.CORBA.MARSHAL:   vmcid: SUN  minor code: 206  completed: No
	at com.sun.corba.se.impl.logging.ORBUtilSystemException.iiopinputstreamGrow(ORBUtilSystemException.java:6862)
	at com.sun.corba.se.impl.logging.ORBUtilSystemException.iiopinputstreamGrow(ORBUtilSystemException.java:6884)
	at RandoopTest0.test11(RandoopTest0.java:505)
	at sun.reflect.NativeMethodAccessorImpl.invoke0(Native Method)
	at sun.reflect.NativeMethodAccessorImpl.invoke(NativeMethodAccessorImpl.java:57)
	at sun.reflect.DelegatingMethodAccessorImpl.invoke(DelegatingMethodAccessorImpl.java:43)
	at java.lang.reflect.Method.invoke(Method.java:606)
	at junit.framework.TestCase.runTest(TestCase.java:168)
	at junit.framework.TestCase.runBare(TestCase.java:134)
	at junit.framework.TestResult$1.protect(TestResult.java:110)
	at junit.framework.TestResult.runProtected(TestResult.java:128)
	at junit.framework.TestResult.run(TestResult.java:113)
	at junit.framework.TestCase.run(TestCase.java:124)
	at junit.framework.TestSuite.runTest(TestSuite.java:243)
	at junit.framework.TestSuite.run(TestSuite.java:238)
	at junit.framework.TestSuite.runTest(TestSuite.java:243)
	at junit.framework.TestSuite.run(TestSuite.java:238)
	at junit.textui.TestRunner.doRun(TestRunner.java:116)
	at RandoopTest.main(RandoopTest.java:8)

Dec 10, 2017 11:46:41 PM RandoopTest0 test11
WARNING: "IOP00710205: (INTERNAL) No IIOP profile in server request dispatcher"
org.omg.CORBA.INTERNAL:   vmcid: SUN  minor code: 205  completed: No
	at com.sun.corba.se.impl.logging.ORBUtilSystemException.serverScNoIiopProfile(ORBUtilSystemException.java:3787)
	at com.sun.corba.se.impl.logging.ORBUtilSystemException.serverScNoIiopProfile(ORBUtilSystemException.java:3805)
	at RandoopTest0.test11(RandoopTest0.java:506)
	at sun.reflect.NativeMethodAccessorImpl.invoke0(Native Method)
	at sun.reflect.NativeMethodAccessorImpl.invoke(NativeMethodAccessorImpl.java:57)
	at sun.reflect.DelegatingMethodAccessorImpl.invoke(DelegatingMethodAccessorImpl.java:43)
	at java.lang.reflect.Method.invoke(Method.java:606)
	at junit.framework.TestCase.runTest(TestCase.java:168)
	at junit.framework.TestCase.runBare(TestCase.java:134)
	at junit.framework.TestResult$1.protect(TestResult.java:110)
	at junit.framework.TestResult.runProtected(TestResult.java:128)
	at junit.framework.TestResult.run(TestResult.java:113)
	at junit.framework.TestCase.run(TestCase.java:124)
	at junit.framework.TestSuite.runTest(TestSuite.java:243)
	at junit.framework.TestSuite.run(TestSuite.java:238)
	at junit.framework.TestSuite.runTest(TestSuite.java:243)
	at junit.framework.TestSuite.run(TestSuite.java:238)
	at junit.textui.TestRunner.doRun(TestRunner.java:116)
	at RandoopTest.main(RandoopTest.java:8)
Caused by: org.omg.CORBA.MARSHAL:   vmcid: SUN  minor code: 206  completed: No
	at com.sun.corba.se.impl.logging.ORBUtilSystemException.iiopinputstreamGrow(ORBUtilSystemException.java:6862)
	at com.sun.corba.se.impl.logging.ORBUtilSystemException.iiopinputstreamGrow(ORBUtilSystemException.java:6884)
	at RandoopTest0.test11(RandoopTest0.java:505)
	... 16 more

Dec 10, 2017 11:46:41 PM RandoopTest0 test11
WARNING: "IOP01210227: (BAD_OPERATION) Error in running ORB configurator"
org.omg.CORBA.BAD_OPERATION:   vmcid: SUN  minor code: 227  completed: No
	at com.sun.corba.se.impl.logging.ORBUtilSystemException.orbConfiguratorError(ORBUtilSystemException.java:558)
	at com.sun.corba.se.impl.logging.ORBUtilSystemException.orbConfiguratorError(ORBUtilSystemException.java:576)
	at RandoopTest0.test11(RandoopTest0.java:507)
	at sun.reflect.NativeMethodAccessorImpl.invoke0(Native Method)
	at sun.reflect.NativeMethodAccessorImpl.invoke(NativeMethodAccessorImpl.java:57)
	at sun.reflect.DelegatingMethodAccessorImpl.invoke(DelegatingMethodAccessorImpl.java:43)
	at java.lang.reflect.Method.invoke(Method.java:606)
	at junit.framework.TestCase.runTest(TestCase.java:168)
	at junit.framework.TestCase.runBare(TestCase.java:134)
	at junit.framework.TestResult$1.protect(TestResult.java:110)
	at junit.framework.TestResult.runProtected(TestResult.java:128)
	at junit.framework.TestResult.run(TestResult.java:113)
	at junit.framework.TestCase.run(TestCase.java:124)
	at junit.framework.TestSuite.runTest(TestSuite.java:243)
	at junit.framework.TestSuite.run(TestSuite.java:238)
	at junit.framework.TestSuite.runTest(TestSuite.java:243)
	at junit.framework.TestSuite.run(TestSuite.java:238)
	at junit.textui.TestRunner.doRun(TestRunner.java:116)
	at RandoopTest.main(RandoopTest.java:8)
Caused by: org.omg.CORBA.MARSHAL:   vmcid: SUN  minor code: 206  completed: No
	at com.sun.corba.se.impl.logging.ORBUtilSystemException.iiopinputstreamGrow(ORBUtilSystemException.java:6862)
	at com.sun.corba.se.impl.logging.ORBUtilSystemException.iiopinputstreamGrow(ORBUtilSystemException.java:6884)
	at RandoopTest0.test11(RandoopTest0.java:505)
	... 16 more

Dec 10, 2017 11:46:41 PM RandoopTest0 test10
WARNING: "IOP00710330: (INTERNAL) ThreadGroup 10 could not be destroyed"
org.omg.CORBA.INTERNAL:   vmcid: SUN  minor code: 330  completed: No
	at com.sun.corba.se.impl.logging.ORBUtilSystemException.threadGroupDestroyFailed(ORBUtilSystemException.java:6659)
	at com.sun.corba.se.impl.logging.ORBUtilSystemException.threadGroupDestroyFailed(ORBUtilSystemException.java:6682)
	at RandoopTest0.test10(RandoopTest0.java:440)
	at sun.reflect.NativeMethodAccessorImpl.invoke0(Native Method)
	at sun.reflect.NativeMethodAccessorImpl.invoke(NativeMethodAccessorImpl.java:57)
	at sun.reflect.DelegatingMethodAccessorImpl.invoke(DelegatingMethodAccessorImpl.java:43)
	at java.lang.reflect.Method.invoke(Method.java:606)
	at junit.framework.TestCase.runTest(TestCase.java:168)
	at junit.framework.TestCase.runBare(TestCase.java:134)
	at junit.framework.TestResult$1.protect(TestResult.java:110)
	at junit.framework.TestResult.runProtected(TestResult.java:128)
	at junit.framework.TestResult.run(TestResult.java:113)
	at junit.framework.TestCase.run(TestCase.java:124)
	at junit.framework.TestSuite.runTest(TestSuite.java:243)
	at junit.framework.TestSuite.run(TestSuite.java:238)
	at junit.framework.TestSuite.runTest(TestSuite.java:243)
	at junit.framework.TestSuite.run(TestSuite.java:238)
	at junit.textui.TestRunner.doRun(TestRunner.java:116)
	at RandoopTest.main(RandoopTest.java:8)

Dec 10, 2017 11:46:41 PM RandoopTest0 test10
WARNING: "IOP00710330: (INTERNAL) ThreadGroup 10 could not be destroyed"
org.omg.CORBA.INTERNAL:   vmcid: SUN  minor code: 330  completed: No
	at com.sun.corba.se.impl.logging.ORBUtilSystemException.threadGroupDestroyFailed(ORBUtilSystemException.java:6659)
	at com.sun.corba.se.impl.logging.ORBUtilSystemException.threadGroupDestroyFailed(ORBUtilSystemException.java:6682)
	at RandoopTest0.test10(RandoopTest0.java:442)
	at sun.reflect.NativeMethodAccessorImpl.invoke0(Native Method)
	at sun.reflect.NativeMethodAccessorImpl.invoke(NativeMethodAccessorImpl.java:57)
	at sun.reflect.DelegatingMethodAccessorImpl.invoke(DelegatingMethodAccessorImpl.java:43)
	at java.lang.reflect.Method.invoke(Method.java:606)
	at junit.framework.TestCase.runTest(TestCase.java:168)
	at junit.framework.TestCase.runBare(TestCase.java:134)
	at junit.framework.TestResult$1.protect(TestResult.java:110)
	at junit.framework.TestResult.runProtected(TestResult.java:128)
	at junit.framework.TestResult.run(TestResult.java:113)
	at junit.framework.TestCase.run(TestCase.java:124)
	at junit.framework.TestSuite.runTest(TestSuite.java:243)
	at junit.framework.TestSuite.run(TestSuite.java:238)
	at junit.framework.TestSuite.runTest(TestSuite.java:243)
	at junit.framework.TestSuite.run(TestSuite.java:238)
	at junit.textui.TestRunner.doRun(TestRunner.java:116)
	at RandoopTest.main(RandoopTest.java:8)

Dec 10, 2017 11:46:41 PM RandoopTest0 test10
WARNING: "IOP00710330: (INTERNAL) ThreadGroup 10 could not be destroyed"
org.omg.CORBA.INTERNAL:   vmcid: SUN  minor code: 330  completed: No
	at com.sun.corba.se.impl.logging.ORBUtilSystemException.threadGroupDestroyFailed(ORBUtilSystemException.java:6659)
	at com.sun.corba.se.impl.logging.ORBUtilSystemException.threadGroupDestroyFailed(ORBUtilSystemException.java:6682)
	at RandoopTest0.test10(RandoopTest0.java:445)
	at sun.reflect.NativeMethodAccessorImpl.invoke0(Native Method)
	at sun.reflect.NativeMethodAccessorImpl.invoke(NativeMethodAccessorImpl.java:57)
	at sun.reflect.DelegatingMethodAccessorImpl.invoke(DelegatingMethodAccessorImpl.java:43)
	at java.lang.reflect.Method.invoke(Method.java:606)
	at junit.framework.TestCase.runTest(TestCase.java:168)
	at junit.framework.TestCase.runBare(TestCase.java:134)
	at junit.framework.TestResult$1.protect(TestResult.java:110)
	at junit.framework.TestResult.runProtected(TestResult.java:128)
	at junit.framework.TestResult.run(TestResult.java:113)
	at junit.framework.TestCase.run(TestCase.java:124)
	at junit.framework.TestSuite.runTest(TestSuite.java:243)
	at junit.framework.TestSuite.run(TestSuite.java:238)
	at junit.framework.TestSuite.runTest(TestSuite.java:243)
	at junit.framework.TestSuite.run(TestSuite.java:238)
	at junit.textui.TestRunner.doRun(TestRunner.java:116)
	at RandoopTest.main(RandoopTest.java:8)

Dec 10, 2017 11:46:41 PM RandoopTest0 test10
WARNING: "IOP02510201: (OBJECT_NOT_EXIST) Locate response indicated that the object was unknown"
org.omg.CORBA.OBJECT_NOT_EXIST:   vmcid: SUN  minor code: 201  completed: No
	at com.sun.corba.se.impl.logging.ORBUtilSystemException.locateUnknownObject(ORBUtilSystemException.java:8609)
	at com.sun.corba.se.impl.logging.ORBUtilSystemException.locateUnknownObject(ORBUtilSystemException.java:8631)
	at RandoopTest0.test10(RandoopTest0.java:446)
	at sun.reflect.NativeMethodAccessorImpl.invoke0(Native Method)
	at sun.reflect.NativeMethodAccessorImpl.invoke(NativeMethodAccessorImpl.java:57)
	at sun.reflect.DelegatingMethodAccessorImpl.invoke(DelegatingMethodAccessorImpl.java:43)
	at java.lang.reflect.Method.invoke(Method.java:606)
	at junit.framework.TestCase.runTest(TestCase.java:168)
	at junit.framework.TestCase.runBare(TestCase.java:134)
	at junit.framework.TestResult$1.protect(TestResult.java:110)
	at junit.framework.TestResult.runProtected(TestResult.java:128)
	at junit.framework.TestResult.run(TestResult.java:113)
	at junit.framework.TestCase.run(TestCase.java:124)
	at junit.framework.TestSuite.runTest(TestSuite.java:243)
	at junit.framework.TestSuite.run(TestSuite.java:238)
	at junit.framework.TestSuite.runTest(TestSuite.java:243)
	at junit.framework.TestSuite.run(TestSuite.java:238)
	at junit.textui.TestRunner.doRun(TestRunner.java:116)
	at RandoopTest.main(RandoopTest.java:8)

Dec 10, 2017 11:46:41 PM RandoopTest0 test10
WARNING: "IOP00710288: (INTERNAL) Could not find or invoke id method on exception Helper class 100"
org.omg.CORBA.INTERNAL:   vmcid: SUN  minor code: 288  completed: No
	at com.sun.corba.se.impl.logging.ORBUtilSystemException.badHelperIdMethod(ORBUtilSystemException.java:5985)
	at com.sun.corba.se.impl.logging.ORBUtilSystemException.badHelperIdMethod(ORBUtilSystemException.java:6004)
	at RandoopTest0.test10(RandoopTest0.java:451)
	at sun.reflect.NativeMethodAccessorImpl.invoke0(Native Method)
	at sun.reflect.NativeMethodAccessorImpl.invoke(NativeMethodAccessorImpl.java:57)
	at sun.reflect.DelegatingMethodAccessorImpl.invoke(DelegatingMethodAccessorImpl.java:43)
	at java.lang.reflect.Method.invoke(Method.java:606)
	at junit.framework.TestCase.runTest(TestCase.java:168)
	at junit.framework.TestCase.runBare(TestCase.java:134)
	at junit.framework.TestResult$1.protect(TestResult.java:110)
	at junit.framework.TestResult.runProtected(TestResult.java:128)
	at junit.framework.TestResult.run(TestResult.java:113)
	at junit.framework.TestCase.run(TestCase.java:124)
	at junit.framework.TestSuite.runTest(TestSuite.java:243)
	at junit.framework.TestSuite.run(TestSuite.java:238)
	at junit.framework.TestSuite.runTest(TestSuite.java:243)
	at junit.framework.TestSuite.run(TestSuite.java:238)
	at junit.textui.TestRunner.doRun(TestRunner.java:116)
	at RandoopTest.main(RandoopTest.java:8)
Caused by: java.lang.Throwable: java.lang.Throwable: 
	at RandoopTest0.test10(RandoopTest0.java:448)
	... 16 more
Caused by: java.lang.Throwable: 
	at RandoopTest0.test10(RandoopTest0.java:447)
	... 16 more

Dec 10, 2017 11:46:41 PM RandoopTest0 test10
WARNING: "IOP00810201: (MARSHAL) Data read past end of chunk without closing the chunk"
org.omg.CORBA.MARSHAL:   vmcid: SUN  minor code: 201  completed: No
	at com.sun.corba.se.impl.logging.ORBUtilSystemException.chunkOverflow(ORBUtilSystemException.java:6722)
	at com.sun.corba.se.impl.logging.ORBUtilSystemException.chunkOverflow(ORBUtilSystemException.java:6740)
	at RandoopTest0.test10(RandoopTest0.java:452)
	at sun.reflect.NativeMethodAccessorImpl.invoke0(Native Method)
	at sun.reflect.NativeMethodAccessorImpl.invoke(NativeMethodAccessorImpl.java:57)
	at sun.reflect.DelegatingMethodAccessorImpl.invoke(DelegatingMethodAccessorImpl.java:43)
	at java.lang.reflect.Method.invoke(Method.java:606)
	at junit.framework.TestCase.runTest(TestCase.java:168)
	at junit.framework.TestCase.runBare(TestCase.java:134)
	at junit.framework.TestResult$1.protect(TestResult.java:110)
	at junit.framework.TestResult.runProtected(TestResult.java:128)
	at junit.framework.TestResult.run(TestResult.java:113)
	at junit.framework.TestCase.run(TestCase.java:124)
	at junit.framework.TestSuite.runTest(TestSuite.java:243)
	at junit.framework.TestSuite.run(TestSuite.java:238)
	at junit.framework.TestSuite.runTest(TestSuite.java:243)
	at junit.framework.TestSuite.run(TestSuite.java:238)
	at junit.textui.TestRunner.doRun(TestRunner.java:116)
	at RandoopTest.main(RandoopTest.java:8)
Caused by: org.omg.CORBA.INTERNAL:   vmcid: SUN  minor code: 288  completed: No
	at com.sun.corba.se.impl.logging.ORBUtilSystemException.badHelperIdMethod(ORBUtilSystemException.java:5985)
	at com.sun.corba.se.impl.logging.ORBUtilSystemException.badHelperIdMethod(ORBUtilSystemException.java:6004)
	at RandoopTest0.test10(RandoopTest0.java:451)
	... 16 more
Caused by: java.lang.Throwable: java.lang.Throwable: 
	at RandoopTest0.test10(RandoopTest0.java:448)
	... 16 more
Caused by: java.lang.Throwable: 
	at RandoopTest0.test10(RandoopTest0.java:447)
	... 16 more

Dec 10, 2017 11:46:41 PM RandoopTest0 test9
WARNING: "IOP00110226: (BAD_PARAM) Invalid request partitioning id 100, valid values are  - -1"
org.omg.CORBA.BAD_PARAM:   vmcid: SUN  minor code: 226  completed: No
	at com.sun.corba.se.impl.logging.ORBUtilSystemException.invalidRequestPartitioningId(ORBUtilSystemException.java:1848)
	at com.sun.corba.se.impl.logging.ORBUtilSystemException.invalidRequestPartitioningId(ORBUtilSystemException.java:1869)
	at RandoopTest0.test9(RandoopTest0.java:409)
	at sun.reflect.NativeMethodAccessorImpl.invoke0(Native Method)
	at sun.reflect.NativeMethodAccessorImpl.invoke(NativeMethodAccessorImpl.java:57)
	at sun.reflect.DelegatingMethodAccessorImpl.invoke(DelegatingMethodAccessorImpl.java:43)
	at java.lang.reflect.Method.invoke(Method.java:606)
	at junit.framework.TestCase.runTest(TestCase.java:168)
	at junit.framework.TestCase.runBare(TestCase.java:134)
	at junit.framework.TestResult$1.protect(TestResult.java:110)
	at junit.framework.TestResult.runProtected(TestResult.java:128)
	at junit.framework.TestResult.run(TestResult.java:113)
	at junit.framework.TestCase.run(TestCase.java:124)
	at junit.framework.TestSuite.runTest(TestSuite.java:243)
	at junit.framework.TestSuite.run(TestSuite.java:238)
	at junit.framework.TestSuite.runTest(TestSuite.java:243)
	at junit.framework.TestSuite.run(TestSuite.java:238)
	at junit.textui.TestRunner.doRun(TestRunner.java:116)
	at RandoopTest.main(RandoopTest.java:8)
Caused by: java.lang.Throwable: 
	at RandoopTest0.test9(RandoopTest0.java:407)
	... 16 more

Dec 10, 2017 11:46:41 PM RandoopTest0 test9
WARNING: "IOP00110203: (BAD_PARAM) Abstract interface derived from non-abstract interface"
org.omg.CORBA.BAD_PARAM:   vmcid: SUN  minor code: 203  completed: No
	at com.sun.corba.se.impl.logging.ORBUtilSystemException.abstractFromNonAbstract(ORBUtilSystemException.java:1183)
	at com.sun.corba.se.impl.logging.ORBUtilSystemException.abstractFromNonAbstract(ORBUtilSystemException.java:1205)
	at RandoopTest0.test9(RandoopTest0.java:410)
	at sun.reflect.NativeMethodAccessorImpl.invoke0(Native Method)
	at sun.reflect.NativeMethodAccessorImpl.invoke(NativeMethodAccessorImpl.java:57)
	at sun.reflect.DelegatingMethodAccessorImpl.invoke(DelegatingMethodAccessorImpl.java:43)
	at java.lang.reflect.Method.invoke(Method.java:606)
	at junit.framework.TestCase.runTest(TestCase.java:168)
	at junit.framework.TestCase.runBare(TestCase.java:134)
	at junit.framework.TestResult$1.protect(TestResult.java:110)
	at junit.framework.TestResult.runProtected(TestResult.java:128)
	at junit.framework.TestResult.run(TestResult.java:113)
	at junit.framework.TestCase.run(TestCase.java:124)
	at junit.framework.TestSuite.runTest(TestSuite.java:243)
	at junit.framework.TestSuite.run(TestSuite.java:238)
	at junit.framework.TestSuite.runTest(TestSuite.java:243)
	at junit.framework.TestSuite.run(TestSuite.java:238)
	at junit.textui.TestRunner.doRun(TestRunner.java:116)
	at RandoopTest.main(RandoopTest.java:8)

Dec 10, 2017 11:46:41 PM RandoopTest0 test9
WARNING: "IOP00710227: (INTERNAL) byte to character converter failure"
org.omg.CORBA.INTERNAL:   vmcid: SUN  minor code: 227  completed: No
	at com.sun.corba.se.impl.logging.ORBUtilSystemException.btcConverterFailure(ORBUtilSystemException.java:4347)
	at com.sun.corba.se.impl.logging.ORBUtilSystemException.btcConverterFailure(ORBUtilSystemException.java:4369)
	at RandoopTest0.test9(RandoopTest0.java:411)
	at sun.reflect.NativeMethodAccessorImpl.invoke0(Native Method)
	at sun.reflect.NativeMethodAccessorImpl.invoke(NativeMethodAccessorImpl.java:57)
	at sun.reflect.DelegatingMethodAccessorImpl.invoke(DelegatingMethodAccessorImpl.java:43)
	at java.lang.reflect.Method.invoke(Method.java:606)
	at junit.framework.TestCase.runTest(TestCase.java:168)
	at junit.framework.TestCase.runBare(TestCase.java:134)
	at junit.framework.TestResult$1.protect(TestResult.java:110)
	at junit.framework.TestResult.runProtected(TestResult.java:128)
	at junit.framework.TestResult.run(TestResult.java:113)
	at junit.framework.TestCase.run(TestCase.java:124)
	at junit.framework.TestSuite.runTest(TestSuite.java:243)
	at junit.framework.TestSuite.run(TestSuite.java:238)
	at junit.framework.TestSuite.runTest(TestSuite.java:243)
	at junit.framework.TestSuite.run(TestSuite.java:238)
	at junit.textui.TestRunner.doRun(TestRunner.java:116)
	at RandoopTest.main(RandoopTest.java:8)

Dec 10, 2017 11:46:41 PM RandoopTest0 test9
WARNING: "IOP01210203: (BAD_OPERATION) ORB ID not available"
org.omg.CORBA.BAD_OPERATION:   vmcid: SUN  minor code: 203  completed: No
	at com.sun.corba.se.impl.logging.ORBUtilSystemException.orbIdNotAvailable(ORBUtilSystemException.java:131)
	at com.sun.corba.se.impl.logging.ORBUtilSystemException.orbIdNotAvailable(ORBUtilSystemException.java:153)
	at RandoopTest0.test9(RandoopTest0.java:412)
	at sun.reflect.NativeMethodAccessorImpl.invoke0(Native Method)
	at sun.reflect.NativeMethodAccessorImpl.invoke(NativeMethodAccessorImpl.java:57)
	at sun.reflect.DelegatingMethodAccessorImpl.invoke(DelegatingMethodAccessorImpl.java:43)
	at java.lang.reflect.Method.invoke(Method.java:606)
	at junit.framework.TestCase.runTest(TestCase.java:168)
	at junit.framework.TestCase.runBare(TestCase.java:134)
	at junit.framework.TestResult$1.protect(TestResult.java:110)
	at junit.framework.TestResult.runProtected(TestResult.java:128)
	at junit.framework.TestResult.run(TestResult.java:113)
	at junit.framework.TestCase.run(TestCase.java:124)
	at junit.framework.TestSuite.runTest(TestSuite.java:243)
	at junit.framework.TestSuite.run(TestSuite.java:238)
	at junit.framework.TestSuite.runTest(TestSuite.java:243)
	at junit.framework.TestSuite.run(TestSuite.java:238)
	at junit.textui.TestRunner.doRun(TestRunner.java:116)
	at RandoopTest.main(RandoopTest.java:8)

Dec 10, 2017 11:46:41 PM RandoopTest0 test6
WARNING: "IOP00110226: (BAD_PARAM) Invalid request partitioning id 100, valid values are  - -1"
org.omg.CORBA.BAD_PARAM:   vmcid: SUN  minor code: 226  completed: No
	at com.sun.corba.se.impl.logging.ORBUtilSystemException.invalidRequestPartitioningId(ORBUtilSystemException.java:1848)
	at com.sun.corba.se.impl.logging.ORBUtilSystemException.invalidRequestPartitioningId(ORBUtilSystemException.java:1869)
	at RandoopTest0.test6(RandoopTest0.java:331)
	at sun.reflect.NativeMethodAccessorImpl.invoke0(Native Method)
	at sun.reflect.NativeMethodAccessorImpl.invoke(NativeMethodAccessorImpl.java:57)
	at sun.reflect.DelegatingMethodAccessorImpl.invoke(DelegatingMethodAccessorImpl.java:43)
	at java.lang.reflect.Method.invoke(Method.java:606)
	at junit.framework.TestCase.runTest(TestCase.java:168)
	at junit.framework.TestCase.runBare(TestCase.java:134)
	at junit.framework.TestResult$1.protect(TestResult.java:110)
	at junit.framework.TestResult.runProtected(TestResult.java:128)
	at junit.framework.TestResult.run(TestResult.java:113)
	at junit.framework.TestCase.run(TestCase.java:124)
	at junit.framework.TestSuite.runTest(TestSuite.java:243)
	at junit.framework.TestSuite.run(TestSuite.java:238)
	at junit.framework.TestSuite.runTest(TestSuite.java:243)
	at junit.framework.TestSuite.run(TestSuite.java:238)
	at junit.textui.TestRunner.doRun(TestRunner.java:116)
	at RandoopTest.main(RandoopTest.java:8)
Caused by: java.lang.Throwable: 
	at RandoopTest0.test6(RandoopTest0.java:329)
	... 16 more

Dec 10, 2017 11:46:41 PM RandoopTest0 test6
WARNING: "IOP00810206: (MARSHAL) grow() called on IIOPInputStream"
org.omg.CORBA.MARSHAL:   vmcid: SUN  minor code: 206  completed: No
	at com.sun.corba.se.impl.logging.ORBUtilSystemException.iiopinputstreamGrow(ORBUtilSystemException.java:6862)
	at com.sun.corba.se.impl.logging.ORBUtilSystemException.iiopinputstreamGrow(ORBUtilSystemException.java:6884)
	at RandoopTest0.test6(RandoopTest0.java:332)
	at sun.reflect.NativeMethodAccessorImpl.invoke0(Native Method)
	at sun.reflect.NativeMethodAccessorImpl.invoke(NativeMethodAccessorImpl.java:57)
	at sun.reflect.DelegatingMethodAccessorImpl.invoke(DelegatingMethodAccessorImpl.java:43)
	at java.lang.reflect.Method.invoke(Method.java:606)
	at junit.framework.TestCase.runTest(TestCase.java:168)
	at junit.framework.TestCase.runBare(TestCase.java:134)
	at junit.framework.TestResult$1.protect(TestResult.java:110)
	at junit.framework.TestResult.runProtected(TestResult.java:128)
	at junit.framework.TestResult.run(TestResult.java:113)
	at junit.framework.TestCase.run(TestCase.java:124)
	at junit.framework.TestSuite.runTest(TestSuite.java:243)
	at junit.framework.TestSuite.run(TestSuite.java:238)
	at junit.framework.TestSuite.runTest(TestSuite.java:243)
	at junit.framework.TestSuite.run(TestSuite.java:238)
	at junit.textui.TestRunner.doRun(TestRunner.java:116)
	at RandoopTest.main(RandoopTest.java:8)

Dec 10, 2017 11:46:41 PM RandoopTest0 test6
WARNING: "IOP00710224: (INTERNAL) Fragmentation not allowed for this message type"
org.omg.CORBA.INTERNAL:   vmcid: SUN  minor code: 224  completed: No
	at com.sun.corba.se.impl.logging.ORBUtilSystemException.fragmentationDisallowed(ORBUtilSystemException.java:4263)
	at com.sun.corba.se.impl.logging.ORBUtilSystemException.fragmentationDisallowed(ORBUtilSystemException.java:4285)
	at RandoopTest0.test6(RandoopTest0.java:333)
	at sun.reflect.NativeMethodAccessorImpl.invoke0(Native Method)
	at sun.reflect.NativeMethodAccessorImpl.invoke(NativeMethodAccessorImpl.java:57)
	at sun.reflect.DelegatingMethodAccessorImpl.invoke(DelegatingMethodAccessorImpl.java:43)
	at java.lang.reflect.Method.invoke(Method.java:606)
	at junit.framework.TestCase.runTest(TestCase.java:168)
	at junit.framework.TestCase.runBare(TestCase.java:134)
	at junit.framework.TestResult$1.protect(TestResult.java:110)
	at junit.framework.TestResult.runProtected(TestResult.java:128)
	at junit.framework.TestResult.run(TestResult.java:113)
	at junit.framework.TestCase.run(TestCase.java:124)
	at junit.framework.TestSuite.runTest(TestSuite.java:243)
	at junit.framework.TestSuite.run(TestSuite.java:238)
	at junit.framework.TestSuite.runTest(TestSuite.java:243)
	at junit.framework.TestSuite.run(TestSuite.java:238)
	at junit.textui.TestRunner.doRun(TestRunner.java:116)
	at RandoopTest.main(RandoopTest.java:8)

Dec 10, 2017 11:46:41 PM RandoopTest0 test6
WARNING: "IOP00110226: (BAD_PARAM) Invalid request partitioning id 100, valid values are  - -1"
org.omg.CORBA.BAD_PARAM:   vmcid: SUN  minor code: 226  completed: No
	at com.sun.corba.se.impl.logging.ORBUtilSystemException.invalidRequestPartitioningId(ORBUtilSystemException.java:1848)
	at com.sun.corba.se.impl.logging.ORBUtilSystemException.invalidRequestPartitioningId(ORBUtilSystemException.java:1869)
	at RandoopTest0.test6(RandoopTest0.java:337)
	at sun.reflect.NativeMethodAccessorImpl.invoke0(Native Method)
	at sun.reflect.NativeMethodAccessorImpl.invoke(NativeMethodAccessorImpl.java:57)
	at sun.reflect.DelegatingMethodAccessorImpl.invoke(DelegatingMethodAccessorImpl.java:43)
	at java.lang.reflect.Method.invoke(Method.java:606)
	at junit.framework.TestCase.runTest(TestCase.java:168)
	at junit.framework.TestCase.runBare(TestCase.java:134)
	at junit.framework.TestResult$1.protect(TestResult.java:110)
	at junit.framework.TestResult.runProtected(TestResult.java:128)
	at junit.framework.TestResult.run(TestResult.java:113)
	at junit.framework.TestCase.run(TestCase.java:124)
	at junit.framework.TestSuite.runTest(TestSuite.java:243)
	at junit.framework.TestSuite.run(TestSuite.java:238)
	at junit.framework.TestSuite.runTest(TestSuite.java:243)
	at junit.framework.TestSuite.run(TestSuite.java:238)
	at junit.textui.TestRunner.doRun(TestRunner.java:116)
	at RandoopTest.main(RandoopTest.java:8)
Caused by: java.lang.Throwable: 
	at RandoopTest0.test6(RandoopTest0.java:335)
	... 16 more

Dec 10, 2017 11:46:41 PM RandoopTest0 test6
WARNING: "IOP00110203: (BAD_PARAM) Abstract interface derived from non-abstract interface"
org.omg.CORBA.BAD_PARAM:   vmcid: SUN  minor code: 203  completed: No
	at com.sun.corba.se.impl.logging.ORBUtilSystemException.abstractFromNonAbstract(ORBUtilSystemException.java:1183)
	at com.sun.corba.se.impl.logging.ORBUtilSystemException.abstractFromNonAbstract(ORBUtilSystemException.java:1205)
	at RandoopTest0.test6(RandoopTest0.java:338)
	at sun.reflect.NativeMethodAccessorImpl.invoke0(Native Method)
	at sun.reflect.NativeMethodAccessorImpl.invoke(NativeMethodAccessorImpl.java:57)
	at sun.reflect.DelegatingMethodAccessorImpl.invoke(DelegatingMethodAccessorImpl.java:43)
	at java.lang.reflect.Method.invoke(Method.java:606)
	at junit.framework.TestCase.runTest(TestCase.java:168)
	at junit.framework.TestCase.runBare(TestCase.java:134)
	at junit.framework.TestResult$1.protect(TestResult.java:110)
	at junit.framework.TestResult.runProtected(TestResult.java:128)
	at junit.framework.TestResult.run(TestResult.java:113)
	at junit.framework.TestCase.run(TestCase.java:124)
	at junit.framework.TestSuite.runTest(TestSuite.java:243)
	at junit.framework.TestSuite.run(TestSuite.java:238)
	at junit.framework.TestSuite.runTest(TestSuite.java:243)
	at junit.framework.TestSuite.run(TestSuite.java:238)
	at junit.textui.TestRunner.doRun(TestRunner.java:116)
	at RandoopTest.main(RandoopTest.java:8)

Dec 10, 2017 11:46:41 PM RandoopTest0 test6
WARNING: "IOP00710227: (INTERNAL) byte to character converter failure"
org.omg.CORBA.INTERNAL:   vmcid: SUN  minor code: 227  completed: No
	at com.sun.corba.se.impl.logging.ORBUtilSystemException.btcConverterFailure(ORBUtilSystemException.java:4347)
	at com.sun.corba.se.impl.logging.ORBUtilSystemException.btcConverterFailure(ORBUtilSystemException.java:4369)
	at RandoopTest0.test6(RandoopTest0.java:339)
	at sun.reflect.NativeMethodAccessorImpl.invoke0(Native Method)
	at sun.reflect.NativeMethodAccessorImpl.invoke(NativeMethodAccessorImpl.java:57)
	at sun.reflect.DelegatingMethodAccessorImpl.invoke(DelegatingMethodAccessorImpl.java:43)
	at java.lang.reflect.Method.invoke(Method.java:606)
	at junit.framework.TestCase.runTest(TestCase.java:168)
	at junit.framework.TestCase.runBare(TestCase.java:134)
	at junit.framework.TestResult$1.protect(TestResult.java:110)
	at junit.framework.TestResult.runProtected(TestResult.java:128)
	at junit.framework.TestResult.run(TestResult.java:113)
	at junit.framework.TestCase.run(TestCase.java:124)
	at junit.framework.TestSuite.runTest(TestSuite.java:243)
	at junit.framework.TestSuite.run(TestSuite.java:238)
	at junit.framework.TestSuite.runTest(TestSuite.java:243)
	at junit.framework.TestSuite.run(TestSuite.java:238)
	at junit.textui.TestRunner.doRun(TestRunner.java:116)
	at RandoopTest.main(RandoopTest.java:8)

Dec 10, 2017 11:46:41 PM RandoopTest0 test6
WARNING: "IOP00110219: (BAD_PARAM) Expected a string, but argument was not of String type"
org.omg.CORBA.BAD_PARAM:   vmcid: SUN  minor code: 219  completed: No
	at com.sun.corba.se.impl.logging.ORBUtilSystemException.stringExpected(ORBUtilSystemException.java:1645)
	at com.sun.corba.se.impl.logging.ORBUtilSystemException.stringExpected(ORBUtilSystemException.java:1663)
	at RandoopTest0.test6(RandoopTest0.java:340)
	at sun.reflect.NativeMethodAccessorImpl.invoke0(Native Method)
	at sun.reflect.NativeMethodAccessorImpl.invoke(NativeMethodAccessorImpl.java:57)
	at sun.reflect.DelegatingMethodAccessorImpl.invoke(DelegatingMethodAccessorImpl.java:43)
	at java.lang.reflect.Method.invoke(Method.java:606)
	at junit.framework.TestCase.runTest(TestCase.java:168)
	at junit.framework.TestCase.runBare(TestCase.java:134)
	at junit.framework.TestResult$1.protect(TestResult.java:110)
	at junit.framework.TestResult.runProtected(TestResult.java:128)
	at junit.framework.TestResult.run(TestResult.java:113)
	at junit.framework.TestCase.run(TestCase.java:124)
	at junit.framework.TestSuite.runTest(TestSuite.java:243)
	at junit.framework.TestSuite.run(TestSuite.java:238)
	at junit.framework.TestSuite.runTest(TestSuite.java:243)
	at junit.framework.TestSuite.run(TestSuite.java:238)
	at junit.textui.TestRunner.doRun(TestRunner.java:116)
	at RandoopTest.main(RandoopTest.java:8)
Caused by: org.omg.CORBA.INTERNAL:   vmcid: SUN  minor code: 227  completed: No
	at com.sun.corba.se.impl.logging.ORBUtilSystemException.btcConverterFailure(ORBUtilSystemException.java:4347)
	at com.sun.corba.se.impl.logging.ORBUtilSystemException.btcConverterFailure(ORBUtilSystemException.java:4369)
	at RandoopTest0.test6(RandoopTest0.java:339)
	... 16 more

Dec 10, 2017 11:46:41 PM RandoopTest0 test6
WARNING: "IOP00810234: (MARSHAL) Referenced type of indirect type not marshaled"
org.omg.CORBA.MARSHAL:   vmcid: SUN  minor code: 234  completed: No
	at com.sun.corba.se.impl.logging.ORBUtilSystemException.refTypeIndirType(ORBUtilSystemException.java:7631)
	at com.sun.corba.se.impl.logging.ORBUtilSystemException.refTypeIndirType(ORBUtilSystemException.java:7653)
	at RandoopTest0.test6(RandoopTest0.java:341)
	at sun.reflect.NativeMethodAccessorImpl.invoke0(Native Method)
	at sun.reflect.NativeMethodAccessorImpl.invoke(NativeMethodAccessorImpl.java:57)
	at sun.reflect.DelegatingMethodAccessorImpl.invoke(DelegatingMethodAccessorImpl.java:43)
	at java.lang.reflect.Method.invoke(Method.java:606)
	at junit.framework.TestCase.runTest(TestCase.java:168)
	at junit.framework.TestCase.runBare(TestCase.java:134)
	at junit.framework.TestResult$1.protect(TestResult.java:110)
	at junit.framework.TestResult.runProtected(TestResult.java:128)
	at junit.framework.TestResult.run(TestResult.java:113)
	at junit.framework.TestCase.run(TestCase.java:124)
	at junit.framework.TestSuite.runTest(TestSuite.java:243)
	at junit.framework.TestSuite.run(TestSuite.java:238)
	at junit.framework.TestSuite.runTest(TestSuite.java:243)
	at junit.framework.TestSuite.run(TestSuite.java:238)
	at junit.textui.TestRunner.doRun(TestRunner.java:116)
	at RandoopTest.main(RandoopTest.java:8)

Dec 10, 2017 11:46:41 PM RandoopTest0 test5
WARNING: "IOP00110226: (BAD_PARAM) Invalid request partitioning id 100, valid values are  - -1"
org.omg.CORBA.BAD_PARAM:   vmcid: SUN  minor code: 226  completed: No
	at com.sun.corba.se.impl.logging.ORBUtilSystemException.invalidRequestPartitioningId(ORBUtilSystemException.java:1848)
	at com.sun.corba.se.impl.logging.ORBUtilSystemException.invalidRequestPartitioningId(ORBUtilSystemException.java:1869)
	at RandoopTest0.test5(RandoopTest0.java:261)
	at sun.reflect.NativeMethodAccessorImpl.invoke0(Native Method)
	at sun.reflect.NativeMethodAccessorImpl.invoke(NativeMethodAccessorImpl.java:57)
	at sun.reflect.DelegatingMethodAccessorImpl.invoke(DelegatingMethodAccessorImpl.java:43)
	at java.lang.reflect.Method.invoke(Method.java:606)
	at junit.framework.TestCase.runTest(TestCase.java:168)
	at junit.framework.TestCase.runBare(TestCase.java:134)
	at junit.framework.TestResult$1.protect(TestResult.java:110)
	at junit.framework.TestResult.runProtected(TestResult.java:128)
	at junit.framework.TestResult.run(TestResult.java:113)
	at junit.framework.TestCase.run(TestCase.java:124)
	at junit.framework.TestSuite.runTest(TestSuite.java:243)
	at junit.framework.TestSuite.run(TestSuite.java:238)
	at junit.framework.TestSuite.runTest(TestSuite.java:243)
	at junit.framework.TestSuite.run(TestSuite.java:238)
	at junit.textui.TestRunner.doRun(TestRunner.java:116)
	at RandoopTest.main(RandoopTest.java:8)
Caused by: java.lang.Throwable: 
	at RandoopTest0.test5(RandoopTest0.java:259)
	... 16 more

Dec 10, 2017 11:46:41 PM RandoopTest0 test5
WARNING: "IOP00810206: (MARSHAL) grow() called on IIOPInputStream"
org.omg.CORBA.MARSHAL:   vmcid: SUN  minor code: 206  completed: No
	at com.sun.corba.se.impl.logging.ORBUtilSystemException.iiopinputstreamGrow(ORBUtilSystemException.java:6862)
	at com.sun.corba.se.impl.logging.ORBUtilSystemException.iiopinputstreamGrow(ORBUtilSystemException.java:6884)
	at RandoopTest0.test5(RandoopTest0.java:262)
	at sun.reflect.NativeMethodAccessorImpl.invoke0(Native Method)
	at sun.reflect.NativeMethodAccessorImpl.invoke(NativeMethodAccessorImpl.java:57)
	at sun.reflect.DelegatingMethodAccessorImpl.invoke(DelegatingMethodAccessorImpl.java:43)
	at java.lang.reflect.Method.invoke(Method.java:606)
	at junit.framework.TestCase.runTest(TestCase.java:168)
	at junit.framework.TestCase.runBare(TestCase.java:134)
	at junit.framework.TestResult$1.protect(TestResult.java:110)
	at junit.framework.TestResult.runProtected(TestResult.java:128)
	at junit.framework.TestResult.run(TestResult.java:113)
	at junit.framework.TestCase.run(TestCase.java:124)
	at junit.framework.TestSuite.runTest(TestSuite.java:243)
	at junit.framework.TestSuite.run(TestSuite.java:238)
	at junit.framework.TestSuite.runTest(TestSuite.java:243)
	at junit.framework.TestSuite.run(TestSuite.java:238)
	at junit.textui.TestRunner.doRun(TestRunner.java:116)
	at RandoopTest.main(RandoopTest.java:8)

Dec 10, 2017 11:46:41 PM RandoopTest0 test5
WARNING: "IOP00710224: (INTERNAL) Fragmentation not allowed for this message type"
org.omg.CORBA.INTERNAL:   vmcid: SUN  minor code: 224  completed: No
	at com.sun.corba.se.impl.logging.ORBUtilSystemException.fragmentationDisallowed(ORBUtilSystemException.java:4263)
	at com.sun.corba.se.impl.logging.ORBUtilSystemException.fragmentationDisallowed(ORBUtilSystemException.java:4285)
	at RandoopTest0.test5(RandoopTest0.java:263)
	at sun.reflect.NativeMethodAccessorImpl.invoke0(Native Method)
	at sun.reflect.NativeMethodAccessorImpl.invoke(NativeMethodAccessorImpl.java:57)
	at sun.reflect.DelegatingMethodAccessorImpl.invoke(DelegatingMethodAccessorImpl.java:43)
	at java.lang.reflect.Method.invoke(Method.java:606)
	at junit.framework.TestCase.runTest(TestCase.java:168)
	at junit.framework.TestCase.runBare(TestCase.java:134)
	at junit.framework.TestResult$1.protect(TestResult.java:110)
	at junit.framework.TestResult.runProtected(TestResult.java:128)
	at junit.framework.TestResult.run(TestResult.java:113)
	at junit.framework.TestCase.run(TestCase.java:124)
	at junit.framework.TestSuite.runTest(TestSuite.java:243)
	at junit.framework.TestSuite.run(TestSuite.java:238)
	at junit.framework.TestSuite.runTest(TestSuite.java:243)
	at junit.framework.TestSuite.run(TestSuite.java:238)
	at junit.textui.TestRunner.doRun(TestRunner.java:116)
	at RandoopTest.main(RandoopTest.java:8)

Dec 10, 2017 11:46:41 PM RandoopTest0 test5
WARNING: "IOP00110226: (BAD_PARAM) Invalid request partitioning id 100, valid values are  - -1"
org.omg.CORBA.BAD_PARAM:   vmcid: SUN  minor code: 226  completed: No
	at com.sun.corba.se.impl.logging.ORBUtilSystemException.invalidRequestPartitioningId(ORBUtilSystemException.java:1848)
	at com.sun.corba.se.impl.logging.ORBUtilSystemException.invalidRequestPartitioningId(ORBUtilSystemException.java:1869)
	at RandoopTest0.test5(RandoopTest0.java:267)
	at sun.reflect.NativeMethodAccessorImpl.invoke0(Native Method)
	at sun.reflect.NativeMethodAccessorImpl.invoke(NativeMethodAccessorImpl.java:57)
	at sun.reflect.DelegatingMethodAccessorImpl.invoke(DelegatingMethodAccessorImpl.java:43)
	at java.lang.reflect.Method.invoke(Method.java:606)
	at junit.framework.TestCase.runTest(TestCase.java:168)
	at junit.framework.TestCase.runBare(TestCase.java:134)
	at junit.framework.TestResult$1.protect(TestResult.java:110)
	at junit.framework.TestResult.runProtected(TestResult.java:128)
	at junit.framework.TestResult.run(TestResult.java:113)
	at junit.framework.TestCase.run(TestCase.java:124)
	at junit.framework.TestSuite.runTest(TestSuite.java:243)
	at junit.framework.TestSuite.run(TestSuite.java:238)
	at junit.framework.TestSuite.runTest(TestSuite.java:243)
	at junit.framework.TestSuite.run(TestSuite.java:238)
	at junit.textui.TestRunner.doRun(TestRunner.java:116)
	at RandoopTest.main(RandoopTest.java:8)
Caused by: java.lang.Throwable: 
	at RandoopTest0.test5(RandoopTest0.java:265)
	... 16 more

Dec 10, 2017 11:46:41 PM RandoopTest0 test5
WARNING: "IOP00110203: (BAD_PARAM) Abstract interface derived from non-abstract interface"
org.omg.CORBA.BAD_PARAM:   vmcid: SUN  minor code: 203  completed: No
	at com.sun.corba.se.impl.logging.ORBUtilSystemException.abstractFromNonAbstract(ORBUtilSystemException.java:1183)
	at com.sun.corba.se.impl.logging.ORBUtilSystemException.abstractFromNonAbstract(ORBUtilSystemException.java:1205)
	at RandoopTest0.test5(RandoopTest0.java:268)
	at sun.reflect.NativeMethodAccessorImpl.invoke0(Native Method)
	at sun.reflect.NativeMethodAccessorImpl.invoke(NativeMethodAccessorImpl.java:57)
	at sun.reflect.DelegatingMethodAccessorImpl.invoke(DelegatingMethodAccessorImpl.java:43)
	at java.lang.reflect.Method.invoke(Method.java:606)
	at junit.framework.TestCase.runTest(TestCase.java:168)
	at junit.framework.TestCase.runBare(TestCase.java:134)
	at junit.framework.TestResult$1.protect(TestResult.java:110)
	at junit.framework.TestResult.runProtected(TestResult.java:128)
	at junit.framework.TestResult.run(TestResult.java:113)
	at junit.framework.TestCase.run(TestCase.java:124)
	at junit.framework.TestSuite.runTest(TestSuite.java:243)
	at junit.framework.TestSuite.run(TestSuite.java:238)
	at junit.framework.TestSuite.runTest(TestSuite.java:243)
	at junit.framework.TestSuite.run(TestSuite.java:238)
	at junit.textui.TestRunner.doRun(TestRunner.java:116)
	at RandoopTest.main(RandoopTest.java:8)

Dec 10, 2017 11:46:41 PM RandoopTest0 test5
WARNING: "IOP00710227: (INTERNAL) byte to character converter failure"
org.omg.CORBA.INTERNAL:   vmcid: SUN  minor code: 227  completed: No
	at com.sun.corba.se.impl.logging.ORBUtilSystemException.btcConverterFailure(ORBUtilSystemException.java:4347)
	at com.sun.corba.se.impl.logging.ORBUtilSystemException.btcConverterFailure(ORBUtilSystemException.java:4369)
	at RandoopTest0.test5(RandoopTest0.java:269)
	at sun.reflect.NativeMethodAccessorImpl.invoke0(Native Method)
	at sun.reflect.NativeMethodAccessorImpl.invoke(NativeMethodAccessorImpl.java:57)
	at sun.reflect.DelegatingMethodAccessorImpl.invoke(DelegatingMethodAccessorImpl.java:43)
	at java.lang.reflect.Method.invoke(Method.java:606)
	at junit.framework.TestCase.runTest(TestCase.java:168)
	at junit.framework.TestCase.runBare(TestCase.java:134)
	at junit.framework.TestResult$1.protect(TestResult.java:110)
	at junit.framework.TestResult.runProtected(TestResult.java:128)
	at junit.framework.TestResult.run(TestResult.java:113)
	at junit.framework.TestCase.run(TestCase.java:124)
	at junit.framework.TestSuite.runTest(TestSuite.java:243)
	at junit.framework.TestSuite.run(TestSuite.java:238)
	at junit.framework.TestSuite.runTest(TestSuite.java:243)
	at junit.framework.TestSuite.run(TestSuite.java:238)
	at junit.textui.TestRunner.doRun(TestRunner.java:116)
	at RandoopTest.main(RandoopTest.java:8)

Dec 10, 2017 11:46:41 PM RandoopTest0 test5
WARNING: "IOP00110219: (BAD_PARAM) Expected a string, but argument was not of String type"
org.omg.CORBA.BAD_PARAM:   vmcid: SUN  minor code: 219  completed: No
	at com.sun.corba.se.impl.logging.ORBUtilSystemException.stringExpected(ORBUtilSystemException.java:1645)
	at com.sun.corba.se.impl.logging.ORBUtilSystemException.stringExpected(ORBUtilSystemException.java:1663)
	at RandoopTest0.test5(RandoopTest0.java:270)
	at sun.reflect.NativeMethodAccessorImpl.invoke0(Native Method)
	at sun.reflect.NativeMethodAccessorImpl.invoke(NativeMethodAccessorImpl.java:57)
	at sun.reflect.DelegatingMethodAccessorImpl.invoke(DelegatingMethodAccessorImpl.java:43)
	at java.lang.reflect.Method.invoke(Method.java:606)
	at junit.framework.TestCase.runTest(TestCase.java:168)
	at junit.framework.TestCase.runBare(TestCase.java:134)
	at junit.framework.TestResult$1.protect(TestResult.java:110)
	at junit.framework.TestResult.runProtected(TestResult.java:128)
	at junit.framework.TestResult.run(TestResult.java:113)
	at junit.framework.TestCase.run(TestCase.java:124)
	at junit.framework.TestSuite.runTest(TestSuite.java:243)
	at junit.framework.TestSuite.run(TestSuite.java:238)
	at junit.framework.TestSuite.runTest(TestSuite.java:243)
	at junit.framework.TestSuite.run(TestSuite.java:238)
	at junit.textui.TestRunner.doRun(TestRunner.java:116)
	at RandoopTest.main(RandoopTest.java:8)
Caused by: org.omg.CORBA.INTERNAL:   vmcid: SUN  minor code: 227  completed: No
	at com.sun.corba.se.impl.logging.ORBUtilSystemException.btcConverterFailure(ORBUtilSystemException.java:4347)
	at com.sun.corba.se.impl.logging.ORBUtilSystemException.btcConverterFailure(ORBUtilSystemException.java:4369)
	at RandoopTest0.test5(RandoopTest0.java:269)
	... 16 more

Dec 10, 2017 11:46:41 PM RandoopTest0 test5
WARNING: "IOP00710330: (INTERNAL) ThreadGroup 10 could not be destroyed"
org.omg.CORBA.INTERNAL:   vmcid: SUN  minor code: 330  completed: No
	at com.sun.corba.se.impl.logging.ORBUtilSystemException.threadGroupDestroyFailed(ORBUtilSystemException.java:6659)
	at com.sun.corba.se.impl.logging.ORBUtilSystemException.threadGroupDestroyFailed(ORBUtilSystemException.java:6682)
	at RandoopTest0.test5(RandoopTest0.java:272)
	at sun.reflect.NativeMethodAccessorImpl.invoke0(Native Method)
	at sun.reflect.NativeMethodAccessorImpl.invoke(NativeMethodAccessorImpl.java:57)
	at sun.reflect.DelegatingMethodAccessorImpl.invoke(DelegatingMethodAccessorImpl.java:43)
	at java.lang.reflect.Method.invoke(Method.java:606)
	at junit.framework.TestCase.runTest(TestCase.java:168)
	at junit.framework.TestCase.runBare(TestCase.java:134)
	at junit.framework.TestResult$1.protect(TestResult.java:110)
	at junit.framework.TestResult.runProtected(TestResult.java:128)
	at junit.framework.TestResult.run(TestResult.java:113)
	at junit.framework.TestCase.run(TestCase.java:124)
	at junit.framework.TestSuite.runTest(TestSuite.java:243)
	at junit.framework.TestSuite.run(TestSuite.java:238)
	at junit.framework.TestSuite.runTest(TestSuite.java:243)
	at junit.framework.TestSuite.run(TestSuite.java:238)
	at junit.textui.TestRunner.doRun(TestRunner.java:116)
	at RandoopTest.main(RandoopTest.java:8)

Dec 10, 2017 11:46:41 PM RandoopTest0 test5
WARNING: "IOP02510201: (OBJECT_NOT_EXIST) Locate response indicated that the object was unknown"
org.omg.CORBA.OBJECT_NOT_EXIST:   vmcid: SUN  minor code: 201  completed: No
	at com.sun.corba.se.impl.logging.ORBUtilSystemException.locateUnknownObject(ORBUtilSystemException.java:8609)
	at com.sun.corba.se.impl.logging.ORBUtilSystemException.locateUnknownObject(ORBUtilSystemException.java:8631)
	at RandoopTest0.test5(RandoopTest0.java:273)
	at sun.reflect.NativeMethodAccessorImpl.invoke0(Native Method)
	at sun.reflect.NativeMethodAccessorImpl.invoke(NativeMethodAccessorImpl.java:57)
	at sun.reflect.DelegatingMethodAccessorImpl.invoke(DelegatingMethodAccessorImpl.java:43)
	at java.lang.reflect.Method.invoke(Method.java:606)
	at junit.framework.TestCase.runTest(TestCase.java:168)
	at junit.framework.TestCase.runBare(TestCase.java:134)
	at junit.framework.TestResult$1.protect(TestResult.java:110)
	at junit.framework.TestResult.runProtected(TestResult.java:128)
	at junit.framework.TestResult.run(TestResult.java:113)
	at junit.framework.TestCase.run(TestCase.java:124)
	at junit.framework.TestSuite.runTest(TestSuite.java:243)
	at junit.framework.TestSuite.run(TestSuite.java:238)
	at junit.framework.TestSuite.runTest(TestSuite.java:243)
	at junit.framework.TestSuite.run(TestSuite.java:238)
	at junit.textui.TestRunner.doRun(TestRunner.java:116)
	at RandoopTest.main(RandoopTest.java:8)

Dec 10, 2017 11:46:41 PM RandoopTest0 test5
WARNING: "IOP00710271: (INTERNAL) Invalid CTB converter org.omg.CORBA.OBJECT_NOT_EXIST:   vmcid: SUN  minor code: 201  completed: No"
org.omg.CORBA.INTERNAL:   vmcid: SUN  minor code: 271  completed: No
	at com.sun.corba.se.impl.logging.ORBUtilSystemException.invalidCtbConverterName(ORBUtilSystemException.java:5531)
	at com.sun.corba.se.impl.logging.ORBUtilSystemException.invalidCtbConverterName(ORBUtilSystemException.java:5554)
	at RandoopTest0.test5(RandoopTest0.java:274)
	at sun.reflect.NativeMethodAccessorImpl.invoke0(Native Method)
	at sun.reflect.NativeMethodAccessorImpl.invoke(NativeMethodAccessorImpl.java:57)
	at sun.reflect.DelegatingMethodAccessorImpl.invoke(DelegatingMethodAccessorImpl.java:43)
	at java.lang.reflect.Method.invoke(Method.java:606)
	at junit.framework.TestCase.runTest(TestCase.java:168)
	at junit.framework.TestCase.runBare(TestCase.java:134)
	at junit.framework.TestResult$1.protect(TestResult.java:110)
	at junit.framework.TestResult.runProtected(TestResult.java:128)
	at junit.framework.TestResult.run(TestResult.java:113)
	at junit.framework.TestCase.run(TestCase.java:124)
	at junit.framework.TestSuite.runTest(TestSuite.java:243)
	at junit.framework.TestSuite.run(TestSuite.java:238)
	at junit.framework.TestSuite.runTest(TestSuite.java:243)
	at junit.framework.TestSuite.run(TestSuite.java:238)
	at junit.textui.TestRunner.doRun(TestRunner.java:116)
	at RandoopTest.main(RandoopTest.java:8)

Dec 10, 2017 11:46:41 PM RandoopTest0 test4
WARNING: "IOP00110226: (BAD_PARAM) Invalid request partitioning id 100, valid values are  - -1"
org.omg.CORBA.BAD_PARAM:   vmcid: SUN  minor code: 226  completed: No
	at com.sun.corba.se.impl.logging.ORBUtilSystemException.invalidRequestPartitioningId(ORBUtilSystemException.java:1848)
	at com.sun.corba.se.impl.logging.ORBUtilSystemException.invalidRequestPartitioningId(ORBUtilSystemException.java:1869)
	at RandoopTest0.test4(RandoopTest0.java:186)
	at sun.reflect.NativeMethodAccessorImpl.invoke0(Native Method)
	at sun.reflect.NativeMethodAccessorImpl.invoke(NativeMethodAccessorImpl.java:57)
	at sun.reflect.DelegatingMethodAccessorImpl.invoke(DelegatingMethodAccessorImpl.java:43)
	at java.lang.reflect.Method.invoke(Method.java:606)
	at junit.framework.TestCase.runTest(TestCase.java:168)
	at junit.framework.TestCase.runBare(TestCase.java:134)
	at junit.framework.TestResult$1.protect(TestResult.java:110)
	at junit.framework.TestResult.runProtected(TestResult.java:128)
	at junit.framework.TestResult.run(TestResult.java:113)
	at junit.framework.TestCase.run(TestCase.java:124)
	at junit.framework.TestSuite.runTest(TestSuite.java:243)
	at junit.framework.TestSuite.run(TestSuite.java:238)
	at junit.framework.TestSuite.runTest(TestSuite.java:243)
	at junit.framework.TestSuite.run(TestSuite.java:238)
	at junit.textui.TestRunner.doRun(TestRunner.java:116)
	at RandoopTest.main(RandoopTest.java:8)
Caused by: java.lang.Throwable: 
	at RandoopTest0.test4(RandoopTest0.java:184)
	... 16 more

Dec 10, 2017 11:46:41 PM RandoopTest0 test4
WARNING: "IOP00810206: (MARSHAL) grow() called on IIOPInputStream"
org.omg.CORBA.MARSHAL:   vmcid: SUN  minor code: 206  completed: No
	at com.sun.corba.se.impl.logging.ORBUtilSystemException.iiopinputstreamGrow(ORBUtilSystemException.java:6862)
	at com.sun.corba.se.impl.logging.ORBUtilSystemException.iiopinputstreamGrow(ORBUtilSystemException.java:6884)
	at RandoopTest0.test4(RandoopTest0.java:187)
	at sun.reflect.NativeMethodAccessorImpl.invoke0(Native Method)
	at sun.reflect.NativeMethodAccessorImpl.invoke(NativeMethodAccessorImpl.java:57)
	at sun.reflect.DelegatingMethodAccessorImpl.invoke(DelegatingMethodAccessorImpl.java:43)
	at java.lang.reflect.Method.invoke(Method.java:606)
	at junit.framework.TestCase.runTest(TestCase.java:168)
	at junit.framework.TestCase.runBare(TestCase.java:134)
	at junit.framework.TestResult$1.protect(TestResult.java:110)
	at junit.framework.TestResult.runProtected(TestResult.java:128)
	at junit.framework.TestResult.run(TestResult.java:113)
	at junit.framework.TestCase.run(TestCase.java:124)
	at junit.framework.TestSuite.runTest(TestSuite.java:243)
	at junit.framework.TestSuite.run(TestSuite.java:238)
	at junit.framework.TestSuite.runTest(TestSuite.java:243)
	at junit.framework.TestSuite.run(TestSuite.java:238)
	at junit.textui.TestRunner.doRun(TestRunner.java:116)
	at RandoopTest.main(RandoopTest.java:8)

Dec 10, 2017 11:46:41 PM RandoopTest0 test4
WARNING: "IOP00710224: (INTERNAL) Fragmentation not allowed for this message type"
org.omg.CORBA.INTERNAL:   vmcid: SUN  minor code: 224  completed: No
	at com.sun.corba.se.impl.logging.ORBUtilSystemException.fragmentationDisallowed(ORBUtilSystemException.java:4263)
	at com.sun.corba.se.impl.logging.ORBUtilSystemException.fragmentationDisallowed(ORBUtilSystemException.java:4285)
	at RandoopTest0.test4(RandoopTest0.java:188)
	at sun.reflect.NativeMethodAccessorImpl.invoke0(Native Method)
	at sun.reflect.NativeMethodAccessorImpl.invoke(NativeMethodAccessorImpl.java:57)
	at sun.reflect.DelegatingMethodAccessorImpl.invoke(DelegatingMethodAccessorImpl.java:43)
	at java.lang.reflect.Method.invoke(Method.java:606)
	at junit.framework.TestCase.runTest(TestCase.java:168)
	at junit.framework.TestCase.runBare(TestCase.java:134)
	at junit.framework.TestResult$1.protect(TestResult.java:110)
	at junit.framework.TestResult.runProtected(TestResult.java:128)
	at junit.framework.TestResult.run(TestResult.java:113)
	at junit.framework.TestCase.run(TestCase.java:124)
	at junit.framework.TestSuite.runTest(TestSuite.java:243)
	at junit.framework.TestSuite.run(TestSuite.java:238)
	at junit.framework.TestSuite.runTest(TestSuite.java:243)
	at junit.framework.TestSuite.run(TestSuite.java:238)
	at junit.textui.TestRunner.doRun(TestRunner.java:116)
	at RandoopTest.main(RandoopTest.java:8)

Dec 10, 2017 11:46:41 PM RandoopTest0 test4
WARNING: "IOP00110226: (BAD_PARAM) Invalid request partitioning id 100, valid values are  - -1"
org.omg.CORBA.BAD_PARAM:   vmcid: SUN  minor code: 226  completed: No
	at com.sun.corba.se.impl.logging.ORBUtilSystemException.invalidRequestPartitioningId(ORBUtilSystemException.java:1848)
	at com.sun.corba.se.impl.logging.ORBUtilSystemException.invalidRequestPartitioningId(ORBUtilSystemException.java:1869)
	at RandoopTest0.test4(RandoopTest0.java:192)
	at sun.reflect.NativeMethodAccessorImpl.invoke0(Native Method)
	at sun.reflect.NativeMethodAccessorImpl.invoke(NativeMethodAccessorImpl.java:57)
	at sun.reflect.DelegatingMethodAccessorImpl.invoke(DelegatingMethodAccessorImpl.java:43)
	at java.lang.reflect.Method.invoke(Method.java:606)
	at junit.framework.TestCase.runTest(TestCase.java:168)
	at junit.framework.TestCase.runBare(TestCase.java:134)
	at junit.framework.TestResult$1.protect(TestResult.java:110)
	at junit.framework.TestResult.runProtected(TestResult.java:128)
	at junit.framework.TestResult.run(TestResult.java:113)
	at junit.framework.TestCase.run(TestCase.java:124)
	at junit.framework.TestSuite.runTest(TestSuite.java:243)
	at junit.framework.TestSuite.run(TestSuite.java:238)
	at junit.framework.TestSuite.runTest(TestSuite.java:243)
	at junit.framework.TestSuite.run(TestSuite.java:238)
	at junit.textui.TestRunner.doRun(TestRunner.java:116)
	at RandoopTest.main(RandoopTest.java:8)
Caused by: java.lang.Throwable: 
	at RandoopTest0.test4(RandoopTest0.java:190)
	... 16 more

Dec 10, 2017 11:46:41 PM RandoopTest0 test4
WARNING: "IOP00110203: (BAD_PARAM) Abstract interface derived from non-abstract interface"
org.omg.CORBA.BAD_PARAM:   vmcid: SUN  minor code: 203  completed: No
	at com.sun.corba.se.impl.logging.ORBUtilSystemException.abstractFromNonAbstract(ORBUtilSystemException.java:1183)
	at com.sun.corba.se.impl.logging.ORBUtilSystemException.abstractFromNonAbstract(ORBUtilSystemException.java:1205)
	at RandoopTest0.test4(RandoopTest0.java:193)
	at sun.reflect.NativeMethodAccessorImpl.invoke0(Native Method)
	at sun.reflect.NativeMethodAccessorImpl.invoke(NativeMethodAccessorImpl.java:57)
	at sun.reflect.DelegatingMethodAccessorImpl.invoke(DelegatingMethodAccessorImpl.java:43)
	at java.lang.reflect.Method.invoke(Method.java:606)
	at junit.framework.TestCase.runTest(TestCase.java:168)
	at junit.framework.TestCase.runBare(TestCase.java:134)
	at junit.framework.TestResult$1.protect(TestResult.java:110)
	at junit.framework.TestResult.runProtected(TestResult.java:128)
	at junit.framework.TestResult.run(TestResult.java:113)
	at junit.framework.TestCase.run(TestCase.java:124)
	at junit.framework.TestSuite.runTest(TestSuite.java:243)
	at junit.framework.TestSuite.run(TestSuite.java:238)
	at junit.framework.TestSuite.runTest(TestSuite.java:243)
	at junit.framework.TestSuite.run(TestSuite.java:238)
	at junit.textui.TestRunner.doRun(TestRunner.java:116)
	at RandoopTest.main(RandoopTest.java:8)

Dec 10, 2017 11:46:41 PM RandoopTest0 test4
WARNING: "IOP00110226: (BAD_PARAM) Invalid request partitioning id 100, valid values are  - -1"
org.omg.CORBA.BAD_PARAM:   vmcid: SUN  minor code: 226  completed: No
	at com.sun.corba.se.impl.logging.ORBUtilSystemException.invalidRequestPartitioningId(ORBUtilSystemException.java:1848)
	at com.sun.corba.se.impl.logging.ORBUtilSystemException.invalidRequestPartitioningId(ORBUtilSystemException.java:1869)
	at RandoopTest0.test4(RandoopTest0.java:197)
	at sun.reflect.NativeMethodAccessorImpl.invoke0(Native Method)
	at sun.reflect.NativeMethodAccessorImpl.invoke(NativeMethodAccessorImpl.java:57)
	at sun.reflect.DelegatingMethodAccessorImpl.invoke(DelegatingMethodAccessorImpl.java:43)
	at java.lang.reflect.Method.invoke(Method.java:606)
	at junit.framework.TestCase.runTest(TestCase.java:168)
	at junit.framework.TestCase.runBare(TestCase.java:134)
	at junit.framework.TestResult$1.protect(TestResult.java:110)
	at junit.framework.TestResult.runProtected(TestResult.java:128)
	at junit.framework.TestResult.run(TestResult.java:113)
	at junit.framework.TestCase.run(TestCase.java:124)
	at junit.framework.TestSuite.runTest(TestSuite.java:243)
	at junit.framework.TestSuite.run(TestSuite.java:238)
	at junit.framework.TestSuite.runTest(TestSuite.java:243)
	at junit.framework.TestSuite.run(TestSuite.java:238)
	at junit.textui.TestRunner.doRun(TestRunner.java:116)
	at RandoopTest.main(RandoopTest.java:8)
Caused by: java.lang.Throwable: 
	at RandoopTest0.test4(RandoopTest0.java:195)
	... 16 more

Dec 10, 2017 11:46:41 PM RandoopTest0 test4
WARNING: "IOP00810206: (MARSHAL) grow() called on IIOPInputStream"
org.omg.CORBA.MARSHAL:   vmcid: SUN  minor code: 206  completed: No
	at com.sun.corba.se.impl.logging.ORBUtilSystemException.iiopinputstreamGrow(ORBUtilSystemException.java:6862)
	at com.sun.corba.se.impl.logging.ORBUtilSystemException.iiopinputstreamGrow(ORBUtilSystemException.java:6884)
	at RandoopTest0.test4(RandoopTest0.java:198)
	at sun.reflect.NativeMethodAccessorImpl.invoke0(Native Method)
	at sun.reflect.NativeMethodAccessorImpl.invoke(NativeMethodAccessorImpl.java:57)
	at sun.reflect.DelegatingMethodAccessorImpl.invoke(DelegatingMethodAccessorImpl.java:43)
	at java.lang.reflect.Method.invoke(Method.java:606)
	at junit.framework.TestCase.runTest(TestCase.java:168)
	at junit.framework.TestCase.runBare(TestCase.java:134)
	at junit.framework.TestResult$1.protect(TestResult.java:110)
	at junit.framework.TestResult.runProtected(TestResult.java:128)
	at junit.framework.TestResult.run(TestResult.java:113)
	at junit.framework.TestCase.run(TestCase.java:124)
	at junit.framework.TestSuite.runTest(TestSuite.java:243)
	at junit.framework.TestSuite.run(TestSuite.java:238)
	at junit.framework.TestSuite.runTest(TestSuite.java:243)
	at junit.framework.TestSuite.run(TestSuite.java:238)
	at junit.textui.TestRunner.doRun(TestRunner.java:116)
	at RandoopTest.main(RandoopTest.java:8)

Dec 10, 2017 11:46:41 PM RandoopTest0 test4
WARNING: "IOP00710205: (INTERNAL) No IIOP profile in server request dispatcher"
org.omg.CORBA.INTERNAL:   vmcid: SUN  minor code: 205  completed: No
	at com.sun.corba.se.impl.logging.ORBUtilSystemException.serverScNoIiopProfile(ORBUtilSystemException.java:3787)
	at com.sun.corba.se.impl.logging.ORBUtilSystemException.serverScNoIiopProfile(ORBUtilSystemException.java:3805)
	at RandoopTest0.test4(RandoopTest0.java:199)
	at sun.reflect.NativeMethodAccessorImpl.invoke0(Native Method)
	at sun.reflect.NativeMethodAccessorImpl.invoke(NativeMethodAccessorImpl.java:57)
	at sun.reflect.DelegatingMethodAccessorImpl.invoke(DelegatingMethodAccessorImpl.java:43)
	at java.lang.reflect.Method.invoke(Method.java:606)
	at junit.framework.TestCase.runTest(TestCase.java:168)
	at junit.framework.TestCase.runBare(TestCase.java:134)
	at junit.framework.TestResult$1.protect(TestResult.java:110)
	at junit.framework.TestResult.runProtected(TestResult.java:128)
	at junit.framework.TestResult.run(TestResult.java:113)
	at junit.framework.TestCase.run(TestCase.java:124)
	at junit.framework.TestSuite.runTest(TestSuite.java:243)
	at junit.framework.TestSuite.run(TestSuite.java:238)
	at junit.framework.TestSuite.runTest(TestSuite.java:243)
	at junit.framework.TestSuite.run(TestSuite.java:238)
	at junit.textui.TestRunner.doRun(TestRunner.java:116)
	at RandoopTest.main(RandoopTest.java:8)
Caused by: org.omg.CORBA.MARSHAL:   vmcid: SUN  minor code: 206  completed: No
	at com.sun.corba.se.impl.logging.ORBUtilSystemException.iiopinputstreamGrow(ORBUtilSystemException.java:6862)
	at com.sun.corba.se.impl.logging.ORBUtilSystemException.iiopinputstreamGrow(ORBUtilSystemException.java:6884)
	at RandoopTest0.test4(RandoopTest0.java:198)
	... 16 more

Dec 10, 2017 11:46:41 PM RandoopTest0 test4
WARNING: "IOP01210242: (BAD_OPERATION) Call to StubAdapter.connect did not pass a stub"
org.omg.CORBA.BAD_OPERATION:   vmcid: SUN  minor code: 242  completed: No
	at com.sun.corba.se.impl.logging.ORBUtilSystemException.connectRequiresStub(ORBUtilSystemException.java:983)
	at com.sun.corba.se.impl.logging.ORBUtilSystemException.connectRequiresStub(ORBUtilSystemException.java:1005)
	at RandoopTest0.test4(RandoopTest0.java:200)
	at sun.reflect.NativeMethodAccessorImpl.invoke0(Native Method)
	at sun.reflect.NativeMethodAccessorImpl.invoke(NativeMethodAccessorImpl.java:57)
	at sun.reflect.DelegatingMethodAccessorImpl.invoke(DelegatingMethodAccessorImpl.java:43)
	at java.lang.reflect.Method.invoke(Method.java:606)
	at junit.framework.TestCase.runTest(TestCase.java:168)
	at junit.framework.TestCase.runBare(TestCase.java:134)
	at junit.framework.TestResult$1.protect(TestResult.java:110)
	at junit.framework.TestResult.runProtected(TestResult.java:128)
	at junit.framework.TestResult.run(TestResult.java:113)
	at junit.framework.TestCase.run(TestCase.java:124)
	at junit.framework.TestSuite.runTest(TestSuite.java:243)
	at junit.framework.TestSuite.run(TestSuite.java:238)
	at junit.framework.TestSuite.runTest(TestSuite.java:243)
	at junit.framework.TestSuite.run(TestSuite.java:238)
	at junit.textui.TestRunner.doRun(TestRunner.java:116)
	at RandoopTest.main(RandoopTest.java:8)

Dec 10, 2017 11:46:41 PM RandoopTest0 test4
WARNING: "IOP00110219: (BAD_PARAM) Expected a string, but argument was not of String type"
org.omg.CORBA.BAD_PARAM:   vmcid: SUN  minor code: 219  completed: No
	at com.sun.corba.se.impl.logging.ORBUtilSystemException.stringExpected(ORBUtilSystemException.java:1645)
	at com.sun.corba.se.impl.logging.ORBUtilSystemException.stringExpected(ORBUtilSystemException.java:1663)
	at RandoopTest0.test4(RandoopTest0.java:201)
	at sun.reflect.NativeMethodAccessorImpl.invoke0(Native Method)
	at sun.reflect.NativeMethodAccessorImpl.invoke(NativeMethodAccessorImpl.java:57)
	at sun.reflect.DelegatingMethodAccessorImpl.invoke(DelegatingMethodAccessorImpl.java:43)
	at java.lang.reflect.Method.invoke(Method.java:606)
	at junit.framework.TestCase.runTest(TestCase.java:168)
	at junit.framework.TestCase.runBare(TestCase.java:134)
	at junit.framework.TestResult$1.protect(TestResult.java:110)
	at junit.framework.TestResult.runProtected(TestResult.java:128)
	at junit.framework.TestResult.run(TestResult.java:113)
	at junit.framework.TestCase.run(TestCase.java:124)
	at junit.framework.TestSuite.runTest(TestSuite.java:243)
	at junit.framework.TestSuite.run(TestSuite.java:238)
	at junit.framework.TestSuite.runTest(TestSuite.java:243)
	at junit.framework.TestSuite.run(TestSuite.java:238)
	at junit.textui.TestRunner.doRun(TestRunner.java:116)
	at RandoopTest.main(RandoopTest.java:8)
Caused by: org.omg.CORBA.BAD_OPERATION:   vmcid: SUN  minor code: 242  completed: No
	at com.sun.corba.se.impl.logging.ORBUtilSystemException.connectRequiresStub(ORBUtilSystemException.java:983)
	at com.sun.corba.se.impl.logging.ORBUtilSystemException.connectRequiresStub(ORBUtilSystemException.java:1005)
	at RandoopTest0.test4(RandoopTest0.java:200)
	... 16 more

Dec 10, 2017 11:46:41 PM RandoopTest0 test3
WARNING: "IOP00110226: (BAD_PARAM) Invalid request partitioning id 100, valid values are  - -1"
org.omg.CORBA.BAD_PARAM:   vmcid: SUN  minor code: 226  completed: No
	at com.sun.corba.se.impl.logging.ORBUtilSystemException.invalidRequestPartitioningId(ORBUtilSystemException.java:1848)
	at com.sun.corba.se.impl.logging.ORBUtilSystemException.invalidRequestPartitioningId(ORBUtilSystemException.java:1869)
	at RandoopTest0.test3(RandoopTest0.java:128)
	at sun.reflect.NativeMethodAccessorImpl.invoke0(Native Method)
	at sun.reflect.NativeMethodAccessorImpl.invoke(NativeMethodAccessorImpl.java:57)
	at sun.reflect.DelegatingMethodAccessorImpl.invoke(DelegatingMethodAccessorImpl.java:43)
	at java.lang.reflect.Method.invoke(Method.java:606)
	at junit.framework.TestCase.runTest(TestCase.java:168)
	at junit.framework.TestCase.runBare(TestCase.java:134)
	at junit.framework.TestResult$1.protect(TestResult.java:110)
	at junit.framework.TestResult.runProtected(TestResult.java:128)
	at junit.framework.TestResult.run(TestResult.java:113)
	at junit.framework.TestCase.run(TestCase.java:124)
	at junit.framework.TestSuite.runTest(TestSuite.java:243)
	at junit.framework.TestSuite.run(TestSuite.java:238)
	at junit.framework.TestSuite.runTest(TestSuite.java:243)
	at junit.framework.TestSuite.run(TestSuite.java:238)
	at junit.textui.TestRunner.doRun(TestRunner.java:116)
	at RandoopTest.main(RandoopTest.java:8)
Caused by: java.lang.Throwable: 
	at RandoopTest0.test3(RandoopTest0.java:126)
	... 16 more

Dec 10, 2017 11:46:41 PM RandoopTest0 test3
WARNING: "IOP00110203: (BAD_PARAM) Abstract interface derived from non-abstract interface"
org.omg.CORBA.BAD_PARAM:   vmcid: SUN  minor code: 203  completed: No
	at com.sun.corba.se.impl.logging.ORBUtilSystemException.abstractFromNonAbstract(ORBUtilSystemException.java:1183)
	at com.sun.corba.se.impl.logging.ORBUtilSystemException.abstractFromNonAbstract(ORBUtilSystemException.java:1205)
	at RandoopTest0.test3(RandoopTest0.java:129)
	at sun.reflect.NativeMethodAccessorImpl.invoke0(Native Method)
	at sun.reflect.NativeMethodAccessorImpl.invoke(NativeMethodAccessorImpl.java:57)
	at sun.reflect.DelegatingMethodAccessorImpl.invoke(DelegatingMethodAccessorImpl.java:43)
	at java.lang.reflect.Method.invoke(Method.java:606)
	at junit.framework.TestCase.runTest(TestCase.java:168)
	at junit.framework.TestCase.runBare(TestCase.java:134)
	at junit.framework.TestResult$1.protect(TestResult.java:110)
	at junit.framework.TestResult.runProtected(TestResult.java:128)
	at junit.framework.TestResult.run(TestResult.java:113)
	at junit.framework.TestCase.run(TestCase.java:124)
	at junit.framework.TestSuite.runTest(TestSuite.java:243)
	at junit.framework.TestSuite.run(TestSuite.java:238)
	at junit.framework.TestSuite.runTest(TestSuite.java:243)
	at junit.framework.TestSuite.run(TestSuite.java:238)
	at junit.textui.TestRunner.doRun(TestRunner.java:116)
	at RandoopTest.main(RandoopTest.java:8)

Dec 10, 2017 11:46:41 PM RandoopTest0 test3
WARNING: "IOP00810233: (MARSHAL) A bad digit was found while marshalling an IDL fixed type"
org.omg.CORBA.MARSHAL:   vmcid: SUN  minor code: 233  completed: No
	at com.sun.corba.se.impl.logging.ORBUtilSystemException.badDigitInFixed(ORBUtilSystemException.java:7603)
	at com.sun.corba.se.impl.logging.ORBUtilSystemException.badDigitInFixed(ORBUtilSystemException.java:7625)
	at RandoopTest0.test3(RandoopTest0.java:131)
	at sun.reflect.NativeMethodAccessorImpl.invoke0(Native Method)
	at sun.reflect.NativeMethodAccessorImpl.invoke(NativeMethodAccessorImpl.java:57)
	at sun.reflect.DelegatingMethodAccessorImpl.invoke(DelegatingMethodAccessorImpl.java:43)
	at java.lang.reflect.Method.invoke(Method.java:606)
	at junit.framework.TestCase.runTest(TestCase.java:168)
	at junit.framework.TestCase.runBare(TestCase.java:134)
	at junit.framework.TestResult$1.protect(TestResult.java:110)
	at junit.framework.TestResult.runProtected(TestResult.java:128)
	at junit.framework.TestResult.run(TestResult.java:113)
	at junit.framework.TestCase.run(TestCase.java:124)
	at junit.framework.TestSuite.runTest(TestSuite.java:243)
	at junit.framework.TestSuite.run(TestSuite.java:238)
	at junit.framework.TestSuite.runTest(TestSuite.java:243)
	at junit.framework.TestSuite.run(TestSuite.java:238)
	at junit.textui.TestRunner.doRun(TestRunner.java:116)
	at RandoopTest.main(RandoopTest.java:8)

Dec 10, 2017 11:46:41 PM RandoopTest0 test3
WARNING: "IOP00110226: (BAD_PARAM) Invalid request partitioning id 100, valid values are  - -1"
org.omg.CORBA.BAD_PARAM:   vmcid: SUN  minor code: 226  completed: No
	at com.sun.corba.se.impl.logging.ORBUtilSystemException.invalidRequestPartitioningId(ORBUtilSystemException.java:1848)
	at com.sun.corba.se.impl.logging.ORBUtilSystemException.invalidRequestPartitioningId(ORBUtilSystemException.java:1869)
	at RandoopTest0.test3(RandoopTest0.java:135)
	at sun.reflect.NativeMethodAccessorImpl.invoke0(Native Method)
	at sun.reflect.NativeMethodAccessorImpl.invoke(NativeMethodAccessorImpl.java:57)
	at sun.reflect.DelegatingMethodAccessorImpl.invoke(DelegatingMethodAccessorImpl.java:43)
	at java.lang.reflect.Method.invoke(Method.java:606)
	at junit.framework.TestCase.runTest(TestCase.java:168)
	at junit.framework.TestCase.runBare(TestCase.java:134)
	at junit.framework.TestResult$1.protect(TestResult.java:110)
	at junit.framework.TestResult.runProtected(TestResult.java:128)
	at junit.framework.TestResult.run(TestResult.java:113)
	at junit.framework.TestCase.run(TestCase.java:124)
	at junit.framework.TestSuite.runTest(TestSuite.java:243)
	at junit.framework.TestSuite.run(TestSuite.java:238)
	at junit.framework.TestSuite.runTest(TestSuite.java:243)
	at junit.framework.TestSuite.run(TestSuite.java:238)
	at junit.textui.TestRunner.doRun(TestRunner.java:116)
	at RandoopTest.main(RandoopTest.java:8)
Caused by: java.lang.Throwable: 
	at RandoopTest0.test3(RandoopTest0.java:133)
	... 16 more

Dec 10, 2017 11:46:41 PM RandoopTest0 test3
WARNING: "IOP00710274: (INTERNAL) BootstrapResolver caught an unexpected ApplicationException"
org.omg.CORBA.INTERNAL:   vmcid: SUN  minor code: 274  completed: No
	at com.sun.corba.se.impl.logging.ORBUtilSystemException.bootstrapApplicationException(ORBUtilSystemException.java:5617)
	at com.sun.corba.se.impl.logging.ORBUtilSystemException.bootstrapApplicationException(ORBUtilSystemException.java:5639)
	at RandoopTest0.test3(RandoopTest0.java:136)
	at sun.reflect.NativeMethodAccessorImpl.invoke0(Native Method)
	at sun.reflect.NativeMethodAccessorImpl.invoke(NativeMethodAccessorImpl.java:57)
	at sun.reflect.DelegatingMethodAccessorImpl.invoke(DelegatingMethodAccessorImpl.java:43)
	at java.lang.reflect.Method.invoke(Method.java:606)
	at junit.framework.TestCase.runTest(TestCase.java:168)
	at junit.framework.TestCase.runBare(TestCase.java:134)
	at junit.framework.TestResult$1.protect(TestResult.java:110)
	at junit.framework.TestResult.runProtected(TestResult.java:128)
	at junit.framework.TestResult.run(TestResult.java:113)
	at junit.framework.TestCase.run(TestCase.java:124)
	at junit.framework.TestSuite.runTest(TestSuite.java:243)
	at junit.framework.TestSuite.run(TestSuite.java:238)
	at junit.framework.TestSuite.runTest(TestSuite.java:243)
	at junit.framework.TestSuite.run(TestSuite.java:238)
	at junit.textui.TestRunner.doRun(TestRunner.java:116)
	at RandoopTest.main(RandoopTest.java:8)

Dec 10, 2017 11:46:41 PM RandoopTest0 test3
WARNING: "IOP00710218: (INTERNAL) multiple IIOP profiles not supported"
org.omg.CORBA.INTERNAL:   vmcid: SUN  minor code: 218  completed: No
	at com.sun.corba.se.impl.logging.ORBUtilSystemException.multIiopProfNotSupported(ORBUtilSystemException.java:4123)
	at com.sun.corba.se.impl.logging.ORBUtilSystemException.multIiopProfNotSupported(ORBUtilSystemException.java:4141)
	at RandoopTest0.test3(RandoopTest0.java:137)
	at sun.reflect.NativeMethodAccessorImpl.invoke0(Native Method)
	at sun.reflect.NativeMethodAccessorImpl.invoke(NativeMethodAccessorImpl.java:57)
	at sun.reflect.DelegatingMethodAccessorImpl.invoke(DelegatingMethodAccessorImpl.java:43)
	at java.lang.reflect.Method.invoke(Method.java:606)
	at junit.framework.TestCase.runTest(TestCase.java:168)
	at junit.framework.TestCase.runBare(TestCase.java:134)
	at junit.framework.TestResult$1.protect(TestResult.java:110)
	at junit.framework.TestResult.runProtected(TestResult.java:128)
	at junit.framework.TestResult.run(TestResult.java:113)
	at junit.framework.TestCase.run(TestCase.java:124)
	at junit.framework.TestSuite.runTest(TestSuite.java:243)
	at junit.framework.TestSuite.run(TestSuite.java:238)
	at junit.framework.TestSuite.runTest(TestSuite.java:243)
	at junit.framework.TestSuite.run(TestSuite.java:238)
	at junit.textui.TestRunner.doRun(TestRunner.java:116)
	at RandoopTest.main(RandoopTest.java:8)
Caused by: org.omg.CORBA.INTERNAL:   vmcid: SUN  minor code: 274  completed: No
	at com.sun.corba.se.impl.logging.ORBUtilSystemException.bootstrapApplicationException(ORBUtilSystemException.java:5617)
	at com.sun.corba.se.impl.logging.ORBUtilSystemException.bootstrapApplicationException(ORBUtilSystemException.java:5639)
	at RandoopTest0.test3(RandoopTest0.java:136)
	... 16 more

Dec 10, 2017 11:46:41 PM RandoopTest0 test3
WARNING: "IOP02510204: (OBJECT_NOT_EXIST) Servant not found"
org.omg.CORBA.OBJECT_NOT_EXIST:   vmcid: SUN  minor code: 204  completed: No
	at com.sun.corba.se.impl.logging.ORBUtilSystemException.servantNotFound(ORBUtilSystemException.java:8693)
	at com.sun.corba.se.impl.logging.ORBUtilSystemException.servantNotFound(ORBUtilSystemException.java:8711)
	at RandoopTest0.test3(RandoopTest0.java:138)
	at sun.reflect.NativeMethodAccessorImpl.invoke0(Native Method)
	at sun.reflect.NativeMethodAccessorImpl.invoke(NativeMethodAccessorImpl.java:57)
	at sun.reflect.DelegatingMethodAccessorImpl.invoke(DelegatingMethodAccessorImpl.java:43)
	at java.lang.reflect.Method.invoke(Method.java:606)
	at junit.framework.TestCase.runTest(TestCase.java:168)
	at junit.framework.TestCase.runBare(TestCase.java:134)
	at junit.framework.TestResult$1.protect(TestResult.java:110)
	at junit.framework.TestResult.runProtected(TestResult.java:128)
	at junit.framework.TestResult.run(TestResult.java:113)
	at junit.framework.TestCase.run(TestCase.java:124)
	at junit.framework.TestSuite.runTest(TestSuite.java:243)
	at junit.framework.TestSuite.run(TestSuite.java:238)
	at junit.framework.TestSuite.runTest(TestSuite.java:243)
	at junit.framework.TestSuite.run(TestSuite.java:238)
	at junit.textui.TestRunner.doRun(TestRunner.java:116)
	at RandoopTest.main(RandoopTest.java:8)
Caused by: org.omg.CORBA.INTERNAL:   vmcid: SUN  minor code: 274  completed: No
	at com.sun.corba.se.impl.logging.ORBUtilSystemException.bootstrapApplicationException(ORBUtilSystemException.java:5617)
	at com.sun.corba.se.impl.logging.ORBUtilSystemException.bootstrapApplicationException(ORBUtilSystemException.java:5639)
	at RandoopTest0.test3(RandoopTest0.java:136)
	... 16 more

Dec 10, 2017 11:46:41 PM RandoopTest0 test2
WARNING: "IOP00710330: (INTERNAL) ThreadGroup 10 could not be destroyed"
org.omg.CORBA.INTERNAL:   vmcid: SUN  minor code: 330  completed: No
	at com.sun.corba.se.impl.logging.ORBUtilSystemException.threadGroupDestroyFailed(ORBUtilSystemException.java:6659)
	at com.sun.corba.se.impl.logging.ORBUtilSystemException.threadGroupDestroyFailed(ORBUtilSystemException.java:6682)
	at RandoopTest0.test2(RandoopTest0.java:40)
	at sun.reflect.NativeMethodAccessorImpl.invoke0(Native Method)
	at sun.reflect.NativeMethodAccessorImpl.invoke(NativeMethodAccessorImpl.java:57)
	at sun.reflect.DelegatingMethodAccessorImpl.invoke(DelegatingMethodAccessorImpl.java:43)
	at java.lang.reflect.Method.invoke(Method.java:606)
	at junit.framework.TestCase.runTest(TestCase.java:168)
	at junit.framework.TestCase.runBare(TestCase.java:134)
	at junit.framework.TestResult$1.protect(TestResult.java:110)
	at junit.framework.TestResult.runProtected(TestResult.java:128)
	at junit.framework.TestResult.run(TestResult.java:113)
	at junit.framework.TestCase.run(TestCase.java:124)
	at junit.framework.TestSuite.runTest(TestSuite.java:243)
	at junit.framework.TestSuite.run(TestSuite.java:238)
	at junit.framework.TestSuite.runTest(TestSuite.java:243)
	at junit.framework.TestSuite.run(TestSuite.java:238)
	at junit.textui.TestRunner.doRun(TestRunner.java:116)
	at RandoopTest.main(RandoopTest.java:8)

Dec 10, 2017 11:46:41 PM RandoopTest0 test2
WARNING: "IOP00710330: (INTERNAL) ThreadGroup 10 could not be destroyed"
org.omg.CORBA.INTERNAL:   vmcid: SUN  minor code: 330  completed: No
	at com.sun.corba.se.impl.logging.ORBUtilSystemException.threadGroupDestroyFailed(ORBUtilSystemException.java:6659)
	at com.sun.corba.se.impl.logging.ORBUtilSystemException.threadGroupDestroyFailed(ORBUtilSystemException.java:6682)
	at RandoopTest0.test2(RandoopTest0.java:42)
	at sun.reflect.NativeMethodAccessorImpl.invoke0(Native Method)
	at sun.reflect.NativeMethodAccessorImpl.invoke(NativeMethodAccessorImpl.java:57)
	at sun.reflect.DelegatingMethodAccessorImpl.invoke(DelegatingMethodAccessorImpl.java:43)
	at java.lang.reflect.Method.invoke(Method.java:606)
	at junit.framework.TestCase.runTest(TestCase.java:168)
	at junit.framework.TestCase.runBare(TestCase.java:134)
	at junit.framework.TestResult$1.protect(TestResult.java:110)
	at junit.framework.TestResult.runProtected(TestResult.java:128)
	at junit.framework.TestResult.run(TestResult.java:113)
	at junit.framework.TestCase.run(TestCase.java:124)
	at junit.framework.TestSuite.runTest(TestSuite.java:243)
	at junit.framework.TestSuite.run(TestSuite.java:238)
	at junit.framework.TestSuite.runTest(TestSuite.java:243)
	at junit.framework.TestSuite.run(TestSuite.java:238)
	at junit.textui.TestRunner.doRun(TestRunner.java:116)
	at RandoopTest.main(RandoopTest.java:8)

Dec 10, 2017 11:46:41 PM RandoopTest0 test2
WARNING: "IOP00110226: (BAD_PARAM) Invalid request partitioning id 100, valid values are  - -1"
org.omg.CORBA.BAD_PARAM:   vmcid: SUN  minor code: 226  completed: No
	at com.sun.corba.se.impl.logging.ORBUtilSystemException.invalidRequestPartitioningId(ORBUtilSystemException.java:1848)
	at com.sun.corba.se.impl.logging.ORBUtilSystemException.invalidRequestPartitioningId(ORBUtilSystemException.java:1869)
	at RandoopTest0.test2(RandoopTest0.java:47)
	at sun.reflect.NativeMethodAccessorImpl.invoke0(Native Method)
	at sun.reflect.NativeMethodAccessorImpl.invoke(NativeMethodAccessorImpl.java:57)
	at sun.reflect.DelegatingMethodAccessorImpl.invoke(DelegatingMethodAccessorImpl.java:43)
	at java.lang.reflect.Method.invoke(Method.java:606)
	at junit.framework.TestCase.runTest(TestCase.java:168)
	at junit.framework.TestCase.runBare(TestCase.java:134)
	at junit.framework.TestResult$1.protect(TestResult.java:110)
	at junit.framework.TestResult.runProtected(TestResult.java:128)
	at junit.framework.TestResult.run(TestResult.java:113)
	at junit.framework.TestCase.run(TestCase.java:124)
	at junit.framework.TestSuite.runTest(TestSuite.java:243)
	at junit.framework.TestSuite.run(TestSuite.java:238)
	at junit.framework.TestSuite.runTest(TestSuite.java:243)
	at junit.framework.TestSuite.run(TestSuite.java:238)
	at junit.textui.TestRunner.doRun(TestRunner.java:116)
	at RandoopTest.main(RandoopTest.java:8)
Caused by: java.lang.Throwable: 
	at RandoopTest0.test2(RandoopTest0.java:45)
	... 16 more

Dec 10, 2017 11:46:41 PM RandoopTest0 test2
WARNING: "IOP00110203: (BAD_PARAM) Abstract interface derived from non-abstract interface"
org.omg.CORBA.BAD_PARAM:   vmcid: SUN  minor code: 203  completed: No
	at com.sun.corba.se.impl.logging.ORBUtilSystemException.abstractFromNonAbstract(ORBUtilSystemException.java:1183)
	at com.sun.corba.se.impl.logging.ORBUtilSystemException.abstractFromNonAbstract(ORBUtilSystemException.java:1205)
	at RandoopTest0.test2(RandoopTest0.java:48)
	at sun.reflect.NativeMethodAccessorImpl.invoke0(Native Method)
	at sun.reflect.NativeMethodAccessorImpl.invoke(NativeMethodAccessorImpl.java:57)
	at sun.reflect.DelegatingMethodAccessorImpl.invoke(DelegatingMethodAccessorImpl.java:43)
	at java.lang.reflect.Method.invoke(Method.java:606)
	at junit.framework.TestCase.runTest(TestCase.java:168)
	at junit.framework.TestCase.runBare(TestCase.java:134)
	at junit.framework.TestResult$1.protect(TestResult.java:110)
	at junit.framework.TestResult.runProtected(TestResult.java:128)
	at junit.framework.TestResult.run(TestResult.java:113)
	at junit.framework.TestCase.run(TestCase.java:124)
	at junit.framework.TestSuite.runTest(TestSuite.java:243)
	at junit.framework.TestSuite.run(TestSuite.java:238)
	at junit.framework.TestSuite.runTest(TestSuite.java:243)
	at junit.framework.TestSuite.run(TestSuite.java:238)
	at junit.textui.TestRunner.doRun(TestRunner.java:116)
	at RandoopTest.main(RandoopTest.java:8)

Dec 10, 2017 11:46:41 PM RandoopTest0 test2
WARNING: "IOP00110226: (BAD_PARAM) Invalid request partitioning id 100, valid values are  - -1"
org.omg.CORBA.BAD_PARAM:   vmcid: SUN  minor code: 226  completed: No
	at com.sun.corba.se.impl.logging.ORBUtilSystemException.invalidRequestPartitioningId(ORBUtilSystemException.java:1848)
	at com.sun.corba.se.impl.logging.ORBUtilSystemException.invalidRequestPartitioningId(ORBUtilSystemException.java:1869)
	at RandoopTest0.test2(RandoopTest0.java:52)
	at sun.reflect.NativeMethodAccessorImpl.invoke0(Native Method)
	at sun.reflect.NativeMethodAccessorImpl.invoke(NativeMethodAccessorImpl.java:57)
	at sun.reflect.DelegatingMethodAccessorImpl.invoke(DelegatingMethodAccessorImpl.java:43)
	at java.lang.reflect.Method.invoke(Method.java:606)
	at junit.framework.TestCase.runTest(TestCase.java:168)
	at junit.framework.TestCase.runBare(TestCase.java:134)
	at junit.framework.TestResult$1.protect(TestResult.java:110)
	at junit.framework.TestResult.runProtected(TestResult.java:128)
	at junit.framework.TestResult.run(TestResult.java:113)
	at junit.framework.TestCase.run(TestCase.java:124)
	at junit.framework.TestSuite.runTest(TestSuite.java:243)
	at junit.framework.TestSuite.run(TestSuite.java:238)
	at junit.framework.TestSuite.runTest(TestSuite.java:243)
	at junit.framework.TestSuite.run(TestSuite.java:238)
	at junit.textui.TestRunner.doRun(TestRunner.java:116)
	at RandoopTest.main(RandoopTest.java:8)
Caused by: java.lang.Throwable: 
	at RandoopTest0.test2(RandoopTest0.java:50)
	... 16 more

Dec 10, 2017 11:46:41 PM RandoopTest0 test2
WARNING: "IOP00810206: (MARSHAL) grow() called on IIOPInputStream"
org.omg.CORBA.MARSHAL:   vmcid: SUN  minor code: 206  completed: No
	at com.sun.corba.se.impl.logging.ORBUtilSystemException.iiopinputstreamGrow(ORBUtilSystemException.java:6862)
	at com.sun.corba.se.impl.logging.ORBUtilSystemException.iiopinputstreamGrow(ORBUtilSystemException.java:6884)
	at RandoopTest0.test2(RandoopTest0.java:53)
	at sun.reflect.NativeMethodAccessorImpl.invoke0(Native Method)
	at sun.reflect.NativeMethodAccessorImpl.invoke(NativeMethodAccessorImpl.java:57)
	at sun.reflect.DelegatingMethodAccessorImpl.invoke(DelegatingMethodAccessorImpl.java:43)
	at java.lang.reflect.Method.invoke(Method.java:606)
	at junit.framework.TestCase.runTest(TestCase.java:168)
	at junit.framework.TestCase.runBare(TestCase.java:134)
	at junit.framework.TestResult$1.protect(TestResult.java:110)
	at junit.framework.TestResult.runProtected(TestResult.java:128)
	at junit.framework.TestResult.run(TestResult.java:113)
	at junit.framework.TestCase.run(TestCase.java:124)
	at junit.framework.TestSuite.runTest(TestSuite.java:243)
	at junit.framework.TestSuite.run(TestSuite.java:238)
	at junit.framework.TestSuite.runTest(TestSuite.java:243)
	at junit.framework.TestSuite.run(TestSuite.java:238)
	at junit.textui.TestRunner.doRun(TestRunner.java:116)
	at RandoopTest.main(RandoopTest.java:8)

Dec 10, 2017 11:46:41 PM RandoopTest0 test2
WARNING: "IOP00710205: (INTERNAL) No IIOP profile in server request dispatcher"
org.omg.CORBA.INTERNAL:   vmcid: SUN  minor code: 205  completed: No
	at com.sun.corba.se.impl.logging.ORBUtilSystemException.serverScNoIiopProfile(ORBUtilSystemException.java:3787)
	at com.sun.corba.se.impl.logging.ORBUtilSystemException.serverScNoIiopProfile(ORBUtilSystemException.java:3805)
	at RandoopTest0.test2(RandoopTest0.java:54)
	at sun.reflect.NativeMethodAccessorImpl.invoke0(Native Method)
	at sun.reflect.NativeMethodAccessorImpl.invoke(NativeMethodAccessorImpl.java:57)
	at sun.reflect.DelegatingMethodAccessorImpl.invoke(DelegatingMethodAccessorImpl.java:43)
	at java.lang.reflect.Method.invoke(Method.java:606)
	at junit.framework.TestCase.runTest(TestCase.java:168)
	at junit.framework.TestCase.runBare(TestCase.java:134)
	at junit.framework.TestResult$1.protect(TestResult.java:110)
	at junit.framework.TestResult.runProtected(TestResult.java:128)
	at junit.framework.TestResult.run(TestResult.java:113)
	at junit.framework.TestCase.run(TestCase.java:124)
	at junit.framework.TestSuite.runTest(TestSuite.java:243)
	at junit.framework.TestSuite.run(TestSuite.java:238)
	at junit.framework.TestSuite.runTest(TestSuite.java:243)
	at junit.framework.TestSuite.run(TestSuite.java:238)
	at junit.textui.TestRunner.doRun(TestRunner.java:116)
	at RandoopTest.main(RandoopTest.java:8)
Caused by: org.omg.CORBA.MARSHAL:   vmcid: SUN  minor code: 206  completed: No
	at com.sun.corba.se.impl.logging.ORBUtilSystemException.iiopinputstreamGrow(ORBUtilSystemException.java:6862)
	at com.sun.corba.se.impl.logging.ORBUtilSystemException.iiopinputstreamGrow(ORBUtilSystemException.java:6884)
	at RandoopTest0.test2(RandoopTest0.java:53)
	... 16 more

Dec 10, 2017 11:46:41 PM RandoopTest0 test2
WARNING: "IOP00710231: (INTERNAL) Invalid GIOP target addressing preference"
org.omg.CORBA.INTERNAL:   vmcid: SUN  minor code: 231  completed: No
	at com.sun.corba.se.impl.logging.ORBUtilSystemException.orbTargetAddrPreferenceInExtractObjectkeyInvalid(ORBUtilSystemException.java:4459)
	at com.sun.corba.se.impl.logging.ORBUtilSystemException.orbTargetAddrPreferenceInExtractObjectkeyInvalid(ORBUtilSystemException.java:4481)
	at RandoopTest0.test2(RandoopTest0.java:55)
	at sun.reflect.NativeMethodAccessorImpl.invoke0(Native Method)
	at sun.reflect.NativeMethodAccessorImpl.invoke(NativeMethodAccessorImpl.java:57)
	at sun.reflect.DelegatingMethodAccessorImpl.invoke(DelegatingMethodAccessorImpl.java:43)
	at java.lang.reflect.Method.invoke(Method.java:606)
	at junit.framework.TestCase.runTest(TestCase.java:168)
	at junit.framework.TestCase.runBare(TestCase.java:134)
	at junit.framework.TestResult$1.protect(TestResult.java:110)
	at junit.framework.TestResult.runProtected(TestResult.java:128)
	at junit.framework.TestResult.run(TestResult.java:113)
	at junit.framework.TestCase.run(TestCase.java:124)
	at junit.framework.TestSuite.runTest(TestSuite.java:243)
	at junit.framework.TestSuite.run(TestSuite.java:238)
	at junit.framework.TestSuite.runTest(TestSuite.java:243)
	at junit.framework.TestSuite.run(TestSuite.java:238)
	at junit.textui.TestRunner.doRun(TestRunner.java:116)
	at RandoopTest.main(RandoopTest.java:8)

Dec 10, 2017 11:46:41 PM RandoopTest0 test2
WARNING: "IOP00710330: (INTERNAL) ThreadGroup 10 could not be destroyed"
org.omg.CORBA.INTERNAL:   vmcid: SUN  minor code: 330  completed: No
	at com.sun.corba.se.impl.logging.ORBUtilSystemException.threadGroupDestroyFailed(ORBUtilSystemException.java:6659)
	at com.sun.corba.se.impl.logging.ORBUtilSystemException.threadGroupDestroyFailed(ORBUtilSystemException.java:6682)
	at RandoopTest0.test2(RandoopTest0.java:57)
	at sun.reflect.NativeMethodAccessorImpl.invoke0(Native Method)
	at sun.reflect.NativeMethodAccessorImpl.invoke(NativeMethodAccessorImpl.java:57)
	at sun.reflect.DelegatingMethodAccessorImpl.invoke(DelegatingMethodAccessorImpl.java:43)
	at java.lang.reflect.Method.invoke(Method.java:606)
	at junit.framework.TestCase.runTest(TestCase.java:168)
	at junit.framework.TestCase.runBare(TestCase.java:134)
	at junit.framework.TestResult$1.protect(TestResult.java:110)
	at junit.framework.TestResult.runProtected(TestResult.java:128)
	at junit.framework.TestResult.run(TestResult.java:113)
	at junit.framework.TestCase.run(TestCase.java:124)
	at junit.framework.TestSuite.runTest(TestSuite.java:243)
	at junit.framework.TestSuite.run(TestSuite.java:238)
	at junit.framework.TestSuite.runTest(TestSuite.java:243)
	at junit.framework.TestSuite.run(TestSuite.java:238)
	at junit.textui.TestRunner.doRun(TestRunner.java:116)
	at RandoopTest.main(RandoopTest.java:8)

Dec 10, 2017 11:46:41 PM RandoopTest0 test2
WARNING: "IOP00810222: (MARSHAL) Received end tag 4, which is less than the expected value com.sun.corba.se.impl.logging.ORBUtilSystemException@6e156bbf"
org.omg.CORBA.MARSHAL:   vmcid: SUN  minor code: 222  completed: No
	at com.sun.corba.se.impl.logging.ORBUtilSystemException.unexpectedEnclosingValuetype(ORBUtilSystemException.java:7289)
	at com.sun.corba.se.impl.logging.ORBUtilSystemException.unexpectedEnclosingValuetype(ORBUtilSystemException.java:7313)
	at RandoopTest0.test2(RandoopTest0.java:58)
	at sun.reflect.NativeMethodAccessorImpl.invoke0(Native Method)
	at sun.reflect.NativeMethodAccessorImpl.invoke(NativeMethodAccessorImpl.java:57)
	at sun.reflect.DelegatingMethodAccessorImpl.invoke(DelegatingMethodAccessorImpl.java:43)
	at java.lang.reflect.Method.invoke(Method.java:606)
	at junit.framework.TestCase.runTest(TestCase.java:168)
	at junit.framework.TestCase.runBare(TestCase.java:134)
	at junit.framework.TestResult$1.protect(TestResult.java:110)
	at junit.framework.TestResult.runProtected(TestResult.java:128)
	at junit.framework.TestResult.run(TestResult.java:113)
	at junit.framework.TestCase.run(TestCase.java:124)
	at junit.framework.TestSuite.runTest(TestSuite.java:243)
	at junit.framework.TestSuite.run(TestSuite.java:238)
	at junit.framework.TestSuite.runTest(TestSuite.java:243)
	at junit.framework.TestSuite.run(TestSuite.java:238)
	at junit.textui.TestRunner.doRun(TestRunner.java:116)
	at RandoopTest.main(RandoopTest.java:8)

Dec 10, 2017 11:46:41 PM RandoopTest0 test2
WARNING: "IOP01210207: (BAD_OPERATION) Expected typecode kind to be one of a but got typecode kind org.omg.CORBA.MARSHAL:   vmcid: SUN  minor code: 222  completed: No"
org.omg.CORBA.BAD_OPERATION:   vmcid: SUN  minor code: 207  completed: No
	at com.sun.corba.se.impl.logging.ORBUtilSystemException.extractWrongTypeList(ORBUtilSystemException.java:245)
	at com.sun.corba.se.impl.logging.ORBUtilSystemException.extractWrongTypeList(ORBUtilSystemException.java:269)
	at RandoopTest0.test2(RandoopTest0.java:59)
	at sun.reflect.NativeMethodAccessorImpl.invoke0(Native Method)
	at sun.reflect.NativeMethodAccessorImpl.invoke(NativeMethodAccessorImpl.java:57)
	at sun.reflect.DelegatingMethodAccessorImpl.invoke(DelegatingMethodAccessorImpl.java:43)
	at java.lang.reflect.Method.invoke(Method.java:606)
	at junit.framework.TestCase.runTest(TestCase.java:168)
	at junit.framework.TestCase.runBare(TestCase.java:134)
	at junit.framework.TestResult$1.protect(TestResult.java:110)
	at junit.framework.TestResult.runProtected(TestResult.java:128)
	at junit.framework.TestResult.run(TestResult.java:113)
	at junit.framework.TestCase.run(TestCase.java:124)
	at junit.framework.TestSuite.runTest(TestSuite.java:243)
	at junit.framework.TestSuite.run(TestSuite.java:238)
	at junit.framework.TestSuite.runTest(TestSuite.java:243)
	at junit.framework.TestSuite.run(TestSuite.java:238)
	at junit.textui.TestRunner.doRun(TestRunner.java:116)
	at RandoopTest.main(RandoopTest.java:8)

Dec 10, 2017 11:46:41 PM RandoopTest0 test1
WARNING: "IOP00110226: (BAD_PARAM) Invalid request partitioning id 100, valid values are  - -1"
org.omg.CORBA.BAD_PARAM:   vmcid: SUN  minor code: 226  completed: No
	at com.sun.corba.se.impl.logging.ORBUtilSystemException.invalidRequestPartitioningId(ORBUtilSystemException.java:1848)
	at com.sun.corba.se.impl.logging.ORBUtilSystemException.invalidRequestPartitioningId(ORBUtilSystemException.java:1869)
	at RandoopTest0.test1(RandoopTest0.java:16)
	at sun.reflect.NativeMethodAccessorImpl.invoke0(Native Method)
	at sun.reflect.NativeMethodAccessorImpl.invoke(NativeMethodAccessorImpl.java:57)
	at sun.reflect.DelegatingMethodAccessorImpl.invoke(DelegatingMethodAccessorImpl.java:43)
	at java.lang.reflect.Method.invoke(Method.java:606)
	at junit.framework.TestCase.runTest(TestCase.java:168)
	at junit.framework.TestCase.runBare(TestCase.java:134)
	at junit.framework.TestResult$1.protect(TestResult.java:110)
	at junit.framework.TestResult.runProtected(TestResult.java:128)
	at junit.framework.TestResult.run(TestResult.java:113)
	at junit.framework.TestCase.run(TestCase.java:124)
	at junit.framework.TestSuite.runTest(TestSuite.java:243)
	at junit.framework.TestSuite.run(TestSuite.java:238)
	at junit.framework.TestSuite.runTest(TestSuite.java:243)
	at junit.framework.TestSuite.run(TestSuite.java:238)
	at junit.textui.TestRunner.doRun(TestRunner.java:116)
	at RandoopTest.main(RandoopTest.java:8)
Caused by: java.lang.Throwable: 
	at RandoopTest0.test1(RandoopTest0.java:14)
	... 16 more

Dec 10, 2017 11:46:41 PM RandoopTest0 test1
WARNING: "IOP00810244: (MARSHAL) TypeCode is of wrong kind to be simple"
org.omg.CORBA.MARSHAL:   vmcid: SUN  minor code: 244  completed: No
	at com.sun.corba.se.impl.logging.ORBUtilSystemException.invalidSimpleTypecode(ORBUtilSystemException.java:7885)
	at com.sun.corba.se.impl.logging.ORBUtilSystemException.invalidSimpleTypecode(ORBUtilSystemException.java:7903)
	at RandoopTest0.test1(RandoopTest0.java:18)
	at sun.reflect.NativeMethodAccessorImpl.invoke0(Native Method)
	at sun.reflect.NativeMethodAccessorImpl.invoke(NativeMethodAccessorImpl.java:57)
	at sun.reflect.DelegatingMethodAccessorImpl.invoke(DelegatingMethodAccessorImpl.java:43)
	at java.lang.reflect.Method.invoke(Method.java:606)
	at junit.framework.TestCase.runTest(TestCase.java:168)
	at junit.framework.TestCase.runBare(TestCase.java:134)
	at junit.framework.TestResult$1.protect(TestResult.java:110)
	at junit.framework.TestResult.runProtected(TestResult.java:128)
	at junit.framework.TestResult.run(TestResult.java:113)
	at junit.framework.TestCase.run(TestCase.java:124)
	at junit.framework.TestSuite.runTest(TestSuite.java:243)
	at junit.framework.TestSuite.run(TestSuite.java:238)
	at junit.framework.TestSuite.runTest(TestSuite.java:243)
	at junit.framework.TestSuite.run(TestSuite.java:238)
	at junit.textui.TestRunner.doRun(TestRunner.java:116)
	at RandoopTest.main(RandoopTest.java:8)
Caused by: java.lang.Throwable: 
	at RandoopTest0.test1(RandoopTest0.java:17)
	... 16 more

