..........E..F...........F.....F......
Time: 5.156
There was 1 error:
1) test25(RandoopTest0)java.lang.IllegalArgumentException: missing provider
	at sun.security.jca.GetInstance.getService(GetInstance.java:79)
	at javax.crypto.JceSecurity.getInstance(JceSecurity.java:97)
	at javax.crypto.Mac.getInstance(Mac.java:216)
	at RandoopTest0.test25(RandoopTest0.java:424)
	at sun.reflect.NativeMethodAccessorImpl.invoke0(Native Method)
	at sun.reflect.NativeMethodAccessorImpl.invoke(NativeMethodAccessorImpl.java:57)
	at sun.reflect.DelegatingMethodAccessorImpl.invoke(DelegatingMethodAccessorImpl.java:43)
	at RandoopTest.main(RandoopTest.java:8)
There were 3 failures:
1) test23(RandoopTest0)junit.framework.AssertionFailedError: 'ÿ' != '?'
	at RandoopTest0.test23(RandoopTest0.java:392)
	at sun.reflect.NativeMethodAccessorImpl.invoke0(Native Method)
	at sun.reflect.NativeMethodAccessorImpl.invoke(NativeMethodAccessorImpl.java:57)
	at sun.reflect.DelegatingMethodAccessorImpl.invoke(DelegatingMethodAccessorImpl.java:43)
	at RandoopTest.main(RandoopTest.java:8)
2) test12(RandoopTest0)junit.framework.AssertionFailedError: 'ÿ' != '?'
	at RandoopTest0.test12(RandoopTest0.java:207)
	at sun.reflect.NativeMethodAccessorImpl.invoke0(Native Method)
	at sun.reflect.NativeMethodAccessorImpl.invoke(NativeMethodAccessorImpl.java:57)
	at sun.reflect.DelegatingMethodAccessorImpl.invoke(DelegatingMethodAccessorImpl.java:43)
	at RandoopTest.main(RandoopTest.java:8)
3) test7(RandoopTest0)junit.framework.AssertionFailedError: 'ÿ' != '?'
	at RandoopTest0.test7(RandoopTest0.java:118)
	at sun.reflect.NativeMethodAccessorImpl.invoke0(Native Method)
	at sun.reflect.NativeMethodAccessorImpl.invoke(NativeMethodAccessorImpl.java:57)
	at sun.reflect.DelegatingMethodAccessorImpl.invoke(DelegatingMethodAccessorImpl.java:43)
	at RandoopTest.main(RandoopTest.java:8)

FAILURES!!!
Tests run: 34,  Failures: 3,  Errors: 1

Cycle length is4
before
after
Reached this
# of deadlocks detected 0
THE SIZE OF THE TRACE OMEN 28420
Exiting analysis
