.................E..........
Time: 5.15
There was 1 error:
1) test11(RandoopTest0)java.security.NoSuchProviderException: no such provider: sun.reflect.Reflection
	at sun.security.jca.GetInstance.getService(GetInstance.java:83)
	at javax.crypto.JceSecurity.getInstance(JceSecurity.java:97)
	at javax.crypto.KeyAgreement.getInstance(KeyAgreement.java:223)
	at RandoopTest0.test11(RandoopTest0.java:230)
	at sun.reflect.NativeMethodAccessorImpl.invoke0(Native Method)
	at sun.reflect.NativeMethodAccessorImpl.invoke(NativeMethodAccessorImpl.java:57)
	at sun.reflect.DelegatingMethodAccessorImpl.invoke(DelegatingMethodAccessorImpl.java:43)
	at RandoopTest.main(RandoopTest.java:8)

FAILURES!!!
Tests run: 27,  Failures: 0,  Errors: 1

Cycle length is4
before
after
Reached this
# of deadlocks detected 0
THE SIZE OF THE TRACE OMEN 20747
Exiting analysis
