...E..F...F..E.....E..E..F................
Time: 0.11
There were 4 errors:
1) test33(RandoopTest0)java.lang.NullPointerException
	at RandoopTest0.test33(RandoopTest0.java:591)
	at sun.reflect.NativeMethodAccessorImpl.invoke0(Native Method)
	at sun.reflect.NativeMethodAccessorImpl.invoke(NativeMethodAccessorImpl.java:57)
	at sun.reflect.DelegatingMethodAccessorImpl.invoke(DelegatingMethodAccessorImpl.java:43)
	at RandoopTest.main(RandoopTest.java:8)
2) test26(RandoopTest0)java.lang.NullPointerException
	at RandoopTest0.test26(RandoopTest0.java:429)
	at sun.reflect.NativeMethodAccessorImpl.invoke0(Native Method)
	at sun.reflect.NativeMethodAccessorImpl.invoke(NativeMethodAccessorImpl.java:57)
	at sun.reflect.DelegatingMethodAccessorImpl.invoke(DelegatingMethodAccessorImpl.java:43)
	at RandoopTest.main(RandoopTest.java:8)
3) test21(RandoopTest0)java.security.cert.CertificateException: Input stream must be either DER-encoded bytes or RFC1421 hex-encoded DER-encoded bytes: Detect premature EOF
	at sun.security.x509.X509CertImpl.<init>(X509CertImpl.java:231)
	at RandoopTest0.test21(RandoopTest0.java:347)
	at sun.reflect.NativeMethodAccessorImpl.invoke0(Native Method)
	at sun.reflect.NativeMethodAccessorImpl.invoke(NativeMethodAccessorImpl.java:57)
	at sun.reflect.DelegatingMethodAccessorImpl.invoke(DelegatingMethodAccessorImpl.java:43)
	at RandoopTest.main(RandoopTest.java:8)
Caused by: java.io.EOFException: Detect premature EOF
	at sun.misc.IOUtils.readFully(IOUtils.java:68)
	at sun.security.util.DerValue.init(DerValue.java:386)
	at sun.security.util.DerValue.<init>(DerValue.java:320)
	at sun.security.x509.X509CertImpl.<init>(X509CertImpl.java:229)
	... 17 more
4) test19(RandoopTest0)java.util.zip.ZipException: zip file is empty
	at java.util.zip.ZipFile.open(Native Method)
	at java.util.zip.ZipFile.<init>(ZipFile.java:215)
	at java.util.zip.ZipFile.<init>(ZipFile.java:145)
	at java.util.jar.JarFile.<init>(JarFile.java:154)
	at java.util.jar.JarFile.<init>(JarFile.java:91)
	at RandoopTest0.test19(RandoopTest0.java:318)
	at sun.reflect.NativeMethodAccessorImpl.invoke0(Native Method)
	at sun.reflect.NativeMethodAccessorImpl.invoke(NativeMethodAccessorImpl.java:57)
	at sun.reflect.DelegatingMethodAccessorImpl.invoke(DelegatingMethodAccessorImpl.java:43)
	at RandoopTest.main(RandoopTest.java:8)
There were 3 failures:
1) test31(RandoopTest0)junit.framework.AssertionFailedError: null
	at RandoopTest0.test31(RandoopTest0.java:538)
	at sun.reflect.NativeMethodAccessorImpl.invoke0(Native Method)
	at sun.reflect.NativeMethodAccessorImpl.invoke(NativeMethodAccessorImpl.java:57)
	at sun.reflect.DelegatingMethodAccessorImpl.invoke(DelegatingMethodAccessorImpl.java:43)
	at RandoopTest.main(RandoopTest.java:8)
2) test28(RandoopTest0)junit.framework.AssertionFailedError: null
	at RandoopTest0.test28(RandoopTest0.java:479)
	at sun.reflect.NativeMethodAccessorImpl.invoke0(Native Method)
	at sun.reflect.NativeMethodAccessorImpl.invoke(NativeMethodAccessorImpl.java:57)
	at sun.reflect.DelegatingMethodAccessorImpl.invoke(DelegatingMethodAccessorImpl.java:43)
	at RandoopTest.main(RandoopTest.java:8)
3) test17(RandoopTest0)junit.framework.AssertionFailedError: null
	at RandoopTest0.test17(RandoopTest0.java:294)
	at sun.reflect.NativeMethodAccessorImpl.invoke0(Native Method)
	at sun.reflect.NativeMethodAccessorImpl.invoke(NativeMethodAccessorImpl.java:57)
	at sun.reflect.DelegatingMethodAccessorImpl.invoke(DelegatingMethodAccessorImpl.java:43)
	at RandoopTest.main(RandoopTest.java:8)

FAILURES!!!
Tests run: 35,  Failures: 3,  Errors: 4

Cycle length is4
before
after
Reached this
# of deadlocks detected 0
THE SIZE OF THE TRACE OMEN 35145
Exiting analysis
