...F..........E....thread -1
.....E..........
Time: 5.125
There were 2 errors:
1) test20(RandoopTest0)java.io.FileNotFoundException: hi! (Is a directory)
	at java.io.FileOutputStream.open(Native Method)
	at java.io.FileOutputStream.<init>(FileOutputStream.java:221)
	at java.io.FileOutputStream.<init>(FileOutputStream.java:110)
	at java.io.PrintStream.<init>(PrintStream.java:208)
	at RandoopTest0.test20(RandoopTest0.java:315)
	at sun.reflect.NativeMethodAccessorImpl.invoke0(Native Method)
	at sun.reflect.NativeMethodAccessorImpl.invoke(NativeMethodAccessorImpl.java:57)
	at sun.reflect.DelegatingMethodAccessorImpl.invoke(DelegatingMethodAccessorImpl.java:43)
	at RandoopTest.main(RandoopTest.java:8)
2) test11(RandoopTest0)java.io.FileNotFoundException: hi! (Is a directory)
	at java.io.FileOutputStream.open(Native Method)
	at java.io.FileOutputStream.<init>(FileOutputStream.java:221)
	at java.io.FileOutputStream.<init>(FileOutputStream.java:110)
	at java.io.PrintStream.<init>(PrintStream.java:208)
	at RandoopTest0.test11(RandoopTest0.java:171)
	at sun.reflect.NativeMethodAccessorImpl.invoke0(Native Method)
	at sun.reflect.NativeMethodAccessorImpl.invoke(NativeMethodAccessorImpl.java:57)
	at sun.reflect.DelegatingMethodAccessorImpl.invoke(DelegatingMethodAccessorImpl.java:43)
	at RandoopTest.main(RandoopTest.java:8)
There was 1 failure:
1) test30(RandoopTest0)junit.framework.AssertionFailedError: Expected exception of type java.lang.NoClassDefFoundError
	at RandoopTest0.test30(RandoopTest0.java:457)
	at sun.reflect.NativeMethodAccessorImpl.invoke0(Native Method)
	at sun.reflect.NativeMethodAccessorImpl.invoke(NativeMethodAccessorImpl.java:57)
	at sun.reflect.DelegatingMethodAccessorImpl.invoke(DelegatingMethodAccessorImpl.java:43)
	at RandoopTest.main(RandoopTest.java:8)

FAILURES!!!
Tests run: 32,  Failures: 1,  Errors: 2

Cycle length is4
before
after
Reached this
# of deadlocks detected 0
THE SIZE OF THE TRACE OMEN 25100
Exiting analysis
