........F...........E...E...E...
Time: 5.183
There were 3 errors:
1) test10(RandoopTest0)java.security.NoSuchAlgorithmException: Algorithm  not available
	at javax.crypto.JceSecurity.getInstance(JceSecurity.java:136)
	at javax.crypto.ExemptionMechanism.getInstance(ExemptionMechanism.java:136)
	at RandoopTest0.test10(RandoopTest0.java:169)
	at sun.reflect.NativeMethodAccessorImpl.invoke0(Native Method)
	at sun.reflect.NativeMethodAccessorImpl.invoke(NativeMethodAccessorImpl.java:57)
	at sun.reflect.DelegatingMethodAccessorImpl.invoke(DelegatingMethodAccessorImpl.java:43)
	at RandoopTest.main(RandoopTest.java:8)
2) test7(RandoopTest0)java.security.NoSuchProviderException: no such provider: hi!
	at sun.security.jca.GetInstance.getService(GetInstance.java:83)
	at javax.crypto.JceSecurity.getInstance(JceSecurity.java:97)
	at javax.crypto.ExemptionMechanism.getInstance(ExemptionMechanism.java:184)
	at RandoopTest0.test7(RandoopTest0.java:112)
	at sun.reflect.NativeMethodAccessorImpl.invoke0(Native Method)
	at sun.reflect.NativeMethodAccessorImpl.invoke(NativeMethodAccessorImpl.java:57)
	at sun.reflect.DelegatingMethodAccessorImpl.invoke(DelegatingMethodAccessorImpl.java:43)
	at RandoopTest.main(RandoopTest.java:8)
3) test4(RandoopTest0)java.security.NoSuchAlgorithmException: Algorithm hi! not available
	at javax.crypto.JceSecurity.getInstance(JceSecurity.java:136)
	at javax.crypto.ExemptionMechanism.getInstance(ExemptionMechanism.java:136)
	at RandoopTest0.test4(RandoopTest0.java:64)
	at sun.reflect.NativeMethodAccessorImpl.invoke0(Native Method)
	at sun.reflect.NativeMethodAccessorImpl.invoke(NativeMethodAccessorImpl.java:57)
	at sun.reflect.DelegatingMethodAccessorImpl.invoke(DelegatingMethodAccessorImpl.java:43)
	at RandoopTest.main(RandoopTest.java:8)
There was 1 failure:
1) test21(RandoopTest0)junit.framework.AssertionFailedError: Expected exception of type java.lang.NoClassDefFoundError
	at RandoopTest0.test21(RandoopTest0.java:418)
	at sun.reflect.NativeMethodAccessorImpl.invoke0(Native Method)
	at sun.reflect.NativeMethodAccessorImpl.invoke(NativeMethodAccessorImpl.java:57)
	at sun.reflect.DelegatingMethodAccessorImpl.invoke(DelegatingMethodAccessorImpl.java:43)
	at RandoopTest.main(RandoopTest.java:8)

FAILURES!!!
Tests run: 28,  Failures: 1,  Errors: 3

Cycle length is4
before
after
Reached this
# of deadlocks detected 0
THE SIZE OF THE TRACE OMEN 25268
Exiting analysis
