.....E.........................
Time: 0.118
There was 1 error:
1) test26(RandoopTest0)java.lang.NullPointerException: X.509 cert is incomplete
	at sun.security.x509.X509CertInfo.toString(X509CertInfo.java:301)
	at RandoopTest0.test26(RandoopTest0.java:448)
	at sun.reflect.NativeMethodAccessorImpl.invoke0(Native Method)
	at sun.reflect.NativeMethodAccessorImpl.invoke(NativeMethodAccessorImpl.java:57)
	at sun.reflect.DelegatingMethodAccessorImpl.invoke(DelegatingMethodAccessorImpl.java:43)
	at RandoopTest.main(RandoopTest.java:8)

FAILURES!!!
Tests run: 30,  Failures: 0,  Errors: 1

Cycle length is4
before
after
Reached this
# of deadlocks detected 0
THE SIZE OF THE TRACE OMEN 21104
Exiting analysis
