....E.E..F...F.E....F......E.F.E.....
Time: 0.088
There were 5 errors:
1) test25(RandoopTest0)java.io.FileNotFoundException: hi! (Is a directory)
	at java.io.FileOutputStream.open(Native Method)
	at java.io.FileOutputStream.<init>(FileOutputStream.java:221)
	at java.io.FileOutputStream.<init>(FileOutputStream.java:110)
	at java.io.PrintStream.<init>(PrintStream.java:208)
	at RandoopTest0.test25(RandoopTest0.java:511)
	at sun.reflect.NativeMethodAccessorImpl.invoke0(Native Method)
	at sun.reflect.NativeMethodAccessorImpl.invoke(NativeMethodAccessorImpl.java:57)
	at sun.reflect.DelegatingMethodAccessorImpl.invoke(DelegatingMethodAccessorImpl.java:43)
	at RandoopTest.main(RandoopTest.java:8)
2) test24(RandoopTest0)java.io.FileNotFoundException: hi! (Is a directory)
	at java.io.FileOutputStream.open(Native Method)
	at java.io.FileOutputStream.<init>(FileOutputStream.java:221)
	at java.io.FileOutputStream.<init>(FileOutputStream.java:110)
	at java.io.PrintStream.<init>(PrintStream.java:208)
	at RandoopTest0.test24(RandoopTest0.java:481)
	at sun.reflect.NativeMethodAccessorImpl.invoke0(Native Method)
	at sun.reflect.NativeMethodAccessorImpl.invoke(NativeMethodAccessorImpl.java:57)
	at sun.reflect.DelegatingMethodAccessorImpl.invoke(DelegatingMethodAccessorImpl.java:43)
	at RandoopTest.main(RandoopTest.java:8)
3) test18(RandoopTest0)java.io.FileNotFoundException: hi! (Is a directory)
	at java.io.FileOutputStream.open(Native Method)
	at java.io.FileOutputStream.<init>(FileOutputStream.java:221)
	at java.io.FileOutputStream.<init>(FileOutputStream.java:110)
	at java.io.PrintStream.<init>(PrintStream.java:208)
	at RandoopTest0.test18(RandoopTest0.java:373)
	at sun.reflect.NativeMethodAccessorImpl.invoke0(Native Method)
	at sun.reflect.NativeMethodAccessorImpl.invoke(NativeMethodAccessorImpl.java:57)
	at sun.reflect.DelegatingMethodAccessorImpl.invoke(DelegatingMethodAccessorImpl.java:43)
	at RandoopTest.main(RandoopTest.java:8)
4) test8(RandoopTest0)java.io.FileNotFoundException: hi! (Is a directory)
	at java.io.FileOutputStream.open(Native Method)
	at java.io.FileOutputStream.<init>(FileOutputStream.java:221)
	at java.io.FileOutputStream.<init>(FileOutputStream.java:110)
	at java.io.PrintStream.<init>(PrintStream.java:208)
	at RandoopTest0.test8(RandoopTest0.java:128)
	at sun.reflect.NativeMethodAccessorImpl.invoke0(Native Method)
	at sun.reflect.NativeMethodAccessorImpl.invoke(NativeMethodAccessorImpl.java:57)
	at sun.reflect.DelegatingMethodAccessorImpl.invoke(DelegatingMethodAccessorImpl.java:43)
	at RandoopTest.main(RandoopTest.java:8)
5) test6(RandoopTest0)java.io.FileNotFoundException: hi! (Is a directory)
	at java.io.FileOutputStream.open(Native Method)
	at java.io.FileOutputStream.<init>(FileOutputStream.java:221)
	at java.io.FileOutputStream.<init>(FileOutputStream.java:110)
	at java.io.PrintStream.<init>(PrintStream.java:208)
	at RandoopTest0.test6(RandoopTest0.java:100)
	at sun.reflect.NativeMethodAccessorImpl.invoke0(Native Method)
	at sun.reflect.NativeMethodAccessorImpl.invoke(NativeMethodAccessorImpl.java:57)
	at sun.reflect.DelegatingMethodAccessorImpl.invoke(DelegatingMethodAccessorImpl.java:43)
	at RandoopTest.main(RandoopTest.java:8)
There were 4 failures:
1) test22(RandoopTest0)junit.framework.AssertionFailedError: null
	at RandoopTest0.test22(RandoopTest0.java:453)
	at sun.reflect.NativeMethodAccessorImpl.invoke0(Native Method)
	at sun.reflect.NativeMethodAccessorImpl.invoke(NativeMethodAccessorImpl.java:57)
	at sun.reflect.DelegatingMethodAccessorImpl.invoke(DelegatingMethodAccessorImpl.java:43)
	at RandoopTest.main(RandoopTest.java:8)
2) test19(RandoopTest0)junit.framework.AssertionFailedError: null
	at RandoopTest0.test19(RandoopTest0.java:389)
	at sun.reflect.NativeMethodAccessorImpl.invoke0(Native Method)
	at sun.reflect.NativeMethodAccessorImpl.invoke(NativeMethodAccessorImpl.java:57)
	at sun.reflect.DelegatingMethodAccessorImpl.invoke(DelegatingMethodAccessorImpl.java:43)
	at RandoopTest.main(RandoopTest.java:8)
3) test14(RandoopTest0)junit.framework.AssertionFailedError: null
	at RandoopTest0.test14(RandoopTest0.java:328)
	at sun.reflect.NativeMethodAccessorImpl.invoke0(Native Method)
	at sun.reflect.NativeMethodAccessorImpl.invoke(NativeMethodAccessorImpl.java:57)
	at sun.reflect.DelegatingMethodAccessorImpl.invoke(DelegatingMethodAccessorImpl.java:43)
	at RandoopTest.main(RandoopTest.java:8)
4) test7(RandoopTest0)junit.framework.AssertionFailedError: null
	at RandoopTest0.test7(RandoopTest0.java:119)
	at sun.reflect.NativeMethodAccessorImpl.invoke0(Native Method)
	at sun.reflect.NativeMethodAccessorImpl.invoke(NativeMethodAccessorImpl.java:57)
	at sun.reflect.DelegatingMethodAccessorImpl.invoke(DelegatingMethodAccessorImpl.java:43)
	at RandoopTest.main(RandoopTest.java:8)

FAILURES!!!
Tests run: 28,  Failures: 4,  Errors: 5

Cycle length is4
before
after
Reached this
# of deadlocks detected 0
THE SIZE OF THE TRACE OMEN 35885
Exiting analysis
