.........F............E..E.F....F...
Time: 0.401
There were 2 errors:
1) test11(RandoopTest0)java.lang.ExceptionInInitializerError
	at sun.awt.X11.XAtom.get(XAtom.java:178)
	at sun.awt.X11.XEmbedHelper.<init>(XEmbedHelper.java:84)
	at sun.awt.X11.XEmbedServerTester.<init>(XEmbedServerTester.java:44)
	at sun.awt.X11.XEmbedServerTester.getTester(XEmbedServerTester.java:88)
	at RandoopTest0.test11(RandoopTest0.java:166)
	at sun.reflect.NativeMethodAccessorImpl.invoke0(Native Method)
	at sun.reflect.NativeMethodAccessorImpl.invoke(NativeMethodAccessorImpl.java:57)
	at sun.reflect.DelegatingMethodAccessorImpl.invoke(DelegatingMethodAccessorImpl.java:43)
	at RandoopTest.main(RandoopTest.java:8)
Caused by: java.lang.ClassCastException: sun.awt.CGraphicsEnvironment cannot be cast to sun.awt.X11GraphicsEnvironment
	at sun.awt.X11.XToolkit.<clinit>(XToolkit.java:120)
	... 21 more
2) test9(RandoopTest0)java.lang.NullPointerException
	at sun.font.FontDesignMetrics.getDefaultFrc(FontDesignMetrics.java:153)
	at sun.font.FontDesignMetrics.getMetrics(FontDesignMetrics.java:278)
	at sun.swing.SwingUtilities2.getFontMetrics(SwingUtilities2.java:1030)
	at javax.swing.JComponent.getFontMetrics(JComponent.java:1625)
	at javax.swing.text.PlainView.calculateLongestLine(PlainView.java:639)
	at javax.swing.text.PlainView.updateMetrics(PlainView.java:209)
	at javax.swing.text.PlainView.getPreferredSpan(PlainView.java:228)
	at javax.swing.text.FieldView.getPreferredSpan(FieldView.java:235)
	at javax.swing.text.View.getMinimumSpan(View.java:251)
	at javax.swing.plaf.basic.BasicTextUI$RootView.getMinimumSpan(BasicTextUI.java:1369)
	at javax.swing.plaf.basic.BasicTextUI.getMinimumSize(BasicTextUI.java:946)
	at javax.swing.JComponent.getMinimumSize(JComponent.java:1743)
	at com.apple.laf.AquaFileChooserUI.installComponents(AquaFileChooserUI.java:1444)
	at com.apple.laf.AquaFileChooserUI.installUI(AquaFileChooserUI.java:144)
	at javax.swing.JComponent.setUI(JComponent.java:665)
	at javax.swing.JFileChooser.updateUI(JFileChooser.java:1803)
	at javax.swing.JFileChooser.setup(JFileChooser.java:370)
	at javax.swing.JFileChooser.<init>(JFileChooser.java:343)
	at javax.swing.JFileChooser.<init>(JFileChooser.java:326)
	at RandoopTest0.test9(RandoopTest0.java:144)
	at sun.reflect.NativeMethodAccessorImpl.invoke0(Native Method)
	at sun.reflect.NativeMethodAccessorImpl.invoke(NativeMethodAccessorImpl.java:57)
	at sun.reflect.DelegatingMethodAccessorImpl.invoke(DelegatingMethodAccessorImpl.java:43)
	at RandoopTest.main(RandoopTest.java:8)
There were 3 failures:
1) test23(RandoopTest0)junit.framework.AssertionFailedError: null
	at RandoopTest0.test23(RandoopTest0.java:382)
	at sun.reflect.NativeMethodAccessorImpl.invoke0(Native Method)
	at sun.reflect.NativeMethodAccessorImpl.invoke(NativeMethodAccessorImpl.java:57)
	at sun.reflect.DelegatingMethodAccessorImpl.invoke(DelegatingMethodAccessorImpl.java:43)
	at RandoopTest.main(RandoopTest.java:8)
2) test8(RandoopTest0)junit.framework.AssertionFailedError: null
	at RandoopTest0.test8(RandoopTest0.java:131)
	at sun.reflect.NativeMethodAccessorImpl.invoke0(Native Method)
	at sun.reflect.NativeMethodAccessorImpl.invoke(NativeMethodAccessorImpl.java:57)
	at sun.reflect.DelegatingMethodAccessorImpl.invoke(DelegatingMethodAccessorImpl.java:43)
	at RandoopTest.main(RandoopTest.java:8)
3) test4(RandoopTest0)junit.framework.AssertionFailedError: null
	at RandoopTest0.test4(RandoopTest0.java:59)
	at sun.reflect.NativeMethodAccessorImpl.invoke0(Native Method)
	at sun.reflect.NativeMethodAccessorImpl.invoke(NativeMethodAccessorImpl.java:57)
	at sun.reflect.DelegatingMethodAccessorImpl.invoke(DelegatingMethodAccessorImpl.java:43)
	at RandoopTest.main(RandoopTest.java:8)

FAILURES!!!
Tests run: 31,  Failures: 3,  Errors: 2

Cycle length is4
before
after
Reached this
# of deadlocks detected 0
THE SIZE OF THE TRACE OMEN 30698
Exiting analysis
