..E.......F.......................
Time: 0.087
There was 1 error:
1) test31(RandoopTest0)java.io.FileNotFoundException: hi! (Is a directory)
	at java.io.FileOutputStream.open(Native Method)
	at java.io.FileOutputStream.<init>(FileOutputStream.java:221)
	at java.io.FileOutputStream.<init>(FileOutputStream.java:110)
	at java.util.Formatter.<init>(Formatter.java:1976)
	at RandoopTest0.test31(RandoopTest0.java:418)
	at sun.reflect.NativeMethodAccessorImpl.invoke0(Native Method)
	at sun.reflect.NativeMethodAccessorImpl.invoke(NativeMethodAccessorImpl.java:57)
	at sun.reflect.DelegatingMethodAccessorImpl.invoke(DelegatingMethodAccessorImpl.java:43)
	at RandoopTest.main(RandoopTest.java:8)
There was 1 failure:
1) test24(RandoopTest0)junit.framework.AssertionFailedError: null
	at RandoopTest0.test24(RandoopTest0.java:319)
	at sun.reflect.NativeMethodAccessorImpl.invoke0(Native Method)
	at sun.reflect.NativeMethodAccessorImpl.invoke(NativeMethodAccessorImpl.java:57)
	at sun.reflect.DelegatingMethodAccessorImpl.invoke(DelegatingMethodAccessorImpl.java:43)
	at RandoopTest.main(RandoopTest.java:8)

FAILURES!!!
Tests run: 32,  Failures: 1,  Errors: 1

Cycle length is4
before
after
Reached this
# of deadlocks detected 0
THE SIZE OF THE TRACE OMEN 23128
Exiting analysis
