.....E.......E.......F...................
Time: 5.192
There were 2 errors:
1) test34(RandoopTest0)java.net.MalformedURLException: no protocol: {}
	at java.net.URL.<init>(URL.java:585)
	at java.net.URL.<init>(URL.java:482)
	at RandoopTest0.test34(RandoopTest0.java:539)
	at sun.reflect.NativeMethodAccessorImpl.invoke0(Native Method)
	at sun.reflect.NativeMethodAccessorImpl.invoke(NativeMethodAccessorImpl.java:57)
	at sun.reflect.DelegatingMethodAccessorImpl.invoke(DelegatingMethodAccessorImpl.java:43)
	at RandoopTest.main(RandoopTest.java:8)
2) test27(RandoopTest0)java.net.MalformedURLException: no protocol: {}
	at java.net.URL.<init>(URL.java:585)
	at java.net.URL.<init>(URL.java:482)
	at RandoopTest0.test27(RandoopTest0.java:429)
	at sun.reflect.NativeMethodAccessorImpl.invoke0(Native Method)
	at sun.reflect.NativeMethodAccessorImpl.invoke(NativeMethodAccessorImpl.java:57)
	at sun.reflect.DelegatingMethodAccessorImpl.invoke(DelegatingMethodAccessorImpl.java:43)
	at RandoopTest.main(RandoopTest.java:8)
There was 1 failure:
1) test20(RandoopTest0)junit.framework.AssertionFailedError: Expected exception of type java.lang.NoClassDefFoundError
	at RandoopTest0.test20(RandoopTest0.java:324)
	at sun.reflect.NativeMethodAccessorImpl.invoke0(Native Method)
	at sun.reflect.NativeMethodAccessorImpl.invoke(NativeMethodAccessorImpl.java:57)
	at sun.reflect.DelegatingMethodAccessorImpl.invoke(DelegatingMethodAccessorImpl.java:43)
	at RandoopTest.main(RandoopTest.java:8)

FAILURES!!!
Tests run: 38,  Failures: 1,  Errors: 2

Cycle length is4
before
after
Reached this
# of deadlocks detected 0
THE SIZE OF THE TRACE OMEN 28120
Exiting analysis
