.F..........................
Time: 0.122
There was 1 failure:
1) test27(RandoopTest0)junit.framework.AssertionFailedError: null
	at RandoopTest0.test27(RandoopTest0.java:499)
	at sun.reflect.NativeMethodAccessorImpl.invoke0(Native Method)
	at sun.reflect.NativeMethodAccessorImpl.invoke(NativeMethodAccessorImpl.java:57)
	at sun.reflect.DelegatingMethodAccessorImpl.invoke(DelegatingMethodAccessorImpl.java:43)
	at RandoopTest.main(RandoopTest.java:8)

FAILURES!!!
Tests run: 27,  Failures: 1,  Errors: 0

Cycle length is4
before
after
Reached this
# of deadlocks detected 0
THE SIZE OF THE TRACE OMEN 18937
Exiting analysis
l.invoke(NativeMethodAccessorImpl.java:57)
	at sun.reflect.DelegatingMethodAccessorImpl.invoke(DelegatingMethodAccessorImpl.java:43)
	at java.lang.reflect.Method.invoke(Method.java:606)
	at junit.framework.TestCase.runTest(TestCase.java:168)
	at junit.framework.TestCase.runBare(TestCase.java:134)
	at junit.framework.TestResult$1.protect(TestResult.java:110)
	at junit.framework.TestResult.runProtected(TestResult.java:128)
	at junit.framework.TestResult.run(TestResult.java:113)
	at junit.framework.TestCase.run(TestCase.java:124)
	at junit.framework.TestSuite.runTest(TestSuite.java:243)
	at junit.framework.TestSuite.run(TestSuite.java:238)
	at junit.framework.TestSuite.runTest(TestSuite.java:243)
	at junit.framework.TestSuite.run(TestSuite.java:238)
	at junit.textui.TestRunner.doRun(TestRunner.java:116)
	at RandoopTest.main(RandoopTest.java:8)

Jan 02, 2018 4:09:10 PM RandoopTest0 test26
WARNING: "IOP00710708: (INTERNAL) Malformed URL in -ORBInitDef"
org.omg.CORBA.INTERNAL:   vmcid: SUN  minor code: 708  completed: No
	at com.sun.corba.se.impl.logging.NamingSystemException.insOther(NamingSystemException.java:692)
	at com.sun.corba.se.impl.logging.NamingSystemException.insOther(NamingSystemException.java:714)
	at RandoopTest0.test26(RandoopTest0.java:453)
	at sun.reflect.NativeMethodAccessorImpl.invoke0(Native Method)
	at sun.reflect.NativeMethodAccessorImpl.invoke(NativeMethodAccessorImpl.java:57)
	at sun.reflect.DelegatingMethodAccessorImpl.invoke(DelegatingMethodAccessorImpl.java:43)
	at java.lang.reflect.Method.invoke(Method.java:606)
	at junit.framework.TestCase.runTest(TestCase.java:168)
	at junit.framework.TestCase.runBare(TestCase.java:134)
	at junit.framework.TestResult$1.protect(TestResult.java:110)
	at junit.framework.TestResult.runProtected(TestResult.java:128)
	at junit.framework.TestResult.run(TestResult.java:113)
	at junit.framework.TestCase.run(TestCase.java:124)
	at junit.framework.TestSuite.runTest(TestSuite.java:243)
	at junit.framework.TestSuite.run(TestSuite.java:238)
	at junit.framework.TestSuite.runTest(TestSuite.java:243)
	at junit.framework.TestSuite.run(TestSuite.java:238)
	at junit.textui.TestRunner.doRun(TestRunner.java:116)
	at RandoopTest.main(RandoopTest.java:8)

Jan 02, 2018 4:09:10 PM RandoopTest0 test26
WARNING: "IOP00710708: (INTERNAL) Malformed URL in -ORBInitDef"
org.omg.CORBA.INTERNAL:   vmcid: SUN  minor code: 708  completed: No
	at com.sun.corba.se.impl.logging.NamingSystemException.insOther(NamingSystemException.java:692)
	at com.sun.corba.se.impl.logging.NamingSystemException.insOther(NamingSystemException.java:710)
	at RandoopTest0.test26(RandoopTest0.java:454)
	at sun.reflect.NativeMethodAccessorImpl.invoke0(Native Method)
	at sun.reflect.NativeMethodAccessorImpl.invoke(NativeMethodAccessorImpl.java:57)
	at sun.reflect.DelegatingMethodAccessorImpl.invoke(DelegatingMethodAccessorImpl.java:43)
	at java.lang.reflect.Method.invoke(Method.java:606)
	at junit.framework.TestCase.runTest(TestCase.java:168)
	at junit.framework.TestCase.runBare(TestCase.java:134)
	at junit.framework.TestResult$1.protect(TestResult.java:110)
	at junit.framework.TestResult.runProtected(TestResult.java:128)
	at junit.framework.TestResult.run(TestResult.java:113)
	at junit.framework.TestCase.run(TestCase.java:124)
	at junit.framework.TestSuite.runTest(TestSuite.java:243)
	at junit.framework.TestSuite.run(TestSuite.java:238)
	at junit.framework.TestSuite.runTest(TestSuite.java:243)
	at junit.framework.TestSuite.run(TestSuite.java:238)
	at junit.textui.TestRunner.doRun(TestRunner.java:116)
	at RandoopTest.main(RandoopTest.java:8)
Caused by: org.omg.CORBA.INTERNAL:   vmcid: SUN  minor code: 708  completed: No
	at com.sun.corba.se.impl.logging.NamingSystemException.insOther(NamingSystemException.java:692)
	at com.sun.corba.se.impl.logging.NamingSystemException.insOther(NamingSystemException.java:714)
	at RandoopTest0.test26(RandoopTest0.java:453)
	... 16 more

Jan 02, 2018 4:09:10 PM RandoopTest0 test26
WARNING: "IOP00710705: (INTERNAL) Stringified object reference with unknown protocol specified"
org.omg.CORBA.INTERNAL:   vmcid: SUN  minor code: 705  completed: No
	at com.sun.corba.se.impl.logging.NamingSystemException.insBadSchemeName(NamingSystemException.java:636)
	at com.sun.corba.se.impl.logging.NamingSystemException.insBadSchemeName(NamingSystemException.java:654)
	at RandoopTest0.test26(RandoopTest0.java:457)
	at sun.reflect.NativeMethodAccessorImpl.invoke0(Native Method)
	at sun.reflect.NativeMethodAccessorImpl.invoke(NativeMethodAccessorImpl.java:57)
	at sun.reflect.DelegatingMethodAccessorImpl.invoke(DelegatingMethodAccessorImpl.java:43)
	at java.lang.reflect.Method.invoke(Method.java:606)
	at junit.framework.TestCase.runTest(TestCase.java:168)
	at junit.framework.TestCase.runBare(TestCase.java:134)
	at junit.framework.TestResult$1.protect(TestResult.java:110)
	at junit.framework.TestResult.runProtected(TestResult.java:128)
	at junit.framework.TestResult.run(TestResult.java:113)
	at junit.framework.TestCase.run(TestCase.java:124)
	at junit.framework.TestSuite.runTest(TestSuite.java:243)
	at junit.framework.TestSuite.run(TestSuite.java:238)
	at junit.framework.TestSuite.runTest(TestSuite.java:243)
	at junit.framework.TestSuite.run(TestSuite.java:238)
	at junit.textui.TestRunner.doRun(TestRunner.java:116)
	at RandoopTest.main(RandoopTest.java:8)
Caused by: java.lang.Exception: hi!
	at RandoopTest0.test26(RandoopTest0.java:456)
	... 16 more

Jan 02, 2018 4:09:10 PM RandoopTest0 test26
WARNING: "IOP00110601: (BAD_PARAM) A null hostname is not a valid hostname in the transient name server"
org.omg.CORBA.BAD_PARAM:   vmcid: SUN  minor code: 601  completed: No
	at com.sun.corba.se.impl.logging.NamingSystemException.transientNameServerBadHost(NamingSystemException.java:92)
	at com.sun.corba.se.impl.logging.NamingSystemException.transientNameServerBadHost(NamingSystemException.java:110)
	at RandoopTest0.test26(RandoopTest0.java:458)
	at sun.reflect.NativeMethodAccessorImpl.invoke0(Native Method)
	at sun.reflect.NativeMethodAccessorImpl.invoke(NativeMethodAccessorImpl.java:57)
	at sun.reflect.DelegatingMethodAccessorImpl.invoke(DelegatingMethodAccessorImpl.java:43)
	at java.lang.reflect.Method.invoke(Method.java:606)
	at junit.framework.TestCase.runTest(TestCase.java:168)
	at junit.framework.TestCase.runBare(TestCase.java:134)
	at junit.framework.TestResult$1.protect(TestResult.java:110)
	at junit.framework.TestResult.runProtected(TestResult.java:128)
	at junit.framework.TestResult.run(TestResult.java:113)
	at junit.framework.TestCase.run(TestCase.java:124)
	at junit.framework.TestSuite.runTest(TestSuite.java:243)
	at junit.framework.TestSuite.run(TestSuite.java:238)
	at junit.framework.TestSuite.runTest(TestSuite.java:243)
	at junit.framework.TestSuite.run(TestSuite.java:238)
	at junit.textui.TestRunner.doRun(TestRunner.java:116)
	at RandoopTest.main(RandoopTest.java:8)
Caused by: java.lang.Exception: hi!
	at RandoopTest0.test26(RandoopTest0.java:456)
	... 16 more

Jan 02, 2018 4:09:10 PM RandoopTest0 test17
WARNING: "IOP00710705: (INTERNAL) Stringified object reference with unknown protocol specified"
org.omg.CORBA.INTERNAL:   vmcid: SUN  minor code: 705  completed: No
	at com.sun.corba.se.impl.logging.NamingSystemException.insBadSchemeName(NamingSystemException.java:636)
	at com.sun.corba.se.impl.logging.NamingSystemException.insBadSchemeName(NamingSystemException.java:654)
	at RandoopTest0.test17(RandoopTest0.java:250)
	at sun.reflect.NativeMethodAccessorImpl.invoke0(Native Method)
	at sun.reflect.NativeMethodAccessorImpl.invoke(NativeMethodAccessorImpl.java:57)
	at sun.reflect.DelegatingMethodAccessorImpl.invoke(DelegatingMethodAccessorImpl.java:43)
	at java.lang.reflect.Method.invoke(Method.java:606)
	at junit.framework.TestCase.runTest(TestCase.java:168)
	at junit.framework.TestCase.runBare(TestCase.java:134)
	at junit.framework.TestResult$1.protect(TestResult.java:110)
	at junit.framework.TestResult.runProtected(TestResult.java:128)
	at junit.framework.TestResult.run(TestResult.java:113)
	at junit.framework.TestCase.run(TestCase.java:124)
	at junit.framework.TestSuite.runTest(TestSuite.java:243)
	at junit.framework.TestSuite.run(TestSuite.java:238)
	at junit.framework.TestSuite.runTest(TestSuite.java:243)
	at junit.framework.TestSuite.run(TestSuite.java:238)
	at junit.textui.TestRunner.doRun(TestRunner.java:116)
	at RandoopTest.main(RandoopTest.java:8)
Caused by: java.lang.Exception: hi!
	at RandoopTest0.test17(RandoopTest0.java:249)
	... 16 more

Jan 02, 2018 4:09:10 PM RandoopTest0 test17
WARNING: "IOP00710602: (INTERNAL) Bad binding type in internal binding implementation"
org.omg.CORBA.INTERNAL:   vmcid: SUN  minor code: 602  completed: No
	at com.sun.corba.se.impl.logging.NamingSystemException.namingCtxBadBindingtype(NamingSystemException.java:440)
	at com.sun.corba.se.impl.logging.NamingSystemException.namingCtxBadBindingtype(NamingSystemException.java:458)
	at RandoopTest0.test17(RandoopTest0.java:251)
	at sun.reflect.NativeMethodAccessorImpl.invoke0(Native Method)
	at sun.reflect.NativeMethodAccessorImpl.invoke(NativeMethodAccessorImpl.java:57)
	at sun.reflect.DelegatingMethodAccessorImpl.invoke(DelegatingMethodAccessorImpl.java:43)
	at java.lang.reflect.Method.invoke(Method.java:606)
	at junit.framework.TestCase.runTest(TestCase.java:168)
	at junit.framework.TestCase.runBare(TestCase.java:134)
	at junit.framework.TestResult$1.protect(TestResult.java:110)
	at junit.framework.TestResult.runProtected(TestResult.java:128)
	at junit.framework.TestResult.run(TestResult.java:113)
	at junit.framework.TestCase.run(TestCase.java:124)
	at junit.framework.TestSuite.runTest(TestSuite.java:243)
	at junit.framework.TestSuite.run(TestSuite.java:238)
	at junit.framework.TestSuite.runTest(TestSuite.java:243)
	at junit.framework.TestSuite.run(TestSuite.java:238)
	at junit.textui.TestRunner.doRun(TestRunner.java:116)
	at RandoopTest.main(RandoopTest.java:8)
Caused by: java.lang.Exception: hi!
	at RandoopTest0.test17(RandoopTest0.java:249)
	... 16 more

