........................
Time: 0.203

OK (24 tests)

Cycle length is4
before
after
Reached this
# of deadlocks detected 0
THE SIZE OF THE TRACE OMEN 22701
Exiting analysis
cid: SUN  minor code: 216  completed: No
	at com.sun.corba.se.impl.logging.ORBUtilSystemException.illegalBootstrapOperation(ORBUtilSystemException.java:1560)
	at com.sun.corba.se.impl.logging.ORBUtilSystemException.illegalBootstrapOperation(ORBUtilSystemException.java:1583)
	at RandoopTest0.test24(RandoopTest0.java:1076)
	at sun.reflect.NativeMethodAccessorImpl.invoke0(Native Method)
	at sun.reflect.NativeMethodAccessorImpl.invoke(NativeMethodAccessorImpl.java:57)
	at sun.reflect.DelegatingMethodAccessorImpl.invoke(DelegatingMethodAccessorImpl.java:43)
	at java.lang.reflect.Method.invoke(Method.java:606)
	at junit.framework.TestCase.runTest(TestCase.java:168)
	at junit.framework.TestCase.runBare(TestCase.java:134)
	at junit.framework.TestResult$1.protect(TestResult.java:110)
	at junit.framework.TestResult.runProtected(TestResult.java:128)
	at junit.framework.TestResult.run(TestResult.java:113)
	at junit.framework.TestCase.run(TestCase.java:124)
	at junit.framework.TestSuite.runTest(TestSuite.java:243)
	at junit.framework.TestSuite.run(TestSuite.java:238)
	at junit.framework.TestSuite.runTest(TestSuite.java:243)
	at junit.framework.TestSuite.run(TestSuite.java:238)
	at junit.textui.TestRunner.doRun(TestRunner.java:116)
	at RandoopTest.main(RandoopTest.java:8)

Dec 11, 2017 6:31:24 AM RandoopTest0 test24
WARNING: ORBUTIL.illegalBootstrapOperation
org.omg.CORBA.BAD_PARAM:   vmcid: SUN  minor code: 216  completed: No
	at com.sun.corba.se.impl.logging.ORBUtilSystemException.illegalBootstrapOperation(ORBUtilSystemException.java:1560)
	at com.sun.corba.se.impl.logging.ORBUtilSystemException.illegalBootstrapOperation(ORBUtilSystemException.java:1583)
	at RandoopTest0.test24(RandoopTest0.java:1083)
	at sun.reflect.NativeMethodAccessorImpl.invoke0(Native Method)
	at sun.reflect.NativeMethodAccessorImpl.invoke(NativeMethodAccessorImpl.java:57)
	at sun.reflect.DelegatingMethodAccessorImpl.invoke(DelegatingMethodAccessorImpl.java:43)
	at java.lang.reflect.Method.invoke(Method.java:606)
	at junit.framework.TestCase.runTest(TestCase.java:168)
	at junit.framework.TestCase.runBare(TestCase.java:134)
	at junit.framework.TestResult$1.protect(TestResult.java:110)
	at junit.framework.TestResult.runProtected(TestResult.java:128)
	at junit.framework.TestResult.run(TestResult.java:113)
	at junit.framework.TestCase.run(TestCase.java:124)
	at junit.framework.TestSuite.runTest(TestSuite.java:243)
	at junit.framework.TestSuite.run(TestSuite.java:238)
	at junit.framework.TestSuite.runTest(TestSuite.java:243)
	at junit.framework.TestSuite.run(TestSuite.java:238)
	at junit.textui.TestRunner.doRun(TestRunner.java:116)
	at RandoopTest.main(RandoopTest.java:8)

Dec 11, 2017 6:31:24 AM RandoopTest0 test24
SEVERE: ORBUTIL.createListenerFailed
org.omg.CORBA.COMM_FAILURE:   vmcid: SUN  minor code: 216  completed: No
	at com.sun.corba.se.impl.logging.ORBUtilSystemException.createListenerFailed(ORBUtilSystemException.java:2632)
	at com.sun.corba.se.impl.logging.ORBUtilSystemException.createListenerFailed(ORBUtilSystemException.java:2651)
	at RandoopTest0.test24(RandoopTest0.java:1084)
	at sun.reflect.NativeMethodAccessorImpl.invoke0(Native Method)
	at sun.reflect.NativeMethodAccessorImpl.invoke(NativeMethodAccessorImpl.java:57)
	at sun.reflect.DelegatingMethodAccessorImpl.invoke(DelegatingMethodAccessorImpl.java:43)
	at java.lang.reflect.Method.invoke(Method.java:606)
	at junit.framework.TestCase.runTest(TestCase.java:168)
	at junit.framework.TestCase.runBare(TestCase.java:134)
	at junit.framework.TestResult$1.protect(TestResult.java:110)
	at junit.framework.TestResult.runProtected(TestResult.java:128)
	at junit.framework.TestResult.run(TestResult.java:113)
	at junit.framework.TestCase.run(TestCase.java:124)
	at junit.framework.TestSuite.runTest(TestSuite.java:243)
	at junit.framework.TestSuite.run(TestSuite.java:238)
	at junit.framework.TestSuite.runTest(TestSuite.java:243)
	at junit.framework.TestSuite.run(TestSuite.java:238)
	at junit.textui.TestRunner.doRun(TestRunner.java:116)
	at RandoopTest.main(RandoopTest.java:8)
Caused by: org.omg.CORBA.BAD_PARAM:   vmcid: SUN  minor code: 216  completed: No
	at com.sun.corba.se.impl.logging.ORBUtilSystemException.illegalBootstrapOperation(ORBUtilSystemException.java:1560)
	at com.sun.corba.se.impl.logging.ORBUtilSystemException.illegalBootstrapOperation(ORBUtilSystemException.java:1583)
	at RandoopTest0.test24(RandoopTest0.java:1083)
	... 16 more

Dec 11, 2017 6:31:24 AM RandoopTest0 test24
WARNING: ORBUTIL.illegalBootstrapOperation
org.omg.CORBA.BAD_PARAM:   vmcid: SUN  minor code: 216  completed: No
	at com.sun.corba.se.impl.logging.ORBUtilSystemException.illegalBootstrapOperation(ORBUtilSystemException.java:1560)
	at com.sun.corba.se.impl.logging.ORBUtilSystemException.illegalBootstrapOperation(ORBUtilSystemException.java:1583)
	at RandoopTest0.test24(RandoopTest0.java:1091)
	at sun.reflect.NativeMethodAccessorImpl.invoke0(Native Method)
	at sun.reflect.NativeMethodAccessorImpl.invoke(NativeMethodAccessorImpl.java:57)
	at sun.reflect.DelegatingMethodAccessorImpl.invoke(DelegatingMethodAccessorImpl.java:43)
	at java.lang.reflect.Method.invoke(Method.java:606)
	at junit.framework.TestCase.runTest(TestCase.java:168)
	at junit.framework.TestCase.runBare(TestCase.java:134)
	at junit.framework.TestResult$1.protect(TestResult.java:110)
	at junit.framework.TestResult.runProtected(TestResult.java:128)
	at junit.framework.TestResult.run(TestResult.java:113)
	at junit.framework.TestCase.run(TestCase.java:124)
	at junit.framework.TestSuite.runTest(TestSuite.java:243)
	at junit.framework.TestSuite.run(TestSuite.java:238)
	at junit.framework.TestSuite.runTest(TestSuite.java:243)
	at junit.framework.TestSuite.run(TestSuite.java:238)
	at junit.textui.TestRunner.doRun(TestRunner.java:116)
	at RandoopTest.main(RandoopTest.java:8)

Dec 11, 2017 6:31:24 AM RandoopTest0 test24
SEVERE: ORBUTIL.createListenerFailed
org.omg.CORBA.COMM_FAILURE:   vmcid: SUN  minor code: 216  completed: No
	at com.sun.corba.se.impl.logging.ORBUtilSystemException.createListenerFailed(ORBUtilSystemException.java:2632)
	at com.sun.corba.se.impl.logging.ORBUtilSystemException.createListenerFailed(ORBUtilSystemException.java:2651)
	at RandoopTest0.test24(RandoopTest0.java:1092)
	at sun.reflect.NativeMethodAccessorImpl.invoke0(Native Method)
	at sun.reflect.NativeMethodAccessorImpl.invoke(NativeMethodAccessorImpl.java:57)
	at sun.reflect.DelegatingMethodAccessorImpl.invoke(DelegatingMethodAccessorImpl.java:43)
	at java.lang.reflect.Method.invoke(Method.java:606)
	at junit.framework.TestCase.runTest(TestCase.java:168)
	at junit.framework.TestCase.runBare(TestCase.java:134)
	at junit.framework.TestResult$1.protect(TestResult.java:110)
	at junit.framework.TestResult.runProtected(TestResult.java:128)
	at junit.framework.TestResult.run(TestResult.java:113)
	at junit.framework.TestCase.run(TestCase.java:124)
	at junit.framework.TestSuite.runTest(TestSuite.java:243)
	at junit.framework.TestSuite.run(TestSuite.java:238)
	at junit.framework.TestSuite.runTest(TestSuite.java:243)
	at junit.framework.TestSuite.run(TestSuite.java:238)
	at junit.textui.TestRunner.doRun(TestRunner.java:116)
	at RandoopTest.main(RandoopTest.java:8)
Caused by: org.omg.CORBA.BAD_PARAM:   vmcid: SUN  minor code: 216  completed: No
	at com.sun.corba.se.impl.logging.ORBUtilSystemException.illegalBootstrapOperation(ORBUtilSystemException.java:1560)
	at com.sun.corba.se.impl.logging.ORBUtilSystemException.illegalBootstrapOperation(ORBUtilSystemException.java:1583)
	at RandoopTest0.test24(RandoopTest0.java:1091)
	... 16 more

Dec 11, 2017 6:31:24 AM RandoopTest0 test24
WARNING: ORBUTIL.cannotWriteOrbidDb
org.omg.CORBA.INITIALIZE:   vmcid: SUN  minor code: 203  completed: No
	at com.sun.corba.se.impl.logging.ORBUtilSystemException.cannotWriteOrbidDb(ORBUtilSystemException.java:3559)
	at com.sun.corba.se.impl.logging.ORBUtilSystemException.cannotWriteOrbidDb(ORBUtilSystemException.java:3581)
	at RandoopTest0.test24(RandoopTest0.java:1093)
	at sun.reflect.NativeMethodAccessorImpl.invoke0(Native Method)
	at sun.reflect.NativeMethodAccessorImpl.invoke(NativeMethodAccessorImpl.java:57)
	at sun.reflect.DelegatingMethodAccessorImpl.invoke(DelegatingMethodAccessorImpl.java:43)
	at java.lang.reflect.Method.invoke(Method.java:606)
	at junit.framework.TestCase.runTest(TestCase.java:168)
	at junit.framework.TestCase.runBare(TestCase.java:134)
	at junit.framework.TestResult$1.protect(TestResult.java:110)
	at junit.framework.TestResult.runProtected(TestResult.java:128)
	at junit.framework.TestResult.run(TestResult.java:113)
	at junit.framework.TestCase.run(TestCase.java:124)
	at junit.framework.TestSuite.runTest(TestSuite.java:243)
	at junit.framework.TestSuite.run(TestSuite.java:238)
	at junit.framework.TestSuite.runTest(TestSuite.java:243)
	at junit.framework.TestSuite.run(TestSuite.java:238)
	at junit.textui.TestRunner.doRun(TestRunner.java:116)
	at RandoopTest.main(RandoopTest.java:8)

Dec 11, 2017 6:31:24 AM RandoopTest0 test24
WARNING: ORBUTIL.wrongInterfaceDef
org.omg.CORBA.UNKNOWN:   vmcid: SUN  minor code: 206  completed: No
	at com.sun.corba.se.impl.logging.ORBUtilSystemException.wrongInterfaceDef(ORBUtilSystemException.java:8981)
	at com.sun.corba.se.impl.logging.ORBUtilSystemException.wrongInterfaceDef(ORBUtilSystemException.java:9003)
	at RandoopTest0.test24(RandoopTest0.java:1094)
	at sun.reflect.NativeMethodAccessorImpl.invoke0(Native Method)
	at sun.reflect.NativeMethodAccessorImpl.invoke(NativeMethodAccessorImpl.java:57)
	at sun.reflect.DelegatingMethodAccessorImpl.invoke(DelegatingMethodAccessorImpl.java:43)
	at java.lang.reflect.Method.invoke(Method.java:606)
	at junit.framework.TestCase.runTest(TestCase.java:168)
	at junit.framework.TestCase.runBare(TestCase.java:134)
	at junit.framework.TestResult$1.protect(TestResult.java:110)
	at junit.framework.TestResult.runProtected(TestResult.java:128)
	at junit.framework.TestResult.run(TestResult.java:113)
	at junit.framework.TestCase.run(TestCase.java:124)
	at junit.framework.TestSuite.runTest(TestSuite.java:243)
	at junit.framework.TestSuite.run(TestSuite.java:238)
	at junit.framework.TestSuite.runTest(TestSuite.java:243)
	at junit.framework.TestSuite.run(TestSuite.java:238)
	at junit.textui.TestRunner.doRun(TestRunner.java:116)
	at RandoopTest.main(RandoopTest.java:8)

Dec 11, 2017 6:31:24 AM RandoopTest0 test24
WARNING: ORBUTIL.illegalBootstrapOperation
org.omg.CORBA.BAD_PARAM:   vmcid: SUN  minor code: 216  completed: No
	at com.sun.corba.se.impl.logging.ORBUtilSystemException.illegalBootstrapOperation(ORBUtilSystemException.java:1560)
	at com.sun.corba.se.impl.logging.ORBUtilSystemException.illegalBootstrapOperation(ORBUtilSystemException.java:1583)
	at RandoopTest0.test24(RandoopTest0.java:1099)
	at sun.reflect.NativeMethodAccessorImpl.invoke0(Native Method)
	at sun.reflect.NativeMethodAccessorImpl.invoke(NativeMethodAccessorImpl.java:57)
	at sun.reflect.DelegatingMethodAccessorImpl.invoke(DelegatingMethodAccessorImpl.java:43)
	at java.lang.reflect.Method.invoke(Method.java:606)
	at junit.framework.TestCase.runTest(TestCase.java:168)
	at junit.framework.TestCase.runBare(TestCase.java:134)
	at junit.framework.TestResult$1.protect(TestResult.java:110)
	at junit.framework.TestResult.runProtected(TestResult.java:128)
	at junit.framework.TestResult.run(TestResult.java:113)
	at junit.framework.TestCase.run(TestCase.java:124)
	at junit.framework.TestSuite.runTest(TestSuite.java:243)
	at junit.framework.TestSuite.run(TestSuite.java:238)
	at junit.framework.TestSuite.runTest(TestSuite.java:243)
	at junit.framework.TestSuite.run(TestSuite.java:238)
	at junit.textui.TestRunner.doRun(TestRunner.java:116)
	at RandoopTest.main(RandoopTest.java:8)

Dec 11, 2017 6:31:24 AM RandoopTest0 test24
WARNING: ORBUTIL.illegalBootstrapOperation
org.omg.CORBA.BAD_PARAM:   vmcid: SUN  minor code: 216  completed: No
	at com.sun.corba.se.impl.logging.ORBUtilSystemException.illegalBootstrapOperation(ORBUtilSystemException.java:1560)
	at com.sun.corba.se.impl.logging.ORBUtilSystemException.illegalBootstrapOperation(ORBUtilSystemException.java:1583)
	at RandoopTest0.test24(RandoopTest0.java:1106)
	at sun.reflect.NativeMethodAccessorImpl.invoke0(Native Method)
	at sun.reflect.NativeMethodAccessorImpl.invoke(NativeMethodAccessorImpl.java:57)
	at sun.reflect.DelegatingMethodAccessorImpl.invoke(DelegatingMethodAccessorImpl.java:43)
	at java.lang.reflect.Method.invoke(Method.java:606)
	at junit.framework.TestCase.runTest(TestCase.java:168)
	at junit.framework.TestCase.runBare(TestCase.java:134)
	at junit.framework.TestResult$1.protect(TestResult.java:110)
	at junit.framework.TestResult.runProtected(TestResult.java:128)
	at junit.framework.TestResult.run(TestResult.java:113)
	at junit.framework.TestCase.run(TestCase.java:124)
	at junit.framework.TestSuite.runTest(TestSuite.java:243)
	at junit.framework.TestSuite.run(TestSuite.java:238)
	at junit.framework.TestSuite.runTest(TestSuite.java:243)
	at junit.framework.TestSuite.run(TestSuite.java:238)
	at junit.textui.TestRunner.doRun(TestRunner.java:116)
	at RandoopTest.main(RandoopTest.java:8)

Dec 11, 2017 6:31:24 AM RandoopTest0 test24
SEVERE: ORBUTIL.createListenerFailed
org.omg.CORBA.COMM_FAILURE:   vmcid: SUN  minor code: 216  completed: No
	at com.sun.corba.se.impl.logging.ORBUtilSystemException.createListenerFailed(ORBUtilSystemException.java:2632)
	at com.sun.corba.se.impl.logging.ORBUtilSystemException.createListenerFailed(ORBUtilSystemException.java:2651)
	at RandoopTest0.test24(RandoopTest0.java:1107)
	at sun.reflect.NativeMethodAccessorImpl.invoke0(Native Method)
	at sun.reflect.NativeMethodAccessorImpl.invoke(NativeMethodAccessorImpl.java:57)
	at sun.reflect.DelegatingMethodAccessorImpl.invoke(DelegatingMethodAccessorImpl.java:43)
	at java.lang.reflect.Method.invoke(Method.java:606)
	at junit.framework.TestCase.runTest(TestCase.java:168)
	at junit.framework.TestCase.runBare(TestCase.java:134)
	at junit.framework.TestResult$1.protect(TestResult.java:110)
	at junit.framework.TestResult.runProtected(TestResult.java:128)
	at junit.framework.TestResult.run(TestResult.java:113)
	at junit.framework.TestCase.run(TestCase.java:124)
	at junit.framework.TestSuite.runTest(TestSuite.java:243)
	at junit.framework.TestSuite.run(TestSuite.java:238)
	at junit.framework.TestSuite.runTest(TestSuite.java:243)
	at junit.framework.TestSuite.run(TestSuite.java:238)
	at junit.textui.TestRunner.doRun(TestRunner.java:116)
	at RandoopTest.main(RandoopTest.java:8)
Caused by: org.omg.CORBA.BAD_PARAM:   vmcid: SUN  minor code: 216  completed: No
	at com.sun.corba.se.impl.logging.ORBUtilSystemException.illegalBootstrapOperation(ORBUtilSystemException.java:1560)
	at com.sun.corba.se.impl.logging.ORBUtilSystemException.illegalBootstrapOperation(ORBUtilSystemException.java:1583)
	at RandoopTest0.test24(RandoopTest0.java:1106)
	... 16 more

Dec 11, 2017 6:31:24 AM RandoopTest0 test24
WARNING: ORBUTIL.orbConnectError
org.omg.CORBA.OBJ_ADAPTER:   vmcid: SUN  minor code: 202  completed: No
	at com.sun.corba.se.impl.logging.ORBUtilSystemException.orbConnectError(ORBUtilSystemException.java:8549)
	at com.sun.corba.se.impl.logging.ORBUtilSystemException.orbConnectError(ORBUtilSystemException.java:8567)
	at RandoopTest0.test24(RandoopTest0.java:1108)
	at sun.reflect.NativeMethodAccessorImpl.invoke0(Native Method)
	at sun.reflect.NativeMethodAccessorImpl.invoke(NativeMethodAccessorImpl.java:57)
	at sun.reflect.DelegatingMethodAccessorImpl.invoke(DelegatingMethodAccessorImpl.java:43)
	at java.lang.reflect.Method.invoke(Method.java:606)
	at junit.framework.TestCase.runTest(TestCase.java:168)
	at junit.framework.TestCase.runBare(TestCase.java:134)
	at junit.framework.TestResult$1.protect(TestResult.java:110)
	at junit.framework.TestResult.runProtected(TestResult.java:128)
	at junit.framework.TestResult.run(TestResult.java:113)
	at junit.framework.TestCase.run(TestCase.java:124)
	at junit.framework.TestSuite.runTest(TestSuite.java:243)
	at junit.framework.TestSuite.run(TestSuite.java:238)
	at junit.framework.TestSuite.runTest(TestSuite.java:243)
	at junit.framework.TestSuite.run(TestSuite.java:238)
	at junit.textui.TestRunner.doRun(TestRunner.java:116)
	at RandoopTest.main(RandoopTest.java:8)
Caused by: org.omg.CORBA.BAD_PARAM:   vmcid: SUN  minor code: 216  completed: No
	at com.sun.corba.se.impl.logging.ORBUtilSystemException.illegalBootstrapOperation(ORBUtilSystemException.java:1560)
	at com.sun.corba.se.impl.logging.ORBUtilSystemException.illegalBootstrapOperation(ORBUtilSystemException.java:1583)
	at RandoopTest0.test24(RandoopTest0.java:1106)
	... 16 more

Dec 11, 2017 6:31:24 AM RandoopTest0 test24
WARNING: ORBUTIL.giopMagicError
org.omg.CORBA.INTERNAL:   vmcid: SUN  minor code: 220  completed: No
	at com.sun.corba.se.impl.logging.ORBUtilSystemException.giopMagicError(ORBUtilSystemException.java:4151)
	at com.sun.corba.se.impl.logging.ORBUtilSystemException.giopMagicError(ORBUtilSystemException.java:4169)
	at RandoopTest0.test24(RandoopTest0.java:1109)
	at sun.reflect.NativeMethodAccessorImpl.invoke0(Native Method)
	at sun.reflect.NativeMethodAccessorImpl.invoke(NativeMethodAccessorImpl.java:57)
	at sun.reflect.DelegatingMethodAccessorImpl.invoke(DelegatingMethodAccessorImpl.java:43)
	at java.lang.reflect.Method.invoke(Method.java:606)
	at junit.framework.TestCase.runTest(TestCase.java:168)
	at junit.framework.TestCase.runBare(TestCase.java:134)
	at junit.framework.TestResult$1.protect(TestResult.java:110)
	at junit.framework.TestResult.runProtected(TestResult.java:128)
	at junit.framework.TestResult.run(TestResult.java:113)
	at junit.framework.TestCase.run(TestCase.java:124)
	at junit.framework.TestSuite.runTest(TestSuite.java:243)
	at junit.framework.TestSuite.run(TestSuite.java:238)
	at junit.framework.TestSuite.runTest(TestSuite.java:243)
	at junit.framework.TestSuite.run(TestSuite.java:238)
	at junit.textui.TestRunner.doRun(TestRunner.java:116)
	at RandoopTest.main(RandoopTest.java:8)
Caused by: org.omg.CORBA.OBJ_ADAPTER:   vmcid: SUN  minor code: 202  completed: No
	at com.sun.corba.se.impl.logging.ORBUtilSystemException.orbConnectError(ORBUtilSystemException.java:8549)
	at com.sun.corba.se.impl.logging.ORBUtilSystemException.orbConnectError(ORBUtilSystemException.java:8567)
	at RandoopTest0.test24(RandoopTest0.java:1108)
	... 16 more
Caused by: org.omg.CORBA.BAD_PARAM:   vmcid: SUN  minor code: 216  completed: No
	at com.sun.corba.se.impl.logging.ORBUtilSystemException.illegalBootstrapOperation(ORBUtilSystemException.java:1560)
	at com.sun.corba.se.impl.logging.ORBUtilSystemException.illegalBootstrapOperation(ORBUtilSystemException.java:1583)
	at RandoopTest0.test24(RandoopTest0.java:1106)
	... 16 more

Dec 11, 2017 6:31:24 AM RandoopTest0 test24
WARNING: ORBUTIL.badGiopRequestType
org.omg.CORBA.INTERNAL:   vmcid: SUN  minor code: 212  completed: No
	at com.sun.corba.se.impl.logging.ORBUtilSystemException.badGiopRequestType(ORBUtilSystemException.java:3955)
	at com.sun.corba.se.impl.logging.ORBUtilSystemException.badGiopRequestType(ORBUtilSystemException.java:3973)
	at RandoopTest0.test24(RandoopTest0.java:1110)
	at sun.reflect.NativeMethodAccessorImpl.invoke0(Native Method)
	at sun.reflect.NativeMethodAccessorImpl.invoke(NativeMethodAccessorImpl.java:57)
	at sun.reflect.DelegatingMethodAccessorImpl.invoke(DelegatingMethodAccessorImpl.java:43)
	at java.lang.reflect.Method.invoke(Method.java:606)
	at junit.framework.TestCase.runTest(TestCase.java:168)
	at junit.framework.TestCase.runBare(TestCase.java:134)
	at junit.framework.TestResult$1.protect(TestResult.java:110)
	at junit.framework.TestResult.runProtected(TestResult.java:128)
	at junit.framework.TestResult.run(TestResult.java:113)
	at junit.framework.TestCase.run(TestCase.java:124)
	at junit.framework.TestSuite.runTest(TestSuite.java:243)
	at junit.framework.TestSuite.run(TestSuite.java:238)
	at junit.framework.TestSuite.runTest(TestSuite.java:243)
	at junit.framework.TestSuite.run(TestSuite.java:238)
	at junit.textui.TestRunner.doRun(TestRunner.java:116)
	at RandoopTest.main(RandoopTest.java:8)
Caused by: org.omg.CORBA.INTERNAL:   vmcid: SUN  minor code: 220  completed: No
	at com.sun.corba.se.impl.logging.ORBUtilSystemException.giopMagicError(ORBUtilSystemException.java:4151)
	at com.sun.corba.se.impl.logging.ORBUtilSystemException.giopMagicError(ORBUtilSystemException.java:4169)
	at RandoopTest0.test24(RandoopTest0.java:1109)
	... 16 more
Caused by: org.omg.CORBA.OBJ_ADAPTER:   vmcid: SUN  minor code: 202  completed: No
	at com.sun.corba.se.impl.logging.ORBUtilSystemException.orbConnectError(ORBUtilSystemException.java:8549)
	at com.sun.corba.se.impl.logging.ORBUtilSystemException.orbConnectError(ORBUtilSystemException.java:8567)
	at RandoopTest0.test24(RandoopTest0.java:1108)
	... 16 more
Caused by: org.omg.CORBA.BAD_PARAM:   vmcid: SUN  minor code: 216  completed: No
	at com.sun.corba.se.impl.logging.ORBUtilSystemException.illegalBootstrapOperation(ORBUtilSystemException.java:1560)
	at com.sun.corba.se.impl.logging.ORBUtilSystemException.illegalBootstrapOperation(ORBUtilSystemException.java:1583)
	at RandoopTest0.test24(RandoopTest0.java:1106)
	... 16 more

Dec 11, 2017 6:31:24 AM RandoopTest0 test24
WARNING: ORBUTIL.noClientScClass
org.omg.CORBA.INTERNAL:   vmcid: SUN  minor code: 204  completed: No
	at com.sun.corba.se.impl.logging.ORBUtilSystemException.noClientScClass(ORBUtilSystemException.java:3759)
	at com.sun.corba.se.impl.logging.ORBUtilSystemException.noClientScClass(ORBUtilSystemException.java:3777)
	at RandoopTest0.test24(RandoopTest0.java:1111)
	at sun.reflect.NativeMethodAccessorImpl.invoke0(Native Method)
	at sun.reflect.NativeMethodAccessorImpl.invoke(NativeMethodAccessorImpl.java:57)
	at sun.reflect.DelegatingMethodAccessorImpl.invoke(DelegatingMethodAccessorImpl.java:43)
	at java.lang.reflect.Method.invoke(Method.java:606)
	at junit.framework.TestCase.runTest(TestCase.java:168)
	at junit.framework.TestCase.runBare(TestCase.java:134)
	at junit.framework.TestResult$1.protect(TestResult.java:110)
	at junit.framework.TestResult.runProtected(TestResult.java:128)
	at junit.framework.TestResult.run(TestResult.java:113)
	at junit.framework.TestCase.run(TestCase.java:124)
	at junit.framework.TestSuite.runTest(TestSuite.java:243)
	at junit.framework.TestSuite.run(TestSuite.java:238)
	at junit.framework.TestSuite.runTest(TestSuite.java:243)
	at junit.framework.TestSuite.run(TestSuite.java:238)
	at junit.textui.TestRunner.doRun(TestRunner.java:116)
	at RandoopTest.main(RandoopTest.java:8)
Caused by: org.omg.CORBA.INTERNAL:   vmcid: SUN  minor code: 220  completed: No
	at com.sun.corba.se.impl.logging.ORBUtilSystemException.giopMagicError(ORBUtilSystemException.java:4151)
	at com.sun.corba.se.impl.logging.ORBUtilSystemException.giopMagicError(ORBUtilSystemException.java:4169)
	at RandoopTest0.test24(RandoopTest0.java:1109)
	... 16 more
Caused by: org.omg.CORBA.OBJ_ADAPTER:   vmcid: SUN  minor code: 202  completed: No
	at com.sun.corba.se.impl.logging.ORBUtilSystemException.orbConnectError(ORBUtilSystemException.java:8549)
	at com.sun.corba.se.impl.logging.ORBUtilSystemException.orbConnectError(ORBUtilSystemException.java:8567)
	at RandoopTest0.test24(RandoopTest0.java:1108)
	... 16 more
Caused by: org.omg.CORBA.BAD_PARAM:   vmcid: SUN  minor code: 216  completed: No
	at com.sun.corba.se.impl.logging.ORBUtilSystemException.illegalBootstrapOperation(ORBUtilSystemException.java:1560)
	at com.sun.corba.se.impl.logging.ORBUtilSystemException.illegalBootstrapOperation(ORBUtilSystemException.java:1583)
	at RandoopTest0.test24(RandoopTest0.java:1106)
	... 16 more

Dec 11, 2017 6:31:24 AM RandoopTest0 test24
WARNING: ORBUTIL.illegalBootstrapOperation
org.omg.CORBA.BAD_PARAM:   vmcid: SUN  minor code: 216  completed: No
	at com.sun.corba.se.impl.logging.ORBUtilSystemException.illegalBootstrapOperation(ORBUtilSystemException.java:1560)
	at com.sun.corba.se.impl.logging.ORBUtilSystemException.illegalBootstrapOperation(ORBUtilSystemException.java:1583)
	at RandoopTest0.test24(RandoopTest0.java:1116)
	at sun.reflect.NativeMethodAccessorImpl.invoke0(Native Method)
	at sun.reflect.NativeMethodAccessorImpl.invoke(NativeMethodAccessorImpl.java:57)
	at sun.reflect.DelegatingMethodAccessorImpl.invoke(DelegatingMethodAccessorImpl.java:43)
	at java.lang.reflect.Method.invoke(Method.java:606)
	at junit.framework.TestCase.runTest(TestCase.java:168)
	at junit.framework.TestCase.runBare(TestCase.java:134)
	at junit.framework.TestResult$1.protect(TestResult.java:110)
	at junit.framework.TestResult.runProtected(TestResult.java:128)
	at junit.framework.TestResult.run(TestResult.java:113)
	at junit.framework.TestCase.run(TestCase.java:124)
	at junit.framework.TestSuite.runTest(TestSuite.java:243)
	at junit.framework.TestSuite.run(TestSuite.java:238)
	at junit.framework.TestSuite.runTest(TestSuite.java:243)
	at junit.framework.TestSuite.run(TestSuite.java:238)
	at junit.textui.TestRunner.doRun(TestRunner.java:116)
	at RandoopTest.main(RandoopTest.java:8)

Dec 11, 2017 6:31:24 AM RandoopTest0 test24
WARNING: ORBUTIL.chunkOverflow
org.omg.CORBA.MARSHAL:   vmcid: SUN  minor code: 201  completed: No
	at com.sun.corba.se.impl.logging.ORBUtilSystemException.chunkOverflow(ORBUtilSystemException.java:6722)
	at com.sun.corba.se.impl.logging.ORBUtilSystemException.chunkOverflow(ORBUtilSystemException.java:6740)
	at RandoopTest0.test24(RandoopTest0.java:1117)
	at sun.reflect.NativeMethodAccessorImpl.invoke0(Native Method)
	at sun.reflect.NativeMethodAccessorImpl.invoke(NativeMethodAccessorImpl.java:57)
	at sun.reflect.DelegatingMethodAccessorImpl.invoke(DelegatingMethodAccessorImpl.java:43)
	at java.lang.reflect.Method.invoke(Method.java:606)
	at junit.framework.TestCase.runTest(TestCase.java:168)
	at junit.framework.TestCase.runBare(TestCase.java:134)
	at junit.framework.TestResult$1.protect(TestResult.java:110)
	at junit.framework.TestResult.runProtected(TestResult.java:128)
	at junit.framework.TestResult.run(TestResult.java:113)
	at junit.framework.TestCase.run(TestCase.java:124)
	at junit.framework.TestSuite.runTest(TestSuite.java:243)
	at junit.framework.TestSuite.run(TestSuite.java:238)
	at junit.framework.TestSuite.runTest(TestSuite.java:243)
	at junit.framework.TestSuite.run(TestSuite.java:238)
	at junit.textui.TestRunner.doRun(TestRunner.java:116)
	at RandoopTest.main(RandoopTest.java:8)
Caused by: org.omg.CORBA.BAD_PARAM:   vmcid: SUN  minor code: 216  completed: No
	at com.sun.corba.se.impl.logging.ORBUtilSystemException.illegalBootstrapOperation(ORBUtilSystemException.java:1560)
	at com.sun.corba.se.impl.logging.ORBUtilSystemException.illegalBootstrapOperation(ORBUtilSystemException.java:1583)
	at RandoopTest0.test24(RandoopTest0.java:1116)
	... 16 more

Dec 11, 2017 6:31:24 AM RandoopTest0 test24
WARNING: ORBUTIL.orbConnectError
org.omg.CORBA.OBJ_ADAPTER:   vmcid: SUN  minor code: 202  completed: No
	at com.sun.corba.se.impl.logging.ORBUtilSystemException.orbConnectError(ORBUtilSystemException.java:8549)
	at com.sun.corba.se.impl.logging.ORBUtilSystemException.orbConnectError(ORBUtilSystemException.java:8571)
	at RandoopTest0.test24(RandoopTest0.java:1118)
	at sun.reflect.NativeMethodAccessorImpl.invoke0(Native Method)
	at sun.reflect.NativeMethodAccessorImpl.invoke(NativeMethodAccessorImpl.java:57)
	at sun.reflect.DelegatingMethodAccessorImpl.invoke(DelegatingMethodAccessorImpl.java:43)
	at java.lang.reflect.Method.invoke(Method.java:606)
	at junit.framework.TestCase.runTest(TestCase.java:168)
	at junit.framework.TestCase.runBare(TestCase.java:134)
	at junit.framework.TestResult$1.protect(TestResult.java:110)
	at junit.framework.TestResult.runProtected(TestResult.java:128)
	at junit.framework.TestResult.run(TestResult.java:113)
	at junit.framework.TestCase.run(TestCase.java:124)
	at junit.framework.TestSuite.runTest(TestSuite.java:243)
	at junit.framework.TestSuite.run(TestSuite.java:238)
	at junit.framework.TestSuite.runTest(TestSuite.java:243)
	at junit.framework.TestSuite.run(TestSuite.java:238)
	at junit.textui.TestRunner.doRun(TestRunner.java:116)
	at RandoopTest.main(RandoopTest.java:8)

Dec 11, 2017 6:31:24 AM RandoopTest0 test22
WARNING: ORBUTIL.illegalBootstrapOperation
org.omg.CORBA.BAD_PARAM:   vmcid: SUN  minor code: 216  completed: No
	at com.sun.corba.se.impl.logging.ORBUtilSystemException.illegalBootstrapOperation(ORBUtilSystemException.java:1560)
	at com.sun.corba.se.impl.logging.ORBUtilSystemException.illegalBootstrapOperation(ORBUtilSystemException.java:1583)
	at RandoopTest0.test22(RandoopTest0.java:1035)
	at sun.reflect.NativeMethodAccessorImpl.invoke0(Native Method)
	at sun.reflect.NativeMethodAccessorImpl.invoke(NativeMethodAccessorImpl.java:57)
	at sun.reflect.DelegatingMethodAccessorImpl.invoke(DelegatingMethodAccessorImpl.java:43)
	at java.lang.reflect.Method.invoke(Method.java:606)
	at junit.framework.TestCase.runTest(TestCase.java:168)
	at junit.framework.TestCase.runBare(TestCase.java:134)
	at junit.framework.TestResult$1.protect(TestResult.java:110)
	at junit.framework.TestResult.runProtected(TestResult.java:128)
	at junit.framework.TestResult.run(TestResult.java:113)
	at junit.framework.TestCase.run(TestCase.java:124)
	at junit.framework.TestSuite.runTest(TestSuite.java:243)
	at junit.framework.TestSuite.run(TestSuite.java:238)
	at junit.framework.TestSuite.runTest(TestSuite.java:243)
	at junit.framework.TestSuite.run(TestSuite.java:238)
	at junit.textui.TestRunner.doRun(TestRunner.java:116)
	at RandoopTest.main(RandoopTest.java:8)

Dec 11, 2017 6:31:24 AM RandoopTest0 test22
WARNING: ORBUTIL.exceptionWhenSendingCloseConnection
org.omg.CORBA.INTERNAL:   vmcid: SUN  minor code: 284  completed: No
	at com.sun.corba.se.impl.logging.ORBUtilSystemException.exceptionWhenSendingCloseConnection(ORBUtilSystemException.java:5869)
	at com.sun.corba.se.impl.logging.ORBUtilSystemException.exceptionWhenSendingCloseConnection(ORBUtilSystemException.java:5891)
	at RandoopTest0.test22(RandoopTest0.java:1036)
	at sun.reflect.NativeMethodAccessorImpl.invoke0(Native Method)
	at sun.reflect.NativeMethodAccessorImpl.invoke(NativeMethodAccessorImpl.java:57)
	at sun.reflect.DelegatingMethodAccessorImpl.invoke(DelegatingMethodAccessorImpl.java:43)
	at java.lang.reflect.Method.invoke(Method.java:606)
	at junit.framework.TestCase.runTest(TestCase.java:168)
	at junit.framework.TestCase.runBare(TestCase.java:134)
	at junit.framework.TestResult$1.protect(TestResult.java:110)
	at junit.framework.TestResult.runProtected(TestResult.java:128)
	at junit.framework.TestResult.run(TestResult.java:113)
	at junit.framework.TestCase.run(TestCase.java:124)
	at junit.framework.TestSuite.runTest(TestSuite.java:243)
	at junit.framework.TestSuite.run(TestSuite.java:238)
	at junit.framework.TestSuite.runTest(TestSuite.java:243)
	at junit.framework.TestSuite.run(TestSuite.java:238)
	at junit.textui.TestRunner.doRun(TestRunner.java:116)
	at RandoopTest.main(RandoopTest.java:8)

Dec 11, 2017 6:31:24 AM RandoopTest0 test21
WARNING: ORBUTIL.illegalBootstrapOperation
org.omg.CORBA.BAD_PARAM:   vmcid: SUN  minor code: 216  completed: No
	at com.sun.corba.se.impl.logging.ORBUtilSystemException.illegalBootstrapOperation(ORBUtilSystemException.java:1560)
	at com.sun.corba.se.impl.logging.ORBUtilSystemException.illegalBootstrapOperation(ORBUtilSystemException.java:1583)
	at RandoopTest0.test21(RandoopTest0.java:906)
	at sun.reflect.NativeMethodAccessorImpl.invoke0(Native Method)
	at sun.reflect.NativeMethodAccessorImpl.invoke(NativeMethodAccessorImpl.java:57)
	at sun.reflect.DelegatingMethodAccessorImpl.invoke(DelegatingMethodAccessorImpl.java:43)
	at java.lang.reflect.Method.invoke(Method.java:606)
	at junit.framework.TestCase.runTest(TestCase.java:168)
	at junit.framework.TestCase.runBare(TestCase.java:134)
	at junit.framework.TestResult$1.protect(TestResult.java:110)
	at junit.framework.TestResult.runProtected(TestResult.java:128)
	at junit.framework.TestResult.run(TestResult.java:113)
	at junit.framework.TestCase.run(TestCase.java:124)
	at junit.framework.TestSuite.runTest(TestSuite.java:243)
	at junit.framework.TestSuite.run(TestSuite.java:238)
	at junit.framework.TestSuite.runTest(TestSuite.java:243)
	at junit.framework.TestSuite.run(TestSuite.java:238)
	at junit.textui.TestRunner.doRun(TestRunner.java:116)
	at RandoopTest.main(RandoopTest.java:8)

Dec 11, 2017 6:31:24 AM RandoopTest0 test21
SEVERE: ORBUTIL.createListenerFailed
org.omg.CORBA.COMM_FAILURE:   vmcid: SUN  minor code: 216  completed: No
	at com.sun.corba.se.impl.logging.ORBUtilSystemException.createListenerFailed(ORBUtilSystemException.java:2632)
	at com.sun.corba.se.impl.logging.ORBUtilSystemException.createListenerFailed(ORBUtilSystemException.java:2651)
	at RandoopTest0.test21(RandoopTest0.java:907)
	at sun.reflect.NativeMethodAccessorImpl.invoke0(Native Method)
	at sun.reflect.NativeMethodAccessorImpl.invoke(NativeMethodAccessorImpl.java:57)
	at sun.reflect.DelegatingMethodAccessorImpl.invoke(DelegatingMethodAccessorImpl.java:43)
	at java.lang.reflect.Method.invoke(Method.java:606)
	at junit.framework.TestCase.runTest(TestCase.java:168)
	at junit.framework.TestCase.runBare(TestCase.java:134)
	at junit.framework.TestResult$1.protect(TestResult.java:110)
	at junit.framework.TestResult.runProtected(TestResult.java:128)
	at junit.framework.TestResult.run(TestResult.java:113)
	at junit.framework.TestCase.run(TestCase.java:124)
	at junit.framework.TestSuite.runTest(TestSuite.java:243)
	at junit.framework.TestSuite.run(TestSuite.java:238)
	at junit.framework.TestSuite.runTest(TestSuite.java:243)
	at junit.framework.TestSuite.run(TestSuite.java:238)
	at junit.textui.TestRunner.doRun(TestRunner.java:116)
	at RandoopTest.main(RandoopTest.java:8)
Caused by: org.omg.CORBA.BAD_PARAM:   vmcid: SUN  minor code: 216  completed: No
	at com.sun.corba.se.impl.logging.ORBUtilSystemException.illegalBootstrapOperation(ORBUtilSystemException.java:1560)
	at com.sun.corba.se.impl.logging.ORBUtilSystemException.illegalBootstrapOperation(ORBUtilSystemException.java:1583)
	at RandoopTest0.test21(RandoopTest0.java:906)
	... 16 more

Dec 11, 2017 6:31:24 AM RandoopTest0 test21
WARNING: ORBUTIL.cannotWriteOrbidDb
org.omg.CORBA.INITIALIZE:   vmcid: SUN  minor code: 203  completed: No
	at com.sun.corba.se.impl.logging.ORBUtilSystemException.cannotWriteOrbidDb(ORBUtilSystemException.java:3559)
	at com.sun.corba.se.impl.logging.ORBUtilSystemException.cannotWriteOrbidDb(ORBUtilSystemException.java:3581)
	at RandoopTest0.test21(RandoopTest0.java:908)
	at sun.reflect.NativeMethodAccessorImpl.invoke0(Native Method)
	at sun.reflect.NativeMethodAccessorImpl.invoke(NativeMethodAccessorImpl.java:57)
	at sun.reflect.DelegatingMethodAccessorImpl.invoke(DelegatingMethodAccessorImpl.java:43)
	at java.lang.reflect.Method.invoke(Method.java:606)
	at junit.framework.TestCase.runTest(TestCase.java:168)
	at junit.framework.TestCase.runBare(TestCase.java:134)
	at junit.framework.TestResult$1.protect(TestResult.java:110)
	at junit.framework.TestResult.runProtected(TestResult.java:128)
	at junit.framework.TestResult.run(TestResult.java:113)
	at junit.framework.TestCase.run(TestCase.java:124)
	at junit.framework.TestSuite.runTest(TestSuite.java:243)
	at junit.framework.TestSuite.run(TestSuite.java:238)
	at junit.framework.TestSuite.runTest(TestSuite.java:243)
	at junit.framework.TestSuite.run(TestSuite.java:238)
	at junit.textui.TestRunner.doRun(TestRunner.java:116)
	at RandoopTest.main(RandoopTest.java:8)

Dec 11, 2017 6:31:24 AM RandoopTest0 test21
WARNING: ORBUTIL.getServerPortCalledBeforeEndpointsInitialized
org.omg.CORBA.INITIALIZE:   vmcid: SUN  minor code: 204  completed: No
	at com.sun.corba.se.impl.logging.ORBUtilSystemException.getServerPortCalledBeforeEndpointsInitialized(ORBUtilSystemException.java:3587)
	at com.sun.corba.se.impl.logging.ORBUtilSystemException.getServerPortCalledBeforeEndpointsInitialized(ORBUtilSystemException.java:3609)
	at RandoopTest0.test21(RandoopTest0.java:909)
	at sun.reflect.NativeMethodAccessorImpl.invoke0(Native Method)
	at sun.reflect.NativeMethodAccessorImpl.invoke(NativeMethodAccessorImpl.java:57)
	at sun.reflect.DelegatingMethodAccessorImpl.invoke(DelegatingMethodAccessorImpl.java:43)
	at java.lang.reflect.Method.invoke(Method.java:606)
	at junit.framework.TestCase.runTest(TestCase.java:168)
	at junit.framework.TestCase.runBare(TestCase.java:134)
	at junit.framework.TestResult$1.protect(TestResult.java:110)
	at junit.framework.TestResult.runProtected(TestResult.java:128)
	at junit.framework.TestResult.run(TestResult.java:113)
	at junit.framework.TestCase.run(TestCase.java:124)
	at junit.framework.TestSuite.runTest(TestSuite.java:243)
	at junit.framework.TestSuite.run(TestSuite.java:238)
	at junit.framework.TestSuite.runTest(TestSuite.java:243)
	at junit.framework.TestSuite.run(TestSuite.java:238)
	at junit.textui.TestRunner.doRun(TestRunner.java:116)
	at RandoopTest.main(RandoopTest.java:8)

Dec 11, 2017 6:31:24 AM RandoopTest0 test21
WARNING: ORBUTIL.illegalBootstrapOperation
org.omg.CORBA.BAD_PARAM:   vmcid: SUN  minor code: 216  completed: No
	at com.sun.corba.se.impl.logging.ORBUtilSystemException.illegalBootstrapOperation(ORBUtilSystemException.java:1560)
	at com.sun.corba.se.impl.logging.ORBUtilSystemException.illegalBootstrapOperation(ORBUtilSystemException.java:1583)
	at RandoopTest0.test21(RandoopTest0.java:916)
	at sun.reflect.NativeMethodAccessorImpl.invoke0(Native Method)
	at sun.reflect.NativeMethodAccessorImpl.invoke(NativeMethodAccessorImpl.java:57)
	at sun.reflect.DelegatingMethodAccessorImpl.invoke(DelegatingMethodAccessorImpl.java:43)
	at java.lang.reflect.Method.invoke(Method.java:606)
	at junit.framework.TestCase.runTest(TestCase.java:168)
	at junit.framework.TestCase.runBare(TestCase.java:134)
	at junit.framework.TestResult$1.protect(TestResult.java:110)
	at junit.framework.TestResult.runProtected(TestResult.java:128)
	at junit.framework.TestResult.run(TestResult.java:113)
	at junit.framework.TestCase.run(TestCase.java:124)
	at junit.framework.TestSuite.runTest(TestSuite.java:243)
	at junit.framework.TestSuite.run(TestSuite.java:238)
	at junit.framework.TestSuite.runTest(TestSuite.java:243)
	at junit.framework.TestSuite.run(TestSuite.java:238)
	at junit.textui.TestRunner.doRun(TestRunner.java:116)
	at RandoopTest.main(RandoopTest.java:8)

Dec 11, 2017 6:31:24 AM RandoopTest0 test21
SEVERE: ORBUTIL.createListenerFailed
org.omg.CORBA.COMM_FAILURE:   vmcid: SUN  minor code: 216  completed: No
	at com.sun.corba.se.impl.logging.ORBUtilSystemException.createListenerFailed(ORBUtilSystemException.java:2632)
	at com.sun.corba.se.impl.logging.ORBUtilSystemException.createListenerFailed(ORBUtilSystemException.java:2651)
	at RandoopTest0.test21(RandoopTest0.java:917)
	at sun.reflect.NativeMethodAccessorImpl.invoke0(Native Method)
	at sun.reflect.NativeMethodAccessorImpl.invoke(NativeMethodAccessorImpl.java:57)
	at sun.reflect.DelegatingMethodAccessorImpl.invoke(DelegatingMethodAccessorImpl.java:43)
	at java.lang.reflect.Method.invoke(Method.java:606)
	at junit.framework.TestCase.runTest(TestCase.java:168)
	at junit.framework.TestCase.runBare(TestCase.java:134)
	at junit.framework.TestResult$1.protect(TestResult.java:110)
	at junit.framework.TestResult.runProtected(TestResult.java:128)
	at junit.framework.TestResult.run(TestResult.java:113)
	at junit.framework.TestCase.run(TestCase.java:124)
	at junit.framework.TestSuite.runTest(TestSuite.java:243)
	at junit.framework.TestSuite.run(TestSuite.java:238)
	at junit.framework.TestSuite.runTest(TestSuite.java:243)
	at junit.framework.TestSuite.run(TestSuite.java:238)
	at junit.textui.TestRunner.doRun(TestRunner.java:116)
	at RandoopTest.main(RandoopTest.java:8)
Caused by: org.omg.CORBA.BAD_PARAM:   vmcid: SUN  minor code: 216  completed: No
	at com.sun.corba.se.impl.logging.ORBUtilSystemException.illegalBootstrapOperation(ORBUtilSystemException.java:1560)
	at com.sun.corba.se.impl.logging.ORBUtilSystemException.illegalBootstrapOperation(ORBUtilSystemException.java:1583)
	at RandoopTest0.test21(RandoopTest0.java:916)
	... 16 more

Dec 11, 2017 6:31:24 AM RandoopTest0 test21
WARNING: ORBUTIL.cannotWriteOrbidDb
org.omg.CORBA.INITIALIZE:   vmcid: SUN  minor code: 203  completed: No
	at com.sun.corba.se.impl.logging.ORBUtilSystemException.cannotWriteOrbidDb(ORBUtilSystemException.java:3559)
	at com.sun.corba.se.impl.logging.ORBUtilSystemException.cannotWriteOrbidDb(ORBUtilSystemException.java:3581)
	at RandoopTest0.test21(RandoopTest0.java:918)
	at sun.reflect.NativeMethodAccessorImpl.invoke0(Native Method)
	at sun.reflect.NativeMethodAccessorImpl.invoke(NativeMethodAccessorImpl.java:57)
	at sun.reflect.DelegatingMethodAccessorImpl.invoke(DelegatingMethodAccessorImpl.java:43)
	at java.lang.reflect.Method.invoke(Method.java:606)
	at junit.framework.TestCase.runTest(TestCase.java:168)
	at junit.framework.TestCase.runBare(TestCase.java:134)
	at junit.framework.TestResult$1.protect(TestResult.java:110)
	at junit.framework.TestResult.runProtected(TestResult.java:128)
	at junit.framework.TestResult.run(TestResult.java:113)
	at junit.framework.TestCase.run(TestCase.java:124)
	at junit.framework.TestSuite.runTest(TestSuite.java:243)
	at junit.framework.TestSuite.run(TestSuite.java:238)
	at junit.framework.TestSuite.runTest(TestSuite.java:243)
	at junit.framework.TestSuite.run(TestSuite.java:238)
	at junit.textui.TestRunner.doRun(TestRunner.java:116)
	at RandoopTest.main(RandoopTest.java:8)

Dec 11, 2017 6:31:24 AM RandoopTest0 test21
WARNING: ORBUTIL.wrongInterfaceDef
org.omg.CORBA.UNKNOWN:   vmcid: SUN  minor code: 206  completed: No
	at com.sun.corba.se.impl.logging.ORBUtilSystemException.wrongInterfaceDef(ORBUtilSystemException.java:8981)
	at com.sun.corba.se.impl.logging.ORBUtilSystemException.wrongInterfaceDef(ORBUtilSystemException.java:9003)
	at RandoopTest0.test21(RandoopTest0.java:919)
	at sun.reflect.NativeMethodAccessorImpl.invoke0(Native Method)
	at sun.reflect.NativeMethodAccessorImpl.invoke(NativeMethodAccessorImpl.java:57)
	at sun.reflect.DelegatingMethodAccessorImpl.invoke(DelegatingMethodAccessorImpl.java:43)
	at java.lang.reflect.Method.invoke(Method.java:606)
	at junit.framework.TestCase.runTest(TestCase.java:168)
	at junit.framework.TestCase.runBare(TestCase.java:134)
	at junit.framework.TestResult$1.protect(TestResult.java:110)
	at junit.framework.TestResult.runProtected(TestResult.java:128)
	at junit.framework.TestResult.run(TestResult.java:113)
	at junit.framework.TestCase.run(TestCase.java:124)
	at junit.framework.TestSuite.runTest(TestSuite.java:243)
	at junit.framework.TestSuite.run(TestSuite.java:238)
	at junit.framework.TestSuite.runTest(TestSuite.java:243)
	at junit.framework.TestSuite.run(TestSuite.java:238)
	at junit.textui.TestRunner.doRun(TestRunner.java:116)
	at RandoopTest.main(RandoopTest.java:8)

Dec 11, 2017 6:31:24 AM RandoopTest0 test21
WARNING: ORBUTIL.illegalBootstrapOperation
org.omg.CORBA.BAD_PARAM:   vmcid: SUN  minor code: 216  completed: No
	at com.sun.corba.se.impl.logging.ORBUtilSystemException.illegalBootstrapOperation(ORBUtilSystemException.java:1560)
	at com.sun.corba.se.impl.logging.ORBUtilSystemException.illegalBootstrapOperation(ORBUtilSystemException.java:1583)
	at RandoopTest0.test21(RandoopTest0.java:924)
	at sun.reflect.NativeMethodAccessorImpl.invoke0(Native Method)
	at sun.reflect.NativeMethodAccessorImpl.invoke(NativeMethodAccessorImpl.java:57)
	at sun.reflect.DelegatingMethodAccessorImpl.invoke(DelegatingMethodAccessorImpl.java:43)
	at java.lang.reflect.Method.invoke(Method.java:606)
	at junit.framework.TestCase.runTest(TestCase.java:168)
	at junit.framework.TestCase.runBare(TestCase.java:134)
	at junit.framework.TestResult$1.protect(TestResult.java:110)
	at junit.framework.TestResult.runProtected(TestResult.java:128)
	at junit.framework.TestResult.run(TestResult.java:113)
	at junit.framework.TestCase.run(TestCase.java:124)
	at junit.framework.TestSuite.runTest(TestSuite.java:243)
	at junit.framework.TestSuite.run(TestSuite.java:238)
	at junit.framework.TestSuite.runTest(TestSuite.java:243)
	at junit.framework.TestSuite.run(TestSuite.java:238)
	at junit.textui.TestRunner.doRun(TestRunner.java:116)
	at RandoopTest.main(RandoopTest.java:8)

Dec 11, 2017 6:31:24 AM RandoopTest0 test21
WARNING: ORBUTIL.illegalBootstrapOperation
org.omg.CORBA.BAD_PARAM:   vmcid: SUN  minor code: 216  completed: No
	at com.sun.corba.se.impl.logging.ORBUtilSystemException.illegalBootstrapOperation(ORBUtilSystemException.java:1560)
	at com.sun.corba.se.impl.logging.ORBUtilSystemException.illegalBootstrapOperation(ORBUtilSystemException.java:1583)
	at RandoopTest0.test21(RandoopTest0.java:931)
	at sun.reflect.NativeMethodAccessorImpl.invoke0(Native Method)
	at sun.reflect.NativeMethodAccessorImpl.invoke(NativeMethodAccessorImpl.java:57)
	at sun.reflect.DelegatingMethodAccessorImpl.invoke(DelegatingMethodAccessorImpl.java:43)
	at java.lang.reflect.Method.invoke(Method.java:606)
	at junit.framework.TestCase.runTest(TestCase.java:168)
	at junit.framework.TestCase.runBare(TestCase.java:134)
	at junit.framework.TestResult$1.protect(TestResult.java:110)
	at junit.framework.TestResult.runProtected(TestResult.java:128)
	at junit.framework.TestResult.run(TestResult.java:113)
	at junit.framework.TestCase.run(TestCase.java:124)
	at junit.framework.TestSuite.runTest(TestSuite.java:243)
	at junit.framework.TestSuite.run(TestSuite.java:238)
	at junit.framework.TestSuite.runTest(TestSuite.java:243)
	at junit.framework.TestSuite.run(TestSuite.java:238)
	at junit.textui.TestRunner.doRun(TestRunner.java:116)
	at RandoopTest.main(RandoopTest.java:8)

Dec 11, 2017 6:31:24 AM RandoopTest0 test21
SEVERE: ORBUTIL.createListenerFailed
org.omg.CORBA.COMM_FAILURE:   vmcid: SUN  minor code: 216  completed: No
	at com.sun.corba.se.impl.logging.ORBUtilSystemException.createListenerFailed(ORBUtilSystemException.java:2632)
	at com.sun.corba.se.impl.logging.ORBUtilSystemException.createListenerFailed(ORBUtilSystemException.java:2651)
	at RandoopTest0.test21(RandoopTest0.java:932)
	at sun.reflect.NativeMethodAccessorImpl.invoke0(Native Method)
	at sun.reflect.NativeMethodAccessorImpl.invoke(NativeMethodAccessorImpl.java:57)
	at sun.reflect.DelegatingMethodAccessorImpl.invoke(DelegatingMethodAccessorImpl.java:43)
	at java.lang.reflect.Method.invoke(Method.java:606)
	at junit.framework.TestCase.runTest(TestCase.java:168)
	at junit.framework.TestCase.runBare(TestCase.java:134)
	at junit.framework.TestResult$1.protect(TestResult.java:110)
	at junit.framework.TestResult.runProtected(TestResult.java:128)
	at junit.framework.TestResult.run(TestResult.java:113)
	at junit.framework.TestCase.run(TestCase.java:124)
	at junit.framework.TestSuite.runTest(TestSuite.java:243)
	at junit.framework.TestSuite.run(TestSuite.java:238)
	at junit.framework.TestSuite.runTest(TestSuite.java:243)
	at junit.framework.TestSuite.run(TestSuite.java:238)
	at junit.textui.TestRunner.doRun(TestRunner.java:116)
	at RandoopTest.main(RandoopTest.java:8)
Caused by: org.omg.CORBA.BAD_PARAM:   vmcid: SUN  minor code: 216  completed: No
	at com.sun.corba.se.impl.logging.ORBUtilSystemException.illegalBootstrapOperation(ORBUtilSystemException.java:1560)
	at com.sun.corba.se.impl.logging.ORBUtilSystemException.illegalBootstrapOperation(ORBUtilSystemException.java:1583)
	at RandoopTest0.test21(RandoopTest0.java:931)
	... 16 more

Dec 11, 2017 6:31:24 AM RandoopTest0 test21
WARNING: ORBUTIL.orbConnectError
org.omg.CORBA.OBJ_ADAPTER:   vmcid: SUN  minor code: 202  completed: No
	at com.sun.corba.se.impl.logging.ORBUtilSystemException.orbConnectError(ORBUtilSystemException.java:8549)
	at com.sun.corba.se.impl.logging.ORBUtilSystemException.orbConnectError(ORBUtilSystemException.java:8567)
	at RandoopTest0.test21(RandoopTest0.java:933)
	at sun.reflect.NativeMethodAccessorImpl.invoke0(Native Method)
	at sun.reflect.NativeMethodAccessorImpl.invoke(NativeMethodAccessorImpl.java:57)
	at sun.reflect.DelegatingMethodAccessorImpl.invoke(DelegatingMethodAccessorImpl.java:43)
	at java.lang.reflect.Method.invoke(Method.java:606)
	at junit.framework.TestCase.runTest(TestCase.java:168)
	at junit.framework.TestCase.runBare(TestCase.java:134)
	at junit.framework.TestResult$1.protect(TestResult.java:110)
	at junit.framework.TestResult.runProtected(TestResult.java:128)
	at junit.framework.TestResult.run(TestResult.java:113)
	at junit.framework.TestCase.run(TestCase.java:124)
	at junit.framework.TestSuite.runTest(TestSuite.java:243)
	at junit.framework.TestSuite.run(TestSuite.java:238)
	at junit.framework.TestSuite.runTest(TestSuite.java:243)
	at junit.framework.TestSuite.run(TestSuite.java:238)
	at junit.textui.TestRunner.doRun(TestRunner.java:116)
	at RandoopTest.main(RandoopTest.java:8)
Caused by: org.omg.CORBA.BAD_PARAM:   vmcid: SUN  minor code: 216  completed: No
	at com.sun.corba.se.impl.logging.ORBUtilSystemException.illegalBootstrapOperation(ORBUtilSystemException.java:1560)
	at com.sun.corba.se.impl.logging.ORBUtilSystemException.illegalBootstrapOperation(ORBUtilSystemException.java:1583)
	at RandoopTest0.test21(RandoopTest0.java:931)
	... 16 more

Dec 11, 2017 6:31:24 AM RandoopTest0 test21
WARNING: ORBUTIL.giopMagicError
org.omg.CORBA.INTERNAL:   vmcid: SUN  minor code: 220  completed: No
	at com.sun.corba.se.impl.logging.ORBUtilSystemException.giopMagicError(ORBUtilSystemException.java:4151)
	at com.sun.corba.se.impl.logging.ORBUtilSystemException.giopMagicError(ORBUtilSystemException.java:4169)
	at RandoopTest0.test21(RandoopTest0.java:934)
	at sun.reflect.NativeMethodAccessorImpl.invoke0(Native Method)
	at sun.reflect.NativeMethodAccessorImpl.invoke(NativeMethodAccessorImpl.java:57)
	at sun.reflect.DelegatingMethodAccessorImpl.invoke(DelegatingMethodAccessorImpl.java:43)
	at java.lang.reflect.Method.invoke(Method.java:606)
	at junit.framework.TestCase.runTest(TestCase.java:168)
	at junit.framework.TestCase.runBare(TestCase.java:134)
	at junit.framework.TestResult$1.protect(TestResult.java:110)
	at junit.framework.TestResult.runProtected(TestResult.java:128)
	at junit.framework.TestResult.run(TestResult.java:113)
	at junit.framework.TestCase.run(TestCase.java:124)
	at junit.framework.TestSuite.runTest(TestSuite.java:243)
	at junit.framework.TestSuite.run(TestSuite.java:238)
	at junit.framework.TestSuite.runTest(TestSuite.java:243)
	at junit.framework.TestSuite.run(TestSuite.java:238)
	at junit.textui.TestRunner.doRun(TestRunner.java:116)
	at RandoopTest.main(RandoopTest.java:8)
Caused by: org.omg.CORBA.OBJ_ADAPTER:   vmcid: SUN  minor code: 202  completed: No
	at com.sun.corba.se.impl.logging.ORBUtilSystemException.orbConnectError(ORBUtilSystemException.java:8549)
	at com.sun.corba.se.impl.logging.ORBUtilSystemException.orbConnectError(ORBUtilSystemException.java:8567)
	at RandoopTest0.test21(RandoopTest0.java:933)
	... 16 more
Caused by: org.omg.CORBA.BAD_PARAM:   vmcid: SUN  minor code: 216  completed: No
	at com.sun.corba.se.impl.logging.ORBUtilSystemException.illegalBootstrapOperation(ORBUtilSystemException.java:1560)
	at com.sun.corba.se.impl.logging.ORBUtilSystemException.illegalBootstrapOperation(ORBUtilSystemException.java:1583)
	at RandoopTest0.test21(RandoopTest0.java:931)
	... 16 more

Dec 11, 2017 6:31:24 AM RandoopTest0 test21
WARNING: ORBUTIL.badTypecodeForCustomValue
org.omg.CORBA.MARSHAL:   vmcid: SUN  minor code: 231  completed: No
	at com.sun.corba.se.impl.logging.ORBUtilSystemException.badTypecodeForCustomValue(ORBUtilSystemException.java:7547)
	at com.sun.corba.se.impl.logging.ORBUtilSystemException.badTypecodeForCustomValue(ORBUtilSystemException.java:7565)
	at RandoopTest0.test21(RandoopTest0.java:935)
	at sun.reflect.NativeMethodAccessorImpl.invoke0(Native Method)
	at sun.reflect.NativeMethodAccessorImpl.invoke(NativeMethodAccessorImpl.java:57)
	at sun.reflect.DelegatingMethodAccessorImpl.invoke(DelegatingMethodAccessorImpl.java:43)
	at java.lang.reflect.Method.invoke(Method.java:606)
	at junit.framework.TestCase.runTest(TestCase.java:168)
	at junit.framework.TestCase.runBare(TestCase.java:134)
	at junit.framework.TestResult$1.protect(TestResult.java:110)
	at junit.framework.TestResult.runProtected(TestResult.java:128)
	at junit.framework.TestResult.run(TestResult.java:113)
	at junit.framework.TestCase.run(TestCase.java:124)
	at junit.framework.TestSuite.runTest(TestSuite.java:243)
	at junit.framework.TestSuite.run(TestSuite.java:238)
	at junit.framework.TestSuite.runTest(TestSuite.java:243)
	at junit.framework.TestSuite.run(TestSuite.java:238)
	at junit.textui.TestRunner.doRun(TestRunner.java:116)
	at RandoopTest.main(RandoopTest.java:8)
Caused by: org.omg.CORBA.OBJ_ADAPTER:   vmcid: SUN  minor code: 202  completed: No
	at com.sun.corba.se.impl.logging.ORBUtilSystemException.orbConnectError(ORBUtilSystemException.java:8549)
	at com.sun.corba.se.impl.logging.ORBUtilSystemException.orbConnectError(ORBUtilSystemException.java:8567)
	at RandoopTest0.test21(RandoopTest0.java:933)
	... 16 more
Caused by: org.omg.CORBA.BAD_PARAM:   vmcid: SUN  minor code: 216  completed: No
	at com.sun.corba.se.impl.logging.ORBUtilSystemException.illegalBootstrapOperation(ORBUtilSystemException.java:1560)
	at com.sun.corba.se.impl.logging.ORBUtilSystemException.illegalBootstrapOperation(ORBUtilSystemException.java:1583)
	at RandoopTest0.test21(RandoopTest0.java:931)
	... 16 more

Dec 11, 2017 6:31:24 AM RandoopTest0 test19
WARNING: ORBUTIL.illegalBootstrapOperation
org.omg.CORBA.BAD_PARAM:   vmcid: SUN  minor code: 216  completed: No
	at com.sun.corba.se.impl.logging.ORBUtilSystemException.illegalBootstrapOperation(ORBUtilSystemException.java:1560)
	at com.sun.corba.se.impl.logging.ORBUtilSystemException.illegalBootstrapOperation(ORBUtilSystemException.java:1583)
	at RandoopTest0.test19(RandoopTest0.java:813)
	at sun.reflect.NativeMethodAccessorImpl.invoke0(Native Method)
	at sun.reflect.NativeMethodAccessorImpl.invoke(NativeMethodAccessorImpl.java:57)
	at sun.reflect.DelegatingMethodAccessorImpl.invoke(DelegatingMethodAccessorImpl.java:43)
	at java.lang.reflect.Method.invoke(Method.java:606)
	at junit.framework.TestCase.runTest(TestCase.java:168)
	at junit.framework.TestCase.runBare(TestCase.java:134)
	at junit.framework.TestResult$1.protect(TestResult.java:110)
	at junit.framework.TestResult.runProtected(TestResult.java:128)
	at junit.framework.TestResult.run(TestResult.java:113)
	at junit.framework.TestCase.run(TestCase.java:124)
	at junit.framework.TestSuite.runTest(TestSuite.java:243)
	at junit.framework.TestSuite.run(TestSuite.java:238)
	at junit.framework.TestSuite.runTest(TestSuite.java:243)
	at junit.framework.TestSuite.run(TestSuite.java:238)
	at junit.textui.TestRunner.doRun(TestRunner.java:116)
	at RandoopTest.main(RandoopTest.java:8)

Dec 11, 2017 6:31:24 AM RandoopTest0 test19
SEVERE: ORBUTIL.createListenerFailed
org.omg.CORBA.COMM_FAILURE:   vmcid: SUN  minor code: 216  completed: No
	at com.sun.corba.se.impl.logging.ORBUtilSystemException.createListenerFailed(ORBUtilSystemException.java:2632)
	at com.sun.corba.se.impl.logging.ORBUtilSystemException.createListenerFailed(ORBUtilSystemException.java:2651)
	at RandoopTest0.test19(RandoopTest0.java:814)
	at sun.reflect.NativeMethodAccessorImpl.invoke0(Native Method)
	at sun.reflect.NativeMethodAccessorImpl.invoke(NativeMethodAccessorImpl.java:57)
	at sun.reflect.DelegatingMethodAccessorImpl.invoke(DelegatingMethodAccessorImpl.java:43)
	at java.lang.reflect.Method.invoke(Method.java:606)
	at junit.framework.TestCase.runTest(TestCase.java:168)
	at junit.framework.TestCase.runBare(TestCase.java:134)
	at junit.framework.TestResult$1.protect(TestResult.java:110)
	at junit.framework.TestResult.runProtected(TestResult.java:128)
	at junit.framework.TestResult.run(TestResult.java:113)
	at junit.framework.TestCase.run(TestCase.java:124)
	at junit.framework.TestSuite.runTest(TestSuite.java:243)
	at junit.framework.TestSuite.run(TestSuite.java:238)
	at junit.framework.TestSuite.runTest(TestSuite.java:243)
	at junit.framework.TestSuite.run(TestSuite.java:238)
	at junit.textui.TestRunner.doRun(TestRunner.java:116)
	at RandoopTest.main(RandoopTest.java:8)
Caused by: org.omg.CORBA.BAD_PARAM:   vmcid: SUN  minor code: 216  completed: No
	at com.sun.corba.se.impl.logging.ORBUtilSystemException.illegalBootstrapOperation(ORBUtilSystemException.java:1560)
	at com.sun.corba.se.impl.logging.ORBUtilSystemException.illegalBootstrapOperation(ORBUtilSystemException.java:1583)
	at RandoopTest0.test19(RandoopTest0.java:813)
	... 16 more

Dec 11, 2017 6:31:24 AM RandoopTest0 test19
WARNING: ORBUTIL.cannotWriteOrbidDb
org.omg.CORBA.INITIALIZE:   vmcid: SUN  minor code: 203  completed: No
	at com.sun.corba.se.impl.logging.ORBUtilSystemException.cannotWriteOrbidDb(ORBUtilSystemException.java:3559)
	at com.sun.corba.se.impl.logging.ORBUtilSystemException.cannotWriteOrbidDb(ORBUtilSystemException.java:3581)
	at RandoopTest0.test19(RandoopTest0.java:815)
	at sun.reflect.NativeMethodAccessorImpl.invoke0(Native Method)
	at sun.reflect.NativeMethodAccessorImpl.invoke(NativeMethodAccessorImpl.java:57)
	at sun.reflect.DelegatingMethodAccessorImpl.invoke(DelegatingMethodAccessorImpl.java:43)
	at java.lang.reflect.Method.invoke(Method.java:606)
	at junit.framework.TestCase.runTest(TestCase.java:168)
	at junit.framework.TestCase.runBare(TestCase.java:134)
	at junit.framework.TestResult$1.protect(TestResult.java:110)
	at junit.framework.TestResult.runProtected(TestResult.java:128)
	at junit.framework.TestResult.run(TestResult.java:113)
	at junit.framework.TestCase.run(TestCase.java:124)
	at junit.framework.TestSuite.runTest(TestSuite.java:243)
	at junit.framework.TestSuite.run(TestSuite.java:238)
	at junit.framework.TestSuite.runTest(TestSuite.java:243)
	at junit.framework.TestSuite.run(TestSuite.java:238)
	at junit.textui.TestRunner.doRun(TestRunner.java:116)
	at RandoopTest.main(RandoopTest.java:8)

Dec 11, 2017 6:31:24 AM RandoopTest0 test19
WARNING: ORBUTIL.getServerPortCalledBeforeEndpointsInitialized
org.omg.CORBA.INITIALIZE:   vmcid: SUN  minor code: 204  completed: No
	at com.sun.corba.se.impl.logging.ORBUtilSystemException.getServerPortCalledBeforeEndpointsInitialized(ORBUtilSystemException.java:3587)
	at com.sun.corba.se.impl.logging.ORBUtilSystemException.getServerPortCalledBeforeEndpointsInitialized(ORBUtilSystemException.java:3609)
	at RandoopTest0.test19(RandoopTest0.java:816)
	at sun.reflect.NativeMethodAccessorImpl.invoke0(Native Method)
	at sun.reflect.NativeMethodAccessorImpl.invoke(NativeMethodAccessorImpl.java:57)
	at sun.reflect.DelegatingMethodAccessorImpl.invoke(DelegatingMethodAccessorImpl.java:43)
	at java.lang.reflect.Method.invoke(Method.java:606)
	at junit.framework.TestCase.runTest(TestCase.java:168)
	at junit.framework.TestCase.runBare(TestCase.java:134)
	at junit.framework.TestResult$1.protect(TestResult.java:110)
	at junit.framework.TestResult.runProtected(TestResult.java:128)
	at junit.framework.TestResult.run(TestResult.java:113)
	at junit.framework.TestCase.run(TestCase.java:124)
	at junit.framework.TestSuite.runTest(TestSuite.java:243)
	at junit.framework.TestSuite.run(TestSuite.java:238)
	at junit.framework.TestSuite.runTest(TestSuite.java:243)
	at junit.framework.TestSuite.run(TestSuite.java:238)
	at junit.textui.TestRunner.doRun(TestRunner.java:116)
	at RandoopTest.main(RandoopTest.java:8)

Dec 11, 2017 6:31:24 AM RandoopTest0 test19
WARNING: ORBUTIL.invalidSingleCharCtb
org.omg.CORBA.DATA_CONVERSION:   vmcid: SUN  minor code: 209  completed: No
	at com.sun.corba.se.impl.logging.ORBUtilSystemException.invalidSingleCharCtb(ORBUtilSystemException.java:2917)
	at com.sun.corba.se.impl.logging.ORBUtilSystemException.invalidSingleCharCtb(ORBUtilSystemException.java:2939)
	at RandoopTest0.test19(RandoopTest0.java:817)
	at sun.reflect.NativeMethodAccessorImpl.invoke0(Native Method)
	at sun.reflect.NativeMethodAccessorImpl.invoke(NativeMethodAccessorImpl.java:57)
	at sun.reflect.DelegatingMethodAccessorImpl.invoke(DelegatingMethodAccessorImpl.java:43)
	at java.lang.reflect.Method.invoke(Method.java:606)
	at junit.framework.TestCase.runTest(TestCase.java:168)
	at junit.framework.TestCase.runBare(TestCase.java:134)
	at junit.framework.TestResult$1.protect(TestResult.java:110)
	at junit.framework.TestResult.runProtected(TestResult.java:128)
	at junit.framework.TestResult.run(TestResult.java:113)
	at junit.framework.TestCase.run(TestCase.java:124)
	at junit.framework.TestSuite.runTest(TestSuite.java:243)
	at junit.framework.TestSuite.run(TestSuite.java:238)
	at junit.framework.TestSuite.runTest(TestSuite.java:243)
	at junit.framework.TestSuite.run(TestSuite.java:238)
	at junit.textui.TestRunner.doRun(TestRunner.java:116)
	at RandoopTest.main(RandoopTest.java:8)

Dec 11, 2017 6:31:24 AM RandoopTest0 test19
WARNING: ORBUTIL.illegalBootstrapOperation
org.omg.CORBA.BAD_PARAM:   vmcid: SUN  minor code: 216  completed: No
	at com.sun.corba.se.impl.logging.ORBUtilSystemException.illegalBootstrapOperation(ORBUtilSystemException.java:1560)
	at com.sun.corba.se.impl.logging.ORBUtilSystemException.illegalBootstrapOperation(ORBUtilSystemException.java:1583)
	at RandoopTest0.test19(RandoopTest0.java:822)
	at sun.reflect.NativeMethodAccessorImpl.invoke0(Native Method)
	at sun.reflect.NativeMethodAccessorImpl.invoke(NativeMethodAccessorImpl.java:57)
	at sun.reflect.DelegatingMethodAccessorImpl.invoke(DelegatingMethodAccessorImpl.java:43)
	at java.lang.reflect.Method.invoke(Method.java:606)
	at junit.framework.TestCase.runTest(TestCase.java:168)
	at junit.framework.TestCase.runBare(TestCase.java:134)
	at junit.framework.TestResult$1.protect(TestResult.java:110)
	at junit.framework.TestResult.runProtected(TestResult.java:128)
	at junit.framework.TestResult.run(TestResult.java:113)
	at junit.framework.TestCase.run(TestCase.java:124)
	at junit.framework.TestSuite.runTest(TestSuite.java:243)
	at junit.framework.TestSuite.run(TestSuite.java:238)
	at junit.framework.TestSuite.runTest(TestSuite.java:243)
	at junit.framework.TestSuite.run(TestSuite.java:238)
	at junit.textui.TestRunner.doRun(TestRunner.java:116)
	at RandoopTest.main(RandoopTest.java:8)

Dec 11, 2017 6:31:24 AM RandoopTest0 test19
WARNING: ORBUTIL.badkindCannotOccur
org.omg.CORBA.INTERNAL:   vmcid: SUN  minor code: 254  completed: No
	at com.sun.corba.se.impl.logging.ORBUtilSystemException.badkindCannotOccur(ORBUtilSystemException.java:5108)
	at com.sun.corba.se.impl.logging.ORBUtilSystemException.badkindCannotOccur(ORBUtilSystemException.java:5130)
	at RandoopTest0.test19(RandoopTest0.java:823)
	at sun.reflect.NativeMethodAccessorImpl.invoke0(Native Method)
	at sun.reflect.NativeMethodAccessorImpl.invoke(NativeMethodAccessorImpl.java:57)
	at sun.reflect.DelegatingMethodAccessorImpl.invoke(DelegatingMethodAccessorImpl.java:43)
	at java.lang.reflect.Method.invoke(Method.java:606)
	at junit.framework.TestCase.runTest(TestCase.java:168)
	at junit.framework.TestCase.runBare(TestCase.java:134)
	at junit.framework.TestResult$1.protect(TestResult.java:110)
	at junit.framework.TestResult.runProtected(TestResult.java:128)
	at junit.framework.TestResult.run(TestResult.java:113)
	at junit.framework.TestCase.run(TestCase.java:124)
	at junit.framework.TestSuite.runTest(TestSuite.java:243)
	at junit.framework.TestSuite.run(TestSuite.java:238)
	at junit.framework.TestSuite.runTest(TestSuite.java:243)
	at junit.framework.TestSuite.run(TestSuite.java:238)
	at junit.textui.TestRunner.doRun(TestRunner.java:116)
	at RandoopTest.main(RandoopTest.java:8)

Dec 11, 2017 6:31:24 AM RandoopTest0 test19
WARNING: ORBUTIL.malformedUrl
org.omg.CORBA.MARSHAL:   vmcid: SUN  minor code: 209  completed: No
	at com.sun.corba.se.impl.logging.ORBUtilSystemException.malformedUrl(ORBUtilSystemException.java:6946)
	at com.sun.corba.se.impl.logging.ORBUtilSystemException.malformedUrl(ORBUtilSystemException.java:6966)
	at RandoopTest0.test19(RandoopTest0.java:825)
	at sun.reflect.NativeMethodAccessorImpl.invoke0(Native Method)
	at sun.reflect.NativeMethodAccessorImpl.invoke(NativeMethodAccessorImpl.java:57)
	at sun.reflect.DelegatingMethodAccessorImpl.invoke(DelegatingMethodAccessorImpl.java:43)
	at java.lang.reflect.Method.invoke(Method.java:606)
	at junit.framework.TestCase.runTest(TestCase.java:168)
	at junit.framework.TestCase.runBare(TestCase.java:134)
	at junit.framework.TestResult$1.protect(TestResult.java:110)
	at junit.framework.TestResult.runProtected(TestResult.java:128)
	at junit.framework.TestResult.run(TestResult.java:113)
	at junit.framework.TestCase.run(TestCase.java:124)
	at junit.framework.TestSuite.runTest(TestSuite.java:243)
	at junit.framework.TestSuite.run(TestSuite.java:238)
	at junit.framework.TestSuite.runTest(TestSuite.java:243)
	at junit.framework.TestSuite.run(TestSuite.java:238)
	at junit.textui.TestRunner.doRun(TestRunner.java:116)
	at RandoopTest.main(RandoopTest.java:8)
Caused by: org.omg.CORBA.INTERNAL:   vmcid: SUN  minor code: 254  completed: No
	at com.sun.corba.se.impl.logging.ORBUtilSystemException.badkindCannotOccur(ORBUtilSystemException.java:5108)
	at com.sun.corba.se.impl.logging.ORBUtilSystemException.badkindCannotOccur(ORBUtilSystemException.java:5130)
	at RandoopTest0.test19(RandoopTest0.java:823)
	... 16 more

Dec 11, 2017 6:31:24 AM RandoopTest0 test18
WARNING: ORBUTIL.illegalBootstrapOperation
org.omg.CORBA.BAD_PARAM:   vmcid: SUN  minor code: 216  completed: No
	at com.sun.corba.se.impl.logging.ORBUtilSystemException.illegalBootstrapOperation(ORBUtilSystemException.java:1560)
	at com.sun.corba.se.impl.logging.ORBUtilSystemException.illegalBootstrapOperation(ORBUtilSystemException.java:1583)
	at RandoopTest0.test18(RandoopTest0.java:539)
	at sun.reflect.NativeMethodAccessorImpl.invoke0(Native Method)
	at sun.reflect.NativeMethodAccessorImpl.invoke(NativeMethodAccessorImpl.java:57)
	at sun.reflect.DelegatingMethodAccessorImpl.invoke(DelegatingMethodAccessorImpl.java:43)
	at java.lang.reflect.Method.invoke(Method.java:606)
	at junit.framework.TestCase.runTest(TestCase.java:168)
	at junit.framework.TestCase.runBare(TestCase.java:134)
	at junit.framework.TestResult$1.protect(TestResult.java:110)
	at junit.framework.TestResult.runProtected(TestResult.java:128)
	at junit.framework.TestResult.run(TestResult.java:113)
	at junit.framework.TestCase.run(TestCase.java:124)
	at junit.framework.TestSuite.runTest(TestSuite.java:243)
	at junit.framework.TestSuite.run(TestSuite.java:238)
	at junit.framework.TestSuite.runTest(TestSuite.java:243)
	at junit.framework.TestSuite.run(TestSuite.java:238)
	at junit.textui.TestRunner.doRun(TestRunner.java:116)
	at RandoopTest.main(RandoopTest.java:8)

Dec 11, 2017 6:31:24 AM RandoopTest0 test18
WARNING: ORBUTIL.illegalBootstrapOperation
org.omg.CORBA.BAD_PARAM:   vmcid: SUN  minor code: 216  completed: No
	at com.sun.corba.se.impl.logging.ORBUtilSystemException.illegalBootstrapOperation(ORBUtilSystemException.java:1560)
	at com.sun.corba.se.impl.logging.ORBUtilSystemException.illegalBootstrapOperation(ORBUtilSystemException.java:1583)
	at RandoopTest0.test18(RandoopTest0.java:546)
	at sun.reflect.NativeMethodAccessorImpl.invoke0(Native Method)
	at sun.reflect.NativeMethodAccessorImpl.invoke(NativeMethodAccessorImpl.java:57)
	at sun.reflect.DelegatingMethodAccessorImpl.invoke(DelegatingMethodAccessorImpl.java:43)
	at java.lang.reflect.Method.invoke(Method.java:606)
	at junit.framework.TestCase.runTest(TestCase.java:168)
	at junit.framework.TestCase.runBare(TestCase.java:134)
	at junit.framework.TestResult$1.protect(TestResult.java:110)
	at junit.framework.TestResult.runProtected(TestResult.java:128)
	at junit.framework.TestResult.run(TestResult.java:113)
	at junit.framework.TestCase.run(TestCase.java:124)
	at junit.framework.TestSuite.runTest(TestSuite.java:243)
	at junit.framework.TestSuite.run(TestSuite.java:238)
	at junit.framework.TestSuite.runTest(TestSuite.java:243)
	at junit.framework.TestSuite.run(TestSuite.java:238)
	at junit.textui.TestRunner.doRun(TestRunner.java:116)
	at RandoopTest.main(RandoopTest.java:8)

Dec 11, 2017 6:31:24 AM RandoopTest0 test18
SEVERE: ORBUTIL.createListenerFailed
org.omg.CORBA.COMM_FAILURE:   vmcid: SUN  minor code: 216  completed: No
	at com.sun.corba.se.impl.logging.ORBUtilSystemException.createListenerFailed(ORBUtilSystemException.java:2632)
	at com.sun.corba.se.impl.logging.ORBUtilSystemException.createListenerFailed(ORBUtilSystemException.java:2651)
	at RandoopTest0.test18(RandoopTest0.java:547)
	at sun.reflect.NativeMethodAccessorImpl.invoke0(Native Method)
	at sun.reflect.NativeMethodAccessorImpl.invoke(NativeMethodAccessorImpl.java:57)
	at sun.reflect.DelegatingMethodAccessorImpl.invoke(DelegatingMethodAccessorImpl.java:43)
	at java.lang.reflect.Method.invoke(Method.java:606)
	at junit.framework.TestCase.runTest(TestCase.java:168)
	at junit.framework.TestCase.runBare(TestCase.java:134)
	at junit.framework.TestResult$1.protect(TestResult.java:110)
	at junit.framework.TestResult.runProtected(TestResult.java:128)
	at junit.framework.TestResult.run(TestResult.java:113)
	at junit.framework.TestCase.run(TestCase.java:124)
	at junit.framework.TestSuite.runTest(TestSuite.java:243)
	at junit.framework.TestSuite.run(TestSuite.java:238)
	at junit.framework.TestSuite.runTest(TestSuite.java:243)
	at junit.framework.TestSuite.run(TestSuite.java:238)
	at junit.textui.TestRunner.doRun(TestRunner.java:116)
	at RandoopTest.main(RandoopTest.java:8)
Caused by: org.omg.CORBA.BAD_PARAM:   vmcid: SUN  minor code: 216  completed: No
	at com.sun.corba.se.impl.logging.ORBUtilSystemException.illegalBootstrapOperation(ORBUtilSystemException.java:1560)
	at com.sun.corba.se.impl.logging.ORBUtilSystemException.illegalBootstrapOperation(ORBUtilSystemException.java:1583)
	at RandoopTest0.test18(RandoopTest0.java:546)
	... 16 more

Dec 11, 2017 6:31:24 AM RandoopTest0 test18
WARNING: ORBUTIL.orbConnectError
org.omg.CORBA.OBJ_ADAPTER:   vmcid: SUN  minor code: 202  completed: No
	at com.sun.corba.se.impl.logging.ORBUtilSystemException.orbConnectError(ORBUtilSystemException.java:8549)
	at com.sun.corba.se.impl.logging.ORBUtilSystemException.orbConnectError(ORBUtilSystemException.java:8567)
	at RandoopTest0.test18(RandoopTest0.java:548)
	at sun.reflect.NativeMethodAccessorImpl.invoke0(Native Method)
	at sun.reflect.NativeMethodAccessorImpl.invoke(NativeMethodAccessorImpl.java:57)
	at sun.reflect.DelegatingMethodAccessorImpl.invoke(DelegatingMethodAccessorImpl.java:43)
	at java.lang.reflect.Method.invoke(Method.java:606)
	at junit.framework.TestCase.runTest(TestCase.java:168)
	at junit.framework.TestCase.runBare(TestCase.java:134)
	at junit.framework.TestResult$1.protect(TestResult.java:110)
	at junit.framework.TestResult.runProtected(TestResult.java:128)
	at junit.framework.TestResult.run(TestResult.java:113)
	at junit.framework.TestCase.run(TestCase.java:124)
	at junit.framework.TestSuite.runTest(TestSuite.java:243)
	at junit.framework.TestSuite.run(TestSuite.java:238)
	at junit.framework.TestSuite.runTest(TestSuite.java:243)
	at junit.framework.TestSuite.run(TestSuite.java:238)
	at junit.textui.TestRunner.doRun(TestRunner.java:116)
	at RandoopTest.main(RandoopTest.java:8)
Caused by: org.omg.CORBA.BAD_PARAM:   vmcid: SUN  minor code: 216  completed: No
	at com.sun.corba.se.impl.logging.ORBUtilSystemException.illegalBootstrapOperation(ORBUtilSystemException.java:1560)
	at com.sun.corba.se.impl.logging.ORBUtilSystemException.illegalBootstrapOperation(ORBUtilSystemException.java:1583)
	at RandoopTest0.test18(RandoopTest0.java:546)
	... 16 more

Dec 11, 2017 6:31:24 AM RandoopTest0 test18
WARNING: ORBUTIL.illegalBootstrapOperation
org.omg.CORBA.BAD_PARAM:   vmcid: SUN  minor code: 216  completed: No
	at com.sun.corba.se.impl.logging.ORBUtilSystemException.illegalBootstrapOperation(ORBUtilSystemException.java:1560)
	at com.sun.corba.se.impl.logging.ORBUtilSystemException.illegalBootstrapOperation(ORBUtilSystemException.java:1583)
	at RandoopTest0.test18(RandoopTest0.java:553)
	at sun.reflect.NativeMethodAccessorImpl.invoke0(Native Method)
	at sun.reflect.NativeMethodAccessorImpl.invoke(NativeMethodAccessorImpl.java:57)
	at sun.reflect.DelegatingMethodAccessorImpl.invoke(DelegatingMethodAccessorImpl.java:43)
	at java.lang.reflect.Method.invoke(Method.java:606)
	at junit.framework.TestCase.runTest(TestCase.java:168)
	at junit.framework.TestCase.runBare(TestCase.java:134)
	at junit.framework.TestResult$1.protect(TestResult.java:110)
	at junit.framework.TestResult.runProtected(TestResult.java:128)
	at junit.framework.TestResult.run(TestResult.java:113)
	at junit.framework.TestCase.run(TestCase.java:124)
	at junit.framework.TestSuite.runTest(TestSuite.java:243)
	at junit.framework.TestSuite.run(TestSuite.java:238)
	at junit.framework.TestSuite.runTest(TestSuite.java:243)
	at junit.framework.TestSuite.run(TestSuite.java:238)
	at junit.textui.TestRunner.doRun(TestRunner.java:116)
	at RandoopTest.main(RandoopTest.java:8)

Dec 11, 2017 6:31:24 AM RandoopTest0 test18
WARNING: ORBUTIL.badkindCannotOccur
org.omg.CORBA.INTERNAL:   vmcid: SUN  minor code: 254  completed: No
	at com.sun.corba.se.impl.logging.ORBUtilSystemException.badkindCannotOccur(ORBUtilSystemException.java:5108)
	at com.sun.corba.se.impl.logging.ORBUtilSystemException.badkindCannotOccur(ORBUtilSystemException.java:5130)
	at RandoopTest0.test18(RandoopTest0.java:554)
	at sun.reflect.NativeMethodAccessorImpl.invoke0(Native Method)
	at sun.reflect.NativeMethodAccessorImpl.invoke(NativeMethodAccessorImpl.java:57)
	at sun.reflect.DelegatingMethodAccessorImpl.invoke(DelegatingMethodAccessorImpl.java:43)
	at java.lang.reflect.Method.invoke(Method.java:606)
	at junit.framework.TestCase.runTest(TestCase.java:168)
	at junit.framework.TestCase.runBare(TestCase.java:134)
	at junit.framework.TestResult$1.protect(TestResult.java:110)
	at junit.framework.TestResult.runProtected(TestResult.java:128)
	at junit.framework.TestResult.run(TestResult.java:113)
	at junit.framework.TestCase.run(TestCase.java:124)
	at junit.framework.TestSuite.runTest(TestSuite.java:243)
	at junit.framework.TestSuite.run(TestSuite.java:238)
	at junit.framework.TestSuite.runTest(TestSuite.java:243)
	at junit.framework.TestSuite.run(TestSuite.java:238)
	at junit.textui.TestRunner.doRun(TestRunner.java:116)
	at RandoopTest.main(RandoopTest.java:8)

Dec 11, 2017 6:31:24 AM RandoopTest0 test18
WARNING: ORBUTIL.illegalBootstrapOperation
org.omg.CORBA.BAD_PARAM:   vmcid: SUN  minor code: 216  completed: No
	at com.sun.corba.se.impl.logging.ORBUtilSystemException.illegalBootstrapOperation(ORBUtilSystemException.java:1560)
	at com.sun.corba.se.impl.logging.ORBUtilSystemException.illegalBootstrapOperation(ORBUtilSystemException.java:1583)
	at RandoopTest0.test18(RandoopTest0.java:563)
	at sun.reflect.NativeMethodAccessorImpl.invoke0(Native Method)
	at sun.reflect.NativeMethodAccessorImpl.invoke(NativeMethodAccessorImpl.java:57)
	at sun.reflect.DelegatingMethodAccessorImpl.invoke(DelegatingMethodAccessorImpl.java:43)
	at java.lang.reflect.Method.invoke(Method.java:606)
	at junit.framework.TestCase.runTest(TestCase.java:168)
	at junit.framework.TestCase.runBare(TestCase.java:134)
	at junit.framework.TestResult$1.protect(TestResult.java:110)
	at junit.framework.TestResult.runProtected(TestResult.java:128)
	at junit.framework.TestResult.run(TestResult.java:113)
	at junit.framework.TestCase.run(TestCase.java:124)
	at junit.framework.TestSuite.runTest(TestSuite.java:243)
	at junit.framework.TestSuite.run(TestSuite.java:238)
	at junit.framework.TestSuite.runTest(TestSuite.java:243)
	at junit.framework.TestSuite.run(TestSuite.java:238)
	at junit.textui.TestRunner.doRun(TestRunner.java:116)
	at RandoopTest.main(RandoopTest.java:8)

Dec 11, 2017 6:31:24 AM RandoopTest0 test18
SEVERE: ORBUTIL.createListenerFailed
org.omg.CORBA.COMM_FAILURE:   vmcid: SUN  minor code: 216  completed: No
	at com.sun.corba.se.impl.logging.ORBUtilSystemException.createListenerFailed(ORBUtilSystemException.java:2632)
	at com.sun.corba.se.impl.logging.ORBUtilSystemException.createListenerFailed(ORBUtilSystemException.java:2651)
	at RandoopTest0.test18(RandoopTest0.java:564)
	at sun.reflect.NativeMethodAccessorImpl.invoke0(Native Method)
	at sun.reflect.NativeMethodAccessorImpl.invoke(NativeMethodAccessorImpl.java:57)
	at sun.reflect.DelegatingMethodAccessorImpl.invoke(DelegatingMethodAccessorImpl.java:43)
	at java.lang.reflect.Method.invoke(Method.java:606)
	at junit.framework.TestCase.runTest(TestCase.java:168)
	at junit.framework.TestCase.runBare(TestCase.java:134)
	at junit.framework.TestResult$1.protect(TestResult.java:110)
	at junit.framework.TestResult.runProtected(TestResult.java:128)
	at junit.framework.TestResult.run(TestResult.java:113)
	at junit.framework.TestCase.run(TestCase.java:124)
	at junit.framework.TestSuite.runTest(TestSuite.java:243)
	at junit.framework.TestSuite.run(TestSuite.java:238)
	at junit.framework.TestSuite.runTest(TestSuite.java:243)
	at junit.framework.TestSuite.run(TestSuite.java:238)
	at junit.textui.TestRunner.doRun(TestRunner.java:116)
	at RandoopTest.main(RandoopTest.java:8)
Caused by: org.omg.CORBA.BAD_PARAM:   vmcid: SUN  minor code: 216  completed: No
	at com.sun.corba.se.impl.logging.ORBUtilSystemException.illegalBootstrapOperation(ORBUtilSystemException.java:1560)
	at com.sun.corba.se.impl.logging.ORBUtilSystemException.illegalBootstrapOperation(ORBUtilSystemException.java:1583)
	at RandoopTest0.test18(RandoopTest0.java:563)
	... 16 more

Dec 11, 2017 6:31:24 AM RandoopTest0 test18
WARNING: ORBUTIL.cannotWriteOrbidDb
org.omg.CORBA.INITIALIZE:   vmcid: SUN  minor code: 203  completed: No
	at com.sun.corba.se.impl.logging.ORBUtilSystemException.cannotWriteOrbidDb(ORBUtilSystemException.java:3559)
	at com.sun.corba.se.impl.logging.ORBUtilSystemException.cannotWriteOrbidDb(ORBUtilSystemException.java:3581)
	at RandoopTest0.test18(RandoopTest0.java:565)
	at sun.reflect.NativeMethodAccessorImpl.invoke0(Native Method)
	at sun.reflect.NativeMethodAccessorImpl.invoke(NativeMethodAccessorImpl.java:57)
	at sun.reflect.DelegatingMethodAccessorImpl.invoke(DelegatingMethodAccessorImpl.java:43)
	at java.lang.reflect.Method.invoke(Method.java:606)
	at junit.framework.TestCase.runTest(TestCase.java:168)
	at junit.framework.TestCase.runBare(TestCase.java:134)
	at junit.framework.TestResult$1.protect(TestResult.java:110)
	at junit.framework.TestResult.runProtected(TestResult.java:128)
	at junit.framework.TestResult.run(TestResult.java:113)
	at junit.framework.TestCase.run(TestCase.java:124)
	at junit.framework.TestSuite.runTest(TestSuite.java:243)
	at junit.framework.TestSuite.run(TestSuite.java:238)
	at junit.framework.TestSuite.runTest(TestSuite.java:243)
	at junit.framework.TestSuite.run(TestSuite.java:238)
	at junit.textui.TestRunner.doRun(TestRunner.java:116)
	at RandoopTest.main(RandoopTest.java:8)

Dec 11, 2017 6:31:24 AM RandoopTest0 test18
WARNING: ORBUTIL.wrongInterfaceDef
org.omg.CORBA.UNKNOWN:   vmcid: SUN  minor code: 206  completed: No
	at com.sun.corba.se.impl.logging.ORBUtilSystemException.wrongInterfaceDef(ORBUtilSystemException.java:8981)
	at com.sun.corba.se.impl.logging.ORBUtilSystemException.wrongInterfaceDef(ORBUtilSystemException.java:9003)
	at RandoopTest0.test18(RandoopTest0.java:566)
	at sun.reflect.NativeMethodAccessorImpl.invoke0(Native Method)
	at sun.reflect.NativeMethodAccessorImpl.invoke(NativeMethodAccessorImpl.java:57)
	at sun.reflect.DelegatingMethodAccessorImpl.invoke(DelegatingMethodAccessorImpl.java:43)
	at java.lang.reflect.Method.invoke(Method.java:606)
	at junit.framework.TestCase.runTest(TestCase.java:168)
	at junit.framework.TestCase.runBare(TestCase.java:134)
	at junit.framework.TestResult$1.protect(TestResult.java:110)
	at junit.framework.TestResult.runProtected(TestResult.java:128)
	at junit.framework.TestResult.run(TestResult.java:113)
	at junit.framework.TestCase.run(TestCase.java:124)
	at junit.framework.TestSuite.runTest(TestSuite.java:243)
	at junit.framework.TestSuite.run(TestSuite.java:238)
	at junit.framework.TestSuite.runTest(TestSuite.java:243)
	at junit.framework.TestSuite.run(TestSuite.java:238)
	at junit.textui.TestRunner.doRun(TestRunner.java:116)
	at RandoopTest.main(RandoopTest.java:8)

Dec 11, 2017 6:31:24 AM RandoopTest0 test18
WARNING: ORBUTIL.illegalBootstrapOperation
org.omg.CORBA.BAD_PARAM:   vmcid: SUN  minor code: 216  completed: No
	at com.sun.corba.se.impl.logging.ORBUtilSystemException.illegalBootstrapOperation(ORBUtilSystemException.java:1560)
	at com.sun.corba.se.impl.logging.ORBUtilSystemException.illegalBootstrapOperation(ORBUtilSystemException.java:1583)
	at RandoopTest0.test18(RandoopTest0.java:571)
	at sun.reflect.NativeMethodAccessorImpl.invoke0(Native Method)
	at sun.reflect.NativeMethodAccessorImpl.invoke(NativeMethodAccessorImpl.java:57)
	at sun.reflect.DelegatingMethodAccessorImpl.invoke(DelegatingMethodAccessorImpl.java:43)
	at java.lang.reflect.Method.invoke(Method.java:606)
	at junit.framework.TestCase.runTest(TestCase.java:168)
	at junit.framework.TestCase.runBare(TestCase.java:134)
	at junit.framework.TestResult$1.protect(TestResult.java:110)
	at junit.framework.TestResult.runProtected(TestResult.java:128)
	at junit.framework.TestResult.run(TestResult.java:113)
	at junit.framework.TestCase.run(TestCase.java:124)
	at junit.framework.TestSuite.runTest(TestSuite.java:243)
	at junit.framework.TestSuite.run(TestSuite.java:238)
	at junit.framework.TestSuite.runTest(TestSuite.java:243)
	at junit.framework.TestSuite.run(TestSuite.java:238)
	at junit.textui.TestRunner.doRun(TestRunner.java:116)
	at RandoopTest.main(RandoopTest.java:8)

Dec 11, 2017 6:31:24 AM RandoopTest0 test18
WARNING: ORBUTIL.illegalBootstrapOperation
org.omg.CORBA.BAD_PARAM:   vmcid: SUN  minor code: 216  completed: No
	at com.sun.corba.se.impl.logging.ORBUtilSystemException.illegalBootstrapOperation(ORBUtilSystemException.java:1560)
	at com.sun.corba.se.impl.logging.ORBUtilSystemException.illegalBootstrapOperation(ORBUtilSystemException.java:1583)
	at RandoopTest0.test18(RandoopTest0.java:578)
	at sun.reflect.NativeMethodAccessorImpl.invoke0(Native Method)
	at sun.reflect.NativeMethodAccessorImpl.invoke(NativeMethodAccessorImpl.java:57)
	at sun.reflect.DelegatingMethodAccessorImpl.invoke(DelegatingMethodAccessorImpl.java:43)
	at java.lang.reflect.Method.invoke(Method.java:606)
	at junit.framework.TestCase.runTest(TestCase.java:168)
	at junit.framework.TestCase.runBare(TestCase.java:134)
	at junit.framework.TestResult$1.protect(TestResult.java:110)
	at junit.framework.TestResult.runProtected(TestResult.java:128)
	at junit.framework.TestResult.run(TestResult.java:113)
	at junit.framework.TestCase.run(TestCase.java:124)
	at junit.framework.TestSuite.runTest(TestSuite.java:243)
	at junit.framework.TestSuite.run(TestSuite.java:238)
	at junit.framework.TestSuite.runTest(TestSuite.java:243)
	at junit.framework.TestSuite.run(TestSuite.java:238)
	at junit.textui.TestRunner.doRun(TestRunner.java:116)
	at RandoopTest.main(RandoopTest.java:8)

Dec 11, 2017 6:31:24 AM RandoopTest0 test18
SEVERE: ORBUTIL.createListenerFailed
org.omg.CORBA.COMM_FAILURE:   vmcid: SUN  minor code: 216  completed: No
	at com.sun.corba.se.impl.logging.ORBUtilSystemException.createListenerFailed(ORBUtilSystemException.java:2632)
	at com.sun.corba.se.impl.logging.ORBUtilSystemException.createListenerFailed(ORBUtilSystemException.java:2651)
	at RandoopTest0.test18(RandoopTest0.java:579)
	at sun.reflect.NativeMethodAccessorImpl.invoke0(Native Method)
	at sun.reflect.NativeMethodAccessorImpl.invoke(NativeMethodAccessorImpl.java:57)
	at sun.reflect.DelegatingMethodAccessorImpl.invoke(DelegatingMethodAccessorImpl.java:43)
	at java.lang.reflect.Method.invoke(Method.java:606)
	at junit.framework.TestCase.runTest(TestCase.java:168)
	at junit.framework.TestCase.runBare(TestCase.java:134)
	at junit.framework.TestResult$1.protect(TestResult.java:110)
	at junit.framework.TestResult.runProtected(TestResult.java:128)
	at junit.framework.TestResult.run(TestResult.java:113)
	at junit.framework.TestCase.run(TestCase.java:124)
	at junit.framework.TestSuite.runTest(TestSuite.java:243)
	at junit.framework.TestSuite.run(TestSuite.java:238)
	at junit.framework.TestSuite.runTest(TestSuite.java:243)
	at junit.framework.TestSuite.run(TestSuite.java:238)
	at junit.textui.TestRunner.doRun(TestRunner.java:116)
	at RandoopTest.main(RandoopTest.java:8)
Caused by: org.omg.CORBA.BAD_PARAM:   vmcid: SUN  minor code: 216  completed: No
	at com.sun.corba.se.impl.logging.ORBUtilSystemException.illegalBootstrapOperation(ORBUtilSystemException.java:1560)
	at com.sun.corba.se.impl.logging.ORBUtilSystemException.illegalBootstrapOperation(ORBUtilSystemException.java:1583)
	at RandoopTest0.test18(RandoopTest0.java:578)
	... 16 more

Dec 11, 2017 6:31:24 AM RandoopTest0 test18
WARNING: ORBUTIL.orbConnectError
org.omg.CORBA.OBJ_ADAPTER:   vmcid: SUN  minor code: 202  completed: No
	at com.sun.corba.se.impl.logging.ORBUtilSystemException.orbConnectError(ORBUtilSystemException.java:8549)
	at com.sun.corba.se.impl.logging.ORBUtilSystemException.orbConnectError(ORBUtilSystemException.java:8567)
	at RandoopTest0.test18(RandoopTest0.java:580)
	at sun.reflect.NativeMethodAccessorImpl.invoke0(Native Method)
	at sun.reflect.NativeMethodAccessorImpl.invoke(NativeMethodAccessorImpl.java:57)
	at sun.reflect.DelegatingMethodAccessorImpl.invoke(DelegatingMethodAccessorImpl.java:43)
	at java.lang.reflect.Method.invoke(Method.java:606)
	at junit.framework.TestCase.runTest(TestCase.java:168)
	at junit.framework.TestCase.runBare(TestCase.java:134)
	at junit.framework.TestResult$1.protect(TestResult.java:110)
	at junit.framework.TestResult.runProtected(TestResult.java:128)
	at junit.framework.TestResult.run(TestResult.java:113)
	at junit.framework.TestCase.run(TestCase.java:124)
	at junit.framework.TestSuite.runTest(TestSuite.java:243)
	at junit.framework.TestSuite.run(TestSuite.java:238)
	at junit.framework.TestSuite.runTest(TestSuite.java:243)
	at junit.framework.TestSuite.run(TestSuite.java:238)
	at junit.textui.TestRunner.doRun(TestRunner.java:116)
	at RandoopTest.main(RandoopTest.java:8)
Caused by: org.omg.CORBA.BAD_PARAM:   vmcid: SUN  minor code: 216  completed: No
	at com.sun.corba.se.impl.logging.ORBUtilSystemException.illegalBootstrapOperation(ORBUtilSystemException.java:1560)
	at com.sun.corba.se.impl.logging.ORBUtilSystemException.illegalBootstrapOperation(ORBUtilSystemException.java:1583)
	at RandoopTest0.test18(RandoopTest0.java:578)
	... 16 more

Dec 11, 2017 6:31:24 AM RandoopTest0 test18
WARNING: ORBUTIL.giopMagicError
org.omg.CORBA.INTERNAL:   vmcid: SUN  minor code: 220  completed: No
	at com.sun.corba.se.impl.logging.ORBUtilSystemException.giopMagicError(ORBUtilSystemException.java:4151)
	at com.sun.corba.se.impl.logging.ORBUtilSystemException.giopMagicError(ORBUtilSystemException.java:4169)
	at RandoopTest0.test18(RandoopTest0.java:581)
	at sun.reflect.NativeMethodAccessorImpl.invoke0(Native Method)
	at sun.reflect.NativeMethodAccessorImpl.invoke(NativeMethodAccessorImpl.java:57)
	at sun.reflect.DelegatingMethodAccessorImpl.invoke(DelegatingMethodAccessorImpl.java:43)
	at java.lang.reflect.Method.invoke(Method.java:606)
	at junit.framework.TestCase.runTest(TestCase.java:168)
	at junit.framework.TestCase.runBare(TestCase.java:134)
	at junit.framework.TestResult$1.protect(TestResult.java:110)
	at junit.framework.TestResult.runProtected(TestResult.java:128)
	at junit.framework.TestResult.run(TestResult.java:113)
	at junit.framework.TestCase.run(TestCase.java:124)
	at junit.framework.TestSuite.runTest(TestSuite.java:243)
	at junit.framework.TestSuite.run(TestSuite.java:238)
	at junit.framework.TestSuite.runTest(TestSuite.java:243)
	at junit.framework.TestSuite.run(TestSuite.java:238)
	at junit.textui.TestRunner.doRun(TestRunner.java:116)
	at RandoopTest.main(RandoopTest.java:8)
Caused by: org.omg.CORBA.OBJ_ADAPTER:   vmcid: SUN  minor code: 202  completed: No
	at com.sun.corba.se.impl.logging.ORBUtilSystemException.orbConnectError(ORBUtilSystemException.java:8549)
	at com.sun.corba.se.impl.logging.ORBUtilSystemException.orbConnectError(ORBUtilSystemException.java:8567)
	at RandoopTest0.test18(RandoopTest0.java:580)
	... 16 more
Caused by: org.omg.CORBA.BAD_PARAM:   vmcid: SUN  minor code: 216  completed: No
	at com.sun.corba.se.impl.logging.ORBUtilSystemException.illegalBootstrapOperation(ORBUtilSystemException.java:1560)
	at com.sun.corba.se.impl.logging.ORBUtilSystemException.illegalBootstrapOperation(ORBUtilSystemException.java:1583)
	at RandoopTest0.test18(RandoopTest0.java:578)
	... 16 more

Dec 11, 2017 6:31:24 AM RandoopTest0 test18
WARNING: ORBUTIL.connectingServant
org.omg.CORBA.BAD_OPERATION:   vmcid: SUN  minor code: 205  completed: No
	at com.sun.corba.se.impl.logging.ORBUtilSystemException.connectingServant(ORBUtilSystemException.java:187)
	at com.sun.corba.se.impl.logging.ORBUtilSystemException.connectingServant(ORBUtilSystemException.java:205)
	at RandoopTest0.test18(RandoopTest0.java:582)
	at sun.reflect.NativeMethodAccessorImpl.invoke0(Native Method)
	at sun.reflect.NativeMethodAccessorImpl.invoke(NativeMethodAccessorImpl.java:57)
	at sun.reflect.DelegatingMethodAccessorImpl.invoke(DelegatingMethodAccessorImpl.java:43)
	at java.lang.reflect.Method.invoke(Method.java:606)
	at junit.framework.TestCase.runTest(TestCase.java:168)
	at junit.framework.TestCase.runBare(TestCase.java:134)
	at junit.framework.TestResult$1.protect(TestResult.java:110)
	at junit.framework.TestResult.runProtected(TestResult.java:128)
	at junit.framework.TestResult.run(TestResult.java:113)
	at junit.framework.TestCase.run(TestCase.java:124)
	at junit.framework.TestSuite.runTest(TestSuite.java:243)
	at junit.framework.TestSuite.run(TestSuite.java:238)
	at junit.framework.TestSuite.runTest(TestSuite.java:243)
	at junit.framework.TestSuite.run(TestSuite.java:238)
	at junit.textui.TestRunner.doRun(TestRunner.java:116)
	at RandoopTest.main(RandoopTest.java:8)
Caused by: org.omg.CORBA.OBJ_ADAPTER:   vmcid: SUN  minor code: 202  completed: No
	at com.sun.corba.se.impl.logging.ORBUtilSystemException.orbConnectError(ORBUtilSystemException.java:8549)
	at com.sun.corba.se.impl.logging.ORBUtilSystemException.orbConnectError(ORBUtilSystemException.java:8567)
	at RandoopTest0.test18(RandoopTest0.java:580)
	... 16 more
Caused by: org.omg.CORBA.BAD_PARAM:   vmcid: SUN  minor code: 216  completed: No
	at com.sun.corba.se.impl.logging.ORBUtilSystemException.illegalBootstrapOperation(ORBUtilSystemException.java:1560)
	at com.sun.corba.se.impl.logging.ORBUtilSystemException.illegalBootstrapOperation(ORBUtilSystemException.java:1583)
	at RandoopTest0.test18(RandoopTest0.java:578)
	... 16 more

Dec 11, 2017 6:31:24 AM RandoopTest0 test18
WARNING: ORBUTIL.illegalBootstrapOperation
org.omg.CORBA.BAD_PARAM:   vmcid: SUN  minor code: 216  completed: No
	at com.sun.corba.se.impl.logging.ORBUtilSystemException.illegalBootstrapOperation(ORBUtilSystemException.java:1560)
	at com.sun.corba.se.impl.logging.ORBUtilSystemException.illegalBootstrapOperation(ORBUtilSystemException.java:1583)
	at RandoopTest0.test18(RandoopTest0.java:587)
	at sun.reflect.NativeMethodAccessorImpl.invoke0(Native Method)
	at sun.reflect.NativeMethodAccessorImpl.invoke(NativeMethodAccessorImpl.java:57)
	at sun.reflect.DelegatingMethodAccessorImpl.invoke(DelegatingMethodAccessorImpl.java:43)
	at java.lang.reflect.Method.invoke(Method.java:606)
	at junit.framework.TestCase.runTest(TestCase.java:168)
	at junit.framework.TestCase.runBare(TestCase.java:134)
	at junit.framework.TestResult$1.protect(TestResult.java:110)
	at junit.framework.TestResult.runProtected(TestResult.java:128)
	at junit.framework.TestResult.run(TestResult.java:113)
	at junit.framework.TestCase.run(TestCase.java:124)
	at junit.framework.TestSuite.runTest(TestSuite.java:243)
	at junit.framework.TestSuite.run(TestSuite.java:238)
	at junit.framework.TestSuite.runTest(TestSuite.java:243)
	at junit.framework.TestSuite.run(TestSuite.java:238)
	at junit.textui.TestRunner.doRun(TestRunner.java:116)
	at RandoopTest.main(RandoopTest.java:8)

Dec 11, 2017 6:31:24 AM RandoopTest0 test18
WARNING: ORBUTIL.illegalBootstrapOperation
org.omg.CORBA.BAD_PARAM:   vmcid: SUN  minor code: 216  completed: No
	at com.sun.corba.se.impl.logging.ORBUtilSystemException.illegalBootstrapOperation(ORBUtilSystemException.java:1560)
	at com.sun.corba.se.impl.logging.ORBUtilSystemException.illegalBootstrapOperation(ORBUtilSystemException.java:1583)
	at RandoopTest0.test18(RandoopTest0.java:594)
	at sun.reflect.NativeMethodAccessorImpl.invoke0(Native Method)
	at sun.reflect.NativeMethodAccessorImpl.invoke(NativeMethodAccessorImpl.java:57)
	at sun.reflect.DelegatingMethodAccessorImpl.invoke(DelegatingMethodAccessorImpl.java:43)
	at java.lang.reflect.Method.invoke(Method.java:606)
	at junit.framework.TestCase.runTest(TestCase.java:168)
	at junit.framework.TestCase.runBare(TestCase.java:134)
	at junit.framework.TestResult$1.protect(TestResult.java:110)
	at junit.framework.TestResult.runProtected(TestResult.java:128)
	at junit.framework.TestResult.run(TestResult.java:113)
	at junit.framework.TestCase.run(TestCase.java:124)
	at junit.framework.TestSuite.runTest(TestSuite.java:243)
	at junit.framework.TestSuite.run(TestSuite.java:238)
	at junit.framework.TestSuite.runTest(TestSuite.java:243)
	at junit.framework.TestSuite.run(TestSuite.java:238)
	at junit.textui.TestRunner.doRun(TestRunner.java:116)
	at RandoopTest.main(RandoopTest.java:8)

Dec 11, 2017 6:31:24 AM RandoopTest0 test18
SEVERE: ORBUTIL.createListenerFailed
org.omg.CORBA.COMM_FAILURE:   vmcid: SUN  minor code: 216  completed: No
	at com.sun.corba.se.impl.logging.ORBUtilSystemException.createListenerFailed(ORBUtilSystemException.java:2632)
	at com.sun.corba.se.impl.logging.ORBUtilSystemException.createListenerFailed(ORBUtilSystemException.java:2651)
	at RandoopTest0.test18(RandoopTest0.java:595)
	at sun.reflect.NativeMethodAccessorImpl.invoke0(Native Method)
	at sun.reflect.NativeMethodAccessorImpl.invoke(NativeMethodAccessorImpl.java:57)
	at sun.reflect.DelegatingMethodAccessorImpl.invoke(DelegatingMethodAccessorImpl.java:43)
	at java.lang.reflect.Method.invoke(Method.java:606)
	at junit.framework.TestCase.runTest(TestCase.java:168)
	at junit.framework.TestCase.runBare(TestCase.java:134)
	at junit.framework.TestResult$1.protect(TestResult.java:110)
	at junit.framework.TestResult.runProtected(TestResult.java:128)
	at junit.framework.TestResult.run(TestResult.java:113)
	at junit.framework.TestCase.run(TestCase.java:124)
	at junit.framework.TestSuite.runTest(TestSuite.java:243)
	at junit.framework.TestSuite.run(TestSuite.java:238)
	at junit.framework.TestSuite.runTest(TestSuite.java:243)
	at junit.framework.TestSuite.run(TestSuite.java:238)
	at junit.textui.TestRunner.doRun(TestRunner.java:116)
	at RandoopTest.main(RandoopTest.java:8)
Caused by: org.omg.CORBA.BAD_PARAM:   vmcid: SUN  minor code: 216  completed: No
	at com.sun.corba.se.impl.logging.ORBUtilSystemException.illegalBootstrapOperation(ORBUtilSystemException.java:1560)
	at com.sun.corba.se.impl.logging.ORBUtilSystemException.illegalBootstrapOperation(ORBUtilSystemException.java:1583)
	at RandoopTest0.test18(RandoopTest0.java:594)
	... 16 more

Dec 11, 2017 6:31:24 AM RandoopTest0 test18
WARNING: ORBUTIL.illegalBootstrapOperation
org.omg.CORBA.BAD_PARAM:   vmcid: SUN  minor code: 216  completed: No
	at com.sun.corba.se.impl.logging.ORBUtilSystemException.illegalBootstrapOperation(ORBUtilSystemException.java:1560)
	at com.sun.corba.se.impl.logging.ORBUtilSystemException.illegalBootstrapOperation(ORBUtilSystemException.java:1583)
	at RandoopTest0.test18(RandoopTest0.java:600)
	at sun.reflect.NativeMethodAccessorImpl.invoke0(Native Method)
	at sun.reflect.NativeMethodAccessorImpl.invoke(NativeMethodAccessorImpl.java:57)
	at sun.reflect.DelegatingMethodAccessorImpl.invoke(DelegatingMethodAccessorImpl.java:43)
	at java.lang.reflect.Method.invoke(Method.java:606)
	at junit.framework.TestCase.runTest(TestCase.java:168)
	at junit.framework.TestCase.runBare(TestCase.java:134)
	at junit.framework.TestResult$1.protect(TestResult.java:110)
	at junit.framework.TestResult.runProtected(TestResult.java:128)
	at junit.framework.TestResult.run(TestResult.java:113)
	at junit.framework.TestCase.run(TestCase.java:124)
	at junit.framework.TestSuite.runTest(TestSuite.java:243)
	at junit.framework.TestSuite.run(TestSuite.java:238)
	at junit.framework.TestSuite.runTest(TestSuite.java:243)
	at junit.framework.TestSuite.run(TestSuite.java:238)
	at junit.textui.TestRunner.doRun(TestRunner.java:116)
	at RandoopTest.main(RandoopTest.java:8)

Dec 11, 2017 6:31:24 AM RandoopTest0 test18
WARNING: ORBUTIL.illegalBootstrapOperation
org.omg.CORBA.BAD_PARAM:   vmcid: SUN  minor code: 216  completed: No
	at com.sun.corba.se.impl.logging.ORBUtilSystemException.illegalBootstrapOperation(ORBUtilSystemException.java:1560)
	at com.sun.corba.se.impl.logging.ORBUtilSystemException.illegalBootstrapOperation(ORBUtilSystemException.java:1583)
	at RandoopTest0.test18(RandoopTest0.java:607)
	at sun.reflect.NativeMethodAccessorImpl.invoke0(Native Method)
	at sun.reflect.NativeMethodAccessorImpl.invoke(NativeMethodAccessorImpl.java:57)
	at sun.reflect.DelegatingMethodAccessorImpl.invoke(DelegatingMethodAccessorImpl.java:43)
	at java.lang.reflect.Method.invoke(Method.java:606)
	at junit.framework.TestCase.runTest(TestCase.java:168)
	at junit.framework.TestCase.runBare(TestCase.java:134)
	at junit.framework.TestResult$1.protect(TestResult.java:110)
	at junit.framework.TestResult.runProtected(TestResult.java:128)
	at junit.framework.TestResult.run(TestResult.java:113)
	at junit.framework.TestCase.run(TestCase.java:124)
	at junit.framework.TestSuite.runTest(TestSuite.java:243)
	at junit.framework.TestSuite.run(TestSuite.java:238)
	at junit.framework.TestSuite.runTest(TestSuite.java:243)
	at junit.framework.TestSuite.run(TestSuite.java:238)
	at junit.textui.TestRunner.doRun(TestRunner.java:116)
	at RandoopTest.main(RandoopTest.java:8)

Dec 11, 2017 6:31:24 AM RandoopTest0 test18
SEVERE: ORBUTIL.createListenerFailed
org.omg.CORBA.COMM_FAILURE:   vmcid: SUN  minor code: 216  completed: No
	at com.sun.corba.se.impl.logging.ORBUtilSystemException.createListenerFailed(ORBUtilSystemException.java:2632)
	at com.sun.corba.se.impl.logging.ORBUtilSystemException.createListenerFailed(ORBUtilSystemException.java:2651)
	at RandoopTest0.test18(RandoopTest0.java:608)
	at sun.reflect.NativeMethodAccessorImpl.invoke0(Native Method)
	at sun.reflect.NativeMethodAccessorImpl.invoke(NativeMethodAccessorImpl.java:57)
	at sun.reflect.DelegatingMethodAccessorImpl.invoke(DelegatingMethodAccessorImpl.java:43)
	at java.lang.reflect.Method.invoke(Method.java:606)
	at junit.framework.TestCase.runTest(TestCase.java:168)
	at junit.framework.TestCase.runBare(TestCase.java:134)
	at junit.framework.TestResult$1.protect(TestResult.java:110)
	at junit.framework.TestResult.runProtected(TestResult.java:128)
	at junit.framework.TestResult.run(TestResult.java:113)
	at junit.framework.TestCase.run(TestCase.java:124)
	at junit.framework.TestSuite.runTest(TestSuite.java:243)
	at junit.framework.TestSuite.run(TestSuite.java:238)
	at junit.framework.TestSuite.runTest(TestSuite.java:243)
	at junit.framework.TestSuite.run(TestSuite.java:238)
	at junit.textui.TestRunner.doRun(TestRunner.java:116)
	at RandoopTest.main(RandoopTest.java:8)
Caused by: org.omg.CORBA.BAD_PARAM:   vmcid: SUN  minor code: 216  completed: No
	at com.sun.corba.se.impl.logging.ORBUtilSystemException.illegalBootstrapOperation(ORBUtilSystemException.java:1560)
	at com.sun.corba.se.impl.logging.ORBUtilSystemException.illegalBootstrapOperation(ORBUtilSystemException.java:1583)
	at RandoopTest0.test18(RandoopTest0.java:607)
	... 16 more

Dec 11, 2017 6:31:24 AM RandoopTest0 test18
WARNING: ORBUTIL.orbConnectError
org.omg.CORBA.OBJ_ADAPTER:   vmcid: SUN  minor code: 202  completed: No
	at com.sun.corba.se.impl.logging.ORBUtilSystemException.orbConnectError(ORBUtilSystemException.java:8549)
	at com.sun.corba.se.impl.logging.ORBUtilSystemException.orbConnectError(ORBUtilSystemException.java:8567)
	at RandoopTest0.test18(RandoopTest0.java:609)
	at sun.reflect.NativeMethodAccessorImpl.invoke0(Native Method)
	at sun.reflect.NativeMethodAccessorImpl.invoke(NativeMethodAccessorImpl.java:57)
	at sun.reflect.DelegatingMethodAccessorImpl.invoke(DelegatingMethodAccessorImpl.java:43)
	at java.lang.reflect.Method.invoke(Method.java:606)
	at junit.framework.TestCase.runTest(TestCase.java:168)
	at junit.framework.TestCase.runBare(TestCase.java:134)
	at junit.framework.TestResult$1.protect(TestResult.java:110)
	at junit.framework.TestResult.runProtected(TestResult.java:128)
	at junit.framework.TestResult.run(TestResult.java:113)
	at junit.framework.TestCase.run(TestCase.java:124)
	at junit.framework.TestSuite.runTest(TestSuite.java:243)
	at junit.framework.TestSuite.run(TestSuite.java:238)
	at junit.framework.TestSuite.runTest(TestSuite.java:243)
	at junit.framework.TestSuite.run(TestSuite.java:238)
	at junit.textui.TestRunner.doRun(TestRunner.java:116)
	at RandoopTest.main(RandoopTest.java:8)
Caused by: org.omg.CORBA.BAD_PARAM:   vmcid: SUN  minor code: 216  completed: No
	at com.sun.corba.se.impl.logging.ORBUtilSystemException.illegalBootstrapOperation(ORBUtilSystemException.java:1560)
	at com.sun.corba.se.impl.logging.ORBUtilSystemException.illegalBootstrapOperation(ORBUtilSystemException.java:1583)
	at RandoopTest0.test18(RandoopTest0.java:607)
	... 16 more

Dec 11, 2017 6:31:24 AM RandoopTest0 test18
WARNING: ORBUTIL.threadGroupHasSubGroupsInClose
org.omg.CORBA.INTERNAL:   vmcid: SUN  minor code: 329  completed: No
	at com.sun.corba.se.impl.logging.ORBUtilSystemException.threadGroupHasSubGroupsInClose(ORBUtilSystemException.java:6629)
	at com.sun.corba.se.impl.logging.ORBUtilSystemException.threadGroupHasSubGroupsInClose(ORBUtilSystemException.java:6653)
	at RandoopTest0.test18(RandoopTest0.java:610)
	at sun.reflect.NativeMethodAccessorImpl.invoke0(Native Method)
	at sun.reflect.NativeMethodAccessorImpl.invoke(NativeMethodAccessorImpl.java:57)
	at sun.reflect.DelegatingMethodAccessorImpl.invoke(DelegatingMethodAccessorImpl.java:43)
	at java.lang.reflect.Method.invoke(Method.java:606)
	at junit.framework.TestCase.runTest(TestCase.java:168)
	at junit.framework.TestCase.runBare(TestCase.java:134)
	at junit.framework.TestResult$1.protect(TestResult.java:110)
	at junit.framework.TestResult.runProtected(TestResult.java:128)
	at junit.framework.TestResult.run(TestResult.java:113)
	at junit.framework.TestCase.run(TestCase.java:124)
	at junit.framework.TestSuite.runTest(TestSuite.java:243)
	at junit.framework.TestSuite.run(TestSuite.java:238)
	at junit.framework.TestSuite.runTest(TestSuite.java:243)
	at junit.framework.TestSuite.run(TestSuite.java:238)
	at junit.textui.TestRunner.doRun(TestRunner.java:116)
	at RandoopTest.main(RandoopTest.java:8)

Dec 11, 2017 6:31:24 AM RandoopTest0 test18
WARNING: ORBUTIL.badHexDigit
org.omg.CORBA.DATA_CONVERSION:   vmcid: SUN  minor code: 205  completed: No
	at com.sun.corba.se.impl.logging.ORBUtilSystemException.badHexDigit(ORBUtilSystemException.java:2805)
	at com.sun.corba.se.impl.logging.ORBUtilSystemException.badHexDigit(ORBUtilSystemException.java:2823)
	at RandoopTest0.test18(RandoopTest0.java:611)
	at sun.reflect.NativeMethodAccessorImpl.invoke0(Native Method)
	at sun.reflect.NativeMethodAccessorImpl.invoke(NativeMethodAccessorImpl.java:57)
	at sun.reflect.DelegatingMethodAccessorImpl.invoke(DelegatingMethodAccessorImpl.java:43)
	at java.lang.reflect.Method.invoke(Method.java:606)
	at junit.framework.TestCase.runTest(TestCase.java:168)
	at junit.framework.TestCase.runBare(TestCase.java:134)
	at junit.framework.TestResult$1.protect(TestResult.java:110)
	at junit.framework.TestResult.runProtected(TestResult.java:128)
	at junit.framework.TestResult.run(TestResult.java:113)
	at junit.framework.TestCase.run(TestCase.java:124)
	at junit.framework.TestSuite.runTest(TestSuite.java:243)
	at junit.framework.TestSuite.run(TestSuite.java:238)
	at junit.framework.TestSuite.runTest(TestSuite.java:243)
	at junit.framework.TestSuite.run(TestSuite.java:238)
	at junit.textui.TestRunner.doRun(TestRunner.java:116)
	at RandoopTest.main(RandoopTest.java:8)
Caused by: org.omg.CORBA.INTERNAL:   vmcid: SUN  minor code: 329  completed: No
	at com.sun.corba.se.impl.logging.ORBUtilSystemException.threadGroupHasSubGroupsInClose(ORBUtilSystemException.java:6629)
	at com.sun.corba.se.impl.logging.ORBUtilSystemException.threadGroupHasSubGroupsInClose(ORBUtilSystemException.java:6653)
	at RandoopTest0.test18(RandoopTest0.java:610)
	... 16 more

Dec 11, 2017 6:31:24 AM RandoopTest0 test18
WARNING: ORBUTIL.workQueueRequestWorkNoWorkFound
org.omg.CORBA.INTERNAL:   vmcid: SUN  minor code: 316  completed: No
	at com.sun.corba.se.impl.logging.ORBUtilSystemException.workQueueRequestWorkNoWorkFound(ORBUtilSystemException.java:6512)
	at com.sun.corba.se.impl.logging.ORBUtilSystemException.workQueueRequestWorkNoWorkFound(ORBUtilSystemException.java:6536)
	at RandoopTest0.test18(RandoopTest0.java:612)
	at sun.reflect.NativeMethodAccessorImpl.invoke0(Native Method)
	at sun.reflect.NativeMethodAccessorImpl.invoke(NativeMethodAccessorImpl.java:57)
	at sun.reflect.DelegatingMethodAccessorImpl.invoke(DelegatingMethodAccessorImpl.java:43)
	at java.lang.reflect.Method.invoke(Method.java:606)
	at junit.framework.TestCase.runTest(TestCase.java:168)
	at junit.framework.TestCase.runBare(TestCase.java:134)
	at junit.framework.TestResult$1.protect(TestResult.java:110)
	at junit.framework.TestResult.runProtected(TestResult.java:128)
	at junit.framework.TestResult.run(TestResult.java:113)
	at junit.framework.TestCase.run(TestCase.java:124)
	at junit.framework.TestSuite.runTest(TestSuite.java:243)
	at junit.framework.TestSuite.run(TestSuite.java:238)
	at junit.framework.TestSuite.runTest(TestSuite.java:243)
	at junit.framework.TestSuite.run(TestSuite.java:238)
	at junit.textui.TestRunner.doRun(TestRunner.java:116)
	at RandoopTest.main(RandoopTest.java:8)

Dec 11, 2017 6:31:24 AM RandoopTest0 test16
WARNING: ORBUTIL.illegalBootstrapOperation
org.omg.CORBA.BAD_PARAM:   vmcid: SUN  minor code: 216  completed: No
	at com.sun.corba.se.impl.logging.ORBUtilSystemException.illegalBootstrapOperation(ORBUtilSystemException.java:1560)
	at com.sun.corba.se.impl.logging.ORBUtilSystemException.illegalBootstrapOperation(ORBUtilSystemException.java:1583)
	at RandoopTest0.test16(RandoopTest0.java:458)
	at sun.reflect.NativeMethodAccessorImpl.invoke0(Native Method)
	at sun.reflect.NativeMethodAccessorImpl.invoke(NativeMethodAccessorImpl.java:57)
	at sun.reflect.DelegatingMethodAccessorImpl.invoke(DelegatingMethodAccessorImpl.java:43)
	at java.lang.reflect.Method.invoke(Method.java:606)
	at junit.framework.TestCase.runTest(TestCase.java:168)
	at junit.framework.TestCase.runBare(TestCase.java:134)
	at junit.framework.TestResult$1.protect(TestResult.java:110)
	at junit.framework.TestResult.runProtected(TestResult.java:128)
	at junit.framework.TestResult.run(TestResult.java:113)
	at junit.framework.TestCase.run(TestCase.java:124)
	at junit.framework.TestSuite.runTest(TestSuite.java:243)
	at junit.framework.TestSuite.run(TestSuite.java:238)
	at junit.framework.TestSuite.runTest(TestSuite.java:243)
	at junit.framework.TestSuite.run(TestSuite.java:238)
	at junit.textui.TestRunner.doRun(TestRunner.java:116)
	at RandoopTest.main(RandoopTest.java:8)

Dec 11, 2017 6:31:24 AM RandoopTest0 test16
WARNING: ORBUTIL.illegalBootstrapOperation
org.omg.CORBA.BAD_PARAM:   vmcid: SUN  minor code: 216  completed: No
	at com.sun.corba.se.impl.logging.ORBUtilSystemException.illegalBootstrapOperation(ORBUtilSystemException.java:1560)
	at com.sun.corba.se.impl.logging.ORBUtilSystemException.illegalBootstrapOperation(ORBUtilSystemException.java:1583)
	at RandoopTest0.test16(RandoopTest0.java:465)
	at sun.reflect.NativeMethodAccessorImpl.invoke0(Native Method)
	at sun.reflect.NativeMethodAccessorImpl.invoke(NativeMethodAccessorImpl.java:57)
	at sun.reflect.DelegatingMethodAccessorImpl.invoke(DelegatingMethodAccessorImpl.java:43)
	at java.lang.reflect.Method.invoke(Method.java:606)
	at junit.framework.TestCase.runTest(TestCase.java:168)
	at junit.framework.TestCase.runBare(TestCase.java:134)
	at junit.framework.TestResult$1.protect(TestResult.java:110)
	at junit.framework.TestResult.runProtected(TestResult.java:128)
	at junit.framework.TestResult.run(TestResult.java:113)
	at junit.framework.TestCase.run(TestCase.java:124)
	at junit.framework.TestSuite.runTest(TestSuite.java:243)
	at junit.framework.TestSuite.run(TestSuite.java:238)
	at junit.framework.TestSuite.runTest(TestSuite.java:243)
	at junit.framework.TestSuite.run(TestSuite.java:238)
	at junit.textui.TestRunner.doRun(TestRunner.java:116)
	at RandoopTest.main(RandoopTest.java:8)

Dec 11, 2017 6:31:24 AM RandoopTest0 test16
SEVERE: ORBUTIL.createListenerFailed
org.omg.CORBA.COMM_FAILURE:   vmcid: SUN  minor code: 216  completed: No
	at com.sun.corba.se.impl.logging.ORBUtilSystemException.createListenerFailed(ORBUtilSystemException.java:2632)
	at com.sun.corba.se.impl.logging.ORBUtilSystemException.createListenerFailed(ORBUtilSystemException.java:2651)
	at RandoopTest0.test16(RandoopTest0.java:466)
	at sun.reflect.NativeMethodAccessorImpl.invoke0(Native Method)
	at sun.reflect.NativeMethodAccessorImpl.invoke(NativeMethodAccessorImpl.java:57)
	at sun.reflect.DelegatingMethodAccessorImpl.invoke(DelegatingMethodAccessorImpl.java:43)
	at java.lang.reflect.Method.invoke(Method.java:606)
	at junit.framework.TestCase.runTest(TestCase.java:168)
	at junit.framework.TestCase.runBare(TestCase.java:134)
	at junit.framework.TestResult$1.protect(TestResult.java:110)
	at junit.framework.TestResult.runProtected(TestResult.java:128)
	at junit.framework.TestResult.run(TestResult.java:113)
	at junit.framework.TestCase.run(TestCase.java:124)
	at junit.framework.TestSuite.runTest(TestSuite.java:243)
	at junit.framework.TestSuite.run(TestSuite.java:238)
	at junit.framework.TestSuite.runTest(TestSuite.java:243)
	at junit.framework.TestSuite.run(TestSuite.java:238)
	at junit.textui.TestRunner.doRun(TestRunner.java:116)
	at RandoopTest.main(RandoopTest.java:8)
Caused by: org.omg.CORBA.BAD_PARAM:   vmcid: SUN  minor code: 216  completed: No
	at com.sun.corba.se.impl.logging.ORBUtilSystemException.illegalBootstrapOperation(ORBUtilSystemException.java:1560)
	at com.sun.corba.se.impl.logging.ORBUtilSystemException.illegalBootstrapOperation(ORBUtilSystemException.java:1583)
	at RandoopTest0.test16(RandoopTest0.java:465)
	... 16 more

Dec 11, 2017 6:31:24 AM RandoopTest0 test16
WARNING: ORBUTIL.orbConnectError
org.omg.CORBA.OBJ_ADAPTER:   vmcid: SUN  minor code: 202  completed: No
	at com.sun.corba.se.impl.logging.ORBUtilSystemException.orbConnectError(ORBUtilSystemException.java:8549)
	at com.sun.corba.se.impl.logging.ORBUtilSystemException.orbConnectError(ORBUtilSystemException.java:8567)
	at RandoopTest0.test16(RandoopTest0.java:467)
	at sun.reflect.NativeMethodAccessorImpl.invoke0(Native Method)
	at sun.reflect.NativeMethodAccessorImpl.invoke(NativeMethodAccessorImpl.java:57)
	at sun.reflect.DelegatingMethodAccessorImpl.invoke(DelegatingMethodAccessorImpl.java:43)
	at java.lang.reflect.Method.invoke(Method.java:606)
	at junit.framework.TestCase.runTest(TestCase.java:168)
	at junit.framework.TestCase.runBare(TestCase.java:134)
	at junit.framework.TestResult$1.protect(TestResult.java:110)
	at junit.framework.TestResult.runProtected(TestResult.java:128)
	at junit.framework.TestResult.run(TestResult.java:113)
	at junit.framework.TestCase.run(TestCase.java:124)
	at junit.framework.TestSuite.runTest(TestSuite.java:243)
	at junit.framework.TestSuite.run(TestSuite.java:238)
	at junit.framework.TestSuite.runTest(TestSuite.java:243)
	at junit.framework.TestSuite.run(TestSuite.java:238)
	at junit.textui.TestRunner.doRun(TestRunner.java:116)
	at RandoopTest.main(RandoopTest.java:8)
Caused by: org.omg.CORBA.BAD_PARAM:   vmcid: SUN  minor code: 216  completed: No
	at com.sun.corba.se.impl.logging.ORBUtilSystemException.illegalBootstrapOperation(ORBUtilSystemException.java:1560)
	at com.sun.corba.se.impl.logging.ORBUtilSystemException.illegalBootstrapOperation(ORBUtilSystemException.java:1583)
	at RandoopTest0.test16(RandoopTest0.java:465)
	... 16 more

Dec 11, 2017 6:31:24 AM RandoopTest0 test16
WARNING: ORBUTIL.getTypeIdsRequiresStub
org.omg.CORBA.BAD_OPERATION:   vmcid: SUN  minor code: 240  completed: No
	at com.sun.corba.se.impl.logging.ORBUtilSystemException.getTypeIdsRequiresStub(ORBUtilSystemException.java:927)
	at com.sun.corba.se.impl.logging.ORBUtilSystemException.getTypeIdsRequiresStub(ORBUtilSystemException.java:945)
	at RandoopTest0.test16(RandoopTest0.java:471)
	at sun.reflect.NativeMethodAccessorImpl.invoke0(Native Method)
	at sun.reflect.NativeMethodAccessorImpl.invoke(NativeMethodAccessorImpl.java:57)
	at sun.reflect.DelegatingMethodAccessorImpl.invoke(DelegatingMethodAccessorImpl.java:43)
	at java.lang.reflect.Method.invoke(Method.java:606)
	at junit.framework.TestCase.runTest(TestCase.java:168)
	at junit.framework.TestCase.runBare(TestCase.java:134)
	at junit.framework.TestResult$1.protect(TestResult.java:110)
	at junit.framework.TestResult.runProtected(TestResult.java:128)
	at junit.framework.TestResult.run(TestResult.java:113)
	at junit.framework.TestCase.run(TestCase.java:124)
	at junit.framework.TestSuite.runTest(TestSuite.java:243)
	at junit.framework.TestSuite.run(TestSuite.java:238)
	at junit.framework.TestSuite.runTest(TestSuite.java:243)
	at junit.framework.TestSuite.run(TestSuite.java:238)
	at junit.textui.TestRunner.doRun(TestRunner.java:116)
	at RandoopTest.main(RandoopTest.java:8)
Caused by: org.omg.CORBA.COMM_FAILURE:   vmcid: SUN  minor code: 208  completed: No
	at com.sun.corba.se.impl.logging.ORBUtilSystemException.connectionAbort(ORBUtilSystemException.java:2400)
	at com.sun.corba.se.impl.logging.ORBUtilSystemException.connectionAbort(ORBUtilSystemException.java:2422)
	at RandoopTest0.test16(RandoopTest0.java:470)
	... 16 more

Dec 11, 2017 6:31:24 AM RandoopTest0 test14
WARNING: ORBUTIL.invalidObjectKey
org.omg.CORBA.MARSHAL:   vmcid: SUN  minor code: 208  completed: No
	at com.sun.corba.se.impl.logging.ORBUtilSystemException.invalidObjectKey(ORBUtilSystemException.java:6918)
	at com.sun.corba.se.impl.logging.ORBUtilSystemException.invalidObjectKey(ORBUtilSystemException.java:6940)
	at RandoopTest0.test14(RandoopTest0.java:426)
	at sun.reflect.NativeMethodAccessorImpl.invoke0(Native Method)
	at sun.reflect.NativeMethodAccessorImpl.invoke(NativeMethodAccessorImpl.java:57)
	at sun.reflect.DelegatingMethodAccessorImpl.invoke(DelegatingMethodAccessorImpl.java:43)
	at java.lang.reflect.Method.invoke(Method.java:606)
	at junit.framework.TestCase.runTest(TestCase.java:168)
	at junit.framework.TestCase.runBare(TestCase.java:134)
	at junit.framework.TestResult$1.protect(TestResult.java:110)
	at junit.framework.TestResult.runProtected(TestResult.java:128)
	at junit.framework.TestResult.run(TestResult.java:113)
	at junit.framework.TestCase.run(TestCase.java:124)
	at junit.framework.TestSuite.runTest(TestSuite.java:243)
	at junit.framework.TestSuite.run(TestSuite.java:238)
	at junit.framework.TestSuite.runTest(TestSuite.java:243)
	at junit.framework.TestSuite.run(TestSuite.java:238)
	at junit.textui.TestRunner.doRun(TestRunner.java:116)
	at RandoopTest.main(RandoopTest.java:8)

Dec 11, 2017 6:31:24 AM RandoopTest0 test14
WARNING: ORBUTIL.characterOutofrange
org.omg.CORBA.MARSHAL:   vmcid: SUN  minor code: 204  completed: No
	at com.sun.corba.se.impl.logging.ORBUtilSystemException.characterOutofrange(ORBUtilSystemException.java:6806)
	at com.sun.corba.se.impl.logging.ORBUtilSystemException.characterOutofrange(ORBUtilSystemException.java:6828)
	at RandoopTest0.test14(RandoopTest0.java:427)
	at sun.reflect.NativeMethodAccessorImpl.invoke0(Native Method)
	at sun.reflect.NativeMethodAccessorImpl.invoke(NativeMethodAccessorImpl.java:57)
	at sun.reflect.DelegatingMethodAccessorImpl.invoke(DelegatingMethodAccessorImpl.java:43)
	at java.lang.reflect.Method.invoke(Method.java:606)
	at junit.framework.TestCase.runTest(TestCase.java:168)
	at junit.framework.TestCase.runBare(TestCase.java:134)
	at junit.framework.TestResult$1.protect(TestResult.java:110)
	at junit.framework.TestResult.runProtected(TestResult.java:128)
	at junit.framework.TestResult.run(TestResult.java:113)
	at junit.framework.TestCase.run(TestCase.java:124)
	at junit.framework.TestSuite.runTest(TestSuite.java:243)
	at junit.framework.TestSuite.run(TestSuite.java:238)
	at junit.framework.TestSuite.runTest(TestSuite.java:243)
	at junit.framework.TestSuite.run(TestSuite.java:238)
	at junit.textui.TestRunner.doRun(TestRunner.java:116)
	at RandoopTest.main(RandoopTest.java:8)

Dec 11, 2017 6:31:24 AM RandoopTest0 test13
WARNING: ORBUTIL.illegalBootstrapOperation
org.omg.CORBA.BAD_PARAM:   vmcid: SUN  minor code: 216  completed: No
	at com.sun.corba.se.impl.logging.ORBUtilSystemException.illegalBootstrapOperation(ORBUtilSystemException.java:1560)
	at com.sun.corba.se.impl.logging.ORBUtilSystemException.illegalBootstrapOperation(ORBUtilSystemException.java:1583)
	at RandoopTest0.test13(RandoopTest0.java:366)
	at sun.reflect.NativeMethodAccessorImpl.invoke0(Native Method)
	at sun.reflect.NativeMethodAccessorImpl.invoke(NativeMethodAccessorImpl.java:57)
	at sun.reflect.DelegatingMethodAccessorImpl.invoke(DelegatingMethodAccessorImpl.java:43)
	at java.lang.reflect.Method.invoke(Method.java:606)
	at junit.framework.TestCase.runTest(TestCase.java:168)
	at junit.framework.TestCase.runBare(TestCase.java:134)
	at junit.framework.TestResult$1.protect(TestResult.java:110)
	at junit.framework.TestResult.runProtected(TestResult.java:128)
	at junit.framework.TestResult.run(TestResult.java:113)
	at junit.framework.TestCase.run(TestCase.java:124)
	at junit.framework.TestSuite.runTest(TestSuite.java:243)
	at junit.framework.TestSuite.run(TestSuite.java:238)
	at junit.framework.TestSuite.runTest(TestSuite.java:243)
	at junit.framework.TestSuite.run(TestSuite.java:238)
	at junit.textui.TestRunner.doRun(TestRunner.java:116)
	at RandoopTest.main(RandoopTest.java:8)

Dec 11, 2017 6:31:24 AM RandoopTest0 test13
SEVERE: ORBUTIL.createListenerFailed
org.omg.CORBA.COMM_FAILURE:   vmcid: SUN  minor code: 216  completed: No
	at com.sun.corba.se.impl.logging.ORBUtilSystemException.createListenerFailed(ORBUtilSystemException.java:2632)
	at com.sun.corba.se.impl.logging.ORBUtilSystemException.createListenerFailed(ORBUtilSystemException.java:2651)
	at RandoopTest0.test13(RandoopTest0.java:367)
	at sun.reflect.NativeMethodAccessorImpl.invoke0(Native Method)
	at sun.reflect.NativeMethodAccessorImpl.invoke(NativeMethodAccessorImpl.java:57)
	at sun.reflect.DelegatingMethodAccessorImpl.invoke(DelegatingMethodAccessorImpl.java:43)
	at java.lang.reflect.Method.invoke(Method.java:606)
	at junit.framework.TestCase.runTest(TestCase.java:168)
	at junit.framework.TestCase.runBare(TestCase.java:134)
	at junit.framework.TestResult$1.protect(TestResult.java:110)
	at junit.framework.TestResult.runProtected(TestResult.java:128)
	at junit.framework.TestResult.run(TestResult.java:113)
	at junit.framework.TestCase.run(TestCase.java:124)
	at junit.framework.TestSuite.runTest(TestSuite.java:243)
	at junit.framework.TestSuite.run(TestSuite.java:238)
	at junit.framework.TestSuite.runTest(TestSuite.java:243)
	at junit.framework.TestSuite.run(TestSuite.java:238)
	at junit.textui.TestRunner.doRun(TestRunner.java:116)
	at RandoopTest.main(RandoopTest.java:8)
Caused by: org.omg.CORBA.BAD_PARAM:   vmcid: SUN  minor code: 216  completed: No
	at com.sun.corba.se.impl.logging.ORBUtilSystemException.illegalBootstrapOperation(ORBUtilSystemException.java:1560)
	at com.sun.corba.se.impl.logging.ORBUtilSystemException.illegalBootstrapOperation(ORBUtilSystemException.java:1583)
	at RandoopTest0.test13(RandoopTest0.java:366)
	... 16 more

Dec 11, 2017 6:31:24 AM RandoopTest0 test13
WARNING: ORBUTIL.illegalBootstrapOperation
org.omg.CORBA.BAD_PARAM:   vmcid: SUN  minor code: 216  completed: No
	at com.sun.corba.se.impl.logging.ORBUtilSystemException.illegalBootstrapOperation(ORBUtilSystemException.java:1560)
	at com.sun.corba.se.impl.logging.ORBUtilSystemException.illegalBootstrapOperation(ORBUtilSystemException.java:1583)
	at RandoopTest0.test13(RandoopTest0.java:374)
	at sun.reflect.NativeMethodAccessorImpl.invoke0(Native Method)
	at sun.reflect.NativeMethodAccessorImpl.invoke(NativeMethodAccessorImpl.java:57)
	at sun.reflect.DelegatingMethodAccessorImpl.invoke(DelegatingMethodAccessorImpl.java:43)
	at java.lang.reflect.Method.invoke(Method.java:606)
	at junit.framework.TestCase.runTest(TestCase.java:168)
	at junit.framework.TestCase.runBare(TestCase.java:134)
	at junit.framework.TestResult$1.protect(TestResult.java:110)
	at junit.framework.TestResult.runProtected(TestResult.java:128)
	at junit.framework.TestResult.run(TestResult.java:113)
	at junit.framework.TestCase.run(TestCase.java:124)
	at junit.framework.TestSuite.runTest(TestSuite.java:243)
	at junit.framework.TestSuite.run(TestSuite.java:238)
	at junit.framework.TestSuite.runTest(TestSuite.java:243)
	at junit.framework.TestSuite.run(TestSuite.java:238)
	at junit.textui.TestRunner.doRun(TestRunner.java:116)
	at RandoopTest.main(RandoopTest.java:8)

Dec 11, 2017 6:31:24 AM RandoopTest0 test13
SEVERE: ORBUTIL.createListenerFailed
org.omg.CORBA.COMM_FAILURE:   vmcid: SUN  minor code: 216  completed: No
	at com.sun.corba.se.impl.logging.ORBUtilSystemException.createListenerFailed(ORBUtilSystemException.java:2632)
	at com.sun.corba.se.impl.logging.ORBUtilSystemException.createListenerFailed(ORBUtilSystemException.java:2651)
	at RandoopTest0.test13(RandoopTest0.java:375)
	at sun.reflect.NativeMethodAccessorImpl.invoke0(Native Method)
	at sun.reflect.NativeMethodAccessorImpl.invoke(NativeMethodAccessorImpl.java:57)
	at sun.reflect.DelegatingMethodAccessorImpl.invoke(DelegatingMethodAccessorImpl.java:43)
	at java.lang.reflect.Method.invoke(Method.java:606)
	at junit.framework.TestCase.runTest(TestCase.java:168)
	at junit.framework.TestCase.runBare(TestCase.java:134)
	at junit.framework.TestResult$1.protect(TestResult.java:110)
	at junit.framework.TestResult.runProtected(TestResult.java:128)
	at junit.framework.TestResult.run(TestResult.java:113)
	at junit.framework.TestCase.run(TestCase.java:124)
	at junit.framework.TestSuite.runTest(TestSuite.java:243)
	at junit.framework.TestSuite.run(TestSuite.java:238)
	at junit.framework.TestSuite.runTest(TestSuite.java:243)
	at junit.framework.TestSuite.run(TestSuite.java:238)
	at junit.textui.TestRunner.doRun(TestRunner.java:116)
	at RandoopTest.main(RandoopTest.java:8)
Caused by: org.omg.CORBA.BAD_PARAM:   vmcid: SUN  minor code: 216  completed: No
	at com.sun.corba.se.impl.logging.ORBUtilSystemException.illegalBootstrapOperation(ORBUtilSystemException.java:1560)
	at com.sun.corba.se.impl.logging.ORBUtilSystemException.illegalBootstrapOperation(ORBUtilSystemException.java:1583)
	at RandoopTest0.test13(RandoopTest0.java:374)
	... 16 more

Dec 11, 2017 6:31:24 AM RandoopTest0 test13
WARNING: ORBUTIL.writeUndeclaredException
org.omg.CORBA.INTERNAL:   vmcid: SUN  minor code: 289  completed: No
	at com.sun.corba.se.impl.logging.ORBUtilSystemException.writeUndeclaredException(ORBUtilSystemException.java:6014)
	at com.sun.corba.se.impl.logging.ORBUtilSystemException.writeUndeclaredException(ORBUtilSystemException.java:6033)
	at RandoopTest0.test13(RandoopTest0.java:376)
	at sun.reflect.NativeMethodAccessorImpl.invoke0(Native Method)
	at sun.reflect.NativeMethodAccessorImpl.invoke(NativeMethodAccessorImpl.java:57)
	at sun.reflect.DelegatingMethodAccessorImpl.invoke(DelegatingMethodAccessorImpl.java:43)
	at java.lang.reflect.Method.invoke(Method.java:606)
	at junit.framework.TestCase.runTest(TestCase.java:168)
	at junit.framework.TestCase.runBare(TestCase.java:134)
	at junit.framework.TestResult$1.protect(TestResult.java:110)
	at junit.framework.TestResult.runProtected(TestResult.java:128)
	at junit.framework.TestResult.run(TestResult.java:113)
	at junit.framework.TestCase.run(TestCase.java:124)
	at junit.framework.TestSuite.runTest(TestSuite.java:243)
	at junit.framework.TestSuite.run(TestSuite.java:238)
	at junit.framework.TestSuite.runTest(TestSuite.java:243)
	at junit.framework.TestSuite.run(TestSuite.java:238)
	at junit.textui.TestRunner.doRun(TestRunner.java:116)
	at RandoopTest.main(RandoopTest.java:8)
Caused by: org.omg.CORBA.BAD_PARAM:   vmcid: SUN  minor code: 216  completed: No
	at com.sun.corba.se.impl.logging.ORBUtilSystemException.illegalBootstrapOperation(ORBUtilSystemException.java:1560)
	at com.sun.corba.se.impl.logging.ORBUtilSystemException.illegalBootstrapOperation(ORBUtilSystemException.java:1583)
	at RandoopTest0.test13(RandoopTest0.java:374)
	... 16 more

Dec 11, 2017 6:31:24 AM RandoopTest0 test12
WARNING: ORBUTIL.illegalBootstrapOperation
org.omg.CORBA.BAD_PARAM:   vmcid: SUN  minor code: 216  completed: No
	at com.sun.corba.se.impl.logging.ORBUtilSystemException.illegalBootstrapOperation(ORBUtilSystemException.java:1560)
	at com.sun.corba.se.impl.logging.ORBUtilSystemException.illegalBootstrapOperation(ORBUtilSystemException.java:1583)
	at RandoopTest0.test12(RandoopTest0.java:184)
	at sun.reflect.NativeMethodAccessorImpl.invoke0(Native Method)
	at sun.reflect.NativeMethodAccessorImpl.invoke(NativeMethodAccessorImpl.java:57)
	at sun.reflect.DelegatingMethodAccessorImpl.invoke(DelegatingMethodAccessorImpl.java:43)
	at java.lang.reflect.Method.invoke(Method.java:606)
	at junit.framework.TestCase.runTest(TestCase.java:168)
	at junit.framework.TestCase.runBare(TestCase.java:134)
	at junit.framework.TestResult$1.protect(TestResult.java:110)
	at junit.framework.TestResult.runProtected(TestResult.java:128)
	at junit.framework.TestResult.run(TestResult.java:113)
	at junit.framework.TestCase.run(TestCase.java:124)
	at junit.framework.TestSuite.runTest(TestSuite.java:243)
	at junit.framework.TestSuite.run(TestSuite.java:238)
	at junit.framework.TestSuite.runTest(TestSuite.java:243)
	at junit.framework.TestSuite.run(TestSuite.java:238)
	at junit.textui.TestRunner.doRun(TestRunner.java:116)
	at RandoopTest.main(RandoopTest.java:8)

Dec 11, 2017 6:31:24 AM RandoopTest0 test12
SEVERE: ORBUTIL.createListenerFailed
org.omg.CORBA.COMM_FAILURE:   vmcid: SUN  minor code: 216  completed: No
	at com.sun.corba.se.impl.logging.ORBUtilSystemException.createListenerFailed(ORBUtilSystemException.java:2632)
	at com.sun.corba.se.impl.logging.ORBUtilSystemException.createListenerFailed(ORBUtilSystemException.java:2651)
	at RandoopTest0.test12(RandoopTest0.java:185)
	at sun.reflect.NativeMethodAccessorImpl.invoke0(Native Method)
	at sun.reflect.NativeMethodAccessorImpl.invoke(NativeMethodAccessorImpl.java:57)
	at sun.reflect.DelegatingMethodAccessorImpl.invoke(DelegatingMethodAccessorImpl.java:43)
	at java.lang.reflect.Method.invoke(Method.java:606)
	at junit.framework.TestCase.runTest(TestCase.java:168)
	at junit.framework.TestCase.runBare(TestCase.java:134)
	at junit.framework.TestResult$1.protect(TestResult.java:110)
	at junit.framework.TestResult.runProtected(TestResult.java:128)
	at junit.framework.TestResult.run(TestResult.java:113)
	at junit.framework.TestCase.run(TestCase.java:124)
	at junit.framework.TestSuite.runTest(TestSuite.java:243)
	at junit.framework.TestSuite.run(TestSuite.java:238)
	at junit.framework.TestSuite.runTest(TestSuite.java:243)
	at junit.framework.TestSuite.run(TestSuite.java:238)
	at junit.textui.TestRunner.doRun(TestRunner.java:116)
	at RandoopTest.main(RandoopTest.java:8)
Caused by: org.omg.CORBA.BAD_PARAM:   vmcid: SUN  minor code: 216  completed: No
	at com.sun.corba.se.impl.logging.ORBUtilSystemException.illegalBootstrapOperation(ORBUtilSystemException.java:1560)
	at com.sun.corba.se.impl.logging.ORBUtilSystemException.illegalBootstrapOperation(ORBUtilSystemException.java:1583)
	at RandoopTest0.test12(RandoopTest0.java:184)
	... 16 more

Dec 11, 2017 6:31:24 AM RandoopTest0 test12
WARNING: ORBUTIL.cannotWriteOrbidDb
org.omg.CORBA.INITIALIZE:   vmcid: SUN  minor code: 203  completed: No
	at com.sun.corba.se.impl.logging.ORBUtilSystemException.cannotWriteOrbidDb(ORBUtilSystemException.java:3559)
	at com.sun.corba.se.impl.logging.ORBUtilSystemException.cannotWriteOrbidDb(ORBUtilSystemException.java:3581)
	at RandoopTest0.test12(RandoopTest0.java:186)
	at sun.reflect.NativeMethodAccessorImpl.invoke0(Native Method)
	at sun.reflect.NativeMethodAccessorImpl.invoke(NativeMethodAccessorImpl.java:57)
	at sun.reflect.DelegatingMethodAccessorImpl.invoke(DelegatingMethodAccessorImpl.java:43)
	at java.lang.reflect.Method.invoke(Method.java:606)
	at junit.framework.TestCase.runTest(TestCase.java:168)
	at junit.framework.TestCase.runBare(TestCase.java:134)
	at junit.framework.TestResult$1.protect(TestResult.java:110)
	at junit.framework.TestResult.runProtected(TestResult.java:128)
	at junit.framework.TestResult.run(TestResult.java:113)
	at junit.framework.TestCase.run(TestCase.java:124)
	at junit.framework.TestSuite.runTest(TestSuite.java:243)
	at junit.framework.TestSuite.run(TestSuite.java:238)
	at junit.framework.TestSuite.runTest(TestSuite.java:243)
	at junit.framework.TestSuite.run(TestSuite.java:238)
	at junit.textui.TestRunner.doRun(TestRunner.java:116)
	at RandoopTest.main(RandoopTest.java:8)

Dec 11, 2017 6:31:24 AM RandoopTest0 test12
WARNING: ORBUTIL.wrongInterfaceDef
org.omg.CORBA.UNKNOWN:   vmcid: SUN  minor code: 206  completed: No
	at com.sun.corba.se.impl.logging.ORBUtilSystemException.wrongInterfaceDef(ORBUtilSystemException.java:8981)
	at com.sun.corba.se.impl.logging.ORBUtilSystemException.wrongInterfaceDef(ORBUtilSystemException.java:9003)
	at RandoopTest0.test12(RandoopTest0.java:187)
	at sun.reflect.NativeMethodAccessorImpl.invoke0(Native Method)
	at sun.reflect.NativeMethodAccessorImpl.invoke(NativeMethodAccessorImpl.java:57)
	at sun.reflect.DelegatingMethodAccessorImpl.invoke(DelegatingMethodAccessorImpl.java:43)
	at java.lang.reflect.Method.invoke(Method.java:606)
	at junit.framework.TestCase.runTest(TestCase.java:168)
	at junit.framework.TestCase.runBare(TestCase.java:134)
	at junit.framework.TestResult$1.protect(TestResult.java:110)
	at junit.framework.TestResult.runProtected(TestResult.java:128)
	at junit.framework.TestResult.run(TestResult.java:113)
	at junit.framework.TestCase.run(TestCase.java:124)
	at junit.framework.TestSuite.runTest(TestSuite.java:243)
	at junit.framework.TestSuite.run(TestSuite.java:238)
	at junit.framework.TestSuite.runTest(TestSuite.java:243)
	at junit.framework.TestSuite.run(TestSuite.java:238)
	at junit.textui.TestRunner.doRun(TestRunner.java:116)
	at RandoopTest.main(RandoopTest.java:8)

Dec 11, 2017 6:31:24 AM RandoopTest0 test12
WARNING: ORBUTIL.illegalBootstrapOperation
org.omg.CORBA.BAD_PARAM:   vmcid: SUN  minor code: 216  completed: No
	at com.sun.corba.se.impl.logging.ORBUtilSystemException.illegalBootstrapOperation(ORBUtilSystemException.java:1560)
	at com.sun.corba.se.impl.logging.ORBUtilSystemException.illegalBootstrapOperation(ORBUtilSystemException.java:1583)
	at RandoopTest0.test12(RandoopTest0.java:192)
	at sun.reflect.NativeMethodAccessorImpl.invoke0(Native Method)
	at sun.reflect.NativeMethodAccessorImpl.invoke(NativeMethodAccessorImpl.java:57)
	at sun.reflect.DelegatingMethodAccessorImpl.invoke(DelegatingMethodAccessorImpl.java:43)
	at java.lang.reflect.Method.invoke(Method.java:606)
	at junit.framework.TestCase.runTest(TestCase.java:168)
	at junit.framework.TestCase.runBare(TestCase.java:134)
	at junit.framework.TestResult$1.protect(TestResult.java:110)
	at junit.framework.TestResult.runProtected(TestResult.java:128)
	at junit.framework.TestResult.run(TestResult.java:113)
	at junit.framework.TestCase.run(TestCase.java:124)
	at junit.framework.TestSuite.runTest(TestSuite.java:243)
	at junit.framework.TestSuite.run(TestSuite.java:238)
	at junit.framework.TestSuite.runTest(TestSuite.java:243)
	at junit.framework.TestSuite.run(TestSuite.java:238)
	at junit.textui.TestRunner.doRun(TestRunner.java:116)
	at RandoopTest.main(RandoopTest.java:8)

Dec 11, 2017 6:31:24 AM RandoopTest0 test12
WARNING: ORBUTIL.illegalBootstrapOperation
org.omg.CORBA.BAD_PARAM:   vmcid: SUN  minor code: 216  completed: No
	at com.sun.corba.se.impl.logging.ORBUtilSystemException.illegalBootstrapOperation(ORBUtilSystemException.java:1560)
	at com.sun.corba.se.impl.logging.ORBUtilSystemException.illegalBootstrapOperation(ORBUtilSystemException.java:1583)
	at RandoopTest0.test12(RandoopTest0.java:199)
	at sun.reflect.NativeMethodAccessorImpl.invoke0(Native Method)
	at sun.reflect.NativeMethodAccessorImpl.invoke(NativeMethodAccessorImpl.java:57)
	at sun.reflect.DelegatingMethodAccessorImpl.invoke(DelegatingMethodAccessorImpl.java:43)
	at java.lang.reflect.Method.invoke(Method.java:606)
	at junit.framework.TestCase.runTest(TestCase.java:168)
	at junit.framework.TestCase.runBare(TestCase.java:134)
	at junit.framework.TestResult$1.protect(TestResult.java:110)
	at junit.framework.TestResult.runProtected(TestResult.java:128)
	at junit.framework.TestResult.run(TestResult.java:113)
	at junit.framework.TestCase.run(TestCase.java:124)
	at junit.framework.TestSuite.runTest(TestSuite.java:243)
	at junit.framework.TestSuite.run(TestSuite.java:238)
	at junit.framework.TestSuite.runTest(TestSuite.java:243)
	at junit.framework.TestSuite.run(TestSuite.java:238)
	at junit.textui.TestRunner.doRun(TestRunner.java:116)
	at RandoopTest.main(RandoopTest.java:8)

Dec 11, 2017 6:31:24 AM RandoopTest0 test12
SEVERE: ORBUTIL.createListenerFailed
org.omg.CORBA.COMM_FAILURE:   vmcid: SUN  minor code: 216  completed: No
	at com.sun.corba.se.impl.logging.ORBUtilSystemException.createListenerFailed(ORBUtilSystemException.java:2632)
	at com.sun.corba.se.impl.logging.ORBUtilSystemException.createListenerFailed(ORBUtilSystemException.java:2651)
	at RandoopTest0.test12(RandoopTest0.java:200)
	at sun.reflect.NativeMethodAccessorImpl.invoke0(Native Method)
	at sun.reflect.NativeMethodAccessorImpl.invoke(NativeMethodAccessorImpl.java:57)
	at sun.reflect.DelegatingMethodAccessorImpl.invoke(DelegatingMethodAccessorImpl.java:43)
	at java.lang.reflect.Method.invoke(Method.java:606)
	at junit.framework.TestCase.runTest(TestCase.java:168)
	at junit.framework.TestCase.runBare(TestCase.java:134)
	at junit.framework.TestResult$1.protect(TestResult.java:110)
	at junit.framework.TestResult.runProtected(TestResult.java:128)
	at junit.framework.TestResult.run(TestResult.java:113)
	at junit.framework.TestCase.run(TestCase.java:124)
	at junit.framework.TestSuite.runTest(TestSuite.java:243)
	at junit.framework.TestSuite.run(TestSuite.java:238)
	at junit.framework.TestSuite.runTest(TestSuite.java:243)
	at junit.framework.TestSuite.run(TestSuite.java:238)
	at junit.textui.TestRunner.doRun(TestRunner.java:116)
	at RandoopTest.main(RandoopTest.java:8)
Caused by: org.omg.CORBA.BAD_PARAM:   vmcid: SUN  minor code: 216  completed: No
	at com.sun.corba.se.impl.logging.ORBUtilSystemException.illegalBootstrapOperation(ORBUtilSystemException.java:1560)
	at com.sun.corba.se.impl.logging.ORBUtilSystemException.illegalBootstrapOperation(ORBUtilSystemException.java:1583)
	at RandoopTest0.test12(RandoopTest0.java:199)
	... 16 more

Dec 11, 2017 6:31:24 AM RandoopTest0 test12
WARNING: ORBUTIL.orbConnectError
org.omg.CORBA.OBJ_ADAPTER:   vmcid: SUN  minor code: 202  completed: No
	at com.sun.corba.se.impl.logging.ORBUtilSystemException.orbConnectError(ORBUtilSystemException.java:8549)
	at com.sun.corba.se.impl.logging.ORBUtilSystemException.orbConnectError(ORBUtilSystemException.java:8567)
	at RandoopTest0.test12(RandoopTest0.java:201)
	at sun.reflect.NativeMethodAccessorImpl.invoke0(Native Method)
	at sun.reflect.NativeMethodAccessorImpl.invoke(NativeMethodAccessorImpl.java:57)
	at sun.reflect.DelegatingMethodAccessorImpl.invoke(DelegatingMethodAccessorImpl.java:43)
	at java.lang.reflect.Method.invoke(Method.java:606)
	at junit.framework.TestCase.runTest(TestCase.java:168)
	at junit.framework.TestCase.runBare(TestCase.java:134)
	at junit.framework.TestResult$1.protect(TestResult.java:110)
	at junit.framework.TestResult.runProtected(TestResult.java:128)
	at junit.framework.TestResult.run(TestResult.java:113)
	at junit.framework.TestCase.run(TestCase.java:124)
	at junit.framework.TestSuite.runTest(TestSuite.java:243)
	at junit.framework.TestSuite.run(TestSuite.java:238)
	at junit.framework.TestSuite.runTest(TestSuite.java:243)
	at junit.framework.TestSuite.run(TestSuite.java:238)
	at junit.textui.TestRunner.doRun(TestRunner.java:116)
	at RandoopTest.main(RandoopTest.java:8)
Caused by: org.omg.CORBA.BAD_PARAM:   vmcid: SUN  minor code: 216  completed: No
	at com.sun.corba.se.impl.logging.ORBUtilSystemException.illegalBootstrapOperation(ORBUtilSystemException.java:1560)
	at com.sun.corba.se.impl.logging.ORBUtilSystemException.illegalBootstrapOperation(ORBUtilSystemException.java:1583)
	at RandoopTest0.test12(RandoopTest0.java:199)
	... 16 more

Dec 11, 2017 6:31:24 AM RandoopTest0 test12
WARNING: ORBUTIL.giopMagicError
org.omg.CORBA.INTERNAL:   vmcid: SUN  minor code: 220  completed: No
	at com.sun.corba.se.impl.logging.ORBUtilSystemException.giopMagicError(ORBUtilSystemException.java:4151)
	at com.sun.corba.se.impl.logging.ORBUtilSystemException.giopMagicError(ORBUtilSystemException.java:4169)
	at RandoopTest0.test12(RandoopTest0.java:202)
	at sun.reflect.NativeMethodAccessorImpl.invoke0(Native Method)
	at sun.reflect.NativeMethodAccessorImpl.invoke(NativeMethodAccessorImpl.java:57)
	at sun.reflect.DelegatingMethodAccessorImpl.invoke(DelegatingMethodAccessorImpl.java:43)
	at java.lang.reflect.Method.invoke(Method.java:606)
	at junit.framework.TestCase.runTest(TestCase.java:168)
	at junit.framework.TestCase.runBare(TestCase.java:134)
	at junit.framework.TestResult$1.protect(TestResult.java:110)
	at junit.framework.TestResult.runProtected(TestResult.java:128)
	at junit.framework.TestResult.run(TestResult.java:113)
	at junit.framework.TestCase.run(TestCase.java:124)
	at junit.framework.TestSuite.runTest(TestSuite.java:243)
	at junit.framework.TestSuite.run(TestSuite.java:238)
	at junit.framework.TestSuite.runTest(TestSuite.java:243)
	at junit.framework.TestSuite.run(TestSuite.java:238)
	at junit.textui.TestRunner.doRun(TestRunner.java:116)
	at RandoopTest.main(RandoopTest.java:8)
Caused by: org.omg.CORBA.OBJ_ADAPTER:   vmcid: SUN  minor code: 202  completed: No
	at com.sun.corba.se.impl.logging.ORBUtilSystemException.orbConnectError(ORBUtilSystemException.java:8549)
	at com.sun.corba.se.impl.logging.ORBUtilSystemException.orbConnectError(ORBUtilSystemException.java:8567)
	at RandoopTest0.test12(RandoopTest0.java:201)
	... 16 more
Caused by: org.omg.CORBA.BAD_PARAM:   vmcid: SUN  minor code: 216  completed: No
	at com.sun.corba.se.impl.logging.ORBUtilSystemException.illegalBootstrapOperation(ORBUtilSystemException.java:1560)
	at com.sun.corba.se.impl.logging.ORBUtilSystemException.illegalBootstrapOperation(ORBUtilSystemException.java:1583)
	at RandoopTest0.test12(RandoopTest0.java:199)
	... 16 more

Dec 11, 2017 6:31:24 AM RandoopTest0 test12
WARNING: ORBUTIL.illegalBootstrapOperation
org.omg.CORBA.BAD_PARAM:   vmcid: SUN  minor code: 216  completed: No
	at com.sun.corba.se.impl.logging.ORBUtilSystemException.illegalBootstrapOperation(ORBUtilSystemException.java:1560)
	at com.sun.corba.se.impl.logging.ORBUtilSystemException.illegalBootstrapOperation(ORBUtilSystemException.java:1583)
	at RandoopTest0.test12(RandoopTest0.java:209)
	at sun.reflect.NativeMethodAccessorImpl.invoke0(Native Method)
	at sun.reflect.NativeMethodAccessorImpl.invoke(NativeMethodAccessorImpl.java:57)
	at sun.reflect.DelegatingMethodAccessorImpl.invoke(DelegatingMethodAccessorImpl.java:43)
	at java.lang.reflect.Method.invoke(Method.java:606)
	at junit.framework.TestCase.runTest(TestCase.java:168)
	at junit.framework.TestCase.runBare(TestCase.java:134)
	at junit.framework.TestResult$1.protect(TestResult.java:110)
	at junit.framework.TestResult.runProtected(TestResult.java:128)
	at junit.framework.TestResult.run(TestResult.java:113)
	at junit.framework.TestCase.run(TestCase.java:124)
	at junit.framework.TestSuite.runTest(TestSuite.java:243)
	at junit.framework.TestSuite.run(TestSuite.java:238)
	at junit.framework.TestSuite.runTest(TestSuite.java:243)
	at junit.framework.TestSuite.run(TestSuite.java:238)
	at junit.textui.TestRunner.doRun(TestRunner.java:116)
	at RandoopTest.main(RandoopTest.java:8)

Dec 11, 2017 6:31:24 AM RandoopTest0 test12
SEVERE: ORBUTIL.createListenerFailed
org.omg.CORBA.COMM_FAILURE:   vmcid: SUN  minor code: 216  completed: No
	at com.sun.corba.se.impl.logging.ORBUtilSystemException.createListenerFailed(ORBUtilSystemException.java:2632)
	at com.sun.corba.se.impl.logging.ORBUtilSystemException.createListenerFailed(ORBUtilSystemException.java:2651)
	at RandoopTest0.test12(RandoopTest0.java:210)
	at sun.reflect.NativeMethodAccessorImpl.invoke0(Native Method)
	at sun.reflect.NativeMethodAccessorImpl.invoke(NativeMethodAccessorImpl.java:57)
	at sun.reflect.DelegatingMethodAccessorImpl.invoke(DelegatingMethodAccessorImpl.java:43)
	at java.lang.reflect.Method.invoke(Method.java:606)
	at junit.framework.TestCase.runTest(TestCase.java:168)
	at junit.framework.TestCase.runBare(TestCase.java:134)
	at junit.framework.TestResult$1.protect(TestResult.java:110)
	at junit.framework.TestResult.runProtected(TestResult.java:128)
	at junit.framework.TestResult.run(TestResult.java:113)
	at junit.framework.TestCase.run(TestCase.java:124)
	at junit.framework.TestSuite.runTest(TestSuite.java:243)
	at junit.framework.TestSuite.run(TestSuite.java:238)
	at junit.framework.TestSuite.runTest(TestSuite.java:243)
	at junit.framework.TestSuite.run(TestSuite.java:238)
	at junit.textui.TestRunner.doRun(TestRunner.java:116)
	at RandoopTest.main(RandoopTest.java:8)
Caused by: org.omg.CORBA.BAD_PARAM:   vmcid: SUN  minor code: 216  completed: No
	at com.sun.corba.se.impl.logging.ORBUtilSystemException.illegalBootstrapOperation(ORBUtilSystemException.java:1560)
	at com.sun.corba.se.impl.logging.ORBUtilSystemException.illegalBootstrapOperation(ORBUtilSystemException.java:1583)
	at RandoopTest0.test12(RandoopTest0.java:209)
	... 16 more

Dec 11, 2017 6:31:24 AM RandoopTest0 test12
WARNING: ORBUTIL.cannotWriteOrbidDb
org.omg.CORBA.INITIALIZE:   vmcid: SUN  minor code: 203  completed: No
	at com.sun.corba.se.impl.logging.ORBUtilSystemException.cannotWriteOrbidDb(ORBUtilSystemException.java:3559)
	at com.sun.corba.se.impl.logging.ORBUtilSystemException.cannotWriteOrbidDb(ORBUtilSystemException.java:3581)
	at RandoopTest0.test12(RandoopTest0.java:211)
	at sun.reflect.NativeMethodAccessorImpl.invoke0(Native Method)
	at sun.reflect.NativeMethodAccessorImpl.invoke(NativeMethodAccessorImpl.java:57)
	at sun.reflect.DelegatingMethodAccessorImpl.invoke(DelegatingMethodAccessorImpl.java:43)
	at java.lang.reflect.Method.invoke(Method.java:606)
	at junit.framework.TestCase.runTest(TestCase.java:168)
	at junit.framework.TestCase.runBare(TestCase.java:134)
	at junit.framework.TestResult$1.protect(TestResult.java:110)
	at junit.framework.TestResult.runProtected(TestResult.java:128)
	at junit.framework.TestResult.run(TestResult.java:113)
	at junit.framework.TestCase.run(TestCase.java:124)
	at junit.framework.TestSuite.runTest(TestSuite.java:243)
	at junit.framework.TestSuite.run(TestSuite.java:238)
	at junit.framework.TestSuite.runTest(TestSuite.java:243)
	at junit.framework.TestSuite.run(TestSuite.java:238)
	at junit.textui.TestRunner.doRun(TestRunner.java:116)
	at RandoopTest.main(RandoopTest.java:8)

Dec 11, 2017 6:31:24 AM RandoopTest0 test12
WARNING: ORBUTIL.wrongInterfaceDef
org.omg.CORBA.UNKNOWN:   vmcid: SUN  minor code: 206  completed: No
	at com.sun.corba.se.impl.logging.ORBUtilSystemException.wrongInterfaceDef(ORBUtilSystemException.java:8981)
	at com.sun.corba.se.impl.logging.ORBUtilSystemException.wrongInterfaceDef(ORBUtilSystemException.java:9003)
	at RandoopTest0.test12(RandoopTest0.java:212)
	at sun.reflect.NativeMethodAccessorImpl.invoke0(Native Method)
	at sun.reflect.NativeMethodAccessorImpl.invoke(NativeMethodAccessorImpl.java:57)
	at sun.reflect.DelegatingMethodAccessorImpl.invoke(DelegatingMethodAccessorImpl.java:43)
	at java.lang.reflect.Method.invoke(Method.java:606)
	at junit.framework.TestCase.runTest(TestCase.java:168)
	at junit.framework.TestCase.runBare(TestCase.java:134)
	at junit.framework.TestResult$1.protect(TestResult.java:110)
	at junit.framework.TestResult.runProtected(TestResult.java:128)
	at junit.framework.TestResult.run(TestResult.java:113)
	at junit.framework.TestCase.run(TestCase.java:124)
	at junit.framework.TestSuite.runTest(TestSuite.java:243)
	at junit.framework.TestSuite.run(TestSuite.java:238)
	at junit.framework.TestSuite.runTest(TestSuite.java:243)
	at junit.framework.TestSuite.run(TestSuite.java:238)
	at junit.textui.TestRunner.doRun(TestRunner.java:116)
	at RandoopTest.main(RandoopTest.java:8)

Dec 11, 2017 6:31:24 AM RandoopTest0 test12
WARNING: ORBUTIL.illegalBootstrapOperation
org.omg.CORBA.BAD_PARAM:   vmcid: SUN  minor code: 216  completed: No
	at com.sun.corba.se.impl.logging.ORBUtilSystemException.illegalBootstrapOperation(ORBUtilSystemException.java:1560)
	at com.sun.corba.se.impl.logging.ORBUtilSystemException.illegalBootstrapOperation(ORBUtilSystemException.java:1583)
	at RandoopTest0.test12(RandoopTest0.java:217)
	at sun.reflect.NativeMethodAccessorImpl.invoke0(Native Method)
	at sun.reflect.NativeMethodAccessorImpl.invoke(NativeMethodAccessorImpl.java:57)
	at sun.reflect.DelegatingMethodAccessorImpl.invoke(DelegatingMethodAccessorImpl.java:43)
	at java.lang.reflect.Method.invoke(Method.java:606)
	at junit.framework.TestCase.runTest(TestCase.java:168)
	at junit.framework.TestCase.runBare(TestCase.java:134)
	at junit.framework.TestResult$1.protect(TestResult.java:110)
	at junit.framework.TestResult.runProtected(TestResult.java:128)
	at junit.framework.TestResult.run(TestResult.java:113)
	at junit.framework.TestCase.run(TestCase.java:124)
	at junit.framework.TestSuite.runTest(TestSuite.java:243)
	at junit.framework.TestSuite.run(TestSuite.java:238)
	at junit.framework.TestSuite.runTest(TestSuite.java:243)
	at junit.framework.TestSuite.run(TestSuite.java:238)
	at junit.textui.TestRunner.doRun(TestRunner.java:116)
	at RandoopTest.main(RandoopTest.java:8)

Dec 11, 2017 6:31:24 AM RandoopTest0 test12
WARNING: ORBUTIL.illegalBootstrapOperation
org.omg.CORBA.BAD_PARAM:   vmcid: SUN  minor code: 216  completed: No
	at com.sun.corba.se.impl.logging.ORBUtilSystemException.illegalBootstrapOperation(ORBUtilSystemException.java:1560)
	at com.sun.corba.se.impl.logging.ORBUtilSystemException.illegalBootstrapOperation(ORBUtilSystemException.java:1583)
	at RandoopTest0.test12(RandoopTest0.java:224)
	at sun.reflect.NativeMethodAccessorImpl.invoke0(Native Method)
	at sun.reflect.NativeMethodAccessorImpl.invoke(NativeMethodAccessorImpl.java:57)
	at sun.reflect.DelegatingMethodAccessorImpl.invoke(DelegatingMethodAccessorImpl.java:43)
	at java.lang.reflect.Method.invoke(Method.java:606)
	at junit.framework.TestCase.runTest(TestCase.java:168)
	at junit.framework.TestCase.runBare(TestCase.java:134)
	at junit.framework.TestResult$1.protect(TestResult.java:110)
	at junit.framework.TestResult.runProtected(TestResult.java:128)
	at junit.framework.TestResult.run(TestResult.java:113)
	at junit.framework.TestCase.run(TestCase.java:124)
	at junit.framework.TestSuite.runTest(TestSuite.java:243)
	at junit.framework.TestSuite.run(TestSuite.java:238)
	at junit.framework.TestSuite.runTest(TestSuite.java:243)
	at junit.framework.TestSuite.run(TestSuite.java:238)
	at junit.textui.TestRunner.doRun(TestRunner.java:116)
	at RandoopTest.main(RandoopTest.java:8)

Dec 11, 2017 6:31:24 AM RandoopTest0 test12
SEVERE: ORBUTIL.createListenerFailed
org.omg.CORBA.COMM_FAILURE:   vmcid: SUN  minor code: 216  completed: No
	at com.sun.corba.se.impl.logging.ORBUtilSystemException.createListenerFailed(ORBUtilSystemException.java:2632)
	at com.sun.corba.se.impl.logging.ORBUtilSystemException.createListenerFailed(ORBUtilSystemException.java:2651)
	at RandoopTest0.test12(RandoopTest0.java:225)
	at sun.reflect.NativeMethodAccessorImpl.invoke0(Native Method)
	at sun.reflect.NativeMethodAccessorImpl.invoke(NativeMethodAccessorImpl.java:57)
	at sun.reflect.DelegatingMethodAccessorImpl.invoke(DelegatingMethodAccessorImpl.java:43)
	at java.lang.reflect.Method.invoke(Method.java:606)
	at junit.framework.TestCase.runTest(TestCase.java:168)
	at junit.framework.TestCase.runBare(TestCase.java:134)
	at junit.framework.TestResult$1.protect(TestResult.java:110)
	at junit.framework.TestResult.runProtected(TestResult.java:128)
	at junit.framework.TestResult.run(TestResult.java:113)
	at junit.framework.TestCase.run(TestCase.java:124)
	at junit.framework.TestSuite.runTest(TestSuite.java:243)
	at junit.framework.TestSuite.run(TestSuite.java:238)
	at junit.framework.TestSuite.runTest(TestSuite.java:243)
	at junit.framework.TestSuite.run(TestSuite.java:238)
	at junit.textui.TestRunner.doRun(TestRunner.java:116)
	at RandoopTest.main(RandoopTest.java:8)
Caused by: org.omg.CORBA.BAD_PARAM:   vmcid: SUN  minor code: 216  completed: No
	at com.sun.corba.se.impl.logging.ORBUtilSystemException.illegalBootstrapOperation(ORBUtilSystemException.java:1560)
	at com.sun.corba.se.impl.logging.ORBUtilSystemException.illegalBootstrapOperation(ORBUtilSystemException.java:1583)
	at RandoopTest0.test12(RandoopTest0.java:224)
	... 16 more

Dec 11, 2017 6:31:24 AM RandoopTest0 test12
WARNING: ORBUTIL.orbConnectError
org.omg.CORBA.OBJ_ADAPTER:   vmcid: SUN  minor code: 202  completed: No
	at com.sun.corba.se.impl.logging.ORBUtilSystemException.orbConnectError(ORBUtilSystemException.java:8549)
	at com.sun.corba.se.impl.logging.ORBUtilSystemException.orbConnectError(ORBUtilSystemException.java:8567)
	at RandoopTest0.test12(RandoopTest0.java:226)
	at sun.reflect.NativeMethodAccessorImpl.invoke0(Native Method)
	at sun.reflect.NativeMethodAccessorImpl.invoke(NativeMethodAccessorImpl.java:57)
	at sun.reflect.DelegatingMethodAccessorImpl.invoke(DelegatingMethodAccessorImpl.java:43)
	at java.lang.reflect.Method.invoke(Method.java:606)
	at junit.framework.TestCase.runTest(TestCase.java:168)
	at junit.framework.TestCase.runBare(TestCase.java:134)
	at junit.framework.TestResult$1.protect(TestResult.java:110)
	at junit.framework.TestResult.runProtected(TestResult.java:128)
	at junit.framework.TestResult.run(TestResult.java:113)
	at junit.framework.TestCase.run(TestCase.java:124)
	at junit.framework.TestSuite.runTest(TestSuite.java:243)
	at junit.framework.TestSuite.run(TestSuite.java:238)
	at junit.framework.TestSuite.runTest(TestSuite.java:243)
	at junit.framework.TestSuite.run(TestSuite.java:238)
	at junit.textui.TestRunner.doRun(TestRunner.java:116)
	at RandoopTest.main(RandoopTest.java:8)
Caused by: org.omg.CORBA.BAD_PARAM:   vmcid: SUN  minor code: 216  completed: No
	at com.sun.corba.se.impl.logging.ORBUtilSystemException.illegalBootstrapOperation(ORBUtilSystemException.java:1560)
	at com.sun.corba.se.impl.logging.ORBUtilSystemException.illegalBootstrapOperation(ORBUtilSystemException.java:1583)
	at RandoopTest0.test12(RandoopTest0.java:224)
	... 16 more

Dec 11, 2017 6:31:24 AM RandoopTest0 test12
WARNING: ORBUTIL.giopMagicError
org.omg.CORBA.INTERNAL:   vmcid: SUN  minor code: 220  completed: No
	at com.sun.corba.se.impl.logging.ORBUtilSystemException.giopMagicError(ORBUtilSystemException.java:4151)
	at com.sun.corba.se.impl.logging.ORBUtilSystemException.giopMagicError(ORBUtilSystemException.java:4169)
	at RandoopTest0.test12(RandoopTest0.java:227)
	at sun.reflect.NativeMethodAccessorImpl.invoke0(Native Method)
	at sun.reflect.NativeMethodAccessorImpl.invoke(NativeMethodAccessorImpl.java:57)
	at sun.reflect.DelegatingMethodAccessorImpl.invoke(DelegatingMethodAccessorImpl.java:43)
	at java.lang.reflect.Method.invoke(Method.java:606)
	at junit.framework.TestCase.runTest(TestCase.java:168)
	at junit.framework.TestCase.runBare(TestCase.java:134)
	at junit.framework.TestResult$1.protect(TestResult.java:110)
	at junit.framework.TestResult.runProtected(TestResult.java:128)
	at junit.framework.TestResult.run(TestResult.java:113)
	at junit.framework.TestCase.run(TestCase.java:124)
	at junit.framework.TestSuite.runTest(TestSuite.java:243)
	at junit.framework.TestSuite.run(TestSuite.java:238)
	at junit.framework.TestSuite.runTest(TestSuite.java:243)
	at junit.framework.TestSuite.run(TestSuite.java:238)
	at junit.textui.TestRunner.doRun(TestRunner.java:116)
	at RandoopTest.main(RandoopTest.java:8)
Caused by: org.omg.CORBA.OBJ_ADAPTER:   vmcid: SUN  minor code: 202  completed: No
	at com.sun.corba.se.impl.logging.ORBUtilSystemException.orbConnectError(ORBUtilSystemException.java:8549)
	at com.sun.corba.se.impl.logging.ORBUtilSystemException.orbConnectError(ORBUtilSystemException.java:8567)
	at RandoopTest0.test12(RandoopTest0.java:226)
	... 16 more
Caused by: org.omg.CORBA.BAD_PARAM:   vmcid: SUN  minor code: 216  completed: No
	at com.sun.corba.se.impl.logging.ORBUtilSystemException.illegalBootstrapOperation(ORBUtilSystemException.java:1560)
	at com.sun.corba.se.impl.logging.ORBUtilSystemException.illegalBootstrapOperation(ORBUtilSystemException.java:1583)
	at RandoopTest0.test12(RandoopTest0.java:224)
	... 16 more

Dec 11, 2017 6:31:24 AM RandoopTest0 test12
WARNING: ORBUTIL.getPropertiesError
org.omg.CORBA.COMM_FAILURE:   vmcid: SUN  minor code: 204  completed: No
	at com.sun.corba.se.impl.logging.ORBUtilSystemException.getPropertiesError(ORBUtilSystemException.java:2287)
	at com.sun.corba.se.impl.logging.ORBUtilSystemException.getPropertiesError(ORBUtilSystemException.java:2305)
	at RandoopTest0.test12(RandoopTest0.java:228)
	at sun.reflect.NativeMethodAccessorImpl.invoke0(Native Method)
	at sun.reflect.NativeMethodAccessorImpl.invoke(NativeMethodAccessorImpl.java:57)
	at sun.reflect.DelegatingMethodAccessorImpl.invoke(DelegatingMethodAccessorImpl.java:43)
	at java.lang.reflect.Method.invoke(Method.java:606)
	at junit.framework.TestCase.runTest(TestCase.java:168)
	at junit.framework.TestCase.runBare(TestCase.java:134)
	at junit.framework.TestResult$1.protect(TestResult.java:110)
	at junit.framework.TestResult.runProtected(TestResult.java:128)
	at junit.framework.TestResult.run(TestResult.java:113)
	at junit.framework.TestCase.run(TestCase.java:124)
	at junit.framework.TestSuite.runTest(TestSuite.java:243)
	at junit.framework.TestSuite.run(TestSuite.java:238)
	at junit.framework.TestSuite.runTest(TestSuite.java:243)
	at junit.framework.TestSuite.run(TestSuite.java:238)
	at junit.textui.TestRunner.doRun(TestRunner.java:116)
	at RandoopTest.main(RandoopTest.java:8)
Caused by: org.omg.CORBA.INTERNAL:   vmcid: SUN  minor code: 220  completed: No
	at com.sun.corba.se.impl.logging.ORBUtilSystemException.giopMagicError(ORBUtilSystemException.java:4151)
	at com.sun.corba.se.impl.logging.ORBUtilSystemException.giopMagicError(ORBUtilSystemException.java:4169)
	at RandoopTest0.test12(RandoopTest0.java:227)
	... 16 more
Caused by: org.omg.CORBA.OBJ_ADAPTER:   vmcid: SUN  minor code: 202  completed: No
	at com.sun.corba.se.impl.logging.ORBUtilSystemException.orbConnectError(ORBUtilSystemException.java:8549)
	at com.sun.corba.se.impl.logging.ORBUtilSystemException.orbConnectError(ORBUtilSystemException.java:8567)
	at RandoopTest0.test12(RandoopTest0.java:226)
	... 16 more
Caused by: org.omg.CORBA.BAD_PARAM:   vmcid: SUN  minor code: 216  completed: No
	at com.sun.corba.se.impl.logging.ORBUtilSystemException.illegalBootstrapOperation(ORBUtilSystemException.java:1560)
	at com.sun.corba.se.impl.logging.ORBUtilSystemException.illegalBootstrapOperation(ORBUtilSystemException.java:1583)
	at RandoopTest0.test12(RandoopTest0.java:224)
	... 16 more

