......................
Time: 0.257

OK (22 tests)

Cycle length is4
before
after
Reached this
# of deadlocks detected 0
THE SIZE OF THE TRACE OMEN 20429
Exiting analysis
-1"
org.omg.CORBA.INTERNAL:   vmcid: SUN  minor code: 293  completed: No
	at com.sun.corba.se.impl.logging.ORBUtilSystemException.noInvocationHandler(ORBUtilSystemException.java:6128)
	at com.sun.corba.se.impl.logging.ORBUtilSystemException.noInvocationHandler(ORBUtilSystemException.java:6151)
	at RandoopTest0.test22(RandoopTest0.java:970)
	at sun.reflect.NativeMethodAccessorImpl.invoke0(Native Method)
	at sun.reflect.NativeMethodAccessorImpl.invoke(NativeMethodAccessorImpl.java:57)
	at sun.reflect.DelegatingMethodAccessorImpl.invoke(DelegatingMethodAccessorImpl.java:43)
	at java.lang.reflect.Method.invoke(Method.java:606)
	at junit.framework.TestCase.runTest(TestCase.java:168)
	at junit.framework.TestCase.runBare(TestCase.java:134)
	at junit.framework.TestResult$1.protect(TestResult.java:110)
	at junit.framework.TestResult.runProtected(TestResult.java:128)
	at junit.framework.TestResult.run(TestResult.java:113)
	at junit.framework.TestCase.run(TestCase.java:124)
	at junit.framework.TestSuite.runTest(TestSuite.java:243)
	at junit.framework.TestSuite.run(TestSuite.java:238)
	at junit.framework.TestSuite.runTest(TestSuite.java:243)
	at junit.framework.TestSuite.run(TestSuite.java:238)
	at junit.textui.TestRunner.doRun(TestRunner.java:116)
	at RandoopTest.main(RandoopTest.java:8)

Dec 11, 2017 3:49:19 PM RandoopTest0 test22
WARNING: "IOP00710293: (INTERNAL) No invocation handler available for -1"
org.omg.CORBA.INTERNAL:   vmcid: SUN  minor code: 293  completed: No
	at com.sun.corba.se.impl.logging.ORBUtilSystemException.noInvocationHandler(ORBUtilSystemException.java:6128)
	at com.sun.corba.se.impl.logging.ORBUtilSystemException.noInvocationHandler(ORBUtilSystemException.java:6151)
	at RandoopTest0.test22(RandoopTest0.java:972)
	at sun.reflect.NativeMethodAccessorImpl.invoke0(Native Method)
	at sun.reflect.NativeMethodAccessorImpl.invoke(NativeMethodAccessorImpl.java:57)
	at sun.reflect.DelegatingMethodAccessorImpl.invoke(DelegatingMethodAccessorImpl.java:43)
	at java.lang.reflect.Method.invoke(Method.java:606)
	at junit.framework.TestCase.runTest(TestCase.java:168)
	at junit.framework.TestCase.runBare(TestCase.java:134)
	at junit.framework.TestResult$1.protect(TestResult.java:110)
	at junit.framework.TestResult.runProtected(TestResult.java:128)
	at junit.framework.TestResult.run(TestResult.java:113)
	at junit.framework.TestCase.run(TestCase.java:124)
	at junit.framework.TestSuite.runTest(TestSuite.java:243)
	at junit.framework.TestSuite.run(TestSuite.java:238)
	at junit.framework.TestSuite.runTest(TestSuite.java:243)
	at junit.framework.TestSuite.run(TestSuite.java:238)
	at junit.textui.TestRunner.doRun(TestRunner.java:116)
	at RandoopTest.main(RandoopTest.java:8)

Dec 11, 2017 3:49:19 PM RandoopTest0 test22
WARNING: "IOP00010206: (UNKNOWN) InterfaceDef object of wrong type returned by server"
org.omg.CORBA.UNKNOWN:   vmcid: SUN  minor code: 206  completed: No
	at com.sun.corba.se.impl.logging.ORBUtilSystemException.wrongInterfaceDef(ORBUtilSystemException.java:8981)
	at com.sun.corba.se.impl.logging.ORBUtilSystemException.wrongInterfaceDef(ORBUtilSystemException.java:8999)
	at RandoopTest0.test22(RandoopTest0.java:973)
	at sun.reflect.NativeMethodAccessorImpl.invoke0(Native Method)
	at sun.reflect.NativeMethodAccessorImpl.invoke(NativeMethodAccessorImpl.java:57)
	at sun.reflect.DelegatingMethodAccessorImpl.invoke(DelegatingMethodAccessorImpl.java:43)
	at java.lang.reflect.Method.invoke(Method.java:606)
	at junit.framework.TestCase.runTest(TestCase.java:168)
	at junit.framework.TestCase.runBare(TestCase.java:134)
	at junit.framework.TestResult$1.protect(TestResult.java:110)
	at junit.framework.TestResult.runProtected(TestResult.java:128)
	at junit.framework.TestResult.run(TestResult.java:113)
	at junit.framework.TestCase.run(TestCase.java:124)
	at junit.framework.TestSuite.runTest(TestSuite.java:243)
	at junit.framework.TestSuite.run(TestSuite.java:238)
	at junit.framework.TestSuite.runTest(TestSuite.java:243)
	at junit.framework.TestSuite.run(TestSuite.java:238)
	at junit.textui.TestRunner.doRun(TestRunner.java:116)
	at RandoopTest.main(RandoopTest.java:8)
Caused by: org.omg.CORBA.INTERNAL:   vmcid: SUN  minor code: 293  completed: No
	at com.sun.corba.se.impl.logging.ORBUtilSystemException.noInvocationHandler(ORBUtilSystemException.java:6128)
	at com.sun.corba.se.impl.logging.ORBUtilSystemException.noInvocationHandler(ORBUtilSystemException.java:6151)
	at RandoopTest0.test22(RandoopTest0.java:972)
	... 16 more

Dec 11, 2017 3:49:19 PM RandoopTest0 test22
WARNING: "IOP02510201: (OBJECT_NOT_EXIST) Locate response indicated that the object was unknown"
org.omg.CORBA.OBJECT_NOT_EXIST:   vmcid: SUN  minor code: 201  completed: No
	at com.sun.corba.se.impl.logging.ORBUtilSystemException.locateUnknownObject(ORBUtilSystemException.java:8609)
	at com.sun.corba.se.impl.logging.ORBUtilSystemException.locateUnknownObject(ORBUtilSystemException.java:8631)
	at RandoopTest0.test22(RandoopTest0.java:974)
	at sun.reflect.NativeMethodAccessorImpl.invoke0(Native Method)
	at sun.reflect.NativeMethodAccessorImpl.invoke(NativeMethodAccessorImpl.java:57)
	at sun.reflect.DelegatingMethodAccessorImpl.invoke(DelegatingMethodAccessorImpl.java:43)
	at java.lang.reflect.Method.invoke(Method.java:606)
	at junit.framework.TestCase.runTest(TestCase.java:168)
	at junit.framework.TestCase.runBare(TestCase.java:134)
	at junit.framework.TestResult$1.protect(TestResult.java:110)
	at junit.framework.TestResult.runProtected(TestResult.java:128)
	at junit.framework.TestResult.run(TestResult.java:113)
	at junit.framework.TestCase.run(TestCase.java:124)
	at junit.framework.TestSuite.runTest(TestSuite.java:243)
	at junit.framework.TestSuite.run(TestSuite.java:238)
	at junit.framework.TestSuite.runTest(TestSuite.java:243)
	at junit.framework.TestSuite.run(TestSuite.java:238)
	at junit.textui.TestRunner.doRun(TestRunner.java:116)
	at RandoopTest.main(RandoopTest.java:8)

Dec 11, 2017 3:49:19 PM RandoopTest0 test22
WARNING: "IOP00710293: (INTERNAL) No invocation handler available for -1"
org.omg.CORBA.INTERNAL:   vmcid: SUN  minor code: 293  completed: No
	at com.sun.corba.se.impl.logging.ORBUtilSystemException.noInvocationHandler(ORBUtilSystemException.java:6128)
	at com.sun.corba.se.impl.logging.ORBUtilSystemException.noInvocationHandler(ORBUtilSystemException.java:6151)
	at RandoopTest0.test22(RandoopTest0.java:977)
	at sun.reflect.NativeMethodAccessorImpl.invoke0(Native Method)
	at sun.reflect.NativeMethodAccessorImpl.invoke(NativeMethodAccessorImpl.java:57)
	at sun.reflect.DelegatingMethodAccessorImpl.invoke(DelegatingMethodAccessorImpl.java:43)
	at java.lang.reflect.Method.invoke(Method.java:606)
	at junit.framework.TestCase.runTest(TestCase.java:168)
	at junit.framework.TestCase.runBare(TestCase.java:134)
	at junit.framework.TestResult$1.protect(TestResult.java:110)
	at junit.framework.TestResult.runProtected(TestResult.java:128)
	at junit.framework.TestResult.run(TestResult.java:113)
	at junit.framework.TestCase.run(TestCase.java:124)
	at junit.framework.TestSuite.runTest(TestSuite.java:243)
	at junit.framework.TestSuite.run(TestSuite.java:238)
	at junit.framework.TestSuite.runTest(TestSuite.java:243)
	at junit.framework.TestSuite.run(TestSuite.java:238)
	at junit.textui.TestRunner.doRun(TestRunner.java:116)
	at RandoopTest.main(RandoopTest.java:8)

Dec 11, 2017 3:49:19 PM RandoopTest0 test22
WARNING: "IOP00710257: (INTERNAL) Illegal typecode kind"
org.omg.CORBA.INTERNAL:   vmcid: SUN  minor code: 257  completed: No
	at com.sun.corba.se.impl.logging.ORBUtilSystemException.typecodeNotSupported(ORBUtilSystemException.java:5192)
	at com.sun.corba.se.impl.logging.ORBUtilSystemException.typecodeNotSupported(ORBUtilSystemException.java:5214)
	at RandoopTest0.test22(RandoopTest0.java:978)
	at sun.reflect.NativeMethodAccessorImpl.invoke0(Native Method)
	at sun.reflect.NativeMethodAccessorImpl.invoke(NativeMethodAccessorImpl.java:57)
	at sun.reflect.DelegatingMethodAccessorImpl.invoke(DelegatingMethodAccessorImpl.java:43)
	at java.lang.reflect.Method.invoke(Method.java:606)
	at junit.framework.TestCase.runTest(TestCase.java:168)
	at junit.framework.TestCase.runBare(TestCase.java:134)
	at junit.framework.TestResult$1.protect(TestResult.java:110)
	at junit.framework.TestResult.runProtected(TestResult.java:128)
	at junit.framework.TestResult.run(TestResult.java:113)
	at junit.framework.TestCase.run(TestCase.java:124)
	at junit.framework.TestSuite.runTest(TestSuite.java:243)
	at junit.framework.TestSuite.run(TestSuite.java:238)
	at junit.framework.TestSuite.runTest(TestSuite.java:243)
	at junit.framework.TestSuite.run(TestSuite.java:238)
	at junit.textui.TestRunner.doRun(TestRunner.java:116)
	at RandoopTest.main(RandoopTest.java:8)

Dec 11, 2017 3:49:19 PM RandoopTest0 test22
WARNING: "IOP00710293: (INTERNAL) No invocation handler available for -1"
org.omg.CORBA.INTERNAL:   vmcid: SUN  minor code: 293  completed: No
	at com.sun.corba.se.impl.logging.ORBUtilSystemException.noInvocationHandler(ORBUtilSystemException.java:6128)
	at com.sun.corba.se.impl.logging.ORBUtilSystemException.noInvocationHandler(ORBUtilSystemException.java:6151)
	at RandoopTest0.test22(RandoopTest0.java:980)
	at sun.reflect.NativeMethodAccessorImpl.invoke0(Native Method)
	at sun.reflect.NativeMethodAccessorImpl.invoke(NativeMethodAccessorImpl.java:57)
	at sun.reflect.DelegatingMethodAccessorImpl.invoke(DelegatingMethodAccessorImpl.java:43)
	at java.lang.reflect.Method.invoke(Method.java:606)
	at junit.framework.TestCase.runTest(TestCase.java:168)
	at junit.framework.TestCase.runBare(TestCase.java:134)
	at junit.framework.TestResult$1.protect(TestResult.java:110)
	at junit.framework.TestResult.runProtected(TestResult.java:128)
	at junit.framework.TestResult.run(TestResult.java:113)
	at junit.framework.TestCase.run(TestCase.java:124)
	at junit.framework.TestSuite.runTest(TestSuite.java:243)
	at junit.framework.TestSuite.run(TestSuite.java:238)
	at junit.framework.TestSuite.runTest(TestSuite.java:243)
	at junit.framework.TestSuite.run(TestSuite.java:238)
	at junit.textui.TestRunner.doRun(TestRunner.java:116)
	at RandoopTest.main(RandoopTest.java:8)

Dec 11, 2017 3:49:19 PM RandoopTest0 test22
WARNING: "IOP00710293: (INTERNAL) No invocation handler available for -1"
org.omg.CORBA.INTERNAL:   vmcid: SUN  minor code: 293  completed: No
	at com.sun.corba.se.impl.logging.ORBUtilSystemException.noInvocationHandler(ORBUtilSystemException.java:6128)
	at com.sun.corba.se.impl.logging.ORBUtilSystemException.noInvocationHandler(ORBUtilSystemException.java:6151)
	at RandoopTest0.test22(RandoopTest0.java:983)
	at sun.reflect.NativeMethodAccessorImpl.invoke0(Native Method)
	at sun.reflect.NativeMethodAccessorImpl.invoke(NativeMethodAccessorImpl.java:57)
	at sun.reflect.DelegatingMethodAccessorImpl.invoke(DelegatingMethodAccessorImpl.java:43)
	at java.lang.reflect.Method.invoke(Method.java:606)
	at junit.framework.TestCase.runTest(TestCase.java:168)
	at junit.framework.TestCase.runBare(TestCase.java:134)
	at junit.framework.TestResult$1.protect(TestResult.java:110)
	at junit.framework.TestResult.runProtected(TestResult.java:128)
	at junit.framework.TestResult.run(TestResult.java:113)
	at junit.framework.TestCase.run(TestCase.java:124)
	at junit.framework.TestSuite.runTest(TestSuite.java:243)
	at junit.framework.TestSuite.run(TestSuite.java:238)
	at junit.framework.TestSuite.runTest(TestSuite.java:243)
	at junit.framework.TestSuite.run(TestSuite.java:238)
	at junit.textui.TestRunner.doRun(TestRunner.java:116)
	at RandoopTest.main(RandoopTest.java:8)

Dec 11, 2017 3:49:19 PM RandoopTest0 test22
WARNING: "IOP00710293: (INTERNAL) No invocation handler available for -1"
org.omg.CORBA.INTERNAL:   vmcid: SUN  minor code: 293  completed: No
	at com.sun.corba.se.impl.logging.ORBUtilSystemException.noInvocationHandler(ORBUtilSystemException.java:6128)
	at com.sun.corba.se.impl.logging.ORBUtilSystemException.noInvocationHandler(ORBUtilSystemException.java:6151)
	at RandoopTest0.test22(RandoopTest0.java:985)
	at sun.reflect.NativeMethodAccessorImpl.invoke0(Native Method)
	at sun.reflect.NativeMethodAccessorImpl.invoke(NativeMethodAccessorImpl.java:57)
	at sun.reflect.DelegatingMethodAccessorImpl.invoke(DelegatingMethodAccessorImpl.java:43)
	at java.lang.reflect.Method.invoke(Method.java:606)
	at junit.framework.TestCase.runTest(TestCase.java:168)
	at junit.framework.TestCase.runBare(TestCase.java:134)
	at junit.framework.TestResult$1.protect(TestResult.java:110)
	at junit.framework.TestResult.runProtected(TestResult.java:128)
	at junit.framework.TestResult.run(TestResult.java:113)
	at junit.framework.TestCase.run(TestCase.java:124)
	at junit.framework.TestSuite.runTest(TestSuite.java:243)
	at junit.framework.TestSuite.run(TestSuite.java:238)
	at junit.framework.TestSuite.runTest(TestSuite.java:243)
	at junit.framework.TestSuite.run(TestSuite.java:238)
	at junit.textui.TestRunner.doRun(TestRunner.java:116)
	at RandoopTest.main(RandoopTest.java:8)

Dec 11, 2017 3:49:19 PM RandoopTest0 test22
WARNING: "IOP00010206: (UNKNOWN) InterfaceDef object of wrong type returned by server"
org.omg.CORBA.UNKNOWN:   vmcid: SUN  minor code: 206  completed: No
	at com.sun.corba.se.impl.logging.ORBUtilSystemException.wrongInterfaceDef(ORBUtilSystemException.java:8981)
	at com.sun.corba.se.impl.logging.ORBUtilSystemException.wrongInterfaceDef(ORBUtilSystemException.java:8999)
	at RandoopTest0.test22(RandoopTest0.java:986)
	at sun.reflect.NativeMethodAccessorImpl.invoke0(Native Method)
	at sun.reflect.NativeMethodAccessorImpl.invoke(NativeMethodAccessorImpl.java:57)
	at sun.reflect.DelegatingMethodAccessorImpl.invoke(DelegatingMethodAccessorImpl.java:43)
	at java.lang.reflect.Method.invoke(Method.java:606)
	at junit.framework.TestCase.runTest(TestCase.java:168)
	at junit.framework.TestCase.runBare(TestCase.java:134)
	at junit.framework.TestResult$1.protect(TestResult.java:110)
	at junit.framework.TestResult.runProtected(TestResult.java:128)
	at junit.framework.TestResult.run(TestResult.java:113)
	at junit.framework.TestCase.run(TestCase.java:124)
	at junit.framework.TestSuite.runTest(TestSuite.java:243)
	at junit.framework.TestSuite.run(TestSuite.java:238)
	at junit.framework.TestSuite.runTest(TestSuite.java:243)
	at junit.framework.TestSuite.run(TestSuite.java:238)
	at junit.textui.TestRunner.doRun(TestRunner.java:116)
	at RandoopTest.main(RandoopTest.java:8)
Caused by: org.omg.CORBA.INTERNAL:   vmcid: SUN  minor code: 293  completed: No
	at com.sun.corba.se.impl.logging.ORBUtilSystemException.noInvocationHandler(ORBUtilSystemException.java:6128)
	at com.sun.corba.se.impl.logging.ORBUtilSystemException.noInvocationHandler(ORBUtilSystemException.java:6151)
	at RandoopTest0.test22(RandoopTest0.java:985)
	... 16 more

Dec 11, 2017 3:49:19 PM RandoopTest0 test22
WARNING: "IOP02510207: (OBJECT_NOT_EXIST) Dynamic Any was destroyed: all operations are invalid"
org.omg.CORBA.OBJECT_NOT_EXIST:   vmcid: SUN  minor code: 207  completed: No
	at com.sun.corba.se.impl.logging.ORBUtilSystemException.dynAnyDestroyed(ORBUtilSystemException.java:8777)
	at com.sun.corba.se.impl.logging.ORBUtilSystemException.dynAnyDestroyed(ORBUtilSystemException.java:8795)
	at RandoopTest0.test22(RandoopTest0.java:987)
	at sun.reflect.NativeMethodAccessorImpl.invoke0(Native Method)
	at sun.reflect.NativeMethodAccessorImpl.invoke(NativeMethodAccessorImpl.java:57)
	at sun.reflect.DelegatingMethodAccessorImpl.invoke(DelegatingMethodAccessorImpl.java:43)
	at java.lang.reflect.Method.invoke(Method.java:606)
	at junit.framework.TestCase.runTest(TestCase.java:168)
	at junit.framework.TestCase.runBare(TestCase.java:134)
	at junit.framework.TestResult$1.protect(TestResult.java:110)
	at junit.framework.TestResult.runProtected(TestResult.java:128)
	at junit.framework.TestResult.run(TestResult.java:113)
	at junit.framework.TestCase.run(TestCase.java:124)
	at junit.framework.TestSuite.runTest(TestSuite.java:243)
	at junit.framework.TestSuite.run(TestSuite.java:238)
	at junit.framework.TestSuite.runTest(TestSuite.java:243)
	at junit.framework.TestSuite.run(TestSuite.java:238)
	at junit.textui.TestRunner.doRun(TestRunner.java:116)
	at RandoopTest.main(RandoopTest.java:8)
Caused by: org.omg.CORBA.UNKNOWN:   vmcid: SUN  minor code: 206  completed: No
	at com.sun.corba.se.impl.logging.ORBUtilSystemException.wrongInterfaceDef(ORBUtilSystemException.java:8981)
	at com.sun.corba.se.impl.logging.ORBUtilSystemException.wrongInterfaceDef(ORBUtilSystemException.java:8999)
	at RandoopTest0.test22(RandoopTest0.java:986)
	... 16 more
Caused by: org.omg.CORBA.INTERNAL:   vmcid: SUN  minor code: 293  completed: No
	at com.sun.corba.se.impl.logging.ORBUtilSystemException.noInvocationHandler(ORBUtilSystemException.java:6128)
	at com.sun.corba.se.impl.logging.ORBUtilSystemException.noInvocationHandler(ORBUtilSystemException.java:6151)
	at RandoopTest0.test22(RandoopTest0.java:985)
	... 16 more

Dec 11, 2017 3:49:19 PM RandoopTest0 test22
WARNING: "IOP02410224: (DATA_CONVERSION) Class org.omg.CORBA.UNKNOWN:   vmcid: SUN  minor code: 206  completed: No is not a subtype of IORToSocketInfo"
org.omg.CORBA.DATA_CONVERSION:   vmcid: SUN  minor code: 224  completed: No
	at com.sun.corba.se.impl.logging.ORBUtilSystemException.illegalIorToSocketInfoType(ORBUtilSystemException.java:3323)
	at com.sun.corba.se.impl.logging.ORBUtilSystemException.illegalIorToSocketInfoType(ORBUtilSystemException.java:3346)
	at RandoopTest0.test22(RandoopTest0.java:988)
	at sun.reflect.NativeMethodAccessorImpl.invoke0(Native Method)
	at sun.reflect.NativeMethodAccessorImpl.invoke(NativeMethodAccessorImpl.java:57)
	at sun.reflect.DelegatingMethodAccessorImpl.invoke(DelegatingMethodAccessorImpl.java:43)
	at java.lang.reflect.Method.invoke(Method.java:606)
	at junit.framework.TestCase.runTest(TestCase.java:168)
	at junit.framework.TestCase.runBare(TestCase.java:134)
	at junit.framework.TestResult$1.protect(TestResult.java:110)
	at junit.framework.TestResult.runProtected(TestResult.java:128)
	at junit.framework.TestResult.run(TestResult.java:113)
	at junit.framework.TestCase.run(TestCase.java:124)
	at junit.framework.TestSuite.runTest(TestSuite.java:243)
	at junit.framework.TestSuite.run(TestSuite.java:238)
	at junit.framework.TestSuite.runTest(TestSuite.java:243)
	at junit.framework.TestSuite.run(TestSuite.java:238)
	at junit.textui.TestRunner.doRun(TestRunner.java:116)
	at RandoopTest.main(RandoopTest.java:8)

Dec 11, 2017 3:49:19 PM RandoopTest0 test22
WARNING: "IOP00710293: (INTERNAL) No invocation handler available for -1"
org.omg.CORBA.INTERNAL:   vmcid: SUN  minor code: 293  completed: No
	at com.sun.corba.se.impl.logging.ORBUtilSystemException.noInvocationHandler(ORBUtilSystemException.java:6128)
	at com.sun.corba.se.impl.logging.ORBUtilSystemException.noInvocationHandler(ORBUtilSystemException.java:6151)
	at RandoopTest0.test22(RandoopTest0.java:991)
	at sun.reflect.NativeMethodAccessorImpl.invoke0(Native Method)
	at sun.reflect.NativeMethodAccessorImpl.invoke(NativeMethodAccessorImpl.java:57)
	at sun.reflect.DelegatingMethodAccessorImpl.invoke(DelegatingMethodAccessorImpl.java:43)
	at java.lang.reflect.Method.invoke(Method.java:606)
	at junit.framework.TestCase.runTest(TestCase.java:168)
	at junit.framework.TestCase.runBare(TestCase.java:134)
	at junit.framework.TestResult$1.protect(TestResult.java:110)
	at junit.framework.TestResult.runProtected(TestResult.java:128)
	at junit.framework.TestResult.run(TestResult.java:113)
	at junit.framework.TestCase.run(TestCase.java:124)
	at junit.framework.TestSuite.runTest(TestSuite.java:243)
	at junit.framework.TestSuite.run(TestSuite.java:238)
	at junit.framework.TestSuite.runTest(TestSuite.java:243)
	at junit.framework.TestSuite.run(TestSuite.java:238)
	at junit.textui.TestRunner.doRun(TestRunner.java:116)
	at RandoopTest.main(RandoopTest.java:8)

Dec 11, 2017 3:49:19 PM RandoopTest0 test22
WARNING: "IOP00710257: (INTERNAL) Illegal typecode kind"
org.omg.CORBA.INTERNAL:   vmcid: SUN  minor code: 257  completed: No
	at com.sun.corba.se.impl.logging.ORBUtilSystemException.typecodeNotSupported(ORBUtilSystemException.java:5192)
	at com.sun.corba.se.impl.logging.ORBUtilSystemException.typecodeNotSupported(ORBUtilSystemException.java:5214)
	at RandoopTest0.test22(RandoopTest0.java:992)
	at sun.reflect.NativeMethodAccessorImpl.invoke0(Native Method)
	at sun.reflect.NativeMethodAccessorImpl.invoke(NativeMethodAccessorImpl.java:57)
	at sun.reflect.DelegatingMethodAccessorImpl.invoke(DelegatingMethodAccessorImpl.java:43)
	at java.lang.reflect.Method.invoke(Method.java:606)
	at junit.framework.TestCase.runTest(TestCase.java:168)
	at junit.framework.TestCase.runBare(TestCase.java:134)
	at junit.framework.TestResult$1.protect(TestResult.java:110)
	at junit.framework.TestResult.runProtected(TestResult.java:128)
	at junit.framework.TestResult.run(TestResult.java:113)
	at junit.framework.TestCase.run(TestCase.java:124)
	at junit.framework.TestSuite.runTest(TestSuite.java:243)
	at junit.framework.TestSuite.run(TestSuite.java:238)
	at junit.framework.TestSuite.runTest(TestSuite.java:243)
	at junit.framework.TestSuite.run(TestSuite.java:238)
	at junit.textui.TestRunner.doRun(TestRunner.java:116)
	at RandoopTest.main(RandoopTest.java:8)

Dec 11, 2017 3:49:19 PM RandoopTest0 test22
WARNING: "IOP00710293: (INTERNAL) No invocation handler available for -1"
org.omg.CORBA.INTERNAL:   vmcid: SUN  minor code: 293  completed: No
	at com.sun.corba.se.impl.logging.ORBUtilSystemException.noInvocationHandler(ORBUtilSystemException.java:6128)
	at com.sun.corba.se.impl.logging.ORBUtilSystemException.noInvocationHandler(ORBUtilSystemException.java:6151)
	at RandoopTest0.test22(RandoopTest0.java:994)
	at sun.reflect.NativeMethodAccessorImpl.invoke0(Native Method)
	at sun.reflect.NativeMethodAccessorImpl.invoke(NativeMethodAccessorImpl.java:57)
	at sun.reflect.DelegatingMethodAccessorImpl.invoke(DelegatingMethodAccessorImpl.java:43)
	at java.lang.reflect.Method.invoke(Method.java:606)
	at junit.framework.TestCase.runTest(TestCase.java:168)
	at junit.framework.TestCase.runBare(TestCase.java:134)
	at junit.framework.TestResult$1.protect(TestResult.java:110)
	at junit.framework.TestResult.runProtected(TestResult.java:128)
	at junit.framework.TestResult.run(TestResult.java:113)
	at junit.framework.TestCase.run(TestCase.java:124)
	at junit.framework.TestSuite.runTest(TestSuite.java:243)
	at junit.framework.TestSuite.run(TestSuite.java:238)
	at junit.framework.TestSuite.runTest(TestSuite.java:243)
	at junit.framework.TestSuite.run(TestSuite.java:238)
	at junit.textui.TestRunner.doRun(TestRunner.java:116)
	at RandoopTest.main(RandoopTest.java:8)

Dec 11, 2017 3:49:19 PM RandoopTest0 test22
WARNING: "IOP00710257: (INTERNAL) Illegal typecode kind"
org.omg.CORBA.INTERNAL:   vmcid: SUN  minor code: 257  completed: No
	at com.sun.corba.se.impl.logging.ORBUtilSystemException.typecodeNotSupported(ORBUtilSystemException.java:5192)
	at com.sun.corba.se.impl.logging.ORBUtilSystemException.typecodeNotSupported(ORBUtilSystemException.java:5214)
	at RandoopTest0.test22(RandoopTest0.java:995)
	at sun.reflect.NativeMethodAccessorImpl.invoke0(Native Method)
	at sun.reflect.NativeMethodAccessorImpl.invoke(NativeMethodAccessorImpl.java:57)
	at sun.reflect.DelegatingMethodAccessorImpl.invoke(DelegatingMethodAccessorImpl.java:43)
	at java.lang.reflect.Method.invoke(Method.java:606)
	at junit.framework.TestCase.runTest(TestCase.java:168)
	at junit.framework.TestCase.runBare(TestCase.java:134)
	at junit.framework.TestResult$1.protect(TestResult.java:110)
	at junit.framework.TestResult.runProtected(TestResult.java:128)
	at junit.framework.TestResult.run(TestResult.java:113)
	at junit.framework.TestCase.run(TestCase.java:124)
	at junit.framework.TestSuite.runTest(TestSuite.java:243)
	at junit.framework.TestSuite.run(TestSuite.java:238)
	at junit.framework.TestSuite.runTest(TestSuite.java:243)
	at junit.framework.TestSuite.run(TestSuite.java:238)
	at junit.textui.TestRunner.doRun(TestRunner.java:116)
	at RandoopTest.main(RandoopTest.java:8)

Dec 11, 2017 3:49:19 PM RandoopTest0 test22
WARNING: "IOP00710293: (INTERNAL) No invocation handler available for -1"
org.omg.CORBA.INTERNAL:   vmcid: SUN  minor code: 293  completed: No
	at com.sun.corba.se.impl.logging.ORBUtilSystemException.noInvocationHandler(ORBUtilSystemException.java:6128)
	at com.sun.corba.se.impl.logging.ORBUtilSystemException.noInvocationHandler(ORBUtilSystemException.java:6151)
	at RandoopTest0.test22(RandoopTest0.java:997)
	at sun.reflect.NativeMethodAccessorImpl.invoke0(Native Method)
	at sun.reflect.NativeMethodAccessorImpl.invoke(NativeMethodAccessorImpl.java:57)
	at sun.reflect.DelegatingMethodAccessorImpl.invoke(DelegatingMethodAccessorImpl.java:43)
	at java.lang.reflect.Method.invoke(Method.java:606)
	at junit.framework.TestCase.runTest(TestCase.java:168)
	at junit.framework.TestCase.runBare(TestCase.java:134)
	at junit.framework.TestResult$1.protect(TestResult.java:110)
	at junit.framework.TestResult.runProtected(TestResult.java:128)
	at junit.framework.TestResult.run(TestResult.java:113)
	at junit.framework.TestCase.run(TestCase.java:124)
	at junit.framework.TestSuite.runTest(TestSuite.java:243)
	at junit.framework.TestSuite.run(TestSuite.java:238)
	at junit.framework.TestSuite.runTest(TestSuite.java:243)
	at junit.framework.TestSuite.run(TestSuite.java:238)
	at junit.textui.TestRunner.doRun(TestRunner.java:116)
	at RandoopTest.main(RandoopTest.java:8)

Dec 11, 2017 3:49:19 PM RandoopTest0 test22
WARNING: "IOP00410201: (COMM_FAILURE) Connection failure: socketType:  ; hostname: -1; port: -1"
org.omg.CORBA.COMM_FAILURE:   vmcid: SUN  minor code: 201  completed: No
	at com.sun.corba.se.impl.logging.ORBUtilSystemException.connectFailure(ORBUtilSystemException.java:2200)
	at com.sun.corba.se.impl.logging.ORBUtilSystemException.connectFailure(ORBUtilSystemException.java:2221)
	at RandoopTest0.test22(RandoopTest0.java:998)
	at sun.reflect.NativeMethodAccessorImpl.invoke0(Native Method)
	at sun.reflect.NativeMethodAccessorImpl.invoke(NativeMethodAccessorImpl.java:57)
	at sun.reflect.DelegatingMethodAccessorImpl.invoke(DelegatingMethodAccessorImpl.java:43)
	at java.lang.reflect.Method.invoke(Method.java:606)
	at junit.framework.TestCase.runTest(TestCase.java:168)
	at junit.framework.TestCase.runBare(TestCase.java:134)
	at junit.framework.TestResult$1.protect(TestResult.java:110)
	at junit.framework.TestResult.runProtected(TestResult.java:128)
	at junit.framework.TestResult.run(TestResult.java:113)
	at junit.framework.TestCase.run(TestCase.java:124)
	at junit.framework.TestSuite.runTest(TestSuite.java:243)
	at junit.framework.TestSuite.run(TestSuite.java:238)
	at junit.framework.TestSuite.runTest(TestSuite.java:243)
	at junit.framework.TestSuite.run(TestSuite.java:238)
	at junit.textui.TestRunner.doRun(TestRunner.java:116)
	at RandoopTest.main(RandoopTest.java:8)
Caused by: org.omg.CORBA.INTERNAL:   vmcid: SUN  minor code: 257  completed: No
	at com.sun.corba.se.impl.logging.ORBUtilSystemException.typecodeNotSupported(ORBUtilSystemException.java:5192)
	at com.sun.corba.se.impl.logging.ORBUtilSystemException.typecodeNotSupported(ORBUtilSystemException.java:5214)
	at RandoopTest0.test22(RandoopTest0.java:995)
	... 16 more

Dec 11, 2017 3:49:19 PM RandoopTest0 test22
WARNING: "IOP00710293: (INTERNAL) No invocation handler available for -1"
org.omg.CORBA.INTERNAL:   vmcid: SUN  minor code: 293  completed: No
	at com.sun.corba.se.impl.logging.ORBUtilSystemException.noInvocationHandler(ORBUtilSystemException.java:6128)
	at com.sun.corba.se.impl.logging.ORBUtilSystemException.noInvocationHandler(ORBUtilSystemException.java:6151)
	at RandoopTest0.test22(RandoopTest0.java:1000)
	at sun.reflect.NativeMethodAccessorImpl.invoke0(Native Method)
	at sun.reflect.NativeMethodAccessorImpl.invoke(NativeMethodAccessorImpl.java:57)
	at sun.reflect.DelegatingMethodAccessorImpl.invoke(DelegatingMethodAccessorImpl.java:43)
	at java.lang.reflect.Method.invoke(Method.java:606)
	at junit.framework.TestCase.runTest(TestCase.java:168)
	at junit.framework.TestCase.runBare(TestCase.java:134)
	at junit.framework.TestResult$1.protect(TestResult.java:110)
	at junit.framework.TestResult.runProtected(TestResult.java:128)
	at junit.framework.TestResult.run(TestResult.java:113)
	at junit.framework.TestCase.run(TestCase.java:124)
	at junit.framework.TestSuite.runTest(TestSuite.java:243)
	at junit.framework.TestSuite.run(TestSuite.java:238)
	at junit.framework.TestSuite.runTest(TestSuite.java:243)
	at junit.framework.TestSuite.run(TestSuite.java:238)
	at junit.textui.TestRunner.doRun(TestRunner.java:116)
	at RandoopTest.main(RandoopTest.java:8)

Dec 11, 2017 3:49:19 PM RandoopTest0 test22
WARNING: "IOP00710257: (INTERNAL) Illegal typecode kind"
org.omg.CORBA.INTERNAL:   vmcid: SUN  minor code: 257  completed: No
	at com.sun.corba.se.impl.logging.ORBUtilSystemException.typecodeNotSupported(ORBUtilSystemException.java:5192)
	at com.sun.corba.se.impl.logging.ORBUtilSystemException.typecodeNotSupported(ORBUtilSystemException.java:5214)
	at RandoopTest0.test22(RandoopTest0.java:1001)
	at sun.reflect.NativeMethodAccessorImpl.invoke0(Native Method)
	at sun.reflect.NativeMethodAccessorImpl.invoke(NativeMethodAccessorImpl.java:57)
	at sun.reflect.DelegatingMethodAccessorImpl.invoke(DelegatingMethodAccessorImpl.java:43)
	at java.lang.reflect.Method.invoke(Method.java:606)
	at junit.framework.TestCase.runTest(TestCase.java:168)
	at junit.framework.TestCase.runBare(TestCase.java:134)
	at junit.framework.TestResult$1.protect(TestResult.java:110)
	at junit.framework.TestResult.runProtected(TestResult.java:128)
	at junit.framework.TestResult.run(TestResult.java:113)
	at junit.framework.TestCase.run(TestCase.java:124)
	at junit.framework.TestSuite.runTest(TestSuite.java:243)
	at junit.framework.TestSuite.run(TestSuite.java:238)
	at junit.framework.TestSuite.runTest(TestSuite.java:243)
	at junit.framework.TestSuite.run(TestSuite.java:238)
	at junit.textui.TestRunner.doRun(TestRunner.java:116)
	at RandoopTest.main(RandoopTest.java:8)

Dec 11, 2017 3:49:19 PM RandoopTest0 test22
WARNING: "IOP00110210: (BAD_PARAM) Field com.sun.corba.se.impl.logging.ORBUtilSystemException@6b02b23d not found in parser data object"
org.omg.CORBA.BAD_PARAM:   vmcid: SUN  minor code: 210  completed: No
	at com.sun.corba.se.impl.logging.ORBUtilSystemException.fieldNotFound(ORBUtilSystemException.java:1381)
	at com.sun.corba.se.impl.logging.ORBUtilSystemException.fieldNotFound(ORBUtilSystemException.java:1404)
	at RandoopTest0.test22(RandoopTest0.java:1003)
	at sun.reflect.NativeMethodAccessorImpl.invoke0(Native Method)
	at sun.reflect.NativeMethodAccessorImpl.invoke(NativeMethodAccessorImpl.java:57)
	at sun.reflect.DelegatingMethodAccessorImpl.invoke(DelegatingMethodAccessorImpl.java:43)
	at java.lang.reflect.Method.invoke(Method.java:606)
	at junit.framework.TestCase.runTest(TestCase.java:168)
	at junit.framework.TestCase.runBare(TestCase.java:134)
	at junit.framework.TestResult$1.protect(TestResult.java:110)
	at junit.framework.TestResult.runProtected(TestResult.java:128)
	at junit.framework.TestResult.run(TestResult.java:113)
	at junit.framework.TestCase.run(TestCase.java:124)
	at junit.framework.TestSuite.runTest(TestSuite.java:243)
	at junit.framework.TestSuite.run(TestSuite.java:238)
	at junit.framework.TestSuite.runTest(TestSuite.java:243)
	at junit.framework.TestSuite.run(TestSuite.java:238)
	at junit.textui.TestRunner.doRun(TestRunner.java:116)
	at RandoopTest.main(RandoopTest.java:8)

Dec 11, 2017 3:49:19 PM RandoopTest0 test22
WARNING: "IOP00710293: (INTERNAL) No invocation handler available for -1"
org.omg.CORBA.INTERNAL:   vmcid: SUN  minor code: 293  completed: No
	at com.sun.corba.se.impl.logging.ORBUtilSystemException.noInvocationHandler(ORBUtilSystemException.java:6128)
	at com.sun.corba.se.impl.logging.ORBUtilSystemException.noInvocationHandler(ORBUtilSystemException.java:6151)
	at RandoopTest0.test22(RandoopTest0.java:1005)
	at sun.reflect.NativeMethodAccessorImpl.invoke0(Native Method)
	at sun.reflect.NativeMethodAccessorImpl.invoke(NativeMethodAccessorImpl.java:57)
	at sun.reflect.DelegatingMethodAccessorImpl.invoke(DelegatingMethodAccessorImpl.java:43)
	at java.lang.reflect.Method.invoke(Method.java:606)
	at junit.framework.TestCase.runTest(TestCase.java:168)
	at junit.framework.TestCase.runBare(TestCase.java:134)
	at junit.framework.TestResult$1.protect(TestResult.java:110)
	at junit.framework.TestResult.runProtected(TestResult.java:128)
	at junit.framework.TestResult.run(TestResult.java:113)
	at junit.framework.TestCase.run(TestCase.java:124)
	at junit.framework.TestSuite.runTest(TestSuite.java:243)
	at junit.framework.TestSuite.run(TestSuite.java:238)
	at junit.framework.TestSuite.runTest(TestSuite.java:243)
	at junit.framework.TestSuite.run(TestSuite.java:238)
	at junit.textui.TestRunner.doRun(TestRunner.java:116)
	at RandoopTest.main(RandoopTest.java:8)

Dec 11, 2017 3:49:19 PM RandoopTest0 test22
WARNING: "IOP00710293: (INTERNAL) No invocation handler available for -1"
org.omg.CORBA.INTERNAL:   vmcid: SUN  minor code: 293  completed: No
	at com.sun.corba.se.impl.logging.ORBUtilSystemException.noInvocationHandler(ORBUtilSystemException.java:6128)
	at com.sun.corba.se.impl.logging.ORBUtilSystemException.noInvocationHandler(ORBUtilSystemException.java:6151)
	at RandoopTest0.test22(RandoopTest0.java:1007)
	at sun.reflect.NativeMethodAccessorImpl.invoke0(Native Method)
	at sun.reflect.NativeMethodAccessorImpl.invoke(NativeMethodAccessorImpl.java:57)
	at sun.reflect.DelegatingMethodAccessorImpl.invoke(DelegatingMethodAccessorImpl.java:43)
	at java.lang.reflect.Method.invoke(Method.java:606)
	at junit.framework.TestCase.runTest(TestCase.java:168)
	at junit.framework.TestCase.runBare(TestCase.java:134)
	at junit.framework.TestResult$1.protect(TestResult.java:110)
	at junit.framework.TestResult.runProtected(TestResult.java:128)
	at junit.framework.TestResult.run(TestResult.java:113)
	at junit.framework.TestCase.run(TestCase.java:124)
	at junit.framework.TestSuite.runTest(TestSuite.java:243)
	at junit.framework.TestSuite.run(TestSuite.java:238)
	at junit.framework.TestSuite.runTest(TestSuite.java:243)
	at junit.framework.TestSuite.run(TestSuite.java:238)
	at junit.textui.TestRunner.doRun(TestRunner.java:116)
	at RandoopTest.main(RandoopTest.java:8)

Dec 11, 2017 3:49:19 PM RandoopTest0 test22
WARNING: "IOP00710225: (INTERNAL) Bad status in the IIOP reply message"
org.omg.CORBA.INTERNAL:   vmcid: SUN  minor code: 225  completed: No
	at com.sun.corba.se.impl.logging.ORBUtilSystemException.badReplystatus(ORBUtilSystemException.java:4291)
	at com.sun.corba.se.impl.logging.ORBUtilSystemException.badReplystatus(ORBUtilSystemException.java:4309)
	at RandoopTest0.test22(RandoopTest0.java:1008)
	at sun.reflect.NativeMethodAccessorImpl.invoke0(Native Method)
	at sun.reflect.NativeMethodAccessorImpl.invoke(NativeMethodAccessorImpl.java:57)
	at sun.reflect.DelegatingMethodAccessorImpl.invoke(DelegatingMethodAccessorImpl.java:43)
	at java.lang.reflect.Method.invoke(Method.java:606)
	at junit.framework.TestCase.runTest(TestCase.java:168)
	at junit.framework.TestCase.runBare(TestCase.java:134)
	at junit.framework.TestResult$1.protect(TestResult.java:110)
	at junit.framework.TestResult.runProtected(TestResult.java:128)
	at junit.framework.TestResult.run(TestResult.java:113)
	at junit.framework.TestCase.run(TestCase.java:124)
	at junit.framework.TestSuite.runTest(TestSuite.java:243)
	at junit.framework.TestSuite.run(TestSuite.java:238)
	at junit.framework.TestSuite.runTest(TestSuite.java:243)
	at junit.framework.TestSuite.run(TestSuite.java:238)
	at junit.textui.TestRunner.doRun(TestRunner.java:116)
	at RandoopTest.main(RandoopTest.java:8)
Caused by: org.omg.CORBA.INTERNAL:   vmcid: SUN  minor code: 293  completed: No
	at com.sun.corba.se.impl.logging.ORBUtilSystemException.noInvocationHandler(ORBUtilSystemException.java:6128)
	at com.sun.corba.se.impl.logging.ORBUtilSystemException.noInvocationHandler(ORBUtilSystemException.java:6151)
	at RandoopTest0.test22(RandoopTest0.java:1007)
	... 16 more

Dec 11, 2017 3:49:19 PM RandoopTest0 test22
WARNING: "IOP00710293: (INTERNAL) No invocation handler available for -1"
org.omg.CORBA.INTERNAL:   vmcid: SUN  minor code: 293  completed: No
	at com.sun.corba.se.impl.logging.ORBUtilSystemException.noInvocationHandler(ORBUtilSystemException.java:6128)
	at com.sun.corba.se.impl.logging.ORBUtilSystemException.noInvocationHandler(ORBUtilSystemException.java:6151)
	at RandoopTest0.test22(RandoopTest0.java:1010)
	at sun.reflect.NativeMethodAccessorImpl.invoke0(Native Method)
	at sun.reflect.NativeMethodAccessorImpl.invoke(NativeMethodAccessorImpl.java:57)
	at sun.reflect.DelegatingMethodAccessorImpl.invoke(DelegatingMethodAccessorImpl.java:43)
	at java.lang.reflect.Method.invoke(Method.java:606)
	at junit.framework.TestCase.runTest(TestCase.java:168)
	at junit.framework.TestCase.runBare(TestCase.java:134)
	at junit.framework.TestResult$1.protect(TestResult.java:110)
	at junit.framework.TestResult.runProtected(TestResult.java:128)
	at junit.framework.TestResult.run(TestResult.java:113)
	at junit.framework.TestCase.run(TestCase.java:124)
	at junit.framework.TestSuite.runTest(TestSuite.java:243)
	at junit.framework.TestSuite.run(TestSuite.java:238)
	at junit.framework.TestSuite.runTest(TestSuite.java:243)
	at junit.framework.TestSuite.run(TestSuite.java:238)
	at junit.textui.TestRunner.doRun(TestRunner.java:116)
	at RandoopTest.main(RandoopTest.java:8)

Dec 11, 2017 3:49:19 PM RandoopTest0 test22
WARNING: "IOP00710293: (INTERNAL) No invocation handler available for -1"
org.omg.CORBA.INTERNAL:   vmcid: SUN  minor code: 293  completed: No
	at com.sun.corba.se.impl.logging.ORBUtilSystemException.noInvocationHandler(ORBUtilSystemException.java:6128)
	at com.sun.corba.se.impl.logging.ORBUtilSystemException.noInvocationHandler(ORBUtilSystemException.java:6151)
	at RandoopTest0.test22(RandoopTest0.java:1013)
	at sun.reflect.NativeMethodAccessorImpl.invoke0(Native Method)
	at sun.reflect.NativeMethodAccessorImpl.invoke(NativeMethodAccessorImpl.java:57)
	at sun.reflect.DelegatingMethodAccessorImpl.invoke(DelegatingMethodAccessorImpl.java:43)
	at java.lang.reflect.Method.invoke(Method.java:606)
	at junit.framework.TestCase.runTest(TestCase.java:168)
	at junit.framework.TestCase.runBare(TestCase.java:134)
	at junit.framework.TestResult$1.protect(TestResult.java:110)
	at junit.framework.TestResult.runProtected(TestResult.java:128)
	at junit.framework.TestResult.run(TestResult.java:113)
	at junit.framework.TestCase.run(TestCase.java:124)
	at junit.framework.TestSuite.runTest(TestSuite.java:243)
	at junit.framework.TestSuite.run(TestSuite.java:238)
	at junit.framework.TestSuite.runTest(TestSuite.java:243)
	at junit.framework.TestSuite.run(TestSuite.java:238)
	at junit.textui.TestRunner.doRun(TestRunner.java:116)
	at RandoopTest.main(RandoopTest.java:8)

Dec 11, 2017 3:49:19 PM RandoopTest0 test22
WARNING: "IOP00710293: (INTERNAL) No invocation handler available for -1"
org.omg.CORBA.INTERNAL:   vmcid: SUN  minor code: 293  completed: No
	at com.sun.corba.se.impl.logging.ORBUtilSystemException.noInvocationHandler(ORBUtilSystemException.java:6128)
	at com.sun.corba.se.impl.logging.ORBUtilSystemException.noInvocationHandler(ORBUtilSystemException.java:6151)
	at RandoopTest0.test22(RandoopTest0.java:1015)
	at sun.reflect.NativeMethodAccessorImpl.invoke0(Native Method)
	at sun.reflect.NativeMethodAccessorImpl.invoke(NativeMethodAccessorImpl.java:57)
	at sun.reflect.DelegatingMethodAccessorImpl.invoke(DelegatingMethodAccessorImpl.java:43)
	at java.lang.reflect.Method.invoke(Method.java:606)
	at junit.framework.TestCase.runTest(TestCase.java:168)
	at junit.framework.TestCase.runBare(TestCase.java:134)
	at junit.framework.TestResult$1.protect(TestResult.java:110)
	at junit.framework.TestResult.runProtected(TestResult.java:128)
	at junit.framework.TestResult.run(TestResult.java:113)
	at junit.framework.TestCase.run(TestCase.java:124)
	at junit.framework.TestSuite.runTest(TestSuite.java:243)
	at junit.framework.TestSuite.run(TestSuite.java:238)
	at junit.framework.TestSuite.runTest(TestSuite.java:243)
	at junit.framework.TestSuite.run(TestSuite.java:238)
	at junit.textui.TestRunner.doRun(TestRunner.java:116)
	at RandoopTest.main(RandoopTest.java:8)

Dec 11, 2017 3:49:19 PM RandoopTest0 test22
WARNING: "IOP00010206: (UNKNOWN) InterfaceDef object of wrong type returned by server"
org.omg.CORBA.UNKNOWN:   vmcid: SUN  minor code: 206  completed: No
	at com.sun.corba.se.impl.logging.ORBUtilSystemException.wrongInterfaceDef(ORBUtilSystemException.java:8981)
	at com.sun.corba.se.impl.logging.ORBUtilSystemException.wrongInterfaceDef(ORBUtilSystemException.java:8999)
	at RandoopTest0.test22(RandoopTest0.java:1016)
	at sun.reflect.NativeMethodAccessorImpl.invoke0(Native Method)
	at sun.reflect.NativeMethodAccessorImpl.invoke(NativeMethodAccessorImpl.java:57)
	at sun.reflect.DelegatingMethodAccessorImpl.invoke(DelegatingMethodAccessorImpl.java:43)
	at java.lang.reflect.Method.invoke(Method.java:606)
	at junit.framework.TestCase.runTest(TestCase.java:168)
	at junit.framework.TestCase.runBare(TestCase.java:134)
	at junit.framework.TestResult$1.protect(TestResult.java:110)
	at junit.framework.TestResult.runProtected(TestResult.java:128)
	at junit.framework.TestResult.run(TestResult.java:113)
	at junit.framework.TestCase.run(TestCase.java:124)
	at junit.framework.TestSuite.runTest(TestSuite.java:243)
	at junit.framework.TestSuite.run(TestSuite.java:238)
	at junit.framework.TestSuite.runTest(TestSuite.java:243)
	at junit.framework.TestSuite.run(TestSuite.java:238)
	at junit.textui.TestRunner.doRun(TestRunner.java:116)
	at RandoopTest.main(RandoopTest.java:8)
Caused by: org.omg.CORBA.INTERNAL:   vmcid: SUN  minor code: 293  completed: No
	at com.sun.corba.se.impl.logging.ORBUtilSystemException.noInvocationHandler(ORBUtilSystemException.java:6128)
	at com.sun.corba.se.impl.logging.ORBUtilSystemException.noInvocationHandler(ORBUtilSystemException.java:6151)
	at RandoopTest0.test22(RandoopTest0.java:1015)
	... 16 more

Dec 11, 2017 3:49:19 PM RandoopTest0 test22
WARNING: "IOP02510207: (OBJECT_NOT_EXIST) Dynamic Any was destroyed: all operations are invalid"
org.omg.CORBA.OBJECT_NOT_EXIST:   vmcid: SUN  minor code: 207  completed: No
	at com.sun.corba.se.impl.logging.ORBUtilSystemException.dynAnyDestroyed(ORBUtilSystemException.java:8777)
	at com.sun.corba.se.impl.logging.ORBUtilSystemException.dynAnyDestroyed(ORBUtilSystemException.java:8795)
	at RandoopTest0.test22(RandoopTest0.java:1017)
	at sun.reflect.NativeMethodAccessorImpl.invoke0(Native Method)
	at sun.reflect.NativeMethodAccessorImpl.invoke(NativeMethodAccessorImpl.java:57)
	at sun.reflect.DelegatingMethodAccessorImpl.invoke(DelegatingMethodAccessorImpl.java:43)
	at java.lang.reflect.Method.invoke(Method.java:606)
	at junit.framework.TestCase.runTest(TestCase.java:168)
	at junit.framework.TestCase.runBare(TestCase.java:134)
	at junit.framework.TestResult$1.protect(TestResult.java:110)
	at junit.framework.TestResult.runProtected(TestResult.java:128)
	at junit.framework.TestResult.run(TestResult.java:113)
	at junit.framework.TestCase.run(TestCase.java:124)
	at junit.framework.TestSuite.runTest(TestSuite.java:243)
	at junit.framework.TestSuite.run(TestSuite.java:238)
	at junit.framework.TestSuite.runTest(TestSuite.java:243)
	at junit.framework.TestSuite.run(TestSuite.java:238)
	at junit.textui.TestRunner.doRun(TestRunner.java:116)
	at RandoopTest.main(RandoopTest.java:8)
Caused by: org.omg.CORBA.UNKNOWN:   vmcid: SUN  minor code: 206  completed: No
	at com.sun.corba.se.impl.logging.ORBUtilSystemException.wrongInterfaceDef(ORBUtilSystemException.java:8981)
	at com.sun.corba.se.impl.logging.ORBUtilSystemException.wrongInterfaceDef(ORBUtilSystemException.java:8999)
	at RandoopTest0.test22(RandoopTest0.java:1016)
	... 16 more
Caused by: org.omg.CORBA.INTERNAL:   vmcid: SUN  minor code: 293  completed: No
	at com.sun.corba.se.impl.logging.ORBUtilSystemException.noInvocationHandler(ORBUtilSystemException.java:6128)
	at com.sun.corba.se.impl.logging.ORBUtilSystemException.noInvocationHandler(ORBUtilSystemException.java:6151)
	at RandoopTest0.test22(RandoopTest0.java:1015)
	... 16 more

Dec 11, 2017 3:49:19 PM RandoopTest0 test22
WARNING: "IOP00710253: (INTERNAL) Bad CompletionStatus java.util.logging.Logging@47078775 in reply"
org.omg.CORBA.INTERNAL:   vmcid: SUN  minor code: 253  completed: No
	at com.sun.corba.se.impl.logging.ORBUtilSystemException.badCompletionStatusInReply(ORBUtilSystemException.java:5079)
	at com.sun.corba.se.impl.logging.ORBUtilSystemException.badCompletionStatusInReply(ORBUtilSystemException.java:5098)
	at RandoopTest0.test22(RandoopTest0.java:1019)
	at sun.reflect.NativeMethodAccessorImpl.invoke0(Native Method)
	at sun.reflect.NativeMethodAccessorImpl.invoke(NativeMethodAccessorImpl.java:57)
	at sun.reflect.DelegatingMethodAccessorImpl.invoke(DelegatingMethodAccessorImpl.java:43)
	at java.lang.reflect.Method.invoke(Method.java:606)
	at junit.framework.TestCase.runTest(TestCase.java:168)
	at junit.framework.TestCase.runBare(TestCase.java:134)
	at junit.framework.TestResult$1.protect(TestResult.java:110)
	at junit.framework.TestResult.runProtected(TestResult.java:128)
	at junit.framework.TestResult.run(TestResult.java:113)
	at junit.framework.TestCase.run(TestCase.java:124)
	at junit.framework.TestSuite.runTest(TestSuite.java:243)
	at junit.framework.TestSuite.run(TestSuite.java:238)
	at junit.framework.TestSuite.runTest(TestSuite.java:243)
	at junit.framework.TestSuite.run(TestSuite.java:238)
	at junit.textui.TestRunner.doRun(TestRunner.java:116)
	at RandoopTest.main(RandoopTest.java:8)
Caused by: org.omg.CORBA.UNKNOWN:   vmcid: SUN  minor code: 206  completed: No
	at com.sun.corba.se.impl.logging.ORBUtilSystemException.wrongInterfaceDef(ORBUtilSystemException.java:8981)
	at com.sun.corba.se.impl.logging.ORBUtilSystemException.wrongInterfaceDef(ORBUtilSystemException.java:8999)
	at RandoopTest0.test22(RandoopTest0.java:1016)
	... 16 more
Caused by: org.omg.CORBA.INTERNAL:   vmcid: SUN  minor code: 293  completed: No
	at com.sun.corba.se.impl.logging.ORBUtilSystemException.noInvocationHandler(ORBUtilSystemException.java:6128)
	at com.sun.corba.se.impl.logging.ORBUtilSystemException.noInvocationHandler(ORBUtilSystemException.java:6151)
	at RandoopTest0.test22(RandoopTest0.java:1015)
	... 16 more

Dec 11, 2017 3:49:19 PM RandoopTest0 test22
WARNING: "IOP00810243: (MARSHAL) Recursive TypeCode not supported by InputStream subtype"
org.omg.CORBA.MARSHAL:   vmcid: SUN  minor code: 243  completed: No
	at com.sun.corba.se.impl.logging.ORBUtilSystemException.recursiveTypecodeError(ORBUtilSystemException.java:7857)
	at com.sun.corba.se.impl.logging.ORBUtilSystemException.recursiveTypecodeError(ORBUtilSystemException.java:7875)
	at RandoopTest0.test22(RandoopTest0.java:1020)
	at sun.reflect.NativeMethodAccessorImpl.invoke0(Native Method)
	at sun.reflect.NativeMethodAccessorImpl.invoke(NativeMethodAccessorImpl.java:57)
	at sun.reflect.DelegatingMethodAccessorImpl.invoke(DelegatingMethodAccessorImpl.java:43)
	at java.lang.reflect.Method.invoke(Method.java:606)
	at junit.framework.TestCase.runTest(TestCase.java:168)
	at junit.framework.TestCase.runBare(TestCase.java:134)
	at junit.framework.TestResult$1.protect(TestResult.java:110)
	at junit.framework.TestResult.runProtected(TestResult.java:128)
	at junit.framework.TestResult.run(TestResult.java:113)
	at junit.framework.TestCase.run(TestCase.java:124)
	at junit.framework.TestSuite.runTest(TestSuite.java:243)
	at junit.framework.TestSuite.run(TestSuite.java:238)
	at junit.framework.TestSuite.runTest(TestSuite.java:243)
	at junit.framework.TestSuite.run(TestSuite.java:238)
	at junit.textui.TestRunner.doRun(TestRunner.java:116)
	at RandoopTest.main(RandoopTest.java:8)
Caused by: org.omg.CORBA.UNKNOWN:   vmcid: SUN  minor code: 206  completed: No
	at com.sun.corba.se.impl.logging.ORBUtilSystemException.wrongInterfaceDef(ORBUtilSystemException.java:8981)
	at com.sun.corba.se.impl.logging.ORBUtilSystemException.wrongInterfaceDef(ORBUtilSystemException.java:8999)
	at RandoopTest0.test22(RandoopTest0.java:1016)
	... 16 more
Caused by: org.omg.CORBA.INTERNAL:   vmcid: SUN  minor code: 293  completed: No
	at com.sun.corba.se.impl.logging.ORBUtilSystemException.noInvocationHandler(ORBUtilSystemException.java:6128)
	at com.sun.corba.se.impl.logging.ORBUtilSystemException.noInvocationHandler(ORBUtilSystemException.java:6151)
	at RandoopTest0.test22(RandoopTest0.java:1015)
	... 16 more

Dec 11, 2017 3:49:19 PM RandoopTest0 test22
WARNING: "IOP00710227: (INTERNAL) byte to character converter failure"
org.omg.CORBA.INTERNAL:   vmcid: SUN  minor code: 227  completed: No
	at com.sun.corba.se.impl.logging.ORBUtilSystemException.btcConverterFailure(ORBUtilSystemException.java:4347)
	at com.sun.corba.se.impl.logging.ORBUtilSystemException.btcConverterFailure(ORBUtilSystemException.java:4365)
	at RandoopTest0.test22(RandoopTest0.java:1021)
	at sun.reflect.NativeMethodAccessorImpl.invoke0(Native Method)
	at sun.reflect.NativeMethodAccessorImpl.invoke(NativeMethodAccessorImpl.java:57)
	at sun.reflect.DelegatingMethodAccessorImpl.invoke(DelegatingMethodAccessorImpl.java:43)
	at java.lang.reflect.Method.invoke(Method.java:606)
	at junit.framework.TestCase.runTest(TestCase.java:168)
	at junit.framework.TestCase.runBare(TestCase.java:134)
	at junit.framework.TestResult$1.protect(TestResult.java:110)
	at junit.framework.TestResult.runProtected(TestResult.java:128)
	at junit.framework.TestResult.run(TestResult.java:113)
	at junit.framework.TestCase.run(TestCase.java:124)
	at junit.framework.TestSuite.runTest(TestSuite.java:243)
	at junit.framework.TestSuite.run(TestSuite.java:238)
	at junit.framework.TestSuite.runTest(TestSuite.java:243)
	at junit.framework.TestSuite.run(TestSuite.java:238)
	at junit.textui.TestRunner.doRun(TestRunner.java:116)
	at RandoopTest.main(RandoopTest.java:8)
Caused by: org.omg.CORBA.MARSHAL:   vmcid: SUN  minor code: 243  completed: No
	at com.sun.corba.se.impl.logging.ORBUtilSystemException.recursiveTypecodeError(ORBUtilSystemException.java:7857)
	at com.sun.corba.se.impl.logging.ORBUtilSystemException.recursiveTypecodeError(ORBUtilSystemException.java:7875)
	at RandoopTest0.test22(RandoopTest0.java:1020)
	... 16 more
Caused by: org.omg.CORBA.UNKNOWN:   vmcid: SUN  minor code: 206  completed: No
	at com.sun.corba.se.impl.logging.ORBUtilSystemException.wrongInterfaceDef(ORBUtilSystemException.java:8981)
	at com.sun.corba.se.impl.logging.ORBUtilSystemException.wrongInterfaceDef(ORBUtilSystemException.java:8999)
	at RandoopTest0.test22(RandoopTest0.java:1016)
	... 16 more
Caused by: org.omg.CORBA.INTERNAL:   vmcid: SUN  minor code: 293  completed: No
	at com.sun.corba.se.impl.logging.ORBUtilSystemException.noInvocationHandler(ORBUtilSystemException.java:6128)
	at com.sun.corba.se.impl.logging.ORBUtilSystemException.noInvocationHandler(ORBUtilSystemException.java:6151)
	at RandoopTest0.test22(RandoopTest0.java:1015)
	... 16 more

Dec 11, 2017 3:49:19 PM RandoopTest0 test20
WARNING: "IOP00710293: (INTERNAL) No invocation handler available for -1"
org.omg.CORBA.INTERNAL:   vmcid: SUN  minor code: 293  completed: No
	at com.sun.corba.se.impl.logging.ORBUtilSystemException.noInvocationHandler(ORBUtilSystemException.java:6128)
	at com.sun.corba.se.impl.logging.ORBUtilSystemException.noInvocationHandler(ORBUtilSystemException.java:6151)
	at RandoopTest0.test20(RandoopTest0.java:821)
	at sun.reflect.NativeMethodAccessorImpl.invoke0(Native Method)
	at sun.reflect.NativeMethodAccessorImpl.invoke(NativeMethodAccessorImpl.java:57)
	at sun.reflect.DelegatingMethodAccessorImpl.invoke(DelegatingMethodAccessorImpl.java:43)
	at java.lang.reflect.Method.invoke(Method.java:606)
	at junit.framework.TestCase.runTest(TestCase.java:168)
	at junit.framework.TestCase.runBare(TestCase.java:134)
	at junit.framework.TestResult$1.protect(TestResult.java:110)
	at junit.framework.TestResult.runProtected(TestResult.java:128)
	at junit.framework.TestResult.run(TestResult.java:113)
	at junit.framework.TestCase.run(TestCase.java:124)
	at junit.framework.TestSuite.runTest(TestSuite.java:243)
	at junit.framework.TestSuite.run(TestSuite.java:238)
	at junit.framework.TestSuite.runTest(TestSuite.java:243)
	at junit.framework.TestSuite.run(TestSuite.java:238)
	at junit.textui.TestRunner.doRun(TestRunner.java:116)
	at RandoopTest.main(RandoopTest.java:8)

Dec 11, 2017 3:49:19 PM RandoopTest0 test20
WARNING: "IOP00710293: (INTERNAL) No invocation handler available for -1"
org.omg.CORBA.INTERNAL:   vmcid: SUN  minor code: 293  completed: No
	at com.sun.corba.se.impl.logging.ORBUtilSystemException.noInvocationHandler(ORBUtilSystemException.java:6128)
	at com.sun.corba.se.impl.logging.ORBUtilSystemException.noInvocationHandler(ORBUtilSystemException.java:6151)
	at RandoopTest0.test20(RandoopTest0.java:823)
	at sun.reflect.NativeMethodAccessorImpl.invoke0(Native Method)
	at sun.reflect.NativeMethodAccessorImpl.invoke(NativeMethodAccessorImpl.java:57)
	at sun.reflect.DelegatingMethodAccessorImpl.invoke(DelegatingMethodAccessorImpl.java:43)
	at java.lang.reflect.Method.invoke(Method.java:606)
	at junit.framework.TestCase.runTest(TestCase.java:168)
	at junit.framework.TestCase.runBare(TestCase.java:134)
	at junit.framework.TestResult$1.protect(TestResult.java:110)
	at junit.framework.TestResult.runProtected(TestResult.java:128)
	at junit.framework.TestResult.run(TestResult.java:113)
	at junit.framework.TestCase.run(TestCase.java:124)
	at junit.framework.TestSuite.runTest(TestSuite.java:243)
	at junit.framework.TestSuite.run(TestSuite.java:238)
	at junit.framework.TestSuite.runTest(TestSuite.java:243)
	at junit.framework.TestSuite.run(TestSuite.java:238)
	at junit.textui.TestRunner.doRun(TestRunner.java:116)
	at RandoopTest.main(RandoopTest.java:8)

Dec 11, 2017 3:49:19 PM RandoopTest0 test20
WARNING: "IOP00710225: (INTERNAL) Bad status in the IIOP reply message"
org.omg.CORBA.INTERNAL:   vmcid: SUN  minor code: 225  completed: No
	at com.sun.corba.se.impl.logging.ORBUtilSystemException.badReplystatus(ORBUtilSystemException.java:4291)
	at com.sun.corba.se.impl.logging.ORBUtilSystemException.badReplystatus(ORBUtilSystemException.java:4309)
	at RandoopTest0.test20(RandoopTest0.java:824)
	at sun.reflect.NativeMethodAccessorImpl.invoke0(Native Method)
	at sun.reflect.NativeMethodAccessorImpl.invoke(NativeMethodAccessorImpl.java:57)
	at sun.reflect.DelegatingMethodAccessorImpl.invoke(DelegatingMethodAccessorImpl.java:43)
	at java.lang.reflect.Method.invoke(Method.java:606)
	at junit.framework.TestCase.runTest(TestCase.java:168)
	at junit.framework.TestCase.runBare(TestCase.java:134)
	at junit.framework.TestResult$1.protect(TestResult.java:110)
	at junit.framework.TestResult.runProtected(TestResult.java:128)
	at junit.framework.TestResult.run(TestResult.java:113)
	at junit.framework.TestCase.run(TestCase.java:124)
	at junit.framework.TestSuite.runTest(TestSuite.java:243)
	at junit.framework.TestSuite.run(TestSuite.java:238)
	at junit.framework.TestSuite.runTest(TestSuite.java:243)
	at junit.framework.TestSuite.run(TestSuite.java:238)
	at junit.textui.TestRunner.doRun(TestRunner.java:116)
	at RandoopTest.main(RandoopTest.java:8)
Caused by: org.omg.CORBA.INTERNAL:   vmcid: SUN  minor code: 293  completed: No
	at com.sun.corba.se.impl.logging.ORBUtilSystemException.noInvocationHandler(ORBUtilSystemException.java:6128)
	at com.sun.corba.se.impl.logging.ORBUtilSystemException.noInvocationHandler(ORBUtilSystemException.java:6151)
	at RandoopTest0.test20(RandoopTest0.java:823)
	... 16 more

Dec 11, 2017 3:49:19 PM RandoopTest0 test20
WARNING: "IOP00710293: (INTERNAL) No invocation handler available for -1"
org.omg.CORBA.INTERNAL:   vmcid: SUN  minor code: 293  completed: No
	at com.sun.corba.se.impl.logging.ORBUtilSystemException.noInvocationHandler(ORBUtilSystemException.java:6128)
	at com.sun.corba.se.impl.logging.ORBUtilSystemException.noInvocationHandler(ORBUtilSystemException.java:6151)
	at RandoopTest0.test20(RandoopTest0.java:826)
	at sun.reflect.NativeMethodAccessorImpl.invoke0(Native Method)
	at sun.reflect.NativeMethodAccessorImpl.invoke(NativeMethodAccessorImpl.java:57)
	at sun.reflect.DelegatingMethodAccessorImpl.invoke(DelegatingMethodAccessorImpl.java:43)
	at java.lang.reflect.Method.invoke(Method.java:606)
	at junit.framework.TestCase.runTest(TestCase.java:168)
	at junit.framework.TestCase.runBare(TestCase.java:134)
	at junit.framework.TestResult$1.protect(TestResult.java:110)
	at junit.framework.TestResult.runProtected(TestResult.java:128)
	at junit.framework.TestResult.run(TestResult.java:113)
	at junit.framework.TestCase.run(TestCase.java:124)
	at junit.framework.TestSuite.runTest(TestSuite.java:243)
	at junit.framework.TestSuite.run(TestSuite.java:238)
	at junit.framework.TestSuite.runTest(TestSuite.java:243)
	at junit.framework.TestSuite.run(TestSuite.java:238)
	at junit.textui.TestRunner.doRun(TestRunner.java:116)
	at RandoopTest.main(RandoopTest.java:8)

Dec 11, 2017 3:49:19 PM RandoopTest0 test20
WARNING: "IOP00710293: (INTERNAL) No invocation handler available for -1"
org.omg.CORBA.INTERNAL:   vmcid: SUN  minor code: 293  completed: No
	at com.sun.corba.se.impl.logging.ORBUtilSystemException.noInvocationHandler(ORBUtilSystemException.java:6128)
	at com.sun.corba.se.impl.logging.ORBUtilSystemException.noInvocationHandler(ORBUtilSystemException.java:6151)
	at RandoopTest0.test20(RandoopTest0.java:829)
	at sun.reflect.NativeMethodAccessorImpl.invoke0(Native Method)
	at sun.reflect.NativeMethodAccessorImpl.invoke(NativeMethodAccessorImpl.java:57)
	at sun.reflect.DelegatingMethodAccessorImpl.invoke(DelegatingMethodAccessorImpl.java:43)
	at java.lang.reflect.Method.invoke(Method.java:606)
	at junit.framework.TestCase.runTest(TestCase.java:168)
	at junit.framework.TestCase.runBare(TestCase.java:134)
	at junit.framework.TestResult$1.protect(TestResult.java:110)
	at junit.framework.TestResult.runProtected(TestResult.java:128)
	at junit.framework.TestResult.run(TestResult.java:113)
	at junit.framework.TestCase.run(TestCase.java:124)
	at junit.framework.TestSuite.runTest(TestSuite.java:243)
	at junit.framework.TestSuite.run(TestSuite.java:238)
	at junit.framework.TestSuite.runTest(TestSuite.java:243)
	at junit.framework.TestSuite.run(TestSuite.java:238)
	at junit.textui.TestRunner.doRun(TestRunner.java:116)
	at RandoopTest.main(RandoopTest.java:8)

Dec 11, 2017 3:49:19 PM RandoopTest0 test20
WARNING: "IOP00710293: (INTERNAL) No invocation handler available for -1"
org.omg.CORBA.INTERNAL:   vmcid: SUN  minor code: 293  completed: No
	at com.sun.corba.se.impl.logging.ORBUtilSystemException.noInvocationHandler(ORBUtilSystemException.java:6128)
	at com.sun.corba.se.impl.logging.ORBUtilSystemException.noInvocationHandler(ORBUtilSystemException.java:6151)
	at RandoopTest0.test20(RandoopTest0.java:831)
	at sun.reflect.NativeMethodAccessorImpl.invoke0(Native Method)
	at sun.reflect.NativeMethodAccessorImpl.invoke(NativeMethodAccessorImpl.java:57)
	at sun.reflect.DelegatingMethodAccessorImpl.invoke(DelegatingMethodAccessorImpl.java:43)
	at java.lang.reflect.Method.invoke(Method.java:606)
	at junit.framework.TestCase.runTest(TestCase.java:168)
	at junit.framework.TestCase.runBare(TestCase.java:134)
	at junit.framework.TestResult$1.protect(TestResult.java:110)
	at junit.framework.TestResult.runProtected(TestResult.java:128)
	at junit.framework.TestResult.run(TestResult.java:113)
	at junit.framework.TestCase.run(TestCase.java:124)
	at junit.framework.TestSuite.runTest(TestSuite.java:243)
	at junit.framework.TestSuite.run(TestSuite.java:238)
	at junit.framework.TestSuite.runTest(TestSuite.java:243)
	at junit.framework.TestSuite.run(TestSuite.java:238)
	at junit.textui.TestRunner.doRun(TestRunner.java:116)
	at RandoopTest.main(RandoopTest.java:8)

Dec 11, 2017 3:49:19 PM RandoopTest0 test20
WARNING: "IOP00010206: (UNKNOWN) InterfaceDef object of wrong type returned by server"
org.omg.CORBA.UNKNOWN:   vmcid: SUN  minor code: 206  completed: No
	at com.sun.corba.se.impl.logging.ORBUtilSystemException.wrongInterfaceDef(ORBUtilSystemException.java:8981)
	at com.sun.corba.se.impl.logging.ORBUtilSystemException.wrongInterfaceDef(ORBUtilSystemException.java:8999)
	at RandoopTest0.test20(RandoopTest0.java:832)
	at sun.reflect.NativeMethodAccessorImpl.invoke0(Native Method)
	at sun.reflect.NativeMethodAccessorImpl.invoke(NativeMethodAccessorImpl.java:57)
	at sun.reflect.DelegatingMethodAccessorImpl.invoke(DelegatingMethodAccessorImpl.java:43)
	at java.lang.reflect.Method.invoke(Method.java:606)
	at junit.framework.TestCase.runTest(TestCase.java:168)
	at junit.framework.TestCase.runBare(TestCase.java:134)
	at junit.framework.TestResult$1.protect(TestResult.java:110)
	at junit.framework.TestResult.runProtected(TestResult.java:128)
	at junit.framework.TestResult.run(TestResult.java:113)
	at junit.framework.TestCase.run(TestCase.java:124)
	at junit.framework.TestSuite.runTest(TestSuite.java:243)
	at junit.framework.TestSuite.run(TestSuite.java:238)
	at junit.framework.TestSuite.runTest(TestSuite.java:243)
	at junit.framework.TestSuite.run(TestSuite.java:238)
	at junit.textui.TestRunner.doRun(TestRunner.java:116)
	at RandoopTest.main(RandoopTest.java:8)
Caused by: org.omg.CORBA.INTERNAL:   vmcid: SUN  minor code: 293  completed: No
	at com.sun.corba.se.impl.logging.ORBUtilSystemException.noInvocationHandler(ORBUtilSystemException.java:6128)
	at com.sun.corba.se.impl.logging.ORBUtilSystemException.noInvocationHandler(ORBUtilSystemException.java:6151)
	at RandoopTest0.test20(RandoopTest0.java:831)
	... 16 more

Dec 11, 2017 3:49:19 PM RandoopTest0 test20
WARNING: "IOP02510207: (OBJECT_NOT_EXIST) Dynamic Any was destroyed: all operations are invalid"
org.omg.CORBA.OBJECT_NOT_EXIST:   vmcid: SUN  minor code: 207  completed: No
	at com.sun.corba.se.impl.logging.ORBUtilSystemException.dynAnyDestroyed(ORBUtilSystemException.java:8777)
	at com.sun.corba.se.impl.logging.ORBUtilSystemException.dynAnyDestroyed(ORBUtilSystemException.java:8795)
	at RandoopTest0.test20(RandoopTest0.java:833)
	at sun.reflect.NativeMethodAccessorImpl.invoke0(Native Method)
	at sun.reflect.NativeMethodAccessorImpl.invoke(NativeMethodAccessorImpl.java:57)
	at sun.reflect.DelegatingMethodAccessorImpl.invoke(DelegatingMethodAccessorImpl.java:43)
	at java.lang.reflect.Method.invoke(Method.java:606)
	at junit.framework.TestCase.runTest(TestCase.java:168)
	at junit.framework.TestCase.runBare(TestCase.java:134)
	at junit.framework.TestResult$1.protect(TestResult.java:110)
	at junit.framework.TestResult.runProtected(TestResult.java:128)
	at junit.framework.TestResult.run(TestResult.java:113)
	at junit.framework.TestCase.run(TestCase.java:124)
	at junit.framework.TestSuite.runTest(TestSuite.java:243)
	at junit.framework.TestSuite.run(TestSuite.java:238)
	at junit.framework.TestSuite.runTest(TestSuite.java:243)
	at junit.framework.TestSuite.run(TestSuite.java:238)
	at junit.textui.TestRunner.doRun(TestRunner.java:116)
	at RandoopTest.main(RandoopTest.java:8)
Caused by: org.omg.CORBA.UNKNOWN:   vmcid: SUN  minor code: 206  completed: No
	at com.sun.corba.se.impl.logging.ORBUtilSystemException.wrongInterfaceDef(ORBUtilSystemException.java:8981)
	at com.sun.corba.se.impl.logging.ORBUtilSystemException.wrongInterfaceDef(ORBUtilSystemException.java:8999)
	at RandoopTest0.test20(RandoopTest0.java:832)
	... 16 more
Caused by: org.omg.CORBA.INTERNAL:   vmcid: SUN  minor code: 293  completed: No
	at com.sun.corba.se.impl.logging.ORBUtilSystemException.noInvocationHandler(ORBUtilSystemException.java:6128)
	at com.sun.corba.se.impl.logging.ORBUtilSystemException.noInvocationHandler(ORBUtilSystemException.java:6151)
	at RandoopTest0.test20(RandoopTest0.java:831)
	... 16 more

Dec 11, 2017 3:49:19 PM RandoopTest0 test20
WARNING: "IOP00710253: (INTERNAL) Bad CompletionStatus java.util.logging.Logging@47078775 in reply"
org.omg.CORBA.INTERNAL:   vmcid: SUN  minor code: 253  completed: No
	at com.sun.corba.se.impl.logging.ORBUtilSystemException.badCompletionStatusInReply(ORBUtilSystemException.java:5079)
	at com.sun.corba.se.impl.logging.ORBUtilSystemException.badCompletionStatusInReply(ORBUtilSystemException.java:5098)
	at RandoopTest0.test20(RandoopTest0.java:835)
	at sun.reflect.NativeMethodAccessorImpl.invoke0(Native Method)
	at sun.reflect.NativeMethodAccessorImpl.invoke(NativeMethodAccessorImpl.java:57)
	at sun.reflect.DelegatingMethodAccessorImpl.invoke(DelegatingMethodAccessorImpl.java:43)
	at java.lang.reflect.Method.invoke(Method.java:606)
	at junit.framework.TestCase.runTest(TestCase.java:168)
	at junit.framework.TestCase.runBare(TestCase.java:134)
	at junit.framework.TestResult$1.protect(TestResult.java:110)
	at junit.framework.TestResult.runProtected(TestResult.java:128)
	at junit.framework.TestResult.run(TestResult.java:113)
	at junit.framework.TestCase.run(TestCase.java:124)
	at junit.framework.TestSuite.runTest(TestSuite.java:243)
	at junit.framework.TestSuite.run(TestSuite.java:238)
	at junit.framework.TestSuite.runTest(TestSuite.java:243)
	at junit.framework.TestSuite.run(TestSuite.java:238)
	at junit.textui.TestRunner.doRun(TestRunner.java:116)
	at RandoopTest.main(RandoopTest.java:8)
Caused by: org.omg.CORBA.UNKNOWN:   vmcid: SUN  minor code: 206  completed: No
	at com.sun.corba.se.impl.logging.ORBUtilSystemException.wrongInterfaceDef(ORBUtilSystemException.java:8981)
	at com.sun.corba.se.impl.logging.ORBUtilSystemException.wrongInterfaceDef(ORBUtilSystemException.java:8999)
	at RandoopTest0.test20(RandoopTest0.java:832)
	... 16 more
Caused by: org.omg.CORBA.INTERNAL:   vmcid: SUN  minor code: 293  completed: No
	at com.sun.corba.se.impl.logging.ORBUtilSystemException.noInvocationHandler(ORBUtilSystemException.java:6128)
	at com.sun.corba.se.impl.logging.ORBUtilSystemException.noInvocationHandler(ORBUtilSystemException.java:6151)
	at RandoopTest0.test20(RandoopTest0.java:831)
	... 16 more

Dec 11, 2017 3:49:19 PM RandoopTest0 test20
WARNING: "IOP00710293: (INTERNAL) No invocation handler available for -1"
org.omg.CORBA.INTERNAL:   vmcid: SUN  minor code: 293  completed: No
	at com.sun.corba.se.impl.logging.ORBUtilSystemException.noInvocationHandler(ORBUtilSystemException.java:6128)
	at com.sun.corba.se.impl.logging.ORBUtilSystemException.noInvocationHandler(ORBUtilSystemException.java:6151)
	at RandoopTest0.test20(RandoopTest0.java:837)
	at sun.reflect.NativeMethodAccessorImpl.invoke0(Native Method)
	at sun.reflect.NativeMethodAccessorImpl.invoke(NativeMethodAccessorImpl.java:57)
	at sun.reflect.DelegatingMethodAccessorImpl.invoke(DelegatingMethodAccessorImpl.java:43)
	at java.lang.reflect.Method.invoke(Method.java:606)
	at junit.framework.TestCase.runTest(TestCase.java:168)
	at junit.framework.TestCase.runBare(TestCase.java:134)
	at junit.framework.TestResult$1.protect(TestResult.java:110)
	at junit.framework.TestResult.runProtected(TestResult.java:128)
	at junit.framework.TestResult.run(TestResult.java:113)
	at junit.framework.TestCase.run(TestCase.java:124)
	at junit.framework.TestSuite.runTest(TestSuite.java:243)
	at junit.framework.TestSuite.run(TestSuite.java:238)
	at junit.framework.TestSuite.runTest(TestSuite.java:243)
	at junit.framework.TestSuite.run(TestSuite.java:238)
	at junit.textui.TestRunner.doRun(TestRunner.java:116)
	at RandoopTest.main(RandoopTest.java:8)

Dec 11, 2017 3:49:19 PM RandoopTest0 test20
WARNING: "IOP00710293: (INTERNAL) No invocation handler available for -1"
org.omg.CORBA.INTERNAL:   vmcid: SUN  minor code: 293  completed: No
	at com.sun.corba.se.impl.logging.ORBUtilSystemException.noInvocationHandler(ORBUtilSystemException.java:6128)
	at com.sun.corba.se.impl.logging.ORBUtilSystemException.noInvocationHandler(ORBUtilSystemException.java:6151)
	at RandoopTest0.test20(RandoopTest0.java:839)
	at sun.reflect.NativeMethodAccessorImpl.invoke0(Native Method)
	at sun.reflect.NativeMethodAccessorImpl.invoke(NativeMethodAccessorImpl.java:57)
	at sun.reflect.DelegatingMethodAccessorImpl.invoke(DelegatingMethodAccessorImpl.java:43)
	at java.lang.reflect.Method.invoke(Method.java:606)
	at junit.framework.TestCase.runTest(TestCase.java:168)
	at junit.framework.TestCase.runBare(TestCase.java:134)
	at junit.framework.TestResult$1.protect(TestResult.java:110)
	at junit.framework.TestResult.runProtected(TestResult.java:128)
	at junit.framework.TestResult.run(TestResult.java:113)
	at junit.framework.TestCase.run(TestCase.java:124)
	at junit.framework.TestSuite.runTest(TestSuite.java:243)
	at junit.framework.TestSuite.run(TestSuite.java:238)
	at junit.framework.TestSuite.runTest(TestSuite.java:243)
	at junit.framework.TestSuite.run(TestSuite.java:238)
	at junit.textui.TestRunner.doRun(TestRunner.java:116)
	at RandoopTest.main(RandoopTest.java:8)

Dec 11, 2017 3:49:19 PM RandoopTest0 test20
WARNING: "IOP00010206: (UNKNOWN) InterfaceDef object of wrong type returned by server"
org.omg.CORBA.UNKNOWN:   vmcid: SUN  minor code: 206  completed: No
	at com.sun.corba.se.impl.logging.ORBUtilSystemException.wrongInterfaceDef(ORBUtilSystemException.java:8981)
	at com.sun.corba.se.impl.logging.ORBUtilSystemException.wrongInterfaceDef(ORBUtilSystemException.java:8999)
	at RandoopTest0.test20(RandoopTest0.java:840)
	at sun.reflect.NativeMethodAccessorImpl.invoke0(Native Method)
	at sun.reflect.NativeMethodAccessorImpl.invoke(NativeMethodAccessorImpl.java:57)
	at sun.reflect.DelegatingMethodAccessorImpl.invoke(DelegatingMethodAccessorImpl.java:43)
	at java.lang.reflect.Method.invoke(Method.java:606)
	at junit.framework.TestCase.runTest(TestCase.java:168)
	at junit.framework.TestCase.runBare(TestCase.java:134)
	at junit.framework.TestResult$1.protect(TestResult.java:110)
	at junit.framework.TestResult.runProtected(TestResult.java:128)
	at junit.framework.TestResult.run(TestResult.java:113)
	at junit.framework.TestCase.run(TestCase.java:124)
	at junit.framework.TestSuite.runTest(TestSuite.java:243)
	at junit.framework.TestSuite.run(TestSuite.java:238)
	at junit.framework.TestSuite.runTest(TestSuite.java:243)
	at junit.framework.TestSuite.run(TestSuite.java:238)
	at junit.textui.TestRunner.doRun(TestRunner.java:116)
	at RandoopTest.main(RandoopTest.java:8)
Caused by: org.omg.CORBA.INTERNAL:   vmcid: SUN  minor code: 293  completed: No
	at com.sun.corba.se.impl.logging.ORBUtilSystemException.noInvocationHandler(ORBUtilSystemException.java:6128)
	at com.sun.corba.se.impl.logging.ORBUtilSystemException.noInvocationHandler(ORBUtilSystemException.java:6151)
	at RandoopTest0.test20(RandoopTest0.java:839)
	... 16 more

Dec 11, 2017 3:49:19 PM RandoopTest0 test20
WARNING: "IOP02510201: (OBJECT_NOT_EXIST) Locate response indicated that the object was unknown"
org.omg.CORBA.OBJECT_NOT_EXIST:   vmcid: SUN  minor code: 201  completed: No
	at com.sun.corba.se.impl.logging.ORBUtilSystemException.locateUnknownObject(ORBUtilSystemException.java:8609)
	at com.sun.corba.se.impl.logging.ORBUtilSystemException.locateUnknownObject(ORBUtilSystemException.java:8631)
	at RandoopTest0.test20(RandoopTest0.java:841)
	at sun.reflect.NativeMethodAccessorImpl.invoke0(Native Method)
	at sun.reflect.NativeMethodAccessorImpl.invoke(NativeMethodAccessorImpl.java:57)
	at sun.reflect.DelegatingMethodAccessorImpl.invoke(DelegatingMethodAccessorImpl.java:43)
	at java.lang.reflect.Method.invoke(Method.java:606)
	at junit.framework.TestCase.runTest(TestCase.java:168)
	at junit.framework.TestCase.runBare(TestCase.java:134)
	at junit.framework.TestResult$1.protect(TestResult.java:110)
	at junit.framework.TestResult.runProtected(TestResult.java:128)
	at junit.framework.TestResult.run(TestResult.java:113)
	at junit.framework.TestCase.run(TestCase.java:124)
	at junit.framework.TestSuite.runTest(TestSuite.java:243)
	at junit.framework.TestSuite.run(TestSuite.java:238)
	at junit.framework.TestSuite.runTest(TestSuite.java:243)
	at junit.framework.TestSuite.run(TestSuite.java:238)
	at junit.textui.TestRunner.doRun(TestRunner.java:116)
	at RandoopTest.main(RandoopTest.java:8)

Dec 11, 2017 3:49:19 PM RandoopTest0 test20
WARNING: "IOP00710293: (INTERNAL) No invocation handler available for -1"
org.omg.CORBA.INTERNAL:   vmcid: SUN  minor code: 293  completed: No
	at com.sun.corba.se.impl.logging.ORBUtilSystemException.noInvocationHandler(ORBUtilSystemException.java:6128)
	at com.sun.corba.se.impl.logging.ORBUtilSystemException.noInvocationHandler(ORBUtilSystemException.java:6151)
	at RandoopTest0.test20(RandoopTest0.java:843)
	at sun.reflect.NativeMethodAccessorImpl.invoke0(Native Method)
	at sun.reflect.NativeMethodAccessorImpl.invoke(NativeMethodAccessorImpl.java:57)
	at sun.reflect.DelegatingMethodAccessorImpl.invoke(DelegatingMethodAccessorImpl.java:43)
	at java.lang.reflect.Method.invoke(Method.java:606)
	at junit.framework.TestCase.runTest(TestCase.java:168)
	at junit.framework.TestCase.runBare(TestCase.java:134)
	at junit.framework.TestResult$1.protect(TestResult.java:110)
	at junit.framework.TestResult.runProtected(TestResult.java:128)
	at junit.framework.TestResult.run(TestResult.java:113)
	at junit.framework.TestCase.run(TestCase.java:124)
	at junit.framework.TestSuite.runTest(TestSuite.java:243)
	at junit.framework.TestSuite.run(TestSuite.java:238)
	at junit.framework.TestSuite.runTest(TestSuite.java:243)
	at junit.framework.TestSuite.run(TestSuite.java:238)
	at junit.textui.TestRunner.doRun(TestRunner.java:116)
	at RandoopTest.main(RandoopTest.java:8)

Dec 11, 2017 3:49:19 PM RandoopTest0 test20
WARNING: "IOP00710293: (INTERNAL) No invocation handler available for -1"
org.omg.CORBA.INTERNAL:   vmcid: SUN  minor code: 293  completed: No
	at com.sun.corba.se.impl.logging.ORBUtilSystemException.noInvocationHandler(ORBUtilSystemException.java:6128)
	at com.sun.corba.se.impl.logging.ORBUtilSystemException.noInvocationHandler(ORBUtilSystemException.java:6151)
	at RandoopTest0.test20(RandoopTest0.java:845)
	at sun.reflect.NativeMethodAccessorImpl.invoke0(Native Method)
	at sun.reflect.NativeMethodAccessorImpl.invoke(NativeMethodAccessorImpl.java:57)
	at sun.reflect.DelegatingMethodAccessorImpl.invoke(DelegatingMethodAccessorImpl.java:43)
	at java.lang.reflect.Method.invoke(Method.java:606)
	at junit.framework.TestCase.runTest(TestCase.java:168)
	at junit.framework.TestCase.runBare(TestCase.java:134)
	at junit.framework.TestResult$1.protect(TestResult.java:110)
	at junit.framework.TestResult.runProtected(TestResult.java:128)
	at junit.framework.TestResult.run(TestResult.java:113)
	at junit.framework.TestCase.run(TestCase.java:124)
	at junit.framework.TestSuite.runTest(TestSuite.java:243)
	at junit.framework.TestSuite.run(TestSuite.java:238)
	at junit.framework.TestSuite.runTest(TestSuite.java:243)
	at junit.framework.TestSuite.run(TestSuite.java:238)
	at junit.textui.TestRunner.doRun(TestRunner.java:116)
	at RandoopTest.main(RandoopTest.java:8)

Dec 11, 2017 3:49:19 PM RandoopTest0 test20
WARNING: "IOP00710225: (INTERNAL) Bad status in the IIOP reply message"
org.omg.CORBA.INTERNAL:   vmcid: SUN  minor code: 225  completed: No
	at com.sun.corba.se.impl.logging.ORBUtilSystemException.badReplystatus(ORBUtilSystemException.java:4291)
	at com.sun.corba.se.impl.logging.ORBUtilSystemException.badReplystatus(ORBUtilSystemException.java:4309)
	at RandoopTest0.test20(RandoopTest0.java:846)
	at sun.reflect.NativeMethodAccessorImpl.invoke0(Native Method)
	at sun.reflect.NativeMethodAccessorImpl.invoke(NativeMethodAccessorImpl.java:57)
	at sun.reflect.DelegatingMethodAccessorImpl.invoke(DelegatingMethodAccessorImpl.java:43)
	at java.lang.reflect.Method.invoke(Method.java:606)
	at junit.framework.TestCase.runTest(TestCase.java:168)
	at junit.framework.TestCase.runBare(TestCase.java:134)
	at junit.framework.TestResult$1.protect(TestResult.java:110)
	at junit.framework.TestResult.runProtected(TestResult.java:128)
	at junit.framework.TestResult.run(TestResult.java:113)
	at junit.framework.TestCase.run(TestCase.java:124)
	at junit.framework.TestSuite.runTest(TestSuite.java:243)
	at junit.framework.TestSuite.run(TestSuite.java:238)
	at junit.framework.TestSuite.runTest(TestSuite.java:243)
	at junit.framework.TestSuite.run(TestSuite.java:238)
	at junit.textui.TestRunner.doRun(TestRunner.java:116)
	at RandoopTest.main(RandoopTest.java:8)
Caused by: org.omg.CORBA.INTERNAL:   vmcid: SUN  minor code: 293  completed: No
	at com.sun.corba.se.impl.logging.ORBUtilSystemException.noInvocationHandler(ORBUtilSystemException.java:6128)
	at com.sun.corba.se.impl.logging.ORBUtilSystemException.noInvocationHandler(ORBUtilSystemException.java:6151)
	at RandoopTest0.test20(RandoopTest0.java:845)
	... 16 more

Dec 11, 2017 3:49:19 PM RandoopTest0 test20
WARNING: "IOP00010205: (UNKNOWN) Error while unmarshalling SystemException"
org.omg.CORBA.UNKNOWN:   vmcid: SUN  minor code: 205  completed: No
	at com.sun.corba.se.impl.logging.ORBUtilSystemException.unknownSysex(ORBUtilSystemException.java:8953)
	at com.sun.corba.se.impl.logging.ORBUtilSystemException.unknownSysex(ORBUtilSystemException.java:8971)
	at RandoopTest0.test20(RandoopTest0.java:847)
	at sun.reflect.NativeMethodAccessorImpl.invoke0(Native Method)
	at sun.reflect.NativeMethodAccessorImpl.invoke(NativeMethodAccessorImpl.java:57)
	at sun.reflect.DelegatingMethodAccessorImpl.invoke(DelegatingMethodAccessorImpl.java:43)
	at java.lang.reflect.Method.invoke(Method.java:606)
	at junit.framework.TestCase.runTest(TestCase.java:168)
	at junit.framework.TestCase.runBare(TestCase.java:134)
	at junit.framework.TestResult$1.protect(TestResult.java:110)
	at junit.framework.TestResult.runProtected(TestResult.java:128)
	at junit.framework.TestResult.run(TestResult.java:113)
	at junit.framework.TestCase.run(TestCase.java:124)
	at junit.framework.TestSuite.runTest(TestSuite.java:243)
	at junit.framework.TestSuite.run(TestSuite.java:238)
	at junit.framework.TestSuite.runTest(TestSuite.java:243)
	at junit.framework.TestSuite.run(TestSuite.java:238)
	at junit.textui.TestRunner.doRun(TestRunner.java:116)
	at RandoopTest.main(RandoopTest.java:8)
Caused by: org.omg.CORBA.INTERNAL:   vmcid: SUN  minor code: 293  completed: No
	at com.sun.corba.se.impl.logging.ORBUtilSystemException.noInvocationHandler(ORBUtilSystemException.java:6128)
	at com.sun.corba.se.impl.logging.ORBUtilSystemException.noInvocationHandler(ORBUtilSystemException.java:6151)
	at RandoopTest0.test20(RandoopTest0.java:845)
	... 16 more

Dec 11, 2017 3:49:19 PM RandoopTest0 test20
WARNING: "IOP01610202: (BAD_INV_ORDER) arguments(NVList) called more than once for DSI ServerRequest"
org.omg.CORBA.BAD_INV_ORDER:   vmcid: SUN  minor code: 202  completed: No
	at com.sun.corba.se.impl.logging.ORBUtilSystemException.argumentsCalledMultiple(ORBUtilSystemException.java:1940)
	at com.sun.corba.se.impl.logging.ORBUtilSystemException.argumentsCalledMultiple(ORBUtilSystemException.java:1958)
	at RandoopTest0.test20(RandoopTest0.java:848)
	at sun.reflect.NativeMethodAccessorImpl.invoke0(Native Method)
	at sun.reflect.NativeMethodAccessorImpl.invoke(NativeMethodAccessorImpl.java:57)
	at sun.reflect.DelegatingMethodAccessorImpl.invoke(DelegatingMethodAccessorImpl.java:43)
	at java.lang.reflect.Method.invoke(Method.java:606)
	at junit.framework.TestCase.runTest(TestCase.java:168)
	at junit.framework.TestCase.runBare(TestCase.java:134)
	at junit.framework.TestResult$1.protect(TestResult.java:110)
	at junit.framework.TestResult.runProtected(TestResult.java:128)
	at junit.framework.TestResult.run(TestResult.java:113)
	at junit.framework.TestCase.run(TestCase.java:124)
	at junit.framework.TestSuite.runTest(TestSuite.java:243)
	at junit.framework.TestSuite.run(TestSuite.java:238)
	at junit.framework.TestSuite.runTest(TestSuite.java:243)
	at junit.framework.TestSuite.run(TestSuite.java:238)
	at junit.textui.TestRunner.doRun(TestRunner.java:116)
	at RandoopTest.main(RandoopTest.java:8)
Caused by: org.omg.CORBA.UNKNOWN:   vmcid: SUN  minor code: 205  completed: No
	at com.sun.corba.se.impl.logging.ORBUtilSystemException.unknownSysex(ORBUtilSystemException.java:8953)
	at com.sun.corba.se.impl.logging.ORBUtilSystemException.unknownSysex(ORBUtilSystemException.java:8971)
	at RandoopTest0.test20(RandoopTest0.java:847)
	... 16 more
Caused by: org.omg.CORBA.INTERNAL:   vmcid: SUN  minor code: 293  completed: No
	at com.sun.corba.se.impl.logging.ORBUtilSystemException.noInvocationHandler(ORBUtilSystemException.java:6128)
	at com.sun.corba.se.impl.logging.ORBUtilSystemException.noInvocationHandler(ORBUtilSystemException.java:6151)
	at RandoopTest0.test20(RandoopTest0.java:845)
	... 16 more

Dec 11, 2017 3:49:19 PM RandoopTest0 test19
WARNING: "IOP00710293: (INTERNAL) No invocation handler available for -1"
org.omg.CORBA.INTERNAL:   vmcid: SUN  minor code: 293  completed: No
	at com.sun.corba.se.impl.logging.ORBUtilSystemException.noInvocationHandler(ORBUtilSystemException.java:6128)
	at com.sun.corba.se.impl.logging.ORBUtilSystemException.noInvocationHandler(ORBUtilSystemException.java:6151)
	at RandoopTest0.test19(RandoopTest0.java:801)
	at sun.reflect.NativeMethodAccessorImpl.invoke0(Native Method)
	at sun.reflect.NativeMethodAccessorImpl.invoke(NativeMethodAccessorImpl.java:57)
	at sun.reflect.DelegatingMethodAccessorImpl.invoke(DelegatingMethodAccessorImpl.java:43)
	at java.lang.reflect.Method.invoke(Method.java:606)
	at junit.framework.TestCase.runTest(TestCase.java:168)
	at junit.framework.TestCase.runBare(TestCase.java:134)
	at junit.framework.TestResult$1.protect(TestResult.java:110)
	at junit.framework.TestResult.runProtected(TestResult.java:128)
	at junit.framework.TestResult.run(TestResult.java:113)
	at junit.framework.TestCase.run(TestCase.java:124)
	at junit.framework.TestSuite.runTest(TestSuite.java:243)
	at junit.framework.TestSuite.run(TestSuite.java:238)
	at junit.framework.TestSuite.runTest(TestSuite.java:243)
	at junit.framework.TestSuite.run(TestSuite.java:238)
	at junit.textui.TestRunner.doRun(TestRunner.java:116)
	at RandoopTest.main(RandoopTest.java:8)

Dec 11, 2017 3:49:19 PM RandoopTest0 test18
WARNING: "IOP00710293: (INTERNAL) No invocation handler available for -1"
org.omg.CORBA.INTERNAL:   vmcid: SUN  minor code: 293  completed: No
	at com.sun.corba.se.impl.logging.ORBUtilSystemException.noInvocationHandler(ORBUtilSystemException.java:6128)
	at com.sun.corba.se.impl.logging.ORBUtilSystemException.noInvocationHandler(ORBUtilSystemException.java:6151)
	at RandoopTest0.test18(RandoopTest0.java:645)
	at sun.reflect.NativeMethodAccessorImpl.invoke0(Native Method)
	at sun.reflect.NativeMethodAccessorImpl.invoke(NativeMethodAccessorImpl.java:57)
	at sun.reflect.DelegatingMethodAccessorImpl.invoke(DelegatingMethodAccessorImpl.java:43)
	at java.lang.reflect.Method.invoke(Method.java:606)
	at junit.framework.TestCase.runTest(TestCase.java:168)
	at junit.framework.TestCase.runBare(TestCase.java:134)
	at junit.framework.TestResult$1.protect(TestResult.java:110)
	at junit.framework.TestResult.runProtected(TestResult.java:128)
	at junit.framework.TestResult.run(TestResult.java:113)
	at junit.framework.TestCase.run(TestCase.java:124)
	at junit.framework.TestSuite.runTest(TestSuite.java:243)
	at junit.framework.TestSuite.run(TestSuite.java:238)
	at junit.framework.TestSuite.runTest(TestSuite.java:243)
	at junit.framework.TestSuite.run(TestSuite.java:238)
	at junit.textui.TestRunner.doRun(TestRunner.java:116)
	at RandoopTest.main(RandoopTest.java:8)

Dec 11, 2017 3:49:19 PM RandoopTest0 test18
WARNING: "IOP00710293: (INTERNAL) No invocation handler available for -1"
org.omg.CORBA.INTERNAL:   vmcid: SUN  minor code: 293  completed: No
	at com.sun.corba.se.impl.logging.ORBUtilSystemException.noInvocationHandler(ORBUtilSystemException.java:6128)
	at com.sun.corba.se.impl.logging.ORBUtilSystemException.noInvocationHandler(ORBUtilSystemException.java:6151)
	at RandoopTest0.test18(RandoopTest0.java:647)
	at sun.reflect.NativeMethodAccessorImpl.invoke0(Native Method)
	at sun.reflect.NativeMethodAccessorImpl.invoke(NativeMethodAccessorImpl.java:57)
	at sun.reflect.DelegatingMethodAccessorImpl.invoke(DelegatingMethodAccessorImpl.java:43)
	at java.lang.reflect.Method.invoke(Method.java:606)
	at junit.framework.TestCase.runTest(TestCase.java:168)
	at junit.framework.TestCase.runBare(TestCase.java:134)
	at junit.framework.TestResult$1.protect(TestResult.java:110)
	at junit.framework.TestResult.runProtected(TestResult.java:128)
	at junit.framework.TestResult.run(TestResult.java:113)
	at junit.framework.TestCase.run(TestCase.java:124)
	at junit.framework.TestSuite.runTest(TestSuite.java:243)
	at junit.framework.TestSuite.run(TestSuite.java:238)
	at junit.framework.TestSuite.runTest(TestSuite.java:243)
	at junit.framework.TestSuite.run(TestSuite.java:238)
	at junit.textui.TestRunner.doRun(TestRunner.java:116)
	at RandoopTest.main(RandoopTest.java:8)

Dec 11, 2017 3:49:19 PM RandoopTest0 test18
WARNING: "IOP00710225: (INTERNAL) Bad status in the IIOP reply message"
org.omg.CORBA.INTERNAL:   vmcid: SUN  minor code: 225  completed: No
	at com.sun.corba.se.impl.logging.ORBUtilSystemException.badReplystatus(ORBUtilSystemException.java:4291)
	at com.sun.corba.se.impl.logging.ORBUtilSystemException.badReplystatus(ORBUtilSystemException.java:4309)
	at RandoopTest0.test18(RandoopTest0.java:648)
	at sun.reflect.NativeMethodAccessorImpl.invoke0(Native Method)
	at sun.reflect.NativeMethodAccessorImpl.invoke(NativeMethodAccessorImpl.java:57)
	at sun.reflect.DelegatingMethodAccessorImpl.invoke(DelegatingMethodAccessorImpl.java:43)
	at java.lang.reflect.Method.invoke(Method.java:606)
	at junit.framework.TestCase.runTest(TestCase.java:168)
	at junit.framework.TestCase.runBare(TestCase.java:134)
	at junit.framework.TestResult$1.protect(TestResult.java:110)
	at junit.framework.TestResult.runProtected(TestResult.java:128)
	at junit.framework.TestResult.run(TestResult.java:113)
	at junit.framework.TestCase.run(TestCase.java:124)
	at junit.framework.TestSuite.runTest(TestSuite.java:243)
	at junit.framework.TestSuite.run(TestSuite.java:238)
	at junit.framework.TestSuite.runTest(TestSuite.java:243)
	at junit.framework.TestSuite.run(TestSuite.java:238)
	at junit.textui.TestRunner.doRun(TestRunner.java:116)
	at RandoopTest.main(RandoopTest.java:8)
Caused by: org.omg.CORBA.INTERNAL:   vmcid: SUN  minor code: 293  completed: No
	at com.sun.corba.se.impl.logging.ORBUtilSystemException.noInvocationHandler(ORBUtilSystemException.java:6128)
	at com.sun.corba.se.impl.logging.ORBUtilSystemException.noInvocationHandler(ORBUtilSystemException.java:6151)
	at RandoopTest0.test18(RandoopTest0.java:647)
	... 16 more

Dec 11, 2017 3:49:19 PM RandoopTest0 test18
WARNING: "IOP00710293: (INTERNAL) No invocation handler available for -1"
org.omg.CORBA.INTERNAL:   vmcid: SUN  minor code: 293  completed: No
	at com.sun.corba.se.impl.logging.ORBUtilSystemException.noInvocationHandler(ORBUtilSystemException.java:6128)
	at com.sun.corba.se.impl.logging.ORBUtilSystemException.noInvocationHandler(ORBUtilSystemException.java:6151)
	at RandoopTest0.test18(RandoopTest0.java:650)
	at sun.reflect.NativeMethodAccessorImpl.invoke0(Native Method)
	at sun.reflect.NativeMethodAccessorImpl.invoke(NativeMethodAccessorImpl.java:57)
	at sun.reflect.DelegatingMethodAccessorImpl.invoke(DelegatingMethodAccessorImpl.java:43)
	at java.lang.reflect.Method.invoke(Method.java:606)
	at junit.framework.TestCase.runTest(TestCase.java:168)
	at junit.framework.TestCase.runBare(TestCase.java:134)
	at junit.framework.TestResult$1.protect(TestResult.java:110)
	at junit.framework.TestResult.runProtected(TestResult.java:128)
	at junit.framework.TestResult.run(TestResult.java:113)
	at junit.framework.TestCase.run(TestCase.java:124)
	at junit.framework.TestSuite.runTest(TestSuite.java:243)
	at junit.framework.TestSuite.run(TestSuite.java:238)
	at junit.framework.TestSuite.runTest(TestSuite.java:243)
	at junit.framework.TestSuite.run(TestSuite.java:238)
	at junit.textui.TestRunner.doRun(TestRunner.java:116)
	at RandoopTest.main(RandoopTest.java:8)

Dec 11, 2017 3:49:19 PM RandoopTest0 test18
WARNING: "IOP00710293: (INTERNAL) No invocation handler available for -1"
org.omg.CORBA.INTERNAL:   vmcid: SUN  minor code: 293  completed: No
	at com.sun.corba.se.impl.logging.ORBUtilSystemException.noInvocationHandler(ORBUtilSystemException.java:6128)
	at com.sun.corba.se.impl.logging.ORBUtilSystemException.noInvocationHandler(ORBUtilSystemException.java:6151)
	at RandoopTest0.test18(RandoopTest0.java:653)
	at sun.reflect.NativeMethodAccessorImpl.invoke0(Native Method)
	at sun.reflect.NativeMethodAccessorImpl.invoke(NativeMethodAccessorImpl.java:57)
	at sun.reflect.DelegatingMethodAccessorImpl.invoke(DelegatingMethodAccessorImpl.java:43)
	at java.lang.reflect.Method.invoke(Method.java:606)
	at junit.framework.TestCase.runTest(TestCase.java:168)
	at junit.framework.TestCase.runBare(TestCase.java:134)
	at junit.framework.TestResult$1.protect(TestResult.java:110)
	at junit.framework.TestResult.runProtected(TestResult.java:128)
	at junit.framework.TestResult.run(TestResult.java:113)
	at junit.framework.TestCase.run(TestCase.java:124)
	at junit.framework.TestSuite.runTest(TestSuite.java:243)
	at junit.framework.TestSuite.run(TestSuite.java:238)
	at junit.framework.TestSuite.runTest(TestSuite.java:243)
	at junit.framework.TestSuite.run(TestSuite.java:238)
	at junit.textui.TestRunner.doRun(TestRunner.java:116)
	at RandoopTest.main(RandoopTest.java:8)

Dec 11, 2017 3:49:19 PM RandoopTest0 test18
WARNING: "IOP00710293: (INTERNAL) No invocation handler available for -1"
org.omg.CORBA.INTERNAL:   vmcid: SUN  minor code: 293  completed: No
	at com.sun.corba.se.impl.logging.ORBUtilSystemException.noInvocationHandler(ORBUtilSystemException.java:6128)
	at com.sun.corba.se.impl.logging.ORBUtilSystemException.noInvocationHandler(ORBUtilSystemException.java:6151)
	at RandoopTest0.test18(RandoopTest0.java:655)
	at sun.reflect.NativeMethodAccessorImpl.invoke0(Native Method)
	at sun.reflect.NativeMethodAccessorImpl.invoke(NativeMethodAccessorImpl.java:57)
	at sun.reflect.DelegatingMethodAccessorImpl.invoke(DelegatingMethodAccessorImpl.java:43)
	at java.lang.reflect.Method.invoke(Method.java:606)
	at junit.framework.TestCase.runTest(TestCase.java:168)
	at junit.framework.TestCase.runBare(TestCase.java:134)
	at junit.framework.TestResult$1.protect(TestResult.java:110)
	at junit.framework.TestResult.runProtected(TestResult.java:128)
	at junit.framework.TestResult.run(TestResult.java:113)
	at junit.framework.TestCase.run(TestCase.java:124)
	at junit.framework.TestSuite.runTest(TestSuite.java:243)
	at junit.framework.TestSuite.run(TestSuite.java:238)
	at junit.framework.TestSuite.runTest(TestSuite.java:243)
	at junit.framework.TestSuite.run(TestSuite.java:238)
	at junit.textui.TestRunner.doRun(TestRunner.java:116)
	at RandoopTest.main(RandoopTest.java:8)

Dec 11, 2017 3:49:19 PM RandoopTest0 test18
WARNING: "IOP00010206: (UNKNOWN) InterfaceDef object of wrong type returned by server"
org.omg.CORBA.UNKNOWN:   vmcid: SUN  minor code: 206  completed: No
	at com.sun.corba.se.impl.logging.ORBUtilSystemException.wrongInterfaceDef(ORBUtilSystemException.java:8981)
	at com.sun.corba.se.impl.logging.ORBUtilSystemException.wrongInterfaceDef(ORBUtilSystemException.java:8999)
	at RandoopTest0.test18(RandoopTest0.java:656)
	at sun.reflect.NativeMethodAccessorImpl.invoke0(Native Method)
	at sun.reflect.NativeMethodAccessorImpl.invoke(NativeMethodAccessorImpl.java:57)
	at sun.reflect.DelegatingMethodAccessorImpl.invoke(DelegatingMethodAccessorImpl.java:43)
	at java.lang.reflect.Method.invoke(Method.java:606)
	at junit.framework.TestCase.runTest(TestCase.java:168)
	at junit.framework.TestCase.runBare(TestCase.java:134)
	at junit.framework.TestResult$1.protect(TestResult.java:110)
	at junit.framework.TestResult.runProtected(TestResult.java:128)
	at junit.framework.TestResult.run(TestResult.java:113)
	at junit.framework.TestCase.run(TestCase.java:124)
	at junit.framework.TestSuite.runTest(TestSuite.java:243)
	at junit.framework.TestSuite.run(TestSuite.java:238)
	at junit.framework.TestSuite.runTest(TestSuite.java:243)
	at junit.framework.TestSuite.run(TestSuite.java:238)
	at junit.textui.TestRunner.doRun(TestRunner.java:116)
	at RandoopTest.main(RandoopTest.java:8)
Caused by: org.omg.CORBA.INTERNAL:   vmcid: SUN  minor code: 293  completed: No
	at com.sun.corba.se.impl.logging.ORBUtilSystemException.noInvocationHandler(ORBUtilSystemException.java:6128)
	at com.sun.corba.se.impl.logging.ORBUtilSystemException.noInvocationHandler(ORBUtilSystemException.java:6151)
	at RandoopTest0.test18(RandoopTest0.java:655)
	... 16 more

Dec 11, 2017 3:49:19 PM RandoopTest0 test18
WARNING: "IOP02510207: (OBJECT_NOT_EXIST) Dynamic Any was destroyed: all operations are invalid"
org.omg.CORBA.OBJECT_NOT_EXIST:   vmcid: SUN  minor code: 207  completed: No
	at com.sun.corba.se.impl.logging.ORBUtilSystemException.dynAnyDestroyed(ORBUtilSystemException.java:8777)
	at com.sun.corba.se.impl.logging.ORBUtilSystemException.dynAnyDestroyed(ORBUtilSystemException.java:8795)
	at RandoopTest0.test18(RandoopTest0.java:657)
	at sun.reflect.NativeMethodAccessorImpl.invoke0(Native Method)
	at sun.reflect.NativeMethodAccessorImpl.invoke(NativeMethodAccessorImpl.java:57)
	at sun.reflect.DelegatingMethodAccessorImpl.invoke(DelegatingMethodAccessorImpl.java:43)
	at java.lang.reflect.Method.invoke(Method.java:606)
	at junit.framework.TestCase.runTest(TestCase.java:168)
	at junit.framework.TestCase.runBare(TestCase.java:134)
	at junit.framework.TestResult$1.protect(TestResult.java:110)
	at junit.framework.TestResult.runProtected(TestResult.java:128)
	at junit.framework.TestResult.run(TestResult.java:113)
	at junit.framework.TestCase.run(TestCase.java:124)
	at junit.framework.TestSuite.runTest(TestSuite.java:243)
	at junit.framework.TestSuite.run(TestSuite.java:238)
	at junit.framework.TestSuite.runTest(TestSuite.java:243)
	at junit.framework.TestSuite.run(TestSuite.java:238)
	at junit.textui.TestRunner.doRun(TestRunner.java:116)
	at RandoopTest.main(RandoopTest.java:8)
Caused by: org.omg.CORBA.UNKNOWN:   vmcid: SUN  minor code: 206  completed: No
	at com.sun.corba.se.impl.logging.ORBUtilSystemException.wrongInterfaceDef(ORBUtilSystemException.java:8981)
	at com.sun.corba.se.impl.logging.ORBUtilSystemException.wrongInterfaceDef(ORBUtilSystemException.java:8999)
	at RandoopTest0.test18(RandoopTest0.java:656)
	... 16 more
Caused by: org.omg.CORBA.INTERNAL:   vmcid: SUN  minor code: 293  completed: No
	at com.sun.corba.se.impl.logging.ORBUtilSystemException.noInvocationHandler(ORBUtilSystemException.java:6128)
	at com.sun.corba.se.impl.logging.ORBUtilSystemException.noInvocationHandler(ORBUtilSystemException.java:6151)
	at RandoopTest0.test18(RandoopTest0.java:655)
	... 16 more

Dec 11, 2017 3:49:19 PM RandoopTest0 test18
WARNING: "IOP00710253: (INTERNAL) Bad CompletionStatus java.util.logging.Logging@47078775 in reply"
org.omg.CORBA.INTERNAL:   vmcid: SUN  minor code: 253  completed: No
	at com.sun.corba.se.impl.logging.ORBUtilSystemException.badCompletionStatusInReply(ORBUtilSystemException.java:5079)
	at com.sun.corba.se.impl.logging.ORBUtilSystemException.badCompletionStatusInReply(ORBUtilSystemException.java:5098)
	at RandoopTest0.test18(RandoopTest0.java:659)
	at sun.reflect.NativeMethodAccessorImpl.invoke0(Native Method)
	at sun.reflect.NativeMethodAccessorImpl.invoke(NativeMethodAccessorImpl.java:57)
	at sun.reflect.DelegatingMethodAccessorImpl.invoke(DelegatingMethodAccessorImpl.java:43)
	at java.lang.reflect.Method.invoke(Method.java:606)
	at junit.framework.TestCase.runTest(TestCase.java:168)
	at junit.framework.TestCase.runBare(TestCase.java:134)
	at junit.framework.TestResult$1.protect(TestResult.java:110)
	at junit.framework.TestResult.runProtected(TestResult.java:128)
	at junit.framework.TestResult.run(TestResult.java:113)
	at junit.framework.TestCase.run(TestCase.java:124)
	at junit.framework.TestSuite.runTest(TestSuite.java:243)
	at junit.framework.TestSuite.run(TestSuite.java:238)
	at junit.framework.TestSuite.runTest(TestSuite.java:243)
	at junit.framework.TestSuite.run(TestSuite.java:238)
	at junit.textui.TestRunner.doRun(TestRunner.java:116)
	at RandoopTest.main(RandoopTest.java:8)
Caused by: org.omg.CORBA.UNKNOWN:   vmcid: SUN  minor code: 206  completed: No
	at com.sun.corba.se.impl.logging.ORBUtilSystemException.wrongInterfaceDef(ORBUtilSystemException.java:8981)
	at com.sun.corba.se.impl.logging.ORBUtilSystemException.wrongInterfaceDef(ORBUtilSystemException.java:8999)
	at RandoopTest0.test18(RandoopTest0.java:656)
	... 16 more
Caused by: org.omg.CORBA.INTERNAL:   vmcid: SUN  minor code: 293  completed: No
	at com.sun.corba.se.impl.logging.ORBUtilSystemException.noInvocationHandler(ORBUtilSystemException.java:6128)
	at com.sun.corba.se.impl.logging.ORBUtilSystemException.noInvocationHandler(ORBUtilSystemException.java:6151)
	at RandoopTest0.test18(RandoopTest0.java:655)
	... 16 more

Dec 11, 2017 3:49:19 PM RandoopTest0 test18
WARNING: "IOP00710293: (INTERNAL) No invocation handler available for -1"
org.omg.CORBA.INTERNAL:   vmcid: SUN  minor code: 293  completed: No
	at com.sun.corba.se.impl.logging.ORBUtilSystemException.noInvocationHandler(ORBUtilSystemException.java:6128)
	at com.sun.corba.se.impl.logging.ORBUtilSystemException.noInvocationHandler(ORBUtilSystemException.java:6151)
	at RandoopTest0.test18(RandoopTest0.java:661)
	at sun.reflect.NativeMethodAccessorImpl.invoke0(Native Method)
	at sun.reflect.NativeMethodAccessorImpl.invoke(NativeMethodAccessorImpl.java:57)
	at sun.reflect.DelegatingMethodAccessorImpl.invoke(DelegatingMethodAccessorImpl.java:43)
	at java.lang.reflect.Method.invoke(Method.java:606)
	at junit.framework.TestCase.runTest(TestCase.java:168)
	at junit.framework.TestCase.runBare(TestCase.java:134)
	at junit.framework.TestResult$1.protect(TestResult.java:110)
	at junit.framework.TestResult.runProtected(TestResult.java:128)
	at junit.framework.TestResult.run(TestResult.java:113)
	at junit.framework.TestCase.run(TestCase.java:124)
	at junit.framework.TestSuite.runTest(TestSuite.java:243)
	at junit.framework.TestSuite.run(TestSuite.java:238)
	at junit.framework.TestSuite.runTest(TestSuite.java:243)
	at junit.framework.TestSuite.run(TestSuite.java:238)
	at junit.textui.TestRunner.doRun(TestRunner.java:116)
	at RandoopTest.main(RandoopTest.java:8)

Dec 11, 2017 3:49:19 PM RandoopTest0 test18
WARNING: "IOP00710257: (INTERNAL) Illegal typecode kind"
org.omg.CORBA.INTERNAL:   vmcid: SUN  minor code: 257  completed: No
	at com.sun.corba.se.impl.logging.ORBUtilSystemException.typecodeNotSupported(ORBUtilSystemException.java:5192)
	at com.sun.corba.se.impl.logging.ORBUtilSystemException.typecodeNotSupported(ORBUtilSystemException.java:5214)
	at RandoopTest0.test18(RandoopTest0.java:662)
	at sun.reflect.NativeMethodAccessorImpl.invoke0(Native Method)
	at sun.reflect.NativeMethodAccessorImpl.invoke(NativeMethodAccessorImpl.java:57)
	at sun.reflect.DelegatingMethodAccessorImpl.invoke(DelegatingMethodAccessorImpl.java:43)
	at java.lang.reflect.Method.invoke(Method.java:606)
	at junit.framework.TestCase.runTest(TestCase.java:168)
	at junit.framework.TestCase.runBare(TestCase.java:134)
	at junit.framework.TestResult$1.protect(TestResult.java:110)
	at junit.framework.TestResult.runProtected(TestResult.java:128)
	at junit.framework.TestResult.run(TestResult.java:113)
	at junit.framework.TestCase.run(TestCase.java:124)
	at junit.framework.TestSuite.runTest(TestSuite.java:243)
	at junit.framework.TestSuite.run(TestSuite.java:238)
	at junit.framework.TestSuite.runTest(TestSuite.java:243)
	at junit.framework.TestSuite.run(TestSuite.java:238)
	at junit.textui.TestRunner.doRun(TestRunner.java:116)
	at RandoopTest.main(RandoopTest.java:8)

Dec 11, 2017 3:49:19 PM RandoopTest0 test18
WARNING: "IOP00710293: (INTERNAL) No invocation handler available for -1"
org.omg.CORBA.INTERNAL:   vmcid: SUN  minor code: 293  completed: No
	at com.sun.corba.se.impl.logging.ORBUtilSystemException.noInvocationHandler(ORBUtilSystemException.java:6128)
	at com.sun.corba.se.impl.logging.ORBUtilSystemException.noInvocationHandler(ORBUtilSystemException.java:6151)
	at RandoopTest0.test18(RandoopTest0.java:665)
	at sun.reflect.NativeMethodAccessorImpl.invoke0(Native Method)
	at sun.reflect.NativeMethodAccessorImpl.invoke(NativeMethodAccessorImpl.java:57)
	at sun.reflect.DelegatingMethodAccessorImpl.invoke(DelegatingMethodAccessorImpl.java:43)
	at java.lang.reflect.Method.invoke(Method.java:606)
	at junit.framework.TestCase.runTest(TestCase.java:168)
	at junit.framework.TestCase.runBare(TestCase.java:134)
	at junit.framework.TestResult$1.protect(TestResult.java:110)
	at junit.framework.TestResult.runProtected(TestResult.java:128)
	at junit.framework.TestResult.run(TestResult.java:113)
	at junit.framework.TestCase.run(TestCase.java:124)
	at junit.framework.TestSuite.runTest(TestSuite.java:243)
	at junit.framework.TestSuite.run(TestSuite.java:238)
	at junit.framework.TestSuite.runTest(TestSuite.java:243)
	at junit.framework.TestSuite.run(TestSuite.java:238)
	at junit.textui.TestRunner.doRun(TestRunner.java:116)
	at RandoopTest.main(RandoopTest.java:8)

Dec 11, 2017 3:49:19 PM RandoopTest0 test18
WARNING: "IOP00710293: (INTERNAL) No invocation handler available for -1"
org.omg.CORBA.INTERNAL:   vmcid: SUN  minor code: 293  completed: No
	at com.sun.corba.se.impl.logging.ORBUtilSystemException.noInvocationHandler(ORBUtilSystemException.java:6128)
	at com.sun.corba.se.impl.logging.ORBUtilSystemException.noInvocationHandler(ORBUtilSystemException.java:6151)
	at RandoopTest0.test18(RandoopTest0.java:668)
	at sun.reflect.NativeMethodAccessorImpl.invoke0(Native Method)
	at sun.reflect.NativeMethodAccessorImpl.invoke(NativeMethodAccessorImpl.java:57)
	at sun.reflect.DelegatingMethodAccessorImpl.invoke(DelegatingMethodAccessorImpl.java:43)
	at java.lang.reflect.Method.invoke(Method.java:606)
	at junit.framework.TestCase.runTest(TestCase.java:168)
	at junit.framework.TestCase.runBare(TestCase.java:134)
	at junit.framework.TestResult$1.protect(TestResult.java:110)
	at junit.framework.TestResult.runProtected(TestResult.java:128)
	at junit.framework.TestResult.run(TestResult.java:113)
	at junit.framework.TestCase.run(TestCase.java:124)
	at junit.framework.TestSuite.runTest(TestSuite.java:243)
	at junit.framework.TestSuite.run(TestSuite.java:238)
	at junit.framework.TestSuite.runTest(TestSuite.java:243)
	at junit.framework.TestSuite.run(TestSuite.java:238)
	at junit.textui.TestRunner.doRun(TestRunner.java:116)
	at RandoopTest.main(RandoopTest.java:8)

Dec 11, 2017 3:49:19 PM RandoopTest0 test18
WARNING: "IOP00710257: (INTERNAL) Illegal typecode kind"
org.omg.CORBA.INTERNAL:   vmcid: SUN  minor code: 257  completed: No
	at com.sun.corba.se.impl.logging.ORBUtilSystemException.typecodeNotSupported(ORBUtilSystemException.java:5192)
	at com.sun.corba.se.impl.logging.ORBUtilSystemException.typecodeNotSupported(ORBUtilSystemException.java:5214)
	at RandoopTest0.test18(RandoopTest0.java:669)
	at sun.reflect.NativeMethodAccessorImpl.invoke0(Native Method)
	at sun.reflect.NativeMethodAccessorImpl.invoke(NativeMethodAccessorImpl.java:57)
	at sun.reflect.DelegatingMethodAccessorImpl.invoke(DelegatingMethodAccessorImpl.java:43)
	at java.lang.reflect.Method.invoke(Method.java:606)
	at junit.framework.TestCase.runTest(TestCase.java:168)
	at junit.framework.TestCase.runBare(TestCase.java:134)
	at junit.framework.TestResult$1.protect(TestResult.java:110)
	at junit.framework.TestResult.runProtected(TestResult.java:128)
	at junit.framework.TestResult.run(TestResult.java:113)
	at junit.framework.TestCase.run(TestCase.java:124)
	at junit.framework.TestSuite.runTest(TestSuite.java:243)
	at junit.framework.TestSuite.run(TestSuite.java:238)
	at junit.framework.TestSuite.runTest(TestSuite.java:243)
	at junit.framework.TestSuite.run(TestSuite.java:238)
	at junit.textui.TestRunner.doRun(TestRunner.java:116)
	at RandoopTest.main(RandoopTest.java:8)

Dec 11, 2017 3:49:19 PM RandoopTest0 test18
WARNING: "IOP00710293: (INTERNAL) No invocation handler available for -1"
org.omg.CORBA.INTERNAL:   vmcid: SUN  minor code: 293  completed: No
	at com.sun.corba.se.impl.logging.ORBUtilSystemException.noInvocationHandler(ORBUtilSystemException.java:6128)
	at com.sun.corba.se.impl.logging.ORBUtilSystemException.noInvocationHandler(ORBUtilSystemException.java:6151)
	at RandoopTest0.test18(RandoopTest0.java:671)
	at sun.reflect.NativeMethodAccessorImpl.invoke0(Native Method)
	at sun.reflect.NativeMethodAccessorImpl.invoke(NativeMethodAccessorImpl.java:57)
	at sun.reflect.DelegatingMethodAccessorImpl.invoke(DelegatingMethodAccessorImpl.java:43)
	at java.lang.reflect.Method.invoke(Method.java:606)
	at junit.framework.TestCase.runTest(TestCase.java:168)
	at junit.framework.TestCase.runBare(TestCase.java:134)
	at junit.framework.TestResult$1.protect(TestResult.java:110)
	at junit.framework.TestResult.runProtected(TestResult.java:128)
	at junit.framework.TestResult.run(TestResult.java:113)
	at junit.framework.TestCase.run(TestCase.java:124)
	at junit.framework.TestSuite.runTest(TestSuite.java:243)
	at junit.framework.TestSuite.run(TestSuite.java:238)
	at junit.framework.TestSuite.runTest(TestSuite.java:243)
	at junit.framework.TestSuite.run(TestSuite.java:238)
	at junit.textui.TestRunner.doRun(TestRunner.java:116)
	at RandoopTest.main(RandoopTest.java:8)

Dec 11, 2017 3:49:19 PM RandoopTest0 test18
WARNING: "IOP00710257: (INTERNAL) Illegal typecode kind"
org.omg.CORBA.INTERNAL:   vmcid: SUN  minor code: 257  completed: No
	at com.sun.corba.se.impl.logging.ORBUtilSystemException.typecodeNotSupported(ORBUtilSystemException.java:5192)
	at com.sun.corba.se.impl.logging.ORBUtilSystemException.typecodeNotSupported(ORBUtilSystemException.java:5214)
	at RandoopTest0.test18(RandoopTest0.java:672)
	at sun.reflect.NativeMethodAccessorImpl.invoke0(Native Method)
	at sun.reflect.NativeMethodAccessorImpl.invoke(NativeMethodAccessorImpl.java:57)
	at sun.reflect.DelegatingMethodAccessorImpl.invoke(DelegatingMethodAccessorImpl.java:43)
	at java.lang.reflect.Method.invoke(Method.java:606)
	at junit.framework.TestCase.runTest(TestCase.java:168)
	at junit.framework.TestCase.runBare(TestCase.java:134)
	at junit.framework.TestResult$1.protect(TestResult.java:110)
	at junit.framework.TestResult.runProtected(TestResult.java:128)
	at junit.framework.TestResult.run(TestResult.java:113)
	at junit.framework.TestCase.run(TestCase.java:124)
	at junit.framework.TestSuite.runTest(TestSuite.java:243)
	at junit.framework.TestSuite.run(TestSuite.java:238)
	at junit.framework.TestSuite.runTest(TestSuite.java:243)
	at junit.framework.TestSuite.run(TestSuite.java:238)
	at junit.textui.TestRunner.doRun(TestRunner.java:116)
	at RandoopTest.main(RandoopTest.java:8)

Dec 11, 2017 3:49:19 PM RandoopTest0 test18
WARNING: "IOP00710293: (INTERNAL) No invocation handler available for -1"
org.omg.CORBA.INTERNAL:   vmcid: SUN  minor code: 293  completed: No
	at com.sun.corba.se.impl.logging.ORBUtilSystemException.noInvocationHandler(ORBUtilSystemException.java:6128)
	at com.sun.corba.se.impl.logging.ORBUtilSystemException.noInvocationHandler(ORBUtilSystemException.java:6151)
	at RandoopTest0.test18(RandoopTest0.java:674)
	at sun.reflect.NativeMethodAccessorImpl.invoke0(Native Method)
	at sun.reflect.NativeMethodAccessorImpl.invoke(NativeMethodAccessorImpl.java:57)
	at sun.reflect.DelegatingMethodAccessorImpl.invoke(DelegatingMethodAccessorImpl.java:43)
	at java.lang.reflect.Method.invoke(Method.java:606)
	at junit.framework.TestCase.runTest(TestCase.java:168)
	at junit.framework.TestCase.runBare(TestCase.java:134)
	at junit.framework.TestResult$1.protect(TestResult.java:110)
	at junit.framework.TestResult.runProtected(TestResult.java:128)
	at junit.framework.TestResult.run(TestResult.java:113)
	at junit.framework.TestCase.run(TestCase.java:124)
	at junit.framework.TestSuite.runTest(TestSuite.java:243)
	at junit.framework.TestSuite.run(TestSuite.java:238)
	at junit.framework.TestSuite.runTest(TestSuite.java:243)
	at junit.framework.TestSuite.run(TestSuite.java:238)
	at junit.textui.TestRunner.doRun(TestRunner.java:116)
	at RandoopTest.main(RandoopTest.java:8)

Dec 11, 2017 3:49:19 PM RandoopTest0 test18
WARNING: "IOP00410201: (COMM_FAILURE) Connection failure: socketType:  ; hostname: -1; port: -1"
org.omg.CORBA.COMM_FAILURE:   vmcid: SUN  minor code: 201  completed: No
	at com.sun.corba.se.impl.logging.ORBUtilSystemException.connectFailure(ORBUtilSystemException.java:2200)
	at com.sun.corba.se.impl.logging.ORBUtilSystemException.connectFailure(ORBUtilSystemException.java:2221)
	at RandoopTest0.test18(RandoopTest0.java:675)
	at sun.reflect.NativeMethodAccessorImpl.invoke0(Native Method)
	at sun.reflect.NativeMethodAccessorImpl.invoke(NativeMethodAccessorImpl.java:57)
	at sun.reflect.DelegatingMethodAccessorImpl.invoke(DelegatingMethodAccessorImpl.java:43)
	at java.lang.reflect.Method.invoke(Method.java:606)
	at junit.framework.TestCase.runTest(TestCase.java:168)
	at junit.framework.TestCase.runBare(TestCase.java:134)
	at junit.framework.TestResult$1.protect(TestResult.java:110)
	at junit.framework.TestResult.runProtected(TestResult.java:128)
	at junit.framework.TestResult.run(TestResult.java:113)
	at junit.framework.TestCase.run(TestCase.java:124)
	at junit.framework.TestSuite.runTest(TestSuite.java:243)
	at junit.framework.TestSuite.run(TestSuite.java:238)
	at junit.framework.TestSuite.runTest(TestSuite.java:243)
	at junit.framework.TestSuite.run(TestSuite.java:238)
	at junit.textui.TestRunner.doRun(TestRunner.java:116)
	at RandoopTest.main(RandoopTest.java:8)
Caused by: org.omg.CORBA.INTERNAL:   vmcid: SUN  minor code: 257  completed: No
	at com.sun.corba.se.impl.logging.ORBUtilSystemException.typecodeNotSupported(ORBUtilSystemException.java:5192)
	at com.sun.corba.se.impl.logging.ORBUtilSystemException.typecodeNotSupported(ORBUtilSystemException.java:5214)
	at RandoopTest0.test18(RandoopTest0.java:672)
	... 16 more

Dec 11, 2017 3:49:19 PM RandoopTest0 test18
WARNING: "IOP00710293: (INTERNAL) No invocation handler available for -1"
org.omg.CORBA.INTERNAL:   vmcid: SUN  minor code: 293  completed: No
	at com.sun.corba.se.impl.logging.ORBUtilSystemException.noInvocationHandler(ORBUtilSystemException.java:6128)
	at com.sun.corba.se.impl.logging.ORBUtilSystemException.noInvocationHandler(ORBUtilSystemException.java:6151)
	at RandoopTest0.test18(RandoopTest0.java:677)
	at sun.reflect.NativeMethodAccessorImpl.invoke0(Native Method)
	at sun.reflect.NativeMethodAccessorImpl.invoke(NativeMethodAccessorImpl.java:57)
	at sun.reflect.DelegatingMethodAccessorImpl.invoke(DelegatingMethodAccessorImpl.java:43)
	at java.lang.reflect.Method.invoke(Method.java:606)
	at junit.framework.TestCase.runTest(TestCase.java:168)
	at junit.framework.TestCase.runBare(TestCase.java:134)
	at junit.framework.TestResult$1.protect(TestResult.java:110)
	at junit.framework.TestResult.runProtected(TestResult.java:128)
	at junit.framework.TestResult.run(TestResult.java:113)
	at junit.framework.TestCase.run(TestCase.java:124)
	at junit.framework.TestSuite.runTest(TestSuite.java:243)
	at junit.framework.TestSuite.run(TestSuite.java:238)
	at junit.framework.TestSuite.runTest(TestSuite.java:243)
	at junit.framework.TestSuite.run(TestSuite.java:238)
	at junit.textui.TestRunner.doRun(TestRunner.java:116)
	at RandoopTest.main(RandoopTest.java:8)

Dec 11, 2017 3:49:19 PM RandoopTest0 test18
WARNING: "IOP00710257: (INTERNAL) Illegal typecode kind"
org.omg.CORBA.INTERNAL:   vmcid: SUN  minor code: 257  completed: No
	at com.sun.corba.se.impl.logging.ORBUtilSystemException.typecodeNotSupported(ORBUtilSystemException.java:5192)
	at com.sun.corba.se.impl.logging.ORBUtilSystemException.typecodeNotSupported(ORBUtilSystemException.java:5214)
	at RandoopTest0.test18(RandoopTest0.java:678)
	at sun.reflect.NativeMethodAccessorImpl.invoke0(Native Method)
	at sun.reflect.NativeMethodAccessorImpl.invoke(NativeMethodAccessorImpl.java:57)
	at sun.reflect.DelegatingMethodAccessorImpl.invoke(DelegatingMethodAccessorImpl.java:43)
	at java.lang.reflect.Method.invoke(Method.java:606)
	at junit.framework.TestCase.runTest(TestCase.java:168)
	at junit.framework.TestCase.runBare(TestCase.java:134)
	at junit.framework.TestResult$1.protect(TestResult.java:110)
	at junit.framework.TestResult.runProtected(TestResult.java:128)
	at junit.framework.TestResult.run(TestResult.java:113)
	at junit.framework.TestCase.run(TestCase.java:124)
	at junit.framework.TestSuite.runTest(TestSuite.java:243)
	at junit.framework.TestSuite.run(TestSuite.java:238)
	at junit.framework.TestSuite.runTest(TestSuite.java:243)
	at junit.framework.TestSuite.run(TestSuite.java:238)
	at junit.textui.TestRunner.doRun(TestRunner.java:116)
	at RandoopTest.main(RandoopTest.java:8)

Dec 11, 2017 3:49:19 PM RandoopTest0 test18
WARNING: "IOP00810209: (MARSHAL) Unable to locate value class for repository ID {0} because codebase URL {1] is malformed"
org.omg.CORBA.MARSHAL:   vmcid: SUN  minor code: 209  completed: No
	at com.sun.corba.se.impl.logging.ORBUtilSystemException.malformedUrl(ORBUtilSystemException.java:6946)
	at com.sun.corba.se.impl.logging.ORBUtilSystemException.malformedUrl(ORBUtilSystemException.java:6966)
	at RandoopTest0.test18(RandoopTest0.java:680)
	at sun.reflect.NativeMethodAccessorImpl.invoke0(Native Method)
	at sun.reflect.NativeMethodAccessorImpl.invoke(NativeMethodAccessorImpl.java:57)
	at sun.reflect.DelegatingMethodAccessorImpl.invoke(DelegatingMethodAccessorImpl.java:43)
	at java.lang.reflect.Method.invoke(Method.java:606)
	at junit.framework.TestCase.runTest(TestCase.java:168)
	at junit.framework.TestCase.runBare(TestCase.java:134)
	at junit.framework.TestResult$1.protect(TestResult.java:110)
	at junit.framework.TestResult.runProtected(TestResult.java:128)
	at junit.framework.TestResult.run(TestResult.java:113)
	at junit.framework.TestCase.run(TestCase.java:124)
	at junit.framework.TestSuite.runTest(TestSuite.java:243)
	at junit.framework.TestSuite.run(TestSuite.java:238)
	at junit.framework.TestSuite.runTest(TestSuite.java:243)
	at junit.framework.TestSuite.run(TestSuite.java:238)
	at junit.textui.TestRunner.doRun(TestRunner.java:116)
	at RandoopTest.main(RandoopTest.java:8)
Caused by: org.omg.CORBA.NO_IMPLEMENT:   vmcid: SUN  minor code: 203  completed: No
	at com.sun.corba.se.impl.logging.ORBUtilSystemException.getinterfaceNotImplemented(ORBUtilSystemException.java:8433)
	at com.sun.corba.se.impl.logging.ORBUtilSystemException.getinterfaceNotImplemented(ORBUtilSystemException.java:8455)
	at RandoopTest0.test18(RandoopTest0.java:666)
	... 16 more

Dec 11, 2017 3:49:19 PM RandoopTest0 test17
WARNING: "IOP00710293: (INTERNAL) No invocation handler available for -1"
org.omg.CORBA.INTERNAL:   vmcid: SUN  minor code: 293  completed: No
	at com.sun.corba.se.impl.logging.ORBUtilSystemException.noInvocationHandler(ORBUtilSystemException.java:6128)
	at com.sun.corba.se.impl.logging.ORBUtilSystemException.noInvocationHandler(ORBUtilSystemException.java:6151)
	at RandoopTest0.test17(RandoopTest0.java:449)
	at sun.reflect.NativeMethodAccessorImpl.invoke0(Native Method)
	at sun.reflect.NativeMethodAccessorImpl.invoke(NativeMethodAccessorImpl.java:57)
	at sun.reflect.DelegatingMethodAccessorImpl.invoke(DelegatingMethodAccessorImpl.java:43)
	at java.lang.reflect.Method.invoke(Method.java:606)
	at junit.framework.TestCase.runTest(TestCase.java:168)
	at junit.framework.TestCase.runBare(TestCase.java:134)
	at junit.framework.TestResult$1.protect(TestResult.java:110)
	at junit.framework.TestResult.runProtected(TestResult.java:128)
	at junit.framework.TestResult.run(TestResult.java:113)
	at junit.framework.TestCase.run(TestCase.java:124)
	at junit.framework.TestSuite.runTest(TestSuite.java:243)
	at junit.framework.TestSuite.run(TestSuite.java:238)
	at junit.framework.TestSuite.runTest(TestSuite.java:243)
	at junit.framework.TestSuite.run(TestSuite.java:238)
	at junit.textui.TestRunner.doRun(TestRunner.java:116)
	at RandoopTest.main(RandoopTest.java:8)

Dec 11, 2017 3:49:19 PM RandoopTest0 test17
WARNING: "IOP00710257: (INTERNAL) Illegal typecode kind"
org.omg.CORBA.INTERNAL:   vmcid: SUN  minor code: 257  completed: No
	at com.sun.corba.se.impl.logging.ORBUtilSystemException.typecodeNotSupported(ORBUtilSystemException.java:5192)
	at com.sun.corba.se.impl.logging.ORBUtilSystemException.typecodeNotSupported(ORBUtilSystemException.java:5214)
	at RandoopTest0.test17(RandoopTest0.java:450)
	at sun.reflect.NativeMethodAccessorImpl.invoke0(Native Method)
	at sun.reflect.NativeMethodAccessorImpl.invoke(NativeMethodAccessorImpl.java:57)
	at sun.reflect.DelegatingMethodAccessorImpl.invoke(DelegatingMethodAccessorImpl.java:43)
	at java.lang.reflect.Method.invoke(Method.java:606)
	at junit.framework.TestCase.runTest(TestCase.java:168)
	at junit.framework.TestCase.runBare(TestCase.java:134)
	at junit.framework.TestResult$1.protect(TestResult.java:110)
	at junit.framework.TestResult.runProtected(TestResult.java:128)
	at junit.framework.TestResult.run(TestResult.java:113)
	at junit.framework.TestCase.run(TestCase.java:124)
	at junit.framework.TestSuite.runTest(TestSuite.java:243)
	at junit.framework.TestSuite.run(TestSuite.java:238)
	at junit.framework.TestSuite.runTest(TestSuite.java:243)
	at junit.framework.TestSuite.run(TestSuite.java:238)
	at junit.textui.TestRunner.doRun(TestRunner.java:116)
	at RandoopTest.main(RandoopTest.java:8)

Dec 11, 2017 3:49:19 PM RandoopTest0 test17
WARNING: "IOP00710293: (INTERNAL) No invocation handler available for -1"
org.omg.CORBA.INTERNAL:   vmcid: SUN  minor code: 293  completed: No
	at com.sun.corba.se.impl.logging.ORBUtilSystemException.noInvocationHandler(ORBUtilSystemException.java:6128)
	at com.sun.corba.se.impl.logging.ORBUtilSystemException.noInvocationHandler(ORBUtilSystemException.java:6151)
	at RandoopTest0.test17(RandoopTest0.java:452)
	at sun.reflect.NativeMethodAccessorImpl.invoke0(Native Method)
	at sun.reflect.NativeMethodAccessorImpl.invoke(NativeMethodAccessorImpl.java:57)
	at sun.reflect.DelegatingMethodAccessorImpl.invoke(DelegatingMethodAccessorImpl.java:43)
	at java.lang.reflect.Method.invoke(Method.java:606)
	at junit.framework.TestCase.runTest(TestCase.java:168)
	at junit.framework.TestCase.runBare(TestCase.java:134)
	at junit.framework.TestResult$1.protect(TestResult.java:110)
	at junit.framework.TestResult.runProtected(TestResult.java:128)
	at junit.framework.TestResult.run(TestResult.java:113)
	at junit.framework.TestCase.run(TestCase.java:124)
	at junit.framework.TestSuite.runTest(TestSuite.java:243)
	at junit.framework.TestSuite.run(TestSuite.java:238)
	at junit.framework.TestSuite.runTest(TestSuite.java:243)
	at junit.framework.TestSuite.run(TestSuite.java:238)
	at junit.textui.TestRunner.doRun(TestRunner.java:116)
	at RandoopTest.main(RandoopTest.java:8)

Dec 11, 2017 3:49:19 PM RandoopTest0 test17
WARNING: "IOP00710293: (INTERNAL) No invocation handler available for -1"
org.omg.CORBA.INTERNAL:   vmcid: SUN  minor code: 293  completed: No
	at com.sun.corba.se.impl.logging.ORBUtilSystemException.noInvocationHandler(ORBUtilSystemException.java:6128)
	at com.sun.corba.se.impl.logging.ORBUtilSystemException.noInvocationHandler(ORBUtilSystemException.java:6151)
	at RandoopTest0.test17(RandoopTest0.java:455)
	at sun.reflect.NativeMethodAccessorImpl.invoke0(Native Method)
	at sun.reflect.NativeMethodAccessorImpl.invoke(NativeMethodAccessorImpl.java:57)
	at sun.reflect.DelegatingMethodAccessorImpl.invoke(DelegatingMethodAccessorImpl.java:43)
	at java.lang.reflect.Method.invoke(Method.java:606)
	at junit.framework.TestCase.runTest(TestCase.java:168)
	at junit.framework.TestCase.runBare(TestCase.java:134)
	at junit.framework.TestResult$1.protect(TestResult.java:110)
	at junit.framework.TestResult.runProtected(TestResult.java:128)
	at junit.framework.TestResult.run(TestResult.java:113)
	at junit.framework.TestCase.run(TestCase.java:124)
	at junit.framework.TestSuite.runTest(TestSuite.java:243)
	at junit.framework.TestSuite.run(TestSuite.java:238)
	at junit.framework.TestSuite.runTest(TestSuite.java:243)
	at junit.framework.TestSuite.run(TestSuite.java:238)
	at junit.textui.TestRunner.doRun(TestRunner.java:116)
	at RandoopTest.main(RandoopTest.java:8)

Dec 11, 2017 3:49:19 PM RandoopTest0 test17
WARNING: "IOP00710293: (INTERNAL) No invocation handler available for -1"
org.omg.CORBA.INTERNAL:   vmcid: SUN  minor code: 293  completed: No
	at com.sun.corba.se.impl.logging.ORBUtilSystemException.noInvocationHandler(ORBUtilSystemException.java:6128)
	at com.sun.corba.se.impl.logging.ORBUtilSystemException.noInvocationHandler(ORBUtilSystemException.java:6151)
	at RandoopTest0.test17(RandoopTest0.java:457)
	at sun.reflect.NativeMethodAccessorImpl.invoke0(Native Method)
	at sun.reflect.NativeMethodAccessorImpl.invoke(NativeMethodAccessorImpl.java:57)
	at sun.reflect.DelegatingMethodAccessorImpl.invoke(DelegatingMethodAccessorImpl.java:43)
	at java.lang.reflect.Method.invoke(Method.java:606)
	at junit.framework.TestCase.runTest(TestCase.java:168)
	at junit.framework.TestCase.runBare(TestCase.java:134)
	at junit.framework.TestResult$1.protect(TestResult.java:110)
	at junit.framework.TestResult.runProtected(TestResult.java:128)
	at junit.framework.TestResult.run(TestResult.java:113)
	at junit.framework.TestCase.run(TestCase.java:124)
	at junit.framework.TestSuite.runTest(TestSuite.java:243)
	at junit.framework.TestSuite.run(TestSuite.java:238)
	at junit.framework.TestSuite.runTest(TestSuite.java:243)
	at junit.framework.TestSuite.run(TestSuite.java:238)
	at junit.textui.TestRunner.doRun(TestRunner.java:116)
	at RandoopTest.main(RandoopTest.java:8)

Dec 11, 2017 3:49:19 PM RandoopTest0 test17
WARNING: "IOP00010206: (UNKNOWN) InterfaceDef object of wrong type returned by server"
org.omg.CORBA.UNKNOWN:   vmcid: SUN  minor code: 206  completed: No
	at com.sun.corba.se.impl.logging.ORBUtilSystemException.wrongInterfaceDef(ORBUtilSystemException.java:8981)
	at com.sun.corba.se.impl.logging.ORBUtilSystemException.wrongInterfaceDef(ORBUtilSystemException.java:8999)
	at RandoopTest0.test17(RandoopTest0.java:458)
	at sun.reflect.NativeMethodAccessorImpl.invoke0(Native Method)
	at sun.reflect.NativeMethodAccessorImpl.invoke(NativeMethodAccessorImpl.java:57)
	at sun.reflect.DelegatingMethodAccessorImpl.invoke(DelegatingMethodAccessorImpl.java:43)
	at java.lang.reflect.Method.invoke(Method.java:606)
	at junit.framework.TestCase.runTest(TestCase.java:168)
	at junit.framework.TestCase.runBare(TestCase.java:134)
	at junit.framework.TestResult$1.protect(TestResult.java:110)
	at junit.framework.TestResult.runProtected(TestResult.java:128)
	at junit.framework.TestResult.run(TestResult.java:113)
	at junit.framework.TestCase.run(TestCase.java:124)
	at junit.framework.TestSuite.runTest(TestSuite.java:243)
	at junit.framework.TestSuite.run(TestSuite.java:238)
	at junit.framework.TestSuite.runTest(TestSuite.java:243)
	at junit.framework.TestSuite.run(TestSuite.java:238)
	at junit.textui.TestRunner.doRun(TestRunner.java:116)
	at RandoopTest.main(RandoopTest.java:8)
Caused by: org.omg.CORBA.INTERNAL:   vmcid: SUN  minor code: 293  completed: No
	at com.sun.corba.se.impl.logging.ORBUtilSystemException.noInvocationHandler(ORBUtilSystemException.java:6128)
	at com.sun.corba.se.impl.logging.ORBUtilSystemException.noInvocationHandler(ORBUtilSystemException.java:6151)
	at RandoopTest0.test17(RandoopTest0.java:457)
	... 16 more

Dec 11, 2017 3:49:19 PM RandoopTest0 test17
WARNING: "IOP02510207: (OBJECT_NOT_EXIST) Dynamic Any was destroyed: all operations are invalid"
org.omg.CORBA.OBJECT_NOT_EXIST:   vmcid: SUN  minor code: 207  completed: No
	at com.sun.corba.se.impl.logging.ORBUtilSystemException.dynAnyDestroyed(ORBUtilSystemException.java:8777)
	at com.sun.corba.se.impl.logging.ORBUtilSystemException.dynAnyDestroyed(ORBUtilSystemException.java:8795)
	at RandoopTest0.test17(RandoopTest0.java:459)
	at sun.reflect.NativeMethodAccessorImpl.invoke0(Native Method)
	at sun.reflect.NativeMethodAccessorImpl.invoke(NativeMethodAccessorImpl.java:57)
	at sun.reflect.DelegatingMethodAccessorImpl.invoke(DelegatingMethodAccessorImpl.java:43)
	at java.lang.reflect.Method.invoke(Method.java:606)
	at junit.framework.TestCase.runTest(TestCase.java:168)
	at junit.framework.TestCase.runBare(TestCase.java:134)
	at junit.framework.TestResult$1.protect(TestResult.java:110)
	at junit.framework.TestResult.runProtected(TestResult.java:128)
	at junit.framework.TestResult.run(TestResult.java:113)
	at junit.framework.TestCase.run(TestCase.java:124)
	at junit.framework.TestSuite.runTest(TestSuite.java:243)
	at junit.framework.TestSuite.run(TestSuite.java:238)
	at junit.framework.TestSuite.runTest(TestSuite.java:243)
	at junit.framework.TestSuite.run(TestSuite.java:238)
	at junit.textui.TestRunner.doRun(TestRunner.java:116)
	at RandoopTest.main(RandoopTest.java:8)
Caused by: org.omg.CORBA.UNKNOWN:   vmcid: SUN  minor code: 206  completed: No
	at com.sun.corba.se.impl.logging.ORBUtilSystemException.wrongInterfaceDef(ORBUtilSystemException.java:8981)
	at com.sun.corba.se.impl.logging.ORBUtilSystemException.wrongInterfaceDef(ORBUtilSystemException.java:8999)
	at RandoopTest0.test17(RandoopTest0.java:458)
	... 16 more
Caused by: org.omg.CORBA.INTERNAL:   vmcid: SUN  minor code: 293  completed: No
	at com.sun.corba.se.impl.logging.ORBUtilSystemException.noInvocationHandler(ORBUtilSystemException.java:6128)
	at com.sun.corba.se.impl.logging.ORBUtilSystemException.noInvocationHandler(ORBUtilSystemException.java:6151)
	at RandoopTest0.test17(RandoopTest0.java:457)
	... 16 more

Dec 11, 2017 3:49:19 PM RandoopTest0 test17
WARNING: "IOP02410224: (DATA_CONVERSION) Class org.omg.CORBA.UNKNOWN:   vmcid: SUN  minor code: 206  completed: No is not a subtype of IORToSocketInfo"
org.omg.CORBA.DATA_CONVERSION:   vmcid: SUN  minor code: 224  completed: No
	at com.sun.corba.se.impl.logging.ORBUtilSystemException.illegalIorToSocketInfoType(ORBUtilSystemException.java:3323)
	at com.sun.corba.se.impl.logging.ORBUtilSystemException.illegalIorToSocketInfoType(ORBUtilSystemException.java:3346)
	at RandoopTest0.test17(RandoopTest0.java:460)
	at sun.reflect.NativeMethodAccessorImpl.invoke0(Native Method)
	at sun.reflect.NativeMethodAccessorImpl.invoke(NativeMethodAccessorImpl.java:57)
	at sun.reflect.DelegatingMethodAccessorImpl.invoke(DelegatingMethodAccessorImpl.java:43)
	at java.lang.reflect.Method.invoke(Method.java:606)
	at junit.framework.TestCase.runTest(TestCase.java:168)
	at junit.framework.TestCase.runBare(TestCase.java:134)
	at junit.framework.TestResult$1.protect(TestResult.java:110)
	at junit.framework.TestResult.runProtected(TestResult.java:128)
	at junit.framework.TestResult.run(TestResult.java:113)
	at junit.framework.TestCase.run(TestCase.java:124)
	at junit.framework.TestSuite.runTest(TestSuite.java:243)
	at junit.framework.TestSuite.run(TestSuite.java:238)
	at junit.framework.TestSuite.runTest(TestSuite.java:243)
	at junit.framework.TestSuite.run(TestSuite.java:238)
	at junit.textui.TestRunner.doRun(TestRunner.java:116)
	at RandoopTest.main(RandoopTest.java:8)

Dec 11, 2017 3:49:19 PM RandoopTest0 test17
WARNING: "IOP00710293: (INTERNAL) No invocation handler available for -1"
org.omg.CORBA.INTERNAL:   vmcid: SUN  minor code: 293  completed: No
	at com.sun.corba.se.impl.logging.ORBUtilSystemException.noInvocationHandler(ORBUtilSystemException.java:6128)
	at com.sun.corba.se.impl.logging.ORBUtilSystemException.noInvocationHandler(ORBUtilSystemException.java:6151)
	at RandoopTest0.test17(RandoopTest0.java:462)
	at sun.reflect.NativeMethodAccessorImpl.invoke0(Native Method)
	at sun.reflect.NativeMethodAccessorImpl.invoke(NativeMethodAccessorImpl.java:57)
	at sun.reflect.DelegatingMethodAccessorImpl.invoke(DelegatingMethodAccessorImpl.java:43)
	at java.lang.reflect.Method.invoke(Method.java:606)
	at junit.framework.TestCase.runTest(TestCase.java:168)
	at junit.framework.TestCase.runBare(TestCase.java:134)
	at junit.framework.TestResult$1.protect(TestResult.java:110)
	at junit.framework.TestResult.runProtected(TestResult.java:128)
	at junit.framework.TestResult.run(TestResult.java:113)
	at junit.framework.TestCase.run(TestCase.java:124)
	at junit.framework.TestSuite.runTest(TestSuite.java:243)
	at junit.framework.TestSuite.run(TestSuite.java:238)
	at junit.framework.TestSuite.runTest(TestSuite.java:243)
	at junit.framework.TestSuite.run(TestSuite.java:238)
	at junit.textui.TestRunner.doRun(TestRunner.java:116)
	at RandoopTest.main(RandoopTest.java:8)

Dec 11, 2017 3:49:19 PM RandoopTest0 test17
WARNING: "IOP00710293: (INTERNAL) No invocation handler available for -1"
org.omg.CORBA.INTERNAL:   vmcid: SUN  minor code: 293  completed: No
	at com.sun.corba.se.impl.logging.ORBUtilSystemException.noInvocationHandler(ORBUtilSystemException.java:6128)
	at com.sun.corba.se.impl.logging.ORBUtilSystemException.noInvocationHandler(ORBUtilSystemException.java:6151)
	at RandoopTest0.test17(RandoopTest0.java:464)
	at sun.reflect.NativeMethodAccessorImpl.invoke0(Native Method)
	at sun.reflect.NativeMethodAccessorImpl.invoke(NativeMethodAccessorImpl.java:57)
	at sun.reflect.DelegatingMethodAccessorImpl.invoke(DelegatingMethodAccessorImpl.java:43)
	at java.lang.reflect.Method.invoke(Method.java:606)
	at junit.framework.TestCase.runTest(TestCase.java:168)
	at junit.framework.TestCase.runBare(TestCase.java:134)
	at junit.framework.TestResult$1.protect(TestResult.java:110)
	at junit.framework.TestResult.runProtected(TestResult.java:128)
	at junit.framework.TestResult.run(TestResult.java:113)
	at junit.framework.TestCase.run(TestCase.java:124)
	at junit.framework.TestSuite.runTest(TestSuite.java:243)
	at junit.framework.TestSuite.run(TestSuite.java:238)
	at junit.framework.TestSuite.runTest(TestSuite.java:243)
	at junit.framework.TestSuite.run(TestSuite.java:238)
	at junit.textui.TestRunner.doRun(TestRunner.java:116)
	at RandoopTest.main(RandoopTest.java:8)

Dec 11, 2017 3:49:19 PM RandoopTest0 test17
WARNING: "IOP00710225: (INTERNAL) Bad status in the IIOP reply message"
org.omg.CORBA.INTERNAL:   vmcid: SUN  minor code: 225  completed: No
	at com.sun.corba.se.impl.logging.ORBUtilSystemException.badReplystatus(ORBUtilSystemException.java:4291)
	at com.sun.corba.se.impl.logging.ORBUtilSystemException.badReplystatus(ORBUtilSystemException.java:4309)
	at RandoopTest0.test17(RandoopTest0.java:465)
	at sun.reflect.NativeMethodAccessorImpl.invoke0(Native Method)
	at sun.reflect.NativeMethodAccessorImpl.invoke(NativeMethodAccessorImpl.java:57)
	at sun.reflect.DelegatingMethodAccessorImpl.invoke(DelegatingMethodAccessorImpl.java:43)
	at java.lang.reflect.Method.invoke(Method.java:606)
	at junit.framework.TestCase.runTest(TestCase.java:168)
	at junit.framework.TestCase.runBare(TestCase.java:134)
	at junit.framework.TestResult$1.protect(TestResult.java:110)
	at junit.framework.TestResult.runProtected(TestResult.java:128)
	at junit.framework.TestResult.run(TestResult.java:113)
	at junit.framework.TestCase.run(TestCase.java:124)
	at junit.framework.TestSuite.runTest(TestSuite.java:243)
	at junit.framework.TestSuite.run(TestSuite.java:238)
	at junit.framework.TestSuite.runTest(TestSuite.java:243)
	at junit.framework.TestSuite.run(TestSuite.java:238)
	at junit.textui.TestRunner.doRun(TestRunner.java:116)
	at RandoopTest.main(RandoopTest.java:8)
Caused by: org.omg.CORBA.INTERNAL:   vmcid: SUN  minor code: 293  completed: No
	at com.sun.corba.se.impl.logging.ORBUtilSystemException.noInvocationHandler(ORBUtilSystemException.java:6128)
	at com.sun.corba.se.impl.logging.ORBUtilSystemException.noInvocationHandler(ORBUtilSystemException.java:6151)
	at RandoopTest0.test17(RandoopTest0.java:464)
	... 16 more

Dec 11, 2017 3:49:19 PM RandoopTest0 test17
WARNING: "IOP00710293: (INTERNAL) No invocation handler available for -1"
org.omg.CORBA.INTERNAL:   vmcid: SUN  minor code: 293  completed: No
	at com.sun.corba.se.impl.logging.ORBUtilSystemException.noInvocationHandler(ORBUtilSystemException.java:6128)
	at com.sun.corba.se.impl.logging.ORBUtilSystemException.noInvocationHandler(ORBUtilSystemException.java:6151)
	at RandoopTest0.test17(RandoopTest0.java:467)
	at sun.reflect.NativeMethodAccessorImpl.invoke0(Native Method)
	at sun.reflect.NativeMethodAccessorImpl.invoke(NativeMethodAccessorImpl.java:57)
	at sun.reflect.DelegatingMethodAccessorImpl.invoke(DelegatingMethodAccessorImpl.java:43)
	at java.lang.reflect.Method.invoke(Method.java:606)
	at junit.framework.TestCase.runTest(TestCase.java:168)
	at junit.framework.TestCase.runBare(TestCase.java:134)
	at junit.framework.TestResult$1.protect(TestResult.java:110)
	at junit.framework.TestResult.runProtected(TestResult.java:128)
	at junit.framework.TestResult.run(TestResult.java:113)
	at junit.framework.TestCase.run(TestCase.java:124)
	at junit.framework.TestSuite.runTest(TestSuite.java:243)
	at junit.framework.TestSuite.run(TestSuite.java:238)
	at junit.framework.TestSuite.runTest(TestSuite.java:243)
	at junit.framework.TestSuite.run(TestSuite.java:238)
	at junit.textui.TestRunner.doRun(TestRunner.java:116)
	at RandoopTest.main(RandoopTest.java:8)

Dec 11, 2017 3:49:19 PM RandoopTest0 test17
WARNING: "IOP00710293: (INTERNAL) No invocation handler available for -1"
org.omg.CORBA.INTERNAL:   vmcid: SUN  minor code: 293  completed: No
	at com.sun.corba.se.impl.logging.ORBUtilSystemException.noInvocationHandler(ORBUtilSystemException.java:6128)
	at com.sun.corba.se.impl.logging.ORBUtilSystemException.noInvocationHandler(ORBUtilSystemException.java:6151)
	at RandoopTest0.test17(RandoopTest0.java:470)
	at sun.reflect.NativeMethodAccessorImpl.invoke0(Native Method)
	at sun.reflect.NativeMethodAccessorImpl.invoke(NativeMethodAccessorImpl.java:57)
	at sun.reflect.DelegatingMethodAccessorImpl.invoke(DelegatingMethodAccessorImpl.java:43)
	at java.lang.reflect.Method.invoke(Method.java:606)
	at junit.framework.TestCase.runTest(TestCase.java:168)
	at junit.framework.TestCase.runBare(TestCase.java:134)
	at junit.framework.TestResult$1.protect(TestResult.java:110)
	at junit.framework.TestResult.runProtected(TestResult.java:128)
	at junit.framework.TestResult.run(TestResult.java:113)
	at junit.framework.TestCase.run(TestCase.java:124)
	at junit.framework.TestSuite.runTest(TestSuite.java:243)
	at junit.framework.TestSuite.run(TestSuite.java:238)
	at junit.framework.TestSuite.runTest(TestSuite.java:243)
	at junit.framework.TestSuite.run(TestSuite.java:238)
	at junit.textui.TestRunner.doRun(TestRunner.java:116)
	at RandoopTest.main(RandoopTest.java:8)

Dec 11, 2017 3:49:19 PM RandoopTest0 test17
WARNING: "IOP00710293: (INTERNAL) No invocation handler available for -1"
org.omg.CORBA.INTERNAL:   vmcid: SUN  minor code: 293  completed: No
	at com.sun.corba.se.impl.logging.ORBUtilSystemException.noInvocationHandler(ORBUtilSystemException.java:6128)
	at com.sun.corba.se.impl.logging.ORBUtilSystemException.noInvocationHandler(ORBUtilSystemException.java:6151)
	at RandoopTest0.test17(RandoopTest0.java:472)
	at sun.reflect.NativeMethodAccessorImpl.invoke0(Native Method)
	at sun.reflect.NativeMethodAccessorImpl.invoke(NativeMethodAccessorImpl.java:57)
	at sun.reflect.DelegatingMethodAccessorImpl.invoke(DelegatingMethodAccessorImpl.java:43)
	at java.lang.reflect.Method.invoke(Method.java:606)
	at junit.framework.TestCase.runTest(TestCase.java:168)
	at junit.framework.TestCase.runBare(TestCase.java:134)
	at junit.framework.TestResult$1.protect(TestResult.java:110)
	at junit.framework.TestResult.runProtected(TestResult.java:128)
	at junit.framework.TestResult.run(TestResult.java:113)
	at junit.framework.TestCase.run(TestCase.java:124)
	at junit.framework.TestSuite.runTest(TestSuite.java:243)
	at junit.framework.TestSuite.run(TestSuite.java:238)
	at junit.framework.TestSuite.runTest(TestSuite.java:243)
	at junit.framework.TestSuite.run(TestSuite.java:238)
	at junit.textui.TestRunner.doRun(TestRunner.java:116)
	at RandoopTest.main(RandoopTest.java:8)

Dec 11, 2017 3:49:19 PM RandoopTest0 test17
WARNING: "IOP00010206: (UNKNOWN) InterfaceDef object of wrong type returned by server"
org.omg.CORBA.UNKNOWN:   vmcid: SUN  minor code: 206  completed: No
	at com.sun.corba.se.impl.logging.ORBUtilSystemException.wrongInterfaceDef(ORBUtilSystemException.java:8981)
	at com.sun.corba.se.impl.logging.ORBUtilSystemException.wrongInterfaceDef(ORBUtilSystemException.java:8999)
	at RandoopTest0.test17(RandoopTest0.java:473)
	at sun.reflect.NativeMethodAccessorImpl.invoke0(Native Method)
	at sun.reflect.NativeMethodAccessorImpl.invoke(NativeMethodAccessorImpl.java:57)
	at sun.reflect.DelegatingMethodAccessorImpl.invoke(DelegatingMethodAccessorImpl.java:43)
	at java.lang.reflect.Method.invoke(Method.java:606)
	at junit.framework.TestCase.runTest(TestCase.java:168)
	at junit.framework.TestCase.runBare(TestCase.java:134)
	at junit.framework.TestResult$1.protect(TestResult.java:110)
	at junit.framework.TestResult.runProtected(TestResult.java:128)
	at junit.framework.TestResult.run(TestResult.java:113)
	at junit.framework.TestCase.run(TestCase.java:124)
	at junit.framework.TestSuite.runTest(TestSuite.java:243)
	at junit.framework.TestSuite.run(TestSuite.java:238)
	at junit.framework.TestSuite.runTest(TestSuite.java:243)
	at junit.framework.TestSuite.run(TestSuite.java:238)
	at junit.textui.TestRunner.doRun(TestRunner.java:116)
	at RandoopTest.main(RandoopTest.java:8)
Caused by: org.omg.CORBA.INTERNAL:   vmcid: SUN  minor code: 293  completed: No
	at com.sun.corba.se.impl.logging.ORBUtilSystemException.noInvocationHandler(ORBUtilSystemException.java:6128)
	at com.sun.corba.se.impl.logging.ORBUtilSystemException.noInvocationHandler(ORBUtilSystemException.java:6151)
	at RandoopTest0.test17(RandoopTest0.java:472)
	... 16 more

Dec 11, 2017 3:49:19 PM RandoopTest0 test17
WARNING: "IOP02510207: (OBJECT_NOT_EXIST) Dynamic Any was destroyed: all operations are invalid"
org.omg.CORBA.OBJECT_NOT_EXIST:   vmcid: SUN  minor code: 207  completed: No
	at com.sun.corba.se.impl.logging.ORBUtilSystemException.dynAnyDestroyed(ORBUtilSystemException.java:8777)
	at com.sun.corba.se.impl.logging.ORBUtilSystemException.dynAnyDestroyed(ORBUtilSystemException.java:8795)
	at RandoopTest0.test17(RandoopTest0.java:474)
	at sun.reflect.NativeMethodAccessorImpl.invoke0(Native Method)
	at sun.reflect.NativeMethodAccessorImpl.invoke(NativeMethodAccessorImpl.java:57)
	at sun.reflect.DelegatingMethodAccessorImpl.invoke(DelegatingMethodAccessorImpl.java:43)
	at java.lang.reflect.Method.invoke(Method.java:606)
	at junit.framework.TestCase.runTest(TestCase.java:168)
	at junit.framework.TestCase.runBare(TestCase.java:134)
	at junit.framework.TestResult$1.protect(TestResult.java:110)
	at junit.framework.TestResult.runProtected(TestResult.java:128)
	at junit.framework.TestResult.run(TestResult.java:113)
	at junit.framework.TestCase.run(TestCase.java:124)
	at junit.framework.TestSuite.runTest(TestSuite.java:243)
	at junit.framework.TestSuite.run(TestSuite.java:238)
	at junit.framework.TestSuite.runTest(TestSuite.java:243)
	at junit.framework.TestSuite.run(TestSuite.java:238)
	at junit.textui.TestRunner.doRun(TestRunner.java:116)
	at RandoopTest.main(RandoopTest.java:8)
Caused by: org.omg.CORBA.UNKNOWN:   vmcid: SUN  minor code: 206  completed: No
	at com.sun.corba.se.impl.logging.ORBUtilSystemException.wrongInterfaceDef(ORBUtilSystemException.java:8981)
	at com.sun.corba.se.impl.logging.ORBUtilSystemException.wrongInterfaceDef(ORBUtilSystemException.java:8999)
	at RandoopTest0.test17(RandoopTest0.java:473)
	... 16 more
Caused by: org.omg.CORBA.INTERNAL:   vmcid: SUN  minor code: 293  completed: No
	at com.sun.corba.se.impl.logging.ORBUtilSystemException.noInvocationHandler(ORBUtilSystemException.java:6128)
	at com.sun.corba.se.impl.logging.ORBUtilSystemException.noInvocationHandler(ORBUtilSystemException.java:6151)
	at RandoopTest0.test17(RandoopTest0.java:472)
	... 16 more

Dec 11, 2017 3:49:19 PM RandoopTest0 test17
WARNING: "IOP00710253: (INTERNAL) Bad CompletionStatus java.util.logging.Logging@47078775 in reply"
org.omg.CORBA.INTERNAL:   vmcid: SUN  minor code: 253  completed: No
	at com.sun.corba.se.impl.logging.ORBUtilSystemException.badCompletionStatusInReply(ORBUtilSystemException.java:5079)
	at com.sun.corba.se.impl.logging.ORBUtilSystemException.badCompletionStatusInReply(ORBUtilSystemException.java:5098)
	at RandoopTest0.test17(RandoopTest0.java:476)
	at sun.reflect.NativeMethodAccessorImpl.invoke0(Native Method)
	at sun.reflect.NativeMethodAccessorImpl.invoke(NativeMethodAccessorImpl.java:57)
	at sun.reflect.DelegatingMethodAccessorImpl.invoke(DelegatingMethodAccessorImpl.java:43)
	at java.lang.reflect.Method.invoke(Method.java:606)
	at junit.framework.TestCase.runTest(TestCase.java:168)
	at junit.framework.TestCase.runBare(TestCase.java:134)
	at junit.framework.TestResult$1.protect(TestResult.java:110)
	at junit.framework.TestResult.runProtected(TestResult.java:128)
	at junit.framework.TestResult.run(TestResult.java:113)
	at junit.framework.TestCase.run(TestCase.java:124)
	at junit.framework.TestSuite.runTest(TestSuite.java:243)
	at junit.framework.TestSuite.run(TestSuite.java:238)
	at junit.framework.TestSuite.runTest(TestSuite.java:243)
	at junit.framework.TestSuite.run(TestSuite.java:238)
	at junit.textui.TestRunner.doRun(TestRunner.java:116)
	at RandoopTest.main(RandoopTest.java:8)
Caused by: org.omg.CORBA.UNKNOWN:   vmcid: SUN  minor code: 206  completed: No
	at com.sun.corba.se.impl.logging.ORBUtilSystemException.wrongInterfaceDef(ORBUtilSystemException.java:8981)
	at com.sun.corba.se.impl.logging.ORBUtilSystemException.wrongInterfaceDef(ORBUtilSystemException.java:8999)
	at RandoopTest0.test17(RandoopTest0.java:473)
	... 16 more
Caused by: org.omg.CORBA.INTERNAL:   vmcid: SUN  minor code: 293  completed: No
	at com.sun.corba.se.impl.logging.ORBUtilSystemException.noInvocationHandler(ORBUtilSystemException.java:6128)
	at com.sun.corba.se.impl.logging.ORBUtilSystemException.noInvocationHandler(ORBUtilSystemException.java:6151)
	at RandoopTest0.test17(RandoopTest0.java:472)
	... 16 more

Dec 11, 2017 3:49:19 PM RandoopTest0 test17
WARNING: "IOP00710234: (INTERNAL) Error unmarshalling service context data"
org.omg.CORBA.INTERNAL:   vmcid: SUN  minor code: 234  completed: No
	at com.sun.corba.se.impl.logging.ORBUtilSystemException.svcctxUnmarshalError(ORBUtilSystemException.java:4544)
	at com.sun.corba.se.impl.logging.ORBUtilSystemException.svcctxUnmarshalError(ORBUtilSystemException.java:4562)
	at RandoopTest0.test17(RandoopTest0.java:477)
	at sun.reflect.NativeMethodAccessorImpl.invoke0(Native Method)
	at sun.reflect.NativeMethodAccessorImpl.invoke(NativeMethodAccessorImpl.java:57)
	at sun.reflect.DelegatingMethodAccessorImpl.invoke(DelegatingMethodAccessorImpl.java:43)
	at java.lang.reflect.Method.invoke(Method.java:606)
	at junit.framework.TestCase.runTest(TestCase.java:168)
	at junit.framework.TestCase.runBare(TestCase.java:134)
	at junit.framework.TestResult$1.protect(TestResult.java:110)
	at junit.framework.TestResult.runProtected(TestResult.java:128)
	at junit.framework.TestResult.run(TestResult.java:113)
	at junit.framework.TestCase.run(TestCase.java:124)
	at junit.framework.TestSuite.runTest(TestSuite.java:243)
	at junit.framework.TestSuite.run(TestSuite.java:238)
	at junit.framework.TestSuite.runTest(TestSuite.java:243)
	at junit.framework.TestSuite.run(TestSuite.java:238)
	at junit.textui.TestRunner.doRun(TestRunner.java:116)
	at RandoopTest.main(RandoopTest.java:8)
Caused by: org.omg.CORBA.INTERNAL:   vmcid: SUN  minor code: 253  completed: No
	at com.sun.corba.se.impl.logging.ORBUtilSystemException.badCompletionStatusInReply(ORBUtilSystemException.java:5079)
	at com.sun.corba.se.impl.logging.ORBUtilSystemException.badCompletionStatusInReply(ORBUtilSystemException.java:5098)
	at RandoopTest0.test17(RandoopTest0.java:476)
	... 16 more
Caused by: org.omg.CORBA.UNKNOWN:   vmcid: SUN  minor code: 206  completed: No
	at com.sun.corba.se.impl.logging.ORBUtilSystemException.wrongInterfaceDef(ORBUtilSystemException.java:8981)
	at com.sun.corba.se.impl.logging.ORBUtilSystemException.wrongInterfaceDef(ORBUtilSystemException.java:8999)
	at RandoopTest0.test17(RandoopTest0.java:473)
	... 16 more
Caused by: org.omg.CORBA.INTERNAL:   vmcid: SUN  minor code: 293  completed: No
	at com.sun.corba.se.impl.logging.ORBUtilSystemException.noInvocationHandler(ORBUtilSystemException.java:6128)
	at com.sun.corba.se.impl.logging.ORBUtilSystemException.noInvocationHandler(ORBUtilSystemException.java:6151)
	at RandoopTest0.test17(RandoopTest0.java:472)
	... 16 more

Dec 11, 2017 3:49:19 PM RandoopTest0 test17
WARNING: "IOP00710293: (INTERNAL) No invocation handler available for -1"
org.omg.CORBA.INTERNAL:   vmcid: SUN  minor code: 293  completed: No
	at com.sun.corba.se.impl.logging.ORBUtilSystemException.noInvocationHandler(ORBUtilSystemException.java:6128)
	at com.sun.corba.se.impl.logging.ORBUtilSystemException.noInvocationHandler(ORBUtilSystemException.java:6151)
	at RandoopTest0.test17(RandoopTest0.java:479)
	at sun.reflect.NativeMethodAccessorImpl.invoke0(Native Method)
	at sun.reflect.NativeMethodAccessorImpl.invoke(NativeMethodAccessorImpl.java:57)
	at sun.reflect.DelegatingMethodAccessorImpl.invoke(DelegatingMethodAccessorImpl.java:43)
	at java.lang.reflect.Method.invoke(Method.java:606)
	at junit.framework.TestCase.runTest(TestCase.java:168)
	at junit.framework.TestCase.runBare(TestCase.java:134)
	at junit.framework.TestResult$1.protect(TestResult.java:110)
	at junit.framework.TestResult.runProtected(TestResult.java:128)
	at junit.framework.TestResult.run(TestResult.java:113)
	at junit.framework.TestCase.run(TestCase.java:124)
	at junit.framework.TestSuite.runTest(TestSuite.java:243)
	at junit.framework.TestSuite.run(TestSuite.java:238)
	at junit.framework.TestSuite.runTest(TestSuite.java:243)
	at junit.framework.TestSuite.run(TestSuite.java:238)
	at junit.textui.TestRunner.doRun(TestRunner.java:116)
	at RandoopTest.main(RandoopTest.java:8)

Dec 11, 2017 3:49:19 PM RandoopTest0 test17
WARNING: "IOP00710293: (INTERNAL) No invocation handler available for -1"
org.omg.CORBA.INTERNAL:   vmcid: SUN  minor code: 293  completed: No
	at com.sun.corba.se.impl.logging.ORBUtilSystemException.noInvocationHandler(ORBUtilSystemException.java:6128)
	at com.sun.corba.se.impl.logging.ORBUtilSystemException.noInvocationHandler(ORBUtilSystemException.java:6151)
	at RandoopTest0.test17(RandoopTest0.java:481)
	at sun.reflect.NativeMethodAccessorImpl.invoke0(Native Method)
	at sun.reflect.NativeMethodAccessorImpl.invoke(NativeMethodAccessorImpl.java:57)
	at sun.reflect.DelegatingMethodAccessorImpl.invoke(DelegatingMethodAccessorImpl.java:43)
	at java.lang.reflect.Method.invoke(Method.java:606)
	at junit.framework.TestCase.runTest(TestCase.java:168)
	at junit.framework.TestCase.runBare(TestCase.java:134)
	at junit.framework.TestResult$1.protect(TestResult.java:110)
	at junit.framework.TestResult.runProtected(TestResult.java:128)
	at junit.framework.TestResult.run(TestResult.java:113)
	at junit.framework.TestCase.run(TestCase.java:124)
	at junit.framework.TestSuite.runTest(TestSuite.java:243)
	at junit.framework.TestSuite.run(TestSuite.java:238)
	at junit.framework.TestSuite.runTest(TestSuite.java:243)
	at junit.framework.TestSuite.run(TestSuite.java:238)
	at junit.textui.TestRunner.doRun(TestRunner.java:116)
	at RandoopTest.main(RandoopTest.java:8)

Dec 11, 2017 3:49:19 PM RandoopTest0 test17
WARNING: "IOP00710225: (INTERNAL) Bad status in the IIOP reply message"
org.omg.CORBA.INTERNAL:   vmcid: SUN  minor code: 225  completed: No
	at com.sun.corba.se.impl.logging.ORBUtilSystemException.badReplystatus(ORBUtilSystemException.java:4291)
	at com.sun.corba.se.impl.logging.ORBUtilSystemException.badReplystatus(ORBUtilSystemException.java:4309)
	at RandoopTest0.test17(RandoopTest0.java:482)
	at sun.reflect.NativeMethodAccessorImpl.invoke0(Native Method)
	at sun.reflect.NativeMethodAccessorImpl.invoke(NativeMethodAccessorImpl.java:57)
	at sun.reflect.DelegatingMethodAccessorImpl.invoke(DelegatingMethodAccessorImpl.java:43)
	at java.lang.reflect.Method.invoke(Method.java:606)
	at junit.framework.TestCase.runTest(TestCase.java:168)
	at junit.framework.TestCase.runBare(TestCase.java:134)
	at junit.framework.TestResult$1.protect(TestResult.java:110)
	at junit.framework.TestResult.runProtected(TestResult.java:128)
	at junit.framework.TestResult.run(TestResult.java:113)
	at junit.framework.TestCase.run(TestCase.java:124)
	at junit.framework.TestSuite.runTest(TestSuite.java:243)
	at junit.framework.TestSuite.run(TestSuite.java:238)
	at junit.framework.TestSuite.runTest(TestSuite.java:243)
	at junit.framework.TestSuite.run(TestSuite.java:238)
	at junit.textui.TestRunner.doRun(TestRunner.java:116)
	at RandoopTest.main(RandoopTest.java:8)
Caused by: org.omg.CORBA.INTERNAL:   vmcid: SUN  minor code: 293  completed: No
	at com.sun.corba.se.impl.logging.ORBUtilSystemException.noInvocationHandler(ORBUtilSystemException.java:6128)
	at com.sun.corba.se.impl.logging.ORBUtilSystemException.noInvocationHandler(ORBUtilSystemException.java:6151)
	at RandoopTest0.test17(RandoopTest0.java:481)
	... 16 more

Dec 11, 2017 3:49:19 PM RandoopTest0 test17
WARNING: "IOP00710293: (INTERNAL) No invocation handler available for -1"
org.omg.CORBA.INTERNAL:   vmcid: SUN  minor code: 293  completed: No
	at com.sun.corba.se.impl.logging.ORBUtilSystemException.noInvocationHandler(ORBUtilSystemException.java:6128)
	at com.sun.corba.se.impl.logging.ORBUtilSystemException.noInvocationHandler(ORBUtilSystemException.java:6151)
	at RandoopTest0.test17(RandoopTest0.java:484)
	at sun.reflect.NativeMethodAccessorImpl.invoke0(Native Method)
	at sun.reflect.NativeMethodAccessorImpl.invoke(NativeMethodAccessorImpl.java:57)
	at sun.reflect.DelegatingMethodAccessorImpl.invoke(DelegatingMethodAccessorImpl.java:43)
	at java.lang.reflect.Method.invoke(Method.java:606)
	at junit.framework.TestCase.runTest(TestCase.java:168)
	at junit.framework.TestCase.runBare(TestCase.java:134)
	at junit.framework.TestResult$1.protect(TestResult.java:110)
	at junit.framework.TestResult.runProtected(TestResult.java:128)
	at junit.framework.TestResult.run(TestResult.java:113)
	at junit.framework.TestCase.run(TestCase.java:124)
	at junit.framework.TestSuite.runTest(TestSuite.java:243)
	at junit.framework.TestSuite.run(TestSuite.java:238)
	at junit.framework.TestSuite.runTest(TestSuite.java:243)
	at junit.framework.TestSuite.run(TestSuite.java:238)
	at junit.textui.TestRunner.doRun(TestRunner.java:116)
	at RandoopTest.main(RandoopTest.java:8)

Dec 11, 2017 3:49:19 PM RandoopTest0 test17
WARNING: "IOP00710293: (INTERNAL) No invocation handler available for -1"
org.omg.CORBA.INTERNAL:   vmcid: SUN  minor code: 293  completed: No
	at com.sun.corba.se.impl.logging.ORBUtilSystemException.noInvocationHandler(ORBUtilSystemException.java:6128)
	at com.sun.corba.se.impl.logging.ORBUtilSystemException.noInvocationHandler(ORBUtilSystemException.java:6151)
	at RandoopTest0.test17(RandoopTest0.java:487)
	at sun.reflect.NativeMethodAccessorImpl.invoke0(Native Method)
	at sun.reflect.NativeMethodAccessorImpl.invoke(NativeMethodAccessorImpl.java:57)
	at sun.reflect.DelegatingMethodAccessorImpl.invoke(DelegatingMethodAccessorImpl.java:43)
	at java.lang.reflect.Method.invoke(Method.java:606)
	at junit.framework.TestCase.runTest(TestCase.java:168)
	at junit.framework.TestCase.runBare(TestCase.java:134)
	at junit.framework.TestResult$1.protect(TestResult.java:110)
	at junit.framework.TestResult.runProtected(TestResult.java:128)
	at junit.framework.TestResult.run(TestResult.java:113)
	at junit.framework.TestCase.run(TestCase.java:124)
	at junit.framework.TestSuite.runTest(TestSuite.java:243)
	at junit.framework.TestSuite.run(TestSuite.java:238)
	at junit.framework.TestSuite.runTest(TestSuite.java:243)
	at junit.framework.TestSuite.run(TestSuite.java:238)
	at junit.textui.TestRunner.doRun(TestRunner.java:116)
	at RandoopTest.main(RandoopTest.java:8)

Dec 11, 2017 3:49:19 PM RandoopTest0 test17
WARNING: "IOP00710293: (INTERNAL) No invocation handler available for -1"
org.omg.CORBA.INTERNAL:   vmcid: SUN  minor code: 293  completed: No
	at com.sun.corba.se.impl.logging.ORBUtilSystemException.noInvocationHandler(ORBUtilSystemException.java:6128)
	at com.sun.corba.se.impl.logging.ORBUtilSystemException.noInvocationHandler(ORBUtilSystemException.java:6151)
	at RandoopTest0.test17(RandoopTest0.java:489)
	at sun.reflect.NativeMethodAccessorImpl.invoke0(Native Method)
	at sun.reflect.NativeMethodAccessorImpl.invoke(NativeMethodAccessorImpl.java:57)
	at sun.reflect.DelegatingMethodAccessorImpl.invoke(DelegatingMethodAccessorImpl.java:43)
	at java.lang.reflect.Method.invoke(Method.java:606)
	at junit.framework.TestCase.runTest(TestCase.java:168)
	at junit.framework.TestCase.runBare(TestCase.java:134)
	at junit.framework.TestResult$1.protect(TestResult.java:110)
	at junit.framework.TestResult.runProtected(TestResult.java:128)
	at junit.framework.TestResult.run(TestResult.java:113)
	at junit.framework.TestCase.run(TestCase.java:124)
	at junit.framework.TestSuite.runTest(TestSuite.java:243)
	at junit.framework.TestSuite.run(TestSuite.java:238)
	at junit.framework.TestSuite.runTest(TestSuite.java:243)
	at junit.framework.TestSuite.run(TestSuite.java:238)
	at junit.textui.TestRunner.doRun(TestRunner.java:116)
	at RandoopTest.main(RandoopTest.java:8)

Dec 11, 2017 3:49:19 PM RandoopTest0 test17
WARNING: "IOP00010206: (UNKNOWN) InterfaceDef object of wrong type returned by server"
org.omg.CORBA.UNKNOWN:   vmcid: SUN  minor code: 206  completed: No
	at com.sun.corba.se.impl.logging.ORBUtilSystemException.wrongInterfaceDef(ORBUtilSystemException.java:8981)
	at com.sun.corba.se.impl.logging.ORBUtilSystemException.wrongInterfaceDef(ORBUtilSystemException.java:8999)
	at RandoopTest0.test17(RandoopTest0.java:490)
	at sun.reflect.NativeMethodAccessorImpl.invoke0(Native Method)
	at sun.reflect.NativeMethodAccessorImpl.invoke(NativeMethodAccessorImpl.java:57)
	at sun.reflect.DelegatingMethodAccessorImpl.invoke(DelegatingMethodAccessorImpl.java:43)
	at java.lang.reflect.Method.invoke(Method.java:606)
	at junit.framework.TestCase.runTest(TestCase.java:168)
	at junit.framework.TestCase.runBare(TestCase.java:134)
	at junit.framework.TestResult$1.protect(TestResult.java:110)
	at junit.framework.TestResult.runProtected(TestResult.java:128)
	at junit.framework.TestResult.run(TestResult.java:113)
	at junit.framework.TestCase.run(TestCase.java:124)
	at junit.framework.TestSuite.runTest(TestSuite.java:243)
	at junit.framework.TestSuite.run(TestSuite.java:238)
	at junit.framework.TestSuite.runTest(TestSuite.java:243)
	at junit.framework.TestSuite.run(TestSuite.java:238)
	at junit.textui.TestRunner.doRun(TestRunner.java:116)
	at RandoopTest.main(RandoopTest.java:8)
Caused by: org.omg.CORBA.INTERNAL:   vmcid: SUN  minor code: 293  completed: No
	at com.sun.corba.se.impl.logging.ORBUtilSystemException.noInvocationHandler(ORBUtilSystemException.java:6128)
	at com.sun.corba.se.impl.logging.ORBUtilSystemException.noInvocationHandler(ORBUtilSystemException.java:6151)
	at RandoopTest0.test17(RandoopTest0.java:489)
	... 16 more

Dec 11, 2017 3:49:19 PM RandoopTest0 test17
WARNING: "IOP02510207: (OBJECT_NOT_EXIST) Dynamic Any was destroyed: all operations are invalid"
org.omg.CORBA.OBJECT_NOT_EXIST:   vmcid: SUN  minor code: 207  completed: No
	at com.sun.corba.se.impl.logging.ORBUtilSystemException.dynAnyDestroyed(ORBUtilSystemException.java:8777)
	at com.sun.corba.se.impl.logging.ORBUtilSystemException.dynAnyDestroyed(ORBUtilSystemException.java:8795)
	at RandoopTest0.test17(RandoopTest0.java:491)
	at sun.reflect.NativeMethodAccessorImpl.invoke0(Native Method)
	at sun.reflect.NativeMethodAccessorImpl.invoke(NativeMethodAccessorImpl.java:57)
	at sun.reflect.DelegatingMethodAccessorImpl.invoke(DelegatingMethodAccessorImpl.java:43)
	at java.lang.reflect.Method.invoke(Method.java:606)
	at junit.framework.TestCase.runTest(TestCase.java:168)
	at junit.framework.TestCase.runBare(TestCase.java:134)
	at junit.framework.TestResult$1.protect(TestResult.java:110)
	at junit.framework.TestResult.runProtected(TestResult.java:128)
	at junit.framework.TestResult.run(TestResult.java:113)
	at junit.framework.TestCase.run(TestCase.java:124)
	at junit.framework.TestSuite.runTest(TestSuite.java:243)
	at junit.framework.TestSuite.run(TestSuite.java:238)
	at junit.framework.TestSuite.runTest(TestSuite.java:243)
	at junit.framework.TestSuite.run(TestSuite.java:238)
	at junit.textui.TestRunner.doRun(TestRunner.java:116)
	at RandoopTest.main(RandoopTest.java:8)
Caused by: org.omg.CORBA.UNKNOWN:   vmcid: SUN  minor code: 206  completed: No
	at com.sun.corba.se.impl.logging.ORBUtilSystemException.wrongInterfaceDef(ORBUtilSystemException.java:8981)
	at com.sun.corba.se.impl.logging.ORBUtilSystemException.wrongInterfaceDef(ORBUtilSystemException.java:8999)
	at RandoopTest0.test17(RandoopTest0.java:490)
	... 16 more
Caused by: org.omg.CORBA.INTERNAL:   vmcid: SUN  minor code: 293  completed: No
	at com.sun.corba.se.impl.logging.ORBUtilSystemException.noInvocationHandler(ORBUtilSystemException.java:6128)
	at com.sun.corba.se.impl.logging.ORBUtilSystemException.noInvocationHandler(ORBUtilSystemException.java:6151)
	at RandoopTest0.test17(RandoopTest0.java:489)
	... 16 more

Dec 11, 2017 3:49:19 PM RandoopTest0 test17
WARNING: "IOP00710253: (INTERNAL) Bad CompletionStatus java.util.logging.Logging@47078775 in reply"
org.omg.CORBA.INTERNAL:   vmcid: SUN  minor code: 253  completed: No
	at com.sun.corba.se.impl.logging.ORBUtilSystemException.badCompletionStatusInReply(ORBUtilSystemException.java:5079)
	at com.sun.corba.se.impl.logging.ORBUtilSystemException.badCompletionStatusInReply(ORBUtilSystemException.java:5098)
	at RandoopTest0.test17(RandoopTest0.java:493)
	at sun.reflect.NativeMethodAccessorImpl.invoke0(Native Method)
	at sun.reflect.NativeMethodAccessorImpl.invoke(NativeMethodAccessorImpl.java:57)
	at sun.reflect.DelegatingMethodAccessorImpl.invoke(DelegatingMethodAccessorImpl.java:43)
	at java.lang.reflect.Method.invoke(Method.java:606)
	at junit.framework.TestCase.runTest(TestCase.java:168)
	at junit.framework.TestCase.runBare(TestCase.java:134)
	at junit.framework.TestResult$1.protect(TestResult.java:110)
	at junit.framework.TestResult.runProtected(TestResult.java:128)
	at junit.framework.TestResult.run(TestResult.java:113)
	at junit.framework.TestCase.run(TestCase.java:124)
	at junit.framework.TestSuite.runTest(TestSuite.java:243)
	at junit.framework.TestSuite.run(TestSuite.java:238)
	at junit.framework.TestSuite.runTest(TestSuite.java:243)
	at junit.framework.TestSuite.run(TestSuite.java:238)
	at junit.textui.TestRunner.doRun(TestRunner.java:116)
	at RandoopTest.main(RandoopTest.java:8)
Caused by: org.omg.CORBA.UNKNOWN:   vmcid: SUN  minor code: 206  completed: No
	at com.sun.corba.se.impl.logging.ORBUtilSystemException.wrongInterfaceDef(ORBUtilSystemException.java:8981)
	at com.sun.corba.se.impl.logging.ORBUtilSystemException.wrongInterfaceDef(ORBUtilSystemException.java:8999)
	at RandoopTest0.test17(RandoopTest0.java:490)
	... 16 more
Caused by: org.omg.CORBA.INTERNAL:   vmcid: SUN  minor code: 293  completed: No
	at com.sun.corba.se.impl.logging.ORBUtilSystemException.noInvocationHandler(ORBUtilSystemException.java:6128)
	at com.sun.corba.se.impl.logging.ORBUtilSystemException.noInvocationHandler(ORBUtilSystemException.java:6151)
	at RandoopTest0.test17(RandoopTest0.java:489)
	... 16 more

Dec 11, 2017 3:49:19 PM RandoopTest0 test17
WARNING: "IOP00710273: (INTERNAL) Could not duplicate CDRInputStream"
org.omg.CORBA.INTERNAL:   vmcid: SUN  minor code: 273  completed: No
	at com.sun.corba.se.impl.logging.ORBUtilSystemException.couldNotDuplicateCdrInputStream(ORBUtilSystemException.java:5589)
	at com.sun.corba.se.impl.logging.ORBUtilSystemException.couldNotDuplicateCdrInputStream(ORBUtilSystemException.java:5607)
	at RandoopTest0.test17(RandoopTest0.java:494)
	at sun.reflect.NativeMethodAccessorImpl.invoke0(Native Method)
	at sun.reflect.NativeMethodAccessorImpl.invoke(NativeMethodAccessorImpl.java:57)
	at sun.reflect.DelegatingMethodAccessorImpl.invoke(DelegatingMethodAccessorImpl.java:43)
	at java.lang.reflect.Method.invoke(Method.java:606)
	at junit.framework.TestCase.runTest(TestCase.java:168)
	at junit.framework.TestCase.runBare(TestCase.java:134)
	at junit.framework.TestResult$1.protect(TestResult.java:110)
	at junit.framework.TestResult.runProtected(TestResult.java:128)
	at junit.framework.TestResult.run(TestResult.java:113)
	at junit.framework.TestCase.run(TestCase.java:124)
	at junit.framework.TestSuite.runTest(TestSuite.java:243)
	at junit.framework.TestSuite.run(TestSuite.java:238)
	at junit.framework.TestSuite.runTest(TestSuite.java:243)
	at junit.framework.TestSuite.run(TestSuite.java:238)
	at junit.textui.TestRunner.doRun(TestRunner.java:116)
	at RandoopTest.main(RandoopTest.java:8)
Caused by: org.omg.CORBA.UNKNOWN:   vmcid: SUN  minor code: 206  completed: No
	at com.sun.corba.se.impl.logging.ORBUtilSystemException.wrongInterfaceDef(ORBUtilSystemException.java:8981)
	at com.sun.corba.se.impl.logging.ORBUtilSystemException.wrongInterfaceDef(ORBUtilSystemException.java:8999)
	at RandoopTest0.test17(RandoopTest0.java:490)
	... 16 more
Caused by: org.omg.CORBA.INTERNAL:   vmcid: SUN  minor code: 293  completed: No
	at com.sun.corba.se.impl.logging.ORBUtilSystemException.noInvocationHandler(ORBUtilSystemException.java:6128)
	at com.sun.corba.se.impl.logging.ORBUtilSystemException.noInvocationHandler(ORBUtilSystemException.java:6151)
	at RandoopTest0.test17(RandoopTest0.java:489)
	... 16 more

Dec 11, 2017 3:49:19 PM RandoopTest0 test16
WARNING: "IOP00710293: (INTERNAL) No invocation handler available for -1"
org.omg.CORBA.INTERNAL:   vmcid: SUN  minor code: 293  completed: No
	at com.sun.corba.se.impl.logging.ORBUtilSystemException.noInvocationHandler(ORBUtilSystemException.java:6128)
	at com.sun.corba.se.impl.logging.ORBUtilSystemException.noInvocationHandler(ORBUtilSystemException.java:6151)
	at RandoopTest0.test16(RandoopTest0.java:385)
	at sun.reflect.NativeMethodAccessorImpl.invoke0(Native Method)
	at sun.reflect.NativeMethodAccessorImpl.invoke(NativeMethodAccessorImpl.java:57)
	at sun.reflect.DelegatingMethodAccessorImpl.invoke(DelegatingMethodAccessorImpl.java:43)
	at java.lang.reflect.Method.invoke(Method.java:606)
	at junit.framework.TestCase.runTest(TestCase.java:168)
	at junit.framework.TestCase.runBare(TestCase.java:134)
	at junit.framework.TestResult$1.protect(TestResult.java:110)
	at junit.framework.TestResult.runProtected(TestResult.java:128)
	at junit.framework.TestResult.run(TestResult.java:113)
	at junit.framework.TestCase.run(TestCase.java:124)
	at junit.framework.TestSuite.runTest(TestSuite.java:243)
	at junit.framework.TestSuite.run(TestSuite.java:238)
	at junit.framework.TestSuite.runTest(TestSuite.java:243)
	at junit.framework.TestSuite.run(TestSuite.java:238)
	at junit.textui.TestRunner.doRun(TestRunner.java:116)
	at RandoopTest.main(RandoopTest.java:8)

Dec 11, 2017 3:49:19 PM RandoopTest0 test16
WARNING: "IOP00710257: (INTERNAL) Illegal typecode kind"
org.omg.CORBA.INTERNAL:   vmcid: SUN  minor code: 257  completed: No
	at com.sun.corba.se.impl.logging.ORBUtilSystemException.typecodeNotSupported(ORBUtilSystemException.java:5192)
	at com.sun.corba.se.impl.logging.ORBUtilSystemException.typecodeNotSupported(ORBUtilSystemException.java:5214)
	at RandoopTest0.test16(RandoopTest0.java:386)
	at sun.reflect.NativeMethodAccessorImpl.invoke0(Native Method)
	at sun.reflect.NativeMethodAccessorImpl.invoke(NativeMethodAccessorImpl.java:57)
	at sun.reflect.DelegatingMethodAccessorImpl.invoke(DelegatingMethodAccessorImpl.java:43)
	at java.lang.reflect.Method.invoke(Method.java:606)
	at junit.framework.TestCase.runTest(TestCase.java:168)
	at junit.framework.TestCase.runBare(TestCase.java:134)
	at junit.framework.TestResult$1.protect(TestResult.java:110)
	at junit.framework.TestResult.runProtected(TestResult.java:128)
	at junit.framework.TestResult.run(TestResult.java:113)
	at junit.framework.TestCase.run(TestCase.java:124)
	at junit.framework.TestSuite.runTest(TestSuite.java:243)
	at junit.framework.TestSuite.run(TestSuite.java:238)
	at junit.framework.TestSuite.runTest(TestSuite.java:243)
	at junit.framework.TestSuite.run(TestSuite.java:238)
	at junit.textui.TestRunner.doRun(TestRunner.java:116)
	at RandoopTest.main(RandoopTest.java:8)

Dec 11, 2017 3:49:19 PM RandoopTest0 test16
WARNING: "IOP00710293: (INTERNAL) No invocation handler available for -1"
org.omg.CORBA.INTERNAL:   vmcid: SUN  minor code: 293  completed: No
	at com.sun.corba.se.impl.logging.ORBUtilSystemException.noInvocationHandler(ORBUtilSystemException.java:6128)
	at com.sun.corba.se.impl.logging.ORBUtilSystemException.noInvocationHandler(ORBUtilSystemException.java:6151)
	at RandoopTest0.test16(RandoopTest0.java:388)
	at sun.reflect.NativeMethodAccessorImpl.invoke0(Native Method)
	at sun.reflect.NativeMethodAccessorImpl.invoke(NativeMethodAccessorImpl.java:57)
	at sun.reflect.DelegatingMethodAccessorImpl.invoke(DelegatingMethodAccessorImpl.java:43)
	at java.lang.reflect.Method.invoke(Method.java:606)
	at junit.framework.TestCase.runTest(TestCase.java:168)
	at junit.framework.TestCase.runBare(TestCase.java:134)
	at junit.framework.TestResult$1.protect(TestResult.java:110)
	at junit.framework.TestResult.runProtected(TestResult.java:128)
	at junit.framework.TestResult.run(TestResult.java:113)
	at junit.framework.TestCase.run(TestCase.java:124)
	at junit.framework.TestSuite.runTest(TestSuite.java:243)
	at junit.framework.TestSuite.run(TestSuite.java:238)
	at junit.framework.TestSuite.runTest(TestSuite.java:243)
	at junit.framework.TestSuite.run(TestSuite.java:238)
	at junit.textui.TestRunner.doRun(TestRunner.java:116)
	at RandoopTest.main(RandoopTest.java:8)

Dec 11, 2017 3:49:19 PM RandoopTest0 test16
WARNING: "IOP00710257: (INTERNAL) Illegal typecode kind"
org.omg.CORBA.INTERNAL:   vmcid: SUN  minor code: 257  completed: No
	at com.sun.corba.se.impl.logging.ORBUtilSystemException.typecodeNotSupported(ORBUtilSystemException.java:5192)
	at com.sun.corba.se.impl.logging.ORBUtilSystemException.typecodeNotSupported(ORBUtilSystemException.java:5214)
	at RandoopTest0.test16(RandoopTest0.java:389)
	at sun.reflect.NativeMethodAccessorImpl.invoke0(Native Method)
	at sun.reflect.NativeMethodAccessorImpl.invoke(NativeMethodAccessorImpl.java:57)
	at sun.reflect.DelegatingMethodAccessorImpl.invoke(DelegatingMethodAccessorImpl.java:43)
	at java.lang.reflect.Method.invoke(Method.java:606)
	at junit.framework.TestCase.runTest(TestCase.java:168)
	at junit.framework.TestCase.runBare(TestCase.java:134)
	at junit.framework.TestResult$1.protect(TestResult.java:110)
	at junit.framework.TestResult.runProtected(TestResult.java:128)
	at junit.framework.TestResult.run(TestResult.java:113)
	at junit.framework.TestCase.run(TestCase.java:124)
	at junit.framework.TestSuite.runTest(TestSuite.java:243)
	at junit.framework.TestSuite.run(TestSuite.java:238)
	at junit.framework.TestSuite.runTest(TestSuite.java:243)
	at junit.framework.TestSuite.run(TestSuite.java:238)
	at junit.textui.TestRunner.doRun(TestRunner.java:116)
	at RandoopTest.main(RandoopTest.java:8)

Dec 11, 2017 3:49:19 PM RandoopTest0 test16
WARNING: "IOP00710293: (INTERNAL) No invocation handler available for -1"
org.omg.CORBA.INTERNAL:   vmcid: SUN  minor code: 293  completed: No
	at com.sun.corba.se.impl.logging.ORBUtilSystemException.noInvocationHandler(ORBUtilSystemException.java:6128)
	at com.sun.corba.se.impl.logging.ORBUtilSystemException.noInvocationHandler(ORBUtilSystemException.java:6151)
	at RandoopTest0.test16(RandoopTest0.java:391)
	at sun.reflect.NativeMethodAccessorImpl.invoke0(Native Method)
	at sun.reflect.NativeMethodAccessorImpl.invoke(NativeMethodAccessorImpl.java:57)
	at sun.reflect.DelegatingMethodAccessorImpl.invoke(DelegatingMethodAccessorImpl.java:43)
	at java.lang.reflect.Method.invoke(Method.java:606)
	at junit.framework.TestCase.runTest(TestCase.java:168)
	at junit.framework.TestCase.runBare(TestCase.java:134)
	at junit.framework.TestResult$1.protect(TestResult.java:110)
	at junit.framework.TestResult.runProtected(TestResult.java:128)
	at junit.framework.TestResult.run(TestResult.java:113)
	at junit.framework.TestCase.run(TestCase.java:124)
	at junit.framework.TestSuite.runTest(TestSuite.java:243)
	at junit.framework.TestSuite.run(TestSuite.java:238)
	at junit.framework.TestSuite.runTest(TestSuite.java:243)
	at junit.framework.TestSuite.run(TestSuite.java:238)
	at junit.textui.TestRunner.doRun(TestRunner.java:116)
	at RandoopTest.main(RandoopTest.java:8)

Dec 11, 2017 3:49:19 PM RandoopTest0 test16
WARNING: "IOP00410201: (COMM_FAILURE) Connection failure: socketType:  ; hostname: -1; port: -1"
org.omg.CORBA.COMM_FAILURE:   vmcid: SUN  minor code: 201  completed: No
	at com.sun.corba.se.impl.logging.ORBUtilSystemException.connectFailure(ORBUtilSystemException.java:2200)
	at com.sun.corba.se.impl.logging.ORBUtilSystemException.connectFailure(ORBUtilSystemException.java:2221)
	at RandoopTest0.test16(RandoopTest0.java:392)
	at sun.reflect.NativeMethodAccessorImpl.invoke0(Native Method)
	at sun.reflect.NativeMethodAccessorImpl.invoke(NativeMethodAccessorImpl.java:57)
	at sun.reflect.DelegatingMethodAccessorImpl.invoke(DelegatingMethodAccessorImpl.java:43)
	at java.lang.reflect.Method.invoke(Method.java:606)
	at junit.framework.TestCase.runTest(TestCase.java:168)
	at junit.framework.TestCase.runBare(TestCase.java:134)
	at junit.framework.TestResult$1.protect(TestResult.java:110)
	at junit.framework.TestResult.runProtected(TestResult.java:128)
	at junit.framework.TestResult.run(TestResult.java:113)
	at junit.framework.TestCase.run(TestCase.java:124)
	at junit.framework.TestSuite.runTest(TestSuite.java:243)
	at junit.framework.TestSuite.run(TestSuite.java:238)
	at junit.framework.TestSuite.runTest(TestSuite.java:243)
	at junit.framework.TestSuite.run(TestSuite.java:238)
	at junit.textui.TestRunner.doRun(TestRunner.java:116)
	at RandoopTest.main(RandoopTest.java:8)
Caused by: org.omg.CORBA.INTERNAL:   vmcid: SUN  minor code: 257  completed: No
	at com.sun.corba.se.impl.logging.ORBUtilSystemException.typecodeNotSupported(ORBUtilSystemException.java:5192)
	at com.sun.corba.se.impl.logging.ORBUtilSystemException.typecodeNotSupported(ORBUtilSystemException.java:5214)
	at RandoopTest0.test16(RandoopTest0.java:389)
	... 16 more

Dec 11, 2017 3:49:19 PM RandoopTest0 test16
WARNING: "IOP00710293: (INTERNAL) No invocation handler available for -1"
org.omg.CORBA.INTERNAL:   vmcid: SUN  minor code: 293  completed: No
	at com.sun.corba.se.impl.logging.ORBUtilSystemException.noInvocationHandler(ORBUtilSystemException.java:6128)
	at com.sun.corba.se.impl.logging.ORBUtilSystemException.noInvocationHandler(ORBUtilSystemException.java:6151)
	at RandoopTest0.test16(RandoopTest0.java:394)
	at sun.reflect.NativeMethodAccessorImpl.invoke0(Native Method)
	at sun.reflect.NativeMethodAccessorImpl.invoke(NativeMethodAccessorImpl.java:57)
	at sun.reflect.DelegatingMethodAccessorImpl.invoke(DelegatingMethodAccessorImpl.java:43)
	at java.lang.reflect.Method.invoke(Method.java:606)
	at junit.framework.TestCase.runTest(TestCase.java:168)
	at junit.framework.TestCase.runBare(TestCase.java:134)
	at junit.framework.TestResult$1.protect(TestResult.java:110)
	at junit.framework.TestResult.runProtected(TestResult.java:128)
	at junit.framework.TestResult.run(TestResult.java:113)
	at junit.framework.TestCase.run(TestCase.java:124)
	at junit.framework.TestSuite.runTest(TestSuite.java:243)
	at junit.framework.TestSuite.run(TestSuite.java:238)
	at junit.framework.TestSuite.runTest(TestSuite.java:243)
	at junit.framework.TestSuite.run(TestSuite.java:238)
	at junit.textui.TestRunner.doRun(TestRunner.java:116)
	at RandoopTest.main(RandoopTest.java:8)

Dec 11, 2017 3:49:19 PM RandoopTest0 test16
WARNING: "IOP00710257: (INTERNAL) Illegal typecode kind"
org.omg.CORBA.INTERNAL:   vmcid: SUN  minor code: 257  completed: No
	at com.sun.corba.se.impl.logging.ORBUtilSystemException.typecodeNotSupported(ORBUtilSystemException.java:5192)
	at com.sun.corba.se.impl.logging.ORBUtilSystemException.typecodeNotSupported(ORBUtilSystemException.java:5214)
	at RandoopTest0.test16(RandoopTest0.java:395)
	at sun.reflect.NativeMethodAccessorImpl.invoke0(Native Method)
	at sun.reflect.NativeMethodAccessorImpl.invoke(NativeMethodAccessorImpl.java:57)
	at sun.reflect.DelegatingMethodAccessorImpl.invoke(DelegatingMethodAccessorImpl.java:43)
	at java.lang.reflect.Method.invoke(Method.java:606)
	at junit.framework.TestCase.runTest(TestCase.java:168)
	at junit.framework.TestCase.runBare(TestCase.java:134)
	at junit.framework.TestResult$1.protect(TestResult.java:110)
	at junit.framework.TestResult.runProtected(TestResult.java:128)
	at junit.framework.TestResult.run(TestResult.java:113)
	at junit.framework.TestCase.run(TestCase.java:124)
	at junit.framework.TestSuite.runTest(TestSuite.java:243)
	at junit.framework.TestSuite.run(TestSuite.java:238)
	at junit.framework.TestSuite.runTest(TestSuite.java:243)
	at junit.framework.TestSuite.run(TestSuite.java:238)
	at junit.textui.TestRunner.doRun(TestRunner.java:116)
	at RandoopTest.main(RandoopTest.java:8)

Dec 11, 2017 3:49:19 PM RandoopTest0 test16
WARNING: "IOP00110219: (BAD_PARAM) Expected a string, but argument was not of String type"
org.omg.CORBA.BAD_PARAM:   vmcid: SUN  minor code: 219  completed: No
	at com.sun.corba.se.impl.logging.ORBUtilSystemException.stringExpected(ORBUtilSystemException.java:1645)
	at com.sun.corba.se.impl.logging.ORBUtilSystemException.stringExpected(ORBUtilSystemException.java:1667)
	at RandoopTest0.test16(RandoopTest0.java:397)
	at sun.reflect.NativeMethodAccessorImpl.invoke0(Native Method)
	at sun.reflect.NativeMethodAccessorImpl.invoke(NativeMethodAccessorImpl.java:57)
	at sun.reflect.DelegatingMethodAccessorImpl.invoke(DelegatingMethodAccessorImpl.java:43)
	at java.lang.reflect.Method.invoke(Method.java:606)
	at junit.framework.TestCase.runTest(TestCase.java:168)
	at junit.framework.TestCase.runBare(TestCase.java:134)
	at junit.framework.TestResult$1.protect(TestResult.java:110)
	at junit.framework.TestResult.runProtected(TestResult.java:128)
	at junit.framework.TestResult.run(TestResult.java:113)
	at junit.framework.TestCase.run(TestCase.java:124)
	at junit.framework.TestSuite.runTest(TestSuite.java:243)
	at junit.framework.TestSuite.run(TestSuite.java:238)
	at junit.framework.TestSuite.runTest(TestSuite.java:243)
	at junit.framework.TestSuite.run(TestSuite.java:238)
	at junit.textui.TestRunner.doRun(TestRunner.java:116)
	at RandoopTest.main(RandoopTest.java:8)

Dec 11, 2017 3:49:19 PM RandoopTest0 test15
WARNING: "IOP00710293: (INTERNAL) No invocation handler available for -1"
org.omg.CORBA.INTERNAL:   vmcid: SUN  minor code: 293  completed: No
	at com.sun.corba.se.impl.logging.ORBUtilSystemException.noInvocationHandler(ORBUtilSystemException.java:6128)
	at com.sun.corba.se.impl.logging.ORBUtilSystemException.noInvocationHandler(ORBUtilSystemException.java:6151)
	at RandoopTest0.test15(RandoopTest0.java:353)
	at sun.reflect.NativeMethodAccessorImpl.invoke0(Native Method)
	at sun.reflect.NativeMethodAccessorImpl.invoke(NativeMethodAccessorImpl.java:57)
	at sun.reflect.DelegatingMethodAccessorImpl.invoke(DelegatingMethodAccessorImpl.java:43)
	at java.lang.reflect.Method.invoke(Method.java:606)
	at junit.framework.TestCase.runTest(TestCase.java:168)
	at junit.framework.TestCase.runBare(TestCase.java:134)
	at junit.framework.TestResult$1.protect(TestResult.java:110)
	at junit.framework.TestResult.runProtected(TestResult.java:128)
	at junit.framework.TestResult.run(TestResult.java:113)
	at junit.framework.TestCase.run(TestCase.java:124)
	at junit.framework.TestSuite.runTest(TestSuite.java:243)
	at junit.framework.TestSuite.run(TestSuite.java:238)
	at junit.framework.TestSuite.runTest(TestSuite.java:243)
	at junit.framework.TestSuite.run(TestSuite.java:238)
	at junit.textui.TestRunner.doRun(TestRunner.java:116)
	at RandoopTest.main(RandoopTest.java:8)

Dec 11, 2017 3:49:19 PM RandoopTest0 test15
WARNING: "IOP00710293: (INTERNAL) No invocation handler available for -1"
org.omg.CORBA.INTERNAL:   vmcid: SUN  minor code: 293  completed: No
	at com.sun.corba.se.impl.logging.ORBUtilSystemException.noInvocationHandler(ORBUtilSystemException.java:6128)
	at com.sun.corba.se.impl.logging.ORBUtilSystemException.noInvocationHandler(ORBUtilSystemException.java:6151)
	at RandoopTest0.test15(RandoopTest0.java:355)
	at sun.reflect.NativeMethodAccessorImpl.invoke0(Native Method)
	at sun.reflect.NativeMethodAccessorImpl.invoke(NativeMethodAccessorImpl.java:57)
	at sun.reflect.DelegatingMethodAccessorImpl.invoke(DelegatingMethodAccessorImpl.java:43)
	at java.lang.reflect.Method.invoke(Method.java:606)
	at junit.framework.TestCase.runTest(TestCase.java:168)
	at junit.framework.TestCase.runBare(TestCase.java:134)
	at junit.framework.TestResult$1.protect(TestResult.java:110)
	at junit.framework.TestResult.runProtected(TestResult.java:128)
	at junit.framework.TestResult.run(TestResult.java:113)
	at junit.framework.TestCase.run(TestCase.java:124)
	at junit.framework.TestSuite.runTest(TestSuite.java:243)
	at junit.framework.TestSuite.run(TestSuite.java:238)
	at junit.framework.TestSuite.runTest(TestSuite.java:243)
	at junit.framework.TestSuite.run(TestSuite.java:238)
	at junit.textui.TestRunner.doRun(TestRunner.java:116)
	at RandoopTest.main(RandoopTest.java:8)

Dec 11, 2017 3:49:19 PM RandoopTest0 test15
WARNING: "IOP00010206: (UNKNOWN) InterfaceDef object of wrong type returned by server"
org.omg.CORBA.UNKNOWN:   vmcid: SUN  minor code: 206  completed: No
	at com.sun.corba.se.impl.logging.ORBUtilSystemException.wrongInterfaceDef(ORBUtilSystemException.java:8981)
	at com.sun.corba.se.impl.logging.ORBUtilSystemException.wrongInterfaceDef(ORBUtilSystemException.java:8999)
	at RandoopTest0.test15(RandoopTest0.java:356)
	at sun.reflect.NativeMethodAccessorImpl.invoke0(Native Method)
	at sun.reflect.NativeMethodAccessorImpl.invoke(NativeMethodAccessorImpl.java:57)
	at sun.reflect.DelegatingMethodAccessorImpl.invoke(DelegatingMethodAccessorImpl.java:43)
	at java.lang.reflect.Method.invoke(Method.java:606)
	at junit.framework.TestCase.runTest(TestCase.java:168)
	at junit.framework.TestCase.runBare(TestCase.java:134)
	at junit.framework.TestResult$1.protect(TestResult.java:110)
	at junit.framework.TestResult.runProtected(TestResult.java:128)
	at junit.framework.TestResult.run(TestResult.java:113)
	at junit.framework.TestCase.run(TestCase.java:124)
	at junit.framework.TestSuite.runTest(TestSuite.java:243)
	at junit.framework.TestSuite.run(TestSuite.java:238)
	at junit.framework.TestSuite.runTest(TestSuite.java:243)
	at junit.framework.TestSuite.run(TestSuite.java:238)
	at junit.textui.TestRunner.doRun(TestRunner.java:116)
	at RandoopTest.main(RandoopTest.java:8)
Caused by: org.omg.CORBA.INTERNAL:   vmcid: SUN  minor code: 293  completed: No
	at com.sun.corba.se.impl.logging.ORBUtilSystemException.noInvocationHandler(ORBUtilSystemException.java:6128)
	at com.sun.corba.se.impl.logging.ORBUtilSystemException.noInvocationHandler(ORBUtilSystemException.java:6151)
	at RandoopTest0.test15(RandoopTest0.java:355)
	... 16 more

Dec 11, 2017 3:49:19 PM RandoopTest0 test15
WARNING: "IOP00810243: (MARSHAL) Recursive TypeCode not supported by InputStream subtype"
org.omg.CORBA.MARSHAL:   vmcid: SUN  minor code: 243  completed: No
	at com.sun.corba.se.impl.logging.ORBUtilSystemException.recursiveTypecodeError(ORBUtilSystemException.java:7857)
	at com.sun.corba.se.impl.logging.ORBUtilSystemException.recursiveTypecodeError(ORBUtilSystemException.java:7879)
	at RandoopTest0.test15(RandoopTest0.java:357)
	at sun.reflect.NativeMethodAccessorImpl.invoke0(Native Method)
	at sun.reflect.NativeMethodAccessorImpl.invoke(NativeMethodAccessorImpl.java:57)
	at sun.reflect.DelegatingMethodAccessorImpl.invoke(DelegatingMethodAccessorImpl.java:43)
	at java.lang.reflect.Method.invoke(Method.java:606)
	at junit.framework.TestCase.runTest(TestCase.java:168)
	at junit.framework.TestCase.runBare(TestCase.java:134)
	at junit.framework.TestResult$1.protect(TestResult.java:110)
	at junit.framework.TestResult.runProtected(TestResult.java:128)
	at junit.framework.TestResult.run(TestResult.java:113)
	at junit.framework.TestCase.run(TestCase.java:124)
	at junit.framework.TestSuite.runTest(TestSuite.java:243)
	at junit.framework.TestSuite.run(TestSuite.java:238)
	at junit.framework.TestSuite.runTest(TestSuite.java:243)
	at junit.framework.TestSuite.run(TestSuite.java:238)
	at junit.textui.TestRunner.doRun(TestRunner.java:116)
	at RandoopTest.main(RandoopTest.java:8)

Dec 11, 2017 3:49:19 PM RandoopTest0 test14
WARNING: "IOP00710293: (INTERNAL) No invocation handler available for -1"
org.omg.CORBA.INTERNAL:   vmcid: SUN  minor code: 293  completed: No
	at com.sun.corba.se.impl.logging.ORBUtilSystemException.noInvocationHandler(ORBUtilSystemException.java:6128)
	at com.sun.corba.se.impl.logging.ORBUtilSystemException.noInvocationHandler(ORBUtilSystemException.java:6151)
	at RandoopTest0.test14(RandoopTest0.java:281)
	at sun.reflect.NativeMethodAccessorImpl.invoke0(Native Method)
	at sun.reflect.NativeMethodAccessorImpl.invoke(NativeMethodAccessorImpl.java:57)
	at sun.reflect.DelegatingMethodAccessorImpl.invoke(DelegatingMethodAccessorImpl.java:43)
	at java.lang.reflect.Method.invoke(Method.java:606)
	at junit.framework.TestCase.runTest(TestCase.java:168)
	at junit.framework.TestCase.runBare(TestCase.java:134)
	at junit.framework.TestResult$1.protect(TestResult.java:110)
	at junit.framework.TestResult.runProtected(TestResult.java:128)
	at junit.framework.TestResult.run(TestResult.java:113)
	at junit.framework.TestCase.run(TestCase.java:124)
	at junit.framework.TestSuite.runTest(TestSuite.java:243)
	at junit.framework.TestSuite.run(TestSuite.java:238)
	at junit.framework.TestSuite.runTest(TestSuite.java:243)
	at junit.framework.TestSuite.run(TestSuite.java:238)
	at junit.textui.TestRunner.doRun(TestRunner.java:116)
	at RandoopTest.main(RandoopTest.java:8)

Dec 11, 2017 3:49:19 PM RandoopTest0 test14
WARNING: "IOP00710257: (INTERNAL) Illegal typecode kind"
org.omg.CORBA.INTERNAL:   vmcid: SUN  minor code: 257  completed: No
	at com.sun.corba.se.impl.logging.ORBUtilSystemException.typecodeNotSupported(ORBUtilSystemException.java:5192)
	at com.sun.corba.se.impl.logging.ORBUtilSystemException.typecodeNotSupported(ORBUtilSystemException.java:5214)
	at RandoopTest0.test14(RandoopTest0.java:282)
	at sun.reflect.NativeMethodAccessorImpl.invoke0(Native Method)
	at sun.reflect.NativeMethodAccessorImpl.invoke(NativeMethodAccessorImpl.java:57)
	at sun.reflect.DelegatingMethodAccessorImpl.invoke(DelegatingMethodAccessorImpl.java:43)
	at java.lang.reflect.Method.invoke(Method.java:606)
	at junit.framework.TestCase.runTest(TestCase.java:168)
	at junit.framework.TestCase.runBare(TestCase.java:134)
	at junit.framework.TestResult$1.protect(TestResult.java:110)
	at junit.framework.TestResult.runProtected(TestResult.java:128)
	at junit.framework.TestResult.run(TestResult.java:113)
	at junit.framework.TestCase.run(TestCase.java:124)
	at junit.framework.TestSuite.runTest(TestSuite.java:243)
	at junit.framework.TestSuite.run(TestSuite.java:238)
	at junit.framework.TestSuite.runTest(TestSuite.java:243)
	at junit.framework.TestSuite.run(TestSuite.java:238)
	at junit.textui.TestRunner.doRun(TestRunner.java:116)
	at RandoopTest.main(RandoopTest.java:8)

Dec 11, 2017 3:49:19 PM RandoopTest0 test14
WARNING: "IOP00710293: (INTERNAL) No invocation handler available for -1"
org.omg.CORBA.INTERNAL:   vmcid: SUN  minor code: 293  completed: No
	at com.sun.corba.se.impl.logging.ORBUtilSystemException.noInvocationHandler(ORBUtilSystemException.java:6128)
	at com.sun.corba.se.impl.logging.ORBUtilSystemException.noInvocationHandler(ORBUtilSystemException.java:6151)
	at RandoopTest0.test14(RandoopTest0.java:284)
	at sun.reflect.NativeMethodAccessorImpl.invoke0(Native Method)
	at sun.reflect.NativeMethodAccessorImpl.invoke(NativeMethodAccessorImpl.java:57)
	at sun.reflect.DelegatingMethodAccessorImpl.invoke(DelegatingMethodAccessorImpl.java:43)
	at java.lang.reflect.Method.invoke(Method.java:606)
	at junit.framework.TestCase.runTest(TestCase.java:168)
	at junit.framework.TestCase.runBare(TestCase.java:134)
	at junit.framework.TestResult$1.protect(TestResult.java:110)
	at junit.framework.TestResult.runProtected(TestResult.java:128)
	at junit.framework.TestResult.run(TestResult.java:113)
	at junit.framework.TestCase.run(TestCase.java:124)
	at junit.framework.TestSuite.runTest(TestSuite.java:243)
	at junit.framework.TestSuite.run(TestSuite.java:238)
	at junit.framework.TestSuite.runTest(TestSuite.java:243)
	at junit.framework.TestSuite.run(TestSuite.java:238)
	at junit.textui.TestRunner.doRun(TestRunner.java:116)
	at RandoopTest.main(RandoopTest.java:8)

Dec 11, 2017 3:49:19 PM RandoopTest0 test14
WARNING: "IOP00710257: (INTERNAL) Illegal typecode kind"
org.omg.CORBA.INTERNAL:   vmcid: SUN  minor code: 257  completed: No
	at com.sun.corba.se.impl.logging.ORBUtilSystemException.typecodeNotSupported(ORBUtilSystemException.java:5192)
	at com.sun.corba.se.impl.logging.ORBUtilSystemException.typecodeNotSupported(ORBUtilSystemException.java:5214)
	at RandoopTest0.test14(RandoopTest0.java:285)
	at sun.reflect.NativeMethodAccessorImpl.invoke0(Native Method)
	at sun.reflect.NativeMethodAccessorImpl.invoke(NativeMethodAccessorImpl.java:57)
	at sun.reflect.DelegatingMethodAccessorImpl.invoke(DelegatingMethodAccessorImpl.java:43)
	at java.lang.reflect.Method.invoke(Method.java:606)
	at junit.framework.TestCase.runTest(TestCase.java:168)
	at junit.framework.TestCase.runBare(TestCase.java:134)
	at junit.framework.TestResult$1.protect(TestResult.java:110)
	at junit.framework.TestResult.runProtected(TestResult.java:128)
	at junit.framework.TestResult.run(TestResult.java:113)
	at junit.framework.TestCase.run(TestCase.java:124)
	at junit.framework.TestSuite.runTest(TestSuite.java:243)
	at junit.framework.TestSuite.run(TestSuite.java:238)
	at junit.framework.TestSuite.runTest(TestSuite.java:243)
	at junit.framework.TestSuite.run(TestSuite.java:238)
	at junit.textui.TestRunner.doRun(TestRunner.java:116)
	at RandoopTest.main(RandoopTest.java:8)

Dec 11, 2017 3:49:19 PM RandoopTest0 test14
WARNING: "IOP00710293: (INTERNAL) No invocation handler available for -1"
org.omg.CORBA.INTERNAL:   vmcid: SUN  minor code: 293  completed: No
	at com.sun.corba.se.impl.logging.ORBUtilSystemException.noInvocationHandler(ORBUtilSystemException.java:6128)
	at com.sun.corba.se.impl.logging.ORBUtilSystemException.noInvocationHandler(ORBUtilSystemException.java:6151)
	at RandoopTest0.test14(RandoopTest0.java:287)
	at sun.reflect.NativeMethodAccessorImpl.invoke0(Native Method)
	at sun.reflect.NativeMethodAccessorImpl.invoke(NativeMethodAccessorImpl.java:57)
	at sun.reflect.DelegatingMethodAccessorImpl.invoke(DelegatingMethodAccessorImpl.java:43)
	at java.lang.reflect.Method.invoke(Method.java:606)
	at junit.framework.TestCase.runTest(TestCase.java:168)
	at junit.framework.TestCase.runBare(TestCase.java:134)
	at junit.framework.TestResult$1.protect(TestResult.java:110)
	at junit.framework.TestResult.runProtected(TestResult.java:128)
	at junit.framework.TestResult.run(TestResult.java:113)
	at junit.framework.TestCase.run(TestCase.java:124)
	at junit.framework.TestSuite.runTest(TestSuite.java:243)
	at junit.framework.TestSuite.run(TestSuite.java:238)
	at junit.framework.TestSuite.runTest(TestSuite.java:243)
	at junit.framework.TestSuite.run(TestSuite.java:238)
	at junit.textui.TestRunner.doRun(TestRunner.java:116)
	at RandoopTest.main(RandoopTest.java:8)

Dec 11, 2017 3:49:19 PM RandoopTest0 test14
WARNING: "IOP00410201: (COMM_FAILURE) Connection failure: socketType:  ; hostname: -1; port: -1"
org.omg.CORBA.COMM_FAILURE:   vmcid: SUN  minor code: 201  completed: No
	at com.sun.corba.se.impl.logging.ORBUtilSystemException.connectFailure(ORBUtilSystemException.java:2200)
	at com.sun.corba.se.impl.logging.ORBUtilSystemException.connectFailure(ORBUtilSystemException.java:2221)
	at RandoopTest0.test14(RandoopTest0.java:288)
	at sun.reflect.NativeMethodAccessorImpl.invoke0(Native Method)
	at sun.reflect.NativeMethodAccessorImpl.invoke(NativeMethodAccessorImpl.java:57)
	at sun.reflect.DelegatingMethodAccessorImpl.invoke(DelegatingMethodAccessorImpl.java:43)
	at java.lang.reflect.Method.invoke(Method.java:606)
	at junit.framework.TestCase.runTest(TestCase.java:168)
	at junit.framework.TestCase.runBare(TestCase.java:134)
	at junit.framework.TestResult$1.protect(TestResult.java:110)
	at junit.framework.TestResult.runProtected(TestResult.java:128)
	at junit.framework.TestResult.run(TestResult.java:113)
	at junit.framework.TestCase.run(TestCase.java:124)
	at junit.framework.TestSuite.runTest(TestSuite.java:243)
	at junit.framework.TestSuite.run(TestSuite.java:238)
	at junit.framework.TestSuite.runTest(TestSuite.java:243)
	at junit.framework.TestSuite.run(TestSuite.java:238)
	at junit.textui.TestRunner.doRun(TestRunner.java:116)
	at RandoopTest.main(RandoopTest.java:8)
Caused by: org.omg.CORBA.INTERNAL:   vmcid: SUN  minor code: 257  completed: No
	at com.sun.corba.se.impl.logging.ORBUtilSystemException.typecodeNotSupported(ORBUtilSystemException.java:5192)
	at com.sun.corba.se.impl.logging.ORBUtilSystemException.typecodeNotSupported(ORBUtilSystemException.java:5214)
	at RandoopTest0.test14(RandoopTest0.java:285)
	... 16 more

Dec 11, 2017 3:49:19 PM RandoopTest0 test14
WARNING: "IOP00710250: (INTERNAL) Bad system exception in locate reply"
org.omg.CORBA.INTERNAL:   vmcid: SUN  minor code: 250  completed: No
	at com.sun.corba.se.impl.logging.ORBUtilSystemException.badSystemExceptionInLocateReply(ORBUtilSystemException.java:4994)
	at com.sun.corba.se.impl.logging.ORBUtilSystemException.badSystemExceptionInLocateReply(ORBUtilSystemException.java:5016)
	at RandoopTest0.test14(RandoopTest0.java:289)
	at sun.reflect.NativeMethodAccessorImpl.invoke0(Native Method)
	at sun.reflect.NativeMethodAccessorImpl.invoke(NativeMethodAccessorImpl.java:57)
	at sun.reflect.DelegatingMethodAccessorImpl.invoke(DelegatingMethodAccessorImpl.java:43)
	at java.lang.reflect.Method.invoke(Method.java:606)
	at junit.framework.TestCase.runTest(TestCase.java:168)
	at junit.framework.TestCase.runBare(TestCase.java:134)
	at junit.framework.TestResult$1.protect(TestResult.java:110)
	at junit.framework.TestResult.runProtected(TestResult.java:128)
	at junit.framework.TestResult.run(TestResult.java:113)
	at junit.framework.TestCase.run(TestCase.java:124)
	at junit.framework.TestSuite.runTest(TestSuite.java:243)
	at junit.framework.TestSuite.run(TestSuite.java:238)
	at junit.framework.TestSuite.runTest(TestSuite.java:243)
	at junit.framework.TestSuite.run(TestSuite.java:238)
	at junit.textui.TestRunner.doRun(TestRunner.java:116)
	at RandoopTest.main(RandoopTest.java:8)

Dec 11, 2017 3:49:19 PM RandoopTest0 test14
WARNING: "IOP00710293: (INTERNAL) No invocation handler available for -1"
org.omg.CORBA.INTERNAL:   vmcid: SUN  minor code: 293  completed: No
	at com.sun.corba.se.impl.logging.ORBUtilSystemException.noInvocationHandler(ORBUtilSystemException.java:6128)
	at com.sun.corba.se.impl.logging.ORBUtilSystemException.noInvocationHandler(ORBUtilSystemException.java:6151)
	at RandoopTest0.test14(RandoopTest0.java:291)
	at sun.reflect.NativeMethodAccessorImpl.invoke0(Native Method)
	at sun.reflect.NativeMethodAccessorImpl.invoke(NativeMethodAccessorImpl.java:57)
	at sun.reflect.DelegatingMethodAccessorImpl.invoke(DelegatingMethodAccessorImpl.java:43)
	at java.lang.reflect.Method.invoke(Method.java:606)
	at junit.framework.TestCase.runTest(TestCase.java:168)
	at junit.framework.TestCase.runBare(TestCase.java:134)
	at junit.framework.TestResult$1.protect(TestResult.java:110)
	at junit.framework.TestResult.runProtected(TestResult.java:128)
	at junit.framework.TestResult.run(TestResult.java:113)
	at junit.framework.TestCase.run(TestCase.java:124)
	at junit.framework.TestSuite.runTest(TestSuite.java:243)
	at junit.framework.TestSuite.run(TestSuite.java:238)
	at junit.framework.TestSuite.runTest(TestSuite.java:243)
	at junit.framework.TestSuite.run(TestSuite.java:238)
	at junit.textui.TestRunner.doRun(TestRunner.java:116)
	at RandoopTest.main(RandoopTest.java:8)

Dec 11, 2017 3:49:19 PM RandoopTest0 test14
WARNING: "IOP00710293: (INTERNAL) No invocation handler available for -1"
org.omg.CORBA.INTERNAL:   vmcid: SUN  minor code: 293  completed: No
	at com.sun.corba.se.impl.logging.ORBUtilSystemException.noInvocationHandler(ORBUtilSystemException.java:6128)
	at com.sun.corba.se.impl.logging.ORBUtilSystemException.noInvocationHandler(ORBUtilSystemException.java:6151)
	at RandoopTest0.test14(RandoopTest0.java:293)
	at sun.reflect.NativeMethodAccessorImpl.invoke0(Native Method)
	at sun.reflect.NativeMethodAccessorImpl.invoke(NativeMethodAccessorImpl.java:57)
	at sun.reflect.DelegatingMethodAccessorImpl.invoke(DelegatingMethodAccessorImpl.java:43)
	at java.lang.reflect.Method.invoke(Method.java:606)
	at junit.framework.TestCase.runTest(TestCase.java:168)
	at junit.framework.TestCase.runBare(TestCase.java:134)
	at junit.framework.TestResult$1.protect(TestResult.java:110)
	at junit.framework.TestResult.runProtected(TestResult.java:128)
	at junit.framework.TestResult.run(TestResult.java:113)
	at junit.framework.TestCase.run(TestCase.java:124)
	at junit.framework.TestSuite.runTest(TestSuite.java:243)
	at junit.framework.TestSuite.run(TestSuite.java:238)
	at junit.framework.TestSuite.runTest(TestSuite.java:243)
	at junit.framework.TestSuite.run(TestSuite.java:238)
	at junit.textui.TestRunner.doRun(TestRunner.java:116)
	at RandoopTest.main(RandoopTest.java:8)

Dec 11, 2017 3:49:19 PM RandoopTest0 test14
WARNING: "IOP00710225: (INTERNAL) Bad status in the IIOP reply message"
org.omg.CORBA.INTERNAL:   vmcid: SUN  minor code: 225  completed: No
	at com.sun.corba.se.impl.logging.ORBUtilSystemException.badReplystatus(ORBUtilSystemException.java:4291)
	at com.sun.corba.se.impl.logging.ORBUtilSystemException.badReplystatus(ORBUtilSystemException.java:4309)
	at RandoopTest0.test14(RandoopTest0.java:294)
	at sun.reflect.NativeMethodAccessorImpl.invoke0(Native Method)
	at sun.reflect.NativeMethodAccessorImpl.invoke(NativeMethodAccessorImpl.java:57)
	at sun.reflect.DelegatingMethodAccessorImpl.invoke(DelegatingMethodAccessorImpl.java:43)
	at java.lang.reflect.Method.invoke(Method.java:606)
	at junit.framework.TestCase.runTest(TestCase.java:168)
	at junit.framework.TestCase.runBare(TestCase.java:134)
	at junit.framework.TestResult$1.protect(TestResult.java:110)
	at junit.framework.TestResult.runProtected(TestResult.java:128)
	at junit.framework.TestResult.run(TestResult.java:113)
	at junit.framework.TestCase.run(TestCase.java:124)
	at junit.framework.TestSuite.runTest(TestSuite.java:243)
	at junit.framework.TestSuite.run(TestSuite.java:238)
	at junit.framework.TestSuite.runTest(TestSuite.java:243)
	at junit.framework.TestSuite.run(TestSuite.java:238)
	at junit.textui.TestRunner.doRun(TestRunner.java:116)
	at RandoopTest.main(RandoopTest.java:8)
Caused by: org.omg.CORBA.INTERNAL:   vmcid: SUN  minor code: 293  completed: No
	at com.sun.corba.se.impl.logging.ORBUtilSystemException.noInvocationHandler(ORBUtilSystemException.java:6128)
	at com.sun.corba.se.impl.logging.ORBUtilSystemException.noInvocationHandler(ORBUtilSystemException.java:6151)
	at RandoopTest0.test14(RandoopTest0.java:293)
	... 16 more

Dec 11, 2017 3:49:19 PM RandoopTest0 test14
WARNING: "IOP00710248: (INTERNAL) Bad exception typecode"
org.omg.CORBA.INTERNAL:   vmcid: SUN  minor code: 248  completed: No
	at com.sun.corba.se.impl.logging.ORBUtilSystemException.problemWithExceptionTypecode(ORBUtilSystemException.java:4937)
	at com.sun.corba.se.impl.logging.ORBUtilSystemException.problemWithExceptionTypecode(ORBUtilSystemException.java:4955)
	at RandoopTest0.test14(RandoopTest0.java:295)
	at sun.reflect.NativeMethodAccessorImpl.invoke0(Native Method)
	at sun.reflect.NativeMethodAccessorImpl.invoke(NativeMethodAccessorImpl.java:57)
	at sun.reflect.DelegatingMethodAccessorImpl.invoke(DelegatingMethodAccessorImpl.java:43)
	at java.lang.reflect.Method.invoke(Method.java:606)
	at junit.framework.TestCase.runTest(TestCase.java:168)
	at junit.framework.TestCase.runBare(TestCase.java:134)
	at junit.framework.TestResult$1.protect(TestResult.java:110)
	at junit.framework.TestResult.runProtected(TestResult.java:128)
	at junit.framework.TestResult.run(TestResult.java:113)
	at junit.framework.TestCase.run(TestCase.java:124)
	at junit.framework.TestSuite.runTest(TestSuite.java:243)
	at junit.framework.TestSuite.run(TestSuite.java:238)
	at junit.framework.TestSuite.runTest(TestSuite.java:243)
	at junit.framework.TestSuite.run(TestSuite.java:238)
	at junit.textui.TestRunner.doRun(TestRunner.java:116)
	at RandoopTest.main(RandoopTest.java:8)
Caused by: org.omg.CORBA.INTERNAL:   vmcid: SUN  minor code: 225  completed: No
	at com.sun.corba.se.impl.logging.ORBUtilSystemException.badReplystatus(ORBUtilSystemException.java:4291)
	at com.sun.corba.se.impl.logging.ORBUtilSystemException.badReplystatus(ORBUtilSystemException.java:4309)
	at RandoopTest0.test14(RandoopTest0.java:294)
	... 16 more
Caused by: org.omg.CORBA.INTERNAL:   vmcid: SUN  minor code: 293  completed: No
	at com.sun.corba.se.impl.logging.ORBUtilSystemException.noInvocationHandler(ORBUtilSystemException.java:6128)
	at com.sun.corba.se.impl.logging.ORBUtilSystemException.noInvocationHandler(ORBUtilSystemException.java:6151)
	at RandoopTest0.test14(RandoopTest0.java:293)
	... 16 more

Dec 11, 2017 3:49:19 PM RandoopTest0 test13
WARNING: "IOP00710293: (INTERNAL) No invocation handler available for -1"
org.omg.CORBA.INTERNAL:   vmcid: SUN  minor code: 293  completed: No
	at com.sun.corba.se.impl.logging.ORBUtilSystemException.noInvocationHandler(ORBUtilSystemException.java:6128)
	at com.sun.corba.se.impl.logging.ORBUtilSystemException.noInvocationHandler(ORBUtilSystemException.java:6151)
	at RandoopTest0.test13(RandoopTest0.java:233)
	at sun.reflect.NativeMethodAccessorImpl.invoke0(Native Method)
	at sun.reflect.NativeMethodAccessorImpl.invoke(NativeMethodAccessorImpl.java:57)
	at sun.reflect.DelegatingMethodAccessorImpl.invoke(DelegatingMethodAccessorImpl.java:43)
	at java.lang.reflect.Method.invoke(Method.java:606)
	at junit.framework.TestCase.runTest(TestCase.java:168)
	at junit.framework.TestCase.runBare(TestCase.java:134)
	at junit.framework.TestResult$1.protect(TestResult.java:110)
	at junit.framework.TestResult.runProtected(TestResult.java:128)
	at junit.framework.TestResult.run(TestResult.java:113)
	at junit.framework.TestCase.run(TestCase.java:124)
	at junit.framework.TestSuite.runTest(TestSuite.java:243)
	at junit.framework.TestSuite.run(TestSuite.java:238)
	at junit.framework.TestSuite.runTest(TestSuite.java:243)
	at junit.framework.TestSuite.run(TestSuite.java:238)
	at junit.textui.TestRunner.doRun(TestRunner.java:116)
	at RandoopTest.main(RandoopTest.java:8)

Dec 11, 2017 3:49:19 PM RandoopTest0 test13
WARNING: "IOP00710202: (INTERNAL) No server request dispatcher"
org.omg.CORBA.INTERNAL:   vmcid: SUN  minor code: 202  completed: No
	at com.sun.corba.se.impl.logging.ORBUtilSystemException.noServerSubcontract(ORBUtilSystemException.java:3703)
	at com.sun.corba.se.impl.logging.ORBUtilSystemException.noServerSubcontract(ORBUtilSystemException.java:3725)
	at RandoopTest0.test13(RandoopTest0.java:234)
	at sun.reflect.NativeMethodAccessorImpl.invoke0(Native Method)
	at sun.reflect.NativeMethodAccessorImpl.invoke(NativeMethodAccessorImpl.java:57)
	at sun.reflect.DelegatingMethodAccessorImpl.invoke(DelegatingMethodAccessorImpl.java:43)
	at java.lang.reflect.Method.invoke(Method.java:606)
	at junit.framework.TestCase.runTest(TestCase.java:168)
	at junit.framework.TestCase.runBare(TestCase.java:134)
	at junit.framework.TestResult$1.protect(TestResult.java:110)
	at junit.framework.TestResult.runProtected(TestResult.java:128)
	at junit.framework.TestResult.run(TestResult.java:113)
	at junit.framework.TestCase.run(TestCase.java:124)
	at junit.framework.TestSuite.runTest(TestSuite.java:243)
	at junit.framework.TestSuite.run(TestSuite.java:238)
	at junit.framework.TestSuite.runTest(TestSuite.java:243)
	at junit.framework.TestSuite.run(TestSuite.java:238)
	at junit.textui.TestRunner.doRun(TestRunner.java:116)
	at RandoopTest.main(RandoopTest.java:8)

Dec 11, 2017 3:49:19 PM RandoopTest0 test13
WARNING: "IOP00710293: (INTERNAL) No invocation handler available for -1"
org.omg.CORBA.INTERNAL:   vmcid: SUN  minor code: 293  completed: No
	at com.sun.corba.se.impl.logging.ORBUtilSystemException.noInvocationHandler(ORBUtilSystemException.java:6128)
	at com.sun.corba.se.impl.logging.ORBUtilSystemException.noInvocationHandler(ORBUtilSystemException.java:6151)
	at RandoopTest0.test13(RandoopTest0.java:236)
	at sun.reflect.NativeMethodAccessorImpl.invoke0(Native Method)
	at sun.reflect.NativeMethodAccessorImpl.invoke(NativeMethodAccessorImpl.java:57)
	at sun.reflect.DelegatingMethodAccessorImpl.invoke(DelegatingMethodAccessorImpl.java:43)
	at java.lang.reflect.Method.invoke(Method.java:606)
	at junit.framework.TestCase.runTest(TestCase.java:168)
	at junit.framework.TestCase.runBare(TestCase.java:134)
	at junit.framework.TestResult$1.protect(TestResult.java:110)
	at junit.framework.TestResult.runProtected(TestResult.java:128)
	at junit.framework.TestResult.run(TestResult.java:113)
	at junit.framework.TestCase.run(TestCase.java:124)
	at junit.framework.TestSuite.runTest(TestSuite.java:243)
	at junit.framework.TestSuite.run(TestSuite.java:238)
	at junit.framework.TestSuite.runTest(TestSuite.java:243)
	at junit.framework.TestSuite.run(TestSuite.java:238)
	at junit.textui.TestRunner.doRun(TestRunner.java:116)
	at RandoopTest.main(RandoopTest.java:8)

Dec 11, 2017 3:49:19 PM RandoopTest0 test13
WARNING: "IOP00710293: (INTERNAL) No invocation handler available for -1"
org.omg.CORBA.INTERNAL:   vmcid: SUN  minor code: 293  completed: No
	at com.sun.corba.se.impl.logging.ORBUtilSystemException.noInvocationHandler(ORBUtilSystemException.java:6128)
	at com.sun.corba.se.impl.logging.ORBUtilSystemException.noInvocationHandler(ORBUtilSystemException.java:6151)
	at RandoopTest0.test13(RandoopTest0.java:238)
	at sun.reflect.NativeMethodAccessorImpl.invoke0(Native Method)
	at sun.reflect.NativeMethodAccessorImpl.invoke(NativeMethodAccessorImpl.java:57)
	at sun.reflect.DelegatingMethodAccessorImpl.invoke(DelegatingMethodAccessorImpl.java:43)
	at java.lang.reflect.Method.invoke(Method.java:606)
	at junit.framework.TestCase.runTest(TestCase.java:168)
	at junit.framework.TestCase.runBare(TestCase.java:134)
	at junit.framework.TestResult$1.protect(TestResult.java:110)
	at junit.framework.TestResult.runProtected(TestResult.java:128)
	at junit.framework.TestResult.run(TestResult.java:113)
	at junit.framework.TestCase.run(TestCase.java:124)
	at junit.framework.TestSuite.runTest(TestSuite.java:243)
	at junit.framework.TestSuite.run(TestSuite.java:238)
	at junit.framework.TestSuite.runTest(TestSuite.java:243)
	at junit.framework.TestSuite.run(TestSuite.java:238)
	at junit.textui.TestRunner.doRun(TestRunner.java:116)
	at RandoopTest.main(RandoopTest.java:8)

Dec 11, 2017 3:49:19 PM RandoopTest0 test13
WARNING: "IOP00010206: (UNKNOWN) InterfaceDef object of wrong type returned by server"
org.omg.CORBA.UNKNOWN:   vmcid: SUN  minor code: 206  completed: No
	at com.sun.corba.se.impl.logging.ORBUtilSystemException.wrongInterfaceDef(ORBUtilSystemException.java:8981)
	at com.sun.corba.se.impl.logging.ORBUtilSystemException.wrongInterfaceDef(ORBUtilSystemException.java:8999)
	at RandoopTest0.test13(RandoopTest0.java:239)
	at sun.reflect.NativeMethodAccessorImpl.invoke0(Native Method)
	at sun.reflect.NativeMethodAccessorImpl.invoke(NativeMethodAccessorImpl.java:57)
	at sun.reflect.DelegatingMethodAccessorImpl.invoke(DelegatingMethodAccessorImpl.java:43)
	at java.lang.reflect.Method.invoke(Method.java:606)
	at junit.framework.TestCase.runTest(TestCase.java:168)
	at junit.framework.TestCase.runBare(TestCase.java:134)
	at junit.framework.TestResult$1.protect(TestResult.java:110)
	at junit.framework.TestResult.runProtected(TestResult.java:128)
	at junit.framework.TestResult.run(TestResult.java:113)
	at junit.framework.TestCase.run(TestCase.java:124)
	at junit.framework.TestSuite.runTest(TestSuite.java:243)
	at junit.framework.TestSuite.run(TestSuite.java:238)
	at junit.framework.TestSuite.runTest(TestSuite.java:243)
	at junit.framework.TestSuite.run(TestSuite.java:238)
	at junit.textui.TestRunner.doRun(TestRunner.java:116)
	at RandoopTest.main(RandoopTest.java:8)
Caused by: org.omg.CORBA.INTERNAL:   vmcid: SUN  minor code: 293  completed: No
	at com.sun.corba.se.impl.logging.ORBUtilSystemException.noInvocationHandler(ORBUtilSystemException.java:6128)
	at com.sun.corba.se.impl.logging.ORBUtilSystemException.noInvocationHandler(ORBUtilSystemException.java:6151)
	at RandoopTest0.test13(RandoopTest0.java:238)
	... 16 more

Dec 11, 2017 3:49:19 PM RandoopTest0 test13
WARNING: "IOP01210236: (BAD_OPERATION) POA ServantNotActive exception while trying get an org.omg.CORBA.Portable.Delegate for an org.omg.PortableServer.Servant"
org.omg.CORBA.BAD_OPERATION:   vmcid: SUN  minor code: 236  completed: No
	at com.sun.corba.se.impl.logging.ORBUtilSystemException.getDelegateServantNotActive(ORBUtilSystemException.java:815)
	at com.sun.corba.se.impl.logging.ORBUtilSystemException.getDelegateServantNotActive(ORBUtilSystemException.java:837)
	at RandoopTest0.test13(RandoopTest0.java:240)
	at sun.reflect.NativeMethodAccessorImpl.invoke0(Native Method)
	at sun.reflect.NativeMethodAccessorImpl.invoke(NativeMethodAccessorImpl.java:57)
	at sun.reflect.DelegatingMethodAccessorImpl.invoke(DelegatingMethodAccessorImpl.java:43)
	at java.lang.reflect.Method.invoke(Method.java:606)
	at junit.framework.TestCase.runTest(TestCase.java:168)
	at junit.framework.TestCase.runBare(TestCase.java:134)
	at junit.framework.TestResult$1.protect(TestResult.java:110)
	at junit.framework.TestResult.runProtected(TestResult.java:128)
	at junit.framework.TestResult.run(TestResult.java:113)
	at junit.framework.TestCase.run(TestCase.java:124)
	at junit.framework.TestSuite.runTest(TestSuite.java:243)
	at junit.framework.TestSuite.run(TestSuite.java:238)
	at junit.framework.TestSuite.runTest(TestSuite.java:243)
	at junit.framework.TestSuite.run(TestSuite.java:238)
	at junit.textui.TestRunner.doRun(TestRunner.java:116)
	at RandoopTest.main(RandoopTest.java:8)

Dec 11, 2017 3:49:19 PM RandoopTest0 test13
WARNING: "IOP02410213: (DATA_CONVERSION) Class -1 is not a subtype of ORBSocketFactory"
org.omg.CORBA.DATA_CONVERSION:   vmcid: SUN  minor code: 213  completed: No
	at com.sun.corba.se.impl.logging.ORBUtilSystemException.illegalSocketFactoryType(ORBUtilSystemException.java:3003)
	at com.sun.corba.se.impl.logging.ORBUtilSystemException.illegalSocketFactoryType(ORBUtilSystemException.java:3022)
	at RandoopTest0.test13(RandoopTest0.java:241)
	at sun.reflect.NativeMethodAccessorImpl.invoke0(Native Method)
	at sun.reflect.NativeMethodAccessorImpl.invoke(NativeMethodAccessorImpl.java:57)
	at sun.reflect.DelegatingMethodAccessorImpl.invoke(DelegatingMethodAccessorImpl.java:43)
	at java.lang.reflect.Method.invoke(Method.java:606)
	at junit.framework.TestCase.runTest(TestCase.java:168)
	at junit.framework.TestCase.runBare(TestCase.java:134)
	at junit.framework.TestResult$1.protect(TestResult.java:110)
	at junit.framework.TestResult.runProtected(TestResult.java:128)
	at junit.framework.TestResult.run(TestResult.java:113)
	at junit.framework.TestCase.run(TestCase.java:124)
	at junit.framework.TestSuite.runTest(TestSuite.java:243)
	at junit.framework.TestSuite.run(TestSuite.java:238)
	at junit.framework.TestSuite.runTest(TestSuite.java:243)
	at junit.framework.TestSuite.run(TestSuite.java:238)
	at junit.textui.TestRunner.doRun(TestRunner.java:116)
	at RandoopTest.main(RandoopTest.java:8)
Caused by: org.omg.CORBA.BAD_OPERATION:   vmcid: SUN  minor code: 236  completed: No
	at com.sun.corba.se.impl.logging.ORBUtilSystemException.getDelegateServantNotActive(ORBUtilSystemException.java:815)
	at com.sun.corba.se.impl.logging.ORBUtilSystemException.getDelegateServantNotActive(ORBUtilSystemException.java:837)
	at RandoopTest0.test13(RandoopTest0.java:240)
	... 16 more

Dec 11, 2017 3:49:19 PM RandoopTest0 test12
WARNING: "IOP00710293: (INTERNAL) No invocation handler available for -1"
org.omg.CORBA.INTERNAL:   vmcid: SUN  minor code: 293  completed: No
	at com.sun.corba.se.impl.logging.ORBUtilSystemException.noInvocationHandler(ORBUtilSystemException.java:6128)
	at com.sun.corba.se.impl.logging.ORBUtilSystemException.noInvocationHandler(ORBUtilSystemException.java:6151)
	at RandoopTest0.test12(RandoopTest0.java:209)
	at sun.reflect.NativeMethodAccessorImpl.invoke0(Native Method)
	at sun.reflect.NativeMethodAccessorImpl.invoke(NativeMethodAccessorImpl.java:57)
	at sun.reflect.DelegatingMethodAccessorImpl.invoke(DelegatingMethodAccessorImpl.java:43)
	at java.lang.reflect.Method.invoke(Method.java:606)
	at junit.framework.TestCase.runTest(TestCase.java:168)
	at junit.framework.TestCase.runBare(TestCase.java:134)
	at junit.framework.TestResult$1.protect(TestResult.java:110)
	at junit.framework.TestResult.runProtected(TestResult.java:128)
	at junit.framework.TestResult.run(TestResult.java:113)
	at junit.framework.TestCase.run(TestCase.java:124)
	at junit.framework.TestSuite.runTest(TestSuite.java:243)
	at junit.framework.TestSuite.run(TestSuite.java:238)
	at junit.framework.TestSuite.runTest(TestSuite.java:243)
	at junit.framework.TestSuite.run(TestSuite.java:238)
	at junit.textui.TestRunner.doRun(TestRunner.java:116)
	at RandoopTest.main(RandoopTest.java:8)

Dec 11, 2017 3:49:19 PM RandoopTest0 test12
WARNING: "IOP01210211: (BAD_OPERATION) insert_Object call failed on an Any"
org.omg.CORBA.BAD_OPERATION:   vmcid: SUN  minor code: 211  completed: No
	at com.sun.corba.se.impl.logging.ORBUtilSystemException.insertObjectFailed(ORBUtilSystemException.java:333)
	at com.sun.corba.se.impl.logging.ORBUtilSystemException.insertObjectFailed(ORBUtilSystemException.java:355)
	at RandoopTest0.test12(RandoopTest0.java:211)
	at sun.reflect.NativeMethodAccessorImpl.invoke0(Native Method)
	at sun.reflect.NativeMethodAccessorImpl.invoke(NativeMethodAccessorImpl.java:57)
	at sun.reflect.DelegatingMethodAccessorImpl.invoke(DelegatingMethodAccessorImpl.java:43)
	at java.lang.reflect.Method.invoke(Method.java:606)
	at junit.framework.TestCase.runTest(TestCase.java:168)
	at junit.framework.TestCase.runBare(TestCase.java:134)
	at junit.framework.TestResult$1.protect(TestResult.java:110)
	at junit.framework.TestResult.runProtected(TestResult.java:128)
	at junit.framework.TestResult.run(TestResult.java:113)
	at junit.framework.TestCase.run(TestCase.java:124)
	at junit.framework.TestSuite.runTest(TestSuite.java:243)
	at junit.framework.TestSuite.run(TestSuite.java:238)
	at junit.framework.TestSuite.runTest(TestSuite.java:243)
	at junit.framework.TestSuite.run(TestSuite.java:238)
	at junit.textui.TestRunner.doRun(TestRunner.java:116)
	at RandoopTest.main(RandoopTest.java:8)

Dec 11, 2017 3:49:19 PM RandoopTest0 test11
WARNING: "IOP00710293: (INTERNAL) No invocation handler available for -1"
org.omg.CORBA.INTERNAL:   vmcid: SUN  minor code: 293  completed: No
	at com.sun.corba.se.impl.logging.ORBUtilSystemException.noInvocationHandler(ORBUtilSystemException.java:6128)
	at com.sun.corba.se.impl.logging.ORBUtilSystemException.noInvocationHandler(ORBUtilSystemException.java:6151)
	at RandoopTest0.test11(RandoopTest0.java:174)
	at sun.reflect.NativeMethodAccessorImpl.invoke0(Native Method)
	at sun.reflect.NativeMethodAccessorImpl.invoke(NativeMethodAccessorImpl.java:57)
	at sun.reflect.DelegatingMethodAccessorImpl.invoke(DelegatingMethodAccessorImpl.java:43)
	at java.lang.reflect.Method.invoke(Method.java:606)
	at junit.framework.TestCase.runTest(TestCase.java:168)
	at junit.framework.TestCase.runBare(TestCase.java:134)
	at junit.framework.TestResult$1.protect(TestResult.java:110)
	at junit.framework.TestResult.runProtected(TestResult.java:128)
	at junit.framework.TestResult.run(TestResult.java:113)
	at junit.framework.TestCase.run(TestCase.java:124)
	at junit.framework.TestSuite.runTest(TestSuite.java:243)
	at junit.framework.TestSuite.run(TestSuite.java:238)
	at junit.framework.TestSuite.runTest(TestSuite.java:243)
	at junit.framework.TestSuite.run(TestSuite.java:238)
	at junit.textui.TestRunner.doRun(TestRunner.java:116)
	at RandoopTest.main(RandoopTest.java:8)

Dec 11, 2017 3:49:19 PM RandoopTest0 test11
WARNING: "IOP00710293: (INTERNAL) No invocation handler available for -1"
org.omg.CORBA.INTERNAL:   vmcid: SUN  minor code: 293  completed: No
	at com.sun.corba.se.impl.logging.ORBUtilSystemException.noInvocationHandler(ORBUtilSystemException.java:6128)
	at com.sun.corba.se.impl.logging.ORBUtilSystemException.noInvocationHandler(ORBUtilSystemException.java:6151)
	at RandoopTest0.test11(RandoopTest0.java:176)
	at sun.reflect.NativeMethodAccessorImpl.invoke0(Native Method)
	at sun.reflect.NativeMethodAccessorImpl.invoke(NativeMethodAccessorImpl.java:57)
	at sun.reflect.DelegatingMethodAccessorImpl.invoke(DelegatingMethodAccessorImpl.java:43)
	at java.lang.reflect.Method.invoke(Method.java:606)
	at junit.framework.TestCase.runTest(TestCase.java:168)
	at junit.framework.TestCase.runBare(TestCase.java:134)
	at junit.framework.TestResult$1.protect(TestResult.java:110)
	at junit.framework.TestResult.runProtected(TestResult.java:128)
	at junit.framework.TestResult.run(TestResult.java:113)
	at junit.framework.TestCase.run(TestCase.java:124)
	at junit.framework.TestSuite.runTest(TestSuite.java:243)
	at junit.framework.TestSuite.run(TestSuite.java:238)
	at junit.framework.TestSuite.runTest(TestSuite.java:243)
	at junit.framework.TestSuite.run(TestSuite.java:238)
	at junit.textui.TestRunner.doRun(TestRunner.java:116)
	at RandoopTest.main(RandoopTest.java:8)

Dec 11, 2017 3:49:19 PM RandoopTest0 test11
WARNING: "IOP00710225: (INTERNAL) Bad status in the IIOP reply message"
org.omg.CORBA.INTERNAL:   vmcid: SUN  minor code: 225  completed: No
	at com.sun.corba.se.impl.logging.ORBUtilSystemException.badReplystatus(ORBUtilSystemException.java:4291)
	at com.sun.corba.se.impl.logging.ORBUtilSystemException.badReplystatus(ORBUtilSystemException.java:4309)
	at RandoopTest0.test11(RandoopTest0.java:177)
	at sun.reflect.NativeMethodAccessorImpl.invoke0(Native Method)
	at sun.reflect.NativeMethodAccessorImpl.invoke(NativeMethodAccessorImpl.java:57)
	at sun.reflect.DelegatingMethodAccessorImpl.invoke(DelegatingMethodAccessorImpl.java:43)
	at java.lang.reflect.Method.invoke(Method.java:606)
	at junit.framework.TestCase.runTest(TestCase.java:168)
	at junit.framework.TestCase.runBare(TestCase.java:134)
	at junit.framework.TestResult$1.protect(TestResult.java:110)
	at junit.framework.TestResult.runProtected(TestResult.java:128)
	at junit.framework.TestResult.run(TestResult.java:113)
	at junit.framework.TestCase.run(TestCase.java:124)
	at junit.framework.TestSuite.runTest(TestSuite.java:243)
	at junit.framework.TestSuite.run(TestSuite.java:238)
	at junit.framework.TestSuite.runTest(TestSuite.java:243)
	at junit.framework.TestSuite.run(TestSuite.java:238)
	at junit.textui.TestRunner.doRun(TestRunner.java:116)
	at RandoopTest.main(RandoopTest.java:8)
Caused by: org.omg.CORBA.INTERNAL:   vmcid: SUN  minor code: 293  completed: No
	at com.sun.corba.se.impl.logging.ORBUtilSystemException.noInvocationHandler(ORBUtilSystemException.java:6128)
	at com.sun.corba.se.impl.logging.ORBUtilSystemException.noInvocationHandler(ORBUtilSystemException.java:6151)
	at RandoopTest0.test11(RandoopTest0.java:176)
	... 16 more

Dec 11, 2017 3:49:19 PM RandoopTest0 test11
WARNING: "IOP00810253: (MARSHAL) Failed to load stub for 1 with class 1"
org.omg.CORBA.MARSHAL:   vmcid: SUN  minor code: 253  completed: No
	at com.sun.corba.se.impl.logging.ORBUtilSystemException.readObjectLoadClassFailure(ORBUtilSystemException.java:8144)
	at com.sun.corba.se.impl.logging.ORBUtilSystemException.readObjectLoadClassFailure(ORBUtilSystemException.java:8164)
	at RandoopTest0.test11(RandoopTest0.java:178)
	at sun.reflect.NativeMethodAccessorImpl.invoke0(Native Method)
	at sun.reflect.NativeMethodAccessorImpl.invoke(NativeMethodAccessorImpl.java:57)
	at sun.reflect.DelegatingMethodAccessorImpl.invoke(DelegatingMethodAccessorImpl.java:43)
	at java.lang.reflect.Method.invoke(Method.java:606)
	at junit.framework.TestCase.runTest(TestCase.java:168)
	at junit.framework.TestCase.runBare(TestCase.java:134)
	at junit.framework.TestResult$1.protect(TestResult.java:110)
	at junit.framework.TestResult.runProtected(TestResult.java:128)
	at junit.framework.TestResult.run(TestResult.java:113)
	at junit.framework.TestCase.run(TestCase.java:124)
	at junit.framework.TestSuite.runTest(TestSuite.java:243)
	at junit.framework.TestSuite.run(TestSuite.java:238)
	at junit.framework.TestSuite.runTest(TestSuite.java:243)
	at junit.framework.TestSuite.run(TestSuite.java:238)
	at junit.textui.TestRunner.doRun(TestRunner.java:116)
	at RandoopTest.main(RandoopTest.java:8)
Caused by: org.omg.CORBA.INTERNAL:   vmcid: SUN  minor code: 225  completed: No
	at com.sun.corba.se.impl.logging.ORBUtilSystemException.badReplystatus(ORBUtilSystemException.java:4291)
	at com.sun.corba.se.impl.logging.ORBUtilSystemException.badReplystatus(ORBUtilSystemException.java:4309)
	at RandoopTest0.test11(RandoopTest0.java:177)
	... 16 more
Caused by: org.omg.CORBA.INTERNAL:   vmcid: SUN  minor code: 293  completed: No
	at com.sun.corba.se.impl.logging.ORBUtilSystemException.noInvocationHandler(ORBUtilSystemException.java:6128)
	at com.sun.corba.se.impl.logging.ORBUtilSystemException.noInvocationHandler(ORBUtilSystemException.java:6151)
	at RandoopTest0.test11(RandoopTest0.java:176)
	... 16 more

