.E.E.....................F...
Time: 0.266
There were 2 errors:
1) test26(RandoopTest0)java.util.NoSuchElementException
	at java.util.Vector.firstElement(Vector.java:485)
	at RandoopTest0.test26(RandoopTest0.java:787)
	at sun.reflect.NativeMethodAccessorImpl.invoke0(Native Method)
	at sun.reflect.NativeMethodAccessorImpl.invoke(NativeMethodAccessorImpl.java:57)
	at sun.reflect.DelegatingMethodAccessorImpl.invoke(DelegatingMethodAccessorImpl.java:43)
	at RandoopTest.main(RandoopTest.java:8)
2) test25(RandoopTest0)java.lang.ArrayIndexOutOfBoundsException: 1 > 0
	at java.util.Vector.insertElementAt(Vector.java:594)
	at RandoopTest0.test25(RandoopTest0.java:743)
	at sun.reflect.NativeMethodAccessorImpl.invoke0(Native Method)
	at sun.reflect.NativeMethodAccessorImpl.invoke(NativeMethodAccessorImpl.java:57)
	at sun.reflect.DelegatingMethodAccessorImpl.invoke(DelegatingMethodAccessorImpl.java:43)
	at RandoopTest.main(RandoopTest.java:8)
There was 1 failure:
1) test4(RandoopTest0)junit.framework.AssertionFailedError: null
	at RandoopTest0.test4(RandoopTest0.java:56)
	at sun.reflect.NativeMethodAccessorImpl.invoke0(Native Method)
	at sun.reflect.NativeMethodAccessorImpl.invoke(NativeMethodAccessorImpl.java:57)
	at sun.reflect.DelegatingMethodAccessorImpl.invoke(DelegatingMethodAccessorImpl.java:43)
	at RandoopTest.main(RandoopTest.java:8)

FAILURES!!!
Tests run: 26,  Failures: 1,  Errors: 2

Cycle length is4
before
after
Reached this
# of deadlocks detected 0
THE SIZE OF THE TRACE OMEN 23796
Exiting analysis
